-- The C compiler identification is GNU 9.4.0
-- The CXX compiler identification is GNU 9.4.0
-- Check for working C compiler: /usr/bin/cc
-- Check for working C compiler: /usr/bin/cc -- works
-- Detecting C compiler ABI info
-- Detecting C compiler ABI info - done
-- Detecting C compile features
-- Detecting C compile features - done
-- Check for working CXX compiler: /usr/bin/c++
-- Check for working CXX compiler: /usr/bin/c++ -- works
-- Detecting CXX compiler ABI info
-- Detecting CXX compiler ABI info - done
-- Detecting CXX compile features
-- Detecting CXX compile features - done
-- Found ament_cmake: 0.9.12 (/opt/ros/foxy/share/ament_cmake/cmake)
-- Found PythonInterp: /usr/bin/python3 (found suitable version "3.8.10", minimum required is "3") 
-- Using PYTHON_EXECUTABLE: /usr/bin/python3
-- Override CMake install command with custom implementation using symlinks instead of copying resources
-- Configuring done
-- Generating done
-- Build files have been written to: /opt/mybotshop/build/go2_navigation
-- Install configuration: ""
-- Execute custom install script
-- Symlinking: /opt/mybotshop/install/go2_navigation/share/go2_navigation/launch/gps_navi.launch.py
-- Symlinking: /opt/mybotshop/install/go2_navigation/share/go2_navigation/launch/include/localization.launch.py
-- Symlinking: /opt/mybotshop/install/go2_navigation/share/go2_navigation/launch/include/navigation.launch.py
-- Symlinking: /opt/mybotshop/install/go2_navigation/share/go2_navigation/launch/map_navi.launch.py
-- Symlinking: /opt/mybotshop/install/go2_navigation/share/go2_navigation/launch/odom_navi.launch.py
-- Symlinking: /opt/mybotshop/install/go2_navigation/share/go2_navigation/launch/slam.launch.py
-- Symlinking: /opt/mybotshop/install/go2_navigation/share/go2_navigation/maps/custom_map.pgm
-- Symlinking: /opt/mybotshop/install/go2_navigation/share/go2_navigation/maps/custom_map.yaml
-- Symlinking: /opt/mybotshop/install/go2_navigation/share/go2_navigation/param/nav2_map.yaml
-- Symlinking: /opt/mybotshop/install/go2_navigation/share/go2_navigation/param/nav2_odom.yaml
-- Symlinking: /opt/mybotshop/install/go2_navigation/share/go2_navigation/param/nav2_slam.yaml
-- Symlinking: /opt/mybotshop/install/go2_navigation/share/go2_navigation/behavior_trees/navigate_w_replanning_and_recovery.xml
-- Up-to-date symlink: /opt/mybotshop/install/go2_navigation/share/ament_index/resource_index/package_run_dependencies/go2_navigation
-- Up-to-date symlink: /opt/mybotshop/install/go2_navigation/share/ament_index/resource_index/parent_prefix_path/go2_navigation
-- Up-to-date symlink: /opt/mybotshop/install/go2_navigation/share/go2_navigation/environment/ament_prefix_path.sh
-- Up-to-date symlink: /opt/mybotshop/install/go2_navigation/share/go2_navigation/environment/ament_prefix_path.dsv
-- Up-to-date symlink: /opt/mybotshop/install/go2_navigation/share/go2_navigation/environment/path.sh
-- Up-to-date symlink: /opt/mybotshop/install/go2_navigation/share/go2_navigation/environment/path.dsv
-- Up-to-date symlink: /opt/mybotshop/install/go2_navigation/share/go2_navigation/local_setup.bash
-- Up-to-date symlink: /opt/mybotshop/install/go2_navigation/share/go2_navigation/local_setup.sh
-- Up-to-date symlink: /opt/mybotshop/install/go2_navigation/share/go2_navigation/local_setup.zsh
-- Up-to-date symlink: /opt/mybotshop/install/go2_navigation/share/go2_navigation/local_setup.dsv
-- Symlinking: /opt/mybotshop/install/go2_navigation/share/go2_navigation/package.dsv
-- Up-to-date symlink: /opt/mybotshop/install/go2_navigation/share/ament_index/resource_index/packages/go2_navigation
-- Up-to-date symlink: /opt/mybotshop/install/go2_navigation/share/go2_navigation/cmake/go2_navigationConfig.cmake
-- Up-to-date symlink: /opt/mybotshop/install/go2_navigation/share/go2_navigation/cmake/go2_navigationConfig-version.cmake
-- Symlinking: /opt/mybotshop/install/go2_navigation/share/go2_navigation/package.xml
