[0.974s] Invoking command in '/opt/mybotshop/build/go2_navigation': CMAKE_PREFIX_PATH=${CMAKE_PREFIX_PATH}:/opt/ros/foxy /usr/bin/cmake /opt/mybotshop/src/mybotshop/go2_navigation -DAMENT_CMAKE_SYMLINK_INSTALL=1 -DCMAKE_INSTALL_PREFIX=/opt/mybotshop/install/go2_navigation
[6.392s] -- The C compiler identification is GNU 9.4.0
[6.395s] -- The CXX compiler identification is GNU 9.4.0
[6.395s] -- Check for working C compiler: /usr/bin/cc
[6.396s] -- Check for working C compiler: /usr/bin/cc -- works
[6.396s] -- Detecting C compiler ABI info
[6.396s] -- Detecting C compiler ABI info - done
[6.396s] -- Detecting C compile features
[6.396s] -- Detecting C compile features - done
[6.396s] -- Check for working CXX compiler: /usr/bin/c++
[6.396s] -- Check for working CXX compiler: /usr/bin/c++ -- works
[6.396s] -- Detecting CXX compiler ABI info
[6.397s] -- Detecting CXX compiler ABI info - done
[6.397s] -- Detecting CXX compile features
[6.397s] -- Detecting CXX compile features - done
[6.397s] -- Found ament_cmake: 0.9.12 (/opt/ros/foxy/share/ament_cmake/cmake)
[6.397s] -- Found PythonInterp: /usr/bin/python3 (found suitable version "3.8.10", minimum required is "3") 
[6.397s] -- Using PYTHON_EXECUTABLE: /usr/bin/python3
[6.397s] -- Override CMake install command with custom implementation using symlinks instead of copying resources
[6.398s] -- Configuring done
[6.399s] -- Generating done
[6.399s] -- Build files have been written to: /opt/mybotshop/build/go2_navigation
[6.415s] Invoked command in '/opt/mybotshop/build/go2_navigation' returned '0': CMAKE_PREFIX_PATH=${CMAKE_PREFIX_PATH}:/opt/ros/foxy /usr/bin/cmake /opt/mybotshop/src/mybotshop/go2_navigation -DAMENT_CMAKE_SYMLINK_INSTALL=1 -DCMAKE_INSTALL_PREFIX=/opt/mybotshop/install/go2_navigation
[6.416s] Invoking command in '/opt/mybotshop/build/go2_navigation': CMAKE_PREFIX_PATH=${CMAKE_PREFIX_PATH}:/opt/ros/foxy /usr/bin/cmake --build /opt/mybotshop/build/go2_navigation -- -j6 -l6
[6.618s] Invoked command in '/opt/mybotshop/build/go2_navigation' returned '0': CMAKE_PREFIX_PATH=${CMAKE_PREFIX_PATH}:/opt/ros/foxy /usr/bin/cmake --build /opt/mybotshop/build/go2_navigation -- -j6 -l6
[6.809s] Invoking command in '/opt/mybotshop/build/go2_navigation': CMAKE_PREFIX_PATH=${CMAKE_PREFIX_PATH}:/opt/ros/foxy /usr/bin/cmake --install /opt/mybotshop/build/go2_navigation
[7.462s] -- Install configuration: ""
[7.462s] -- Execute custom install script
[7.462s] -- Symlinking: /opt/mybotshop/install/go2_navigation/share/go2_navigation/launch/gps_navi.launch.py
[7.462s] -- Symlinking: /opt/mybotshop/install/go2_navigation/share/go2_navigation/launch/include/localization.launch.py
[7.462s] -- Symlinking: /opt/mybotshop/install/go2_navigation/share/go2_navigation/launch/include/navigation.launch.py
[7.463s] -- Symlinking: /opt/mybotshop/install/go2_navigation/share/go2_navigation/launch/map_navi.launch.py
[7.463s] -- Symlinking: /opt/mybotshop/install/go2_navigation/share/go2_navigation/launch/odom_navi.launch.py
[7.463s] -- Symlinking: /opt/mybotshop/install/go2_navigation/share/go2_navigation/launch/slam.launch.py
[7.463s] -- Symlinking: /opt/mybotshop/install/go2_navigation/share/go2_navigation/maps/custom_map.pgm
[7.463s] -- Symlinking: /opt/mybotshop/install/go2_navigation/share/go2_navigation/maps/custom_map.yaml
[7.463s] -- Symlinking: /opt/mybotshop/install/go2_navigation/share/go2_navigation/param/nav2_map.yaml
[7.463s] -- Symlinking: /opt/mybotshop/install/go2_navigation/share/go2_navigation/param/nav2_odom.yaml
[7.463s] -- Symlinking: /opt/mybotshop/install/go2_navigation/share/go2_navigation/param/nav2_slam.yaml
[7.487s] -- Symlinking: /opt/mybotshop/install/go2_navigation/share/go2_navigation/behavior_trees/navigate_w_replanning_and_recovery.xml
[7.580s] -- Up-to-date symlink: /opt/mybotshop/install/go2_navigation/share/ament_index/resource_index/package_run_dependencies/go2_navigation
[7.581s] -- Up-to-date symlink: /opt/mybotshop/install/go2_navigation/share/ament_index/resource_index/parent_prefix_path/go2_navigation
[7.581s] -- Up-to-date symlink: /opt/mybotshop/install/go2_navigation/share/go2_navigation/environment/ament_prefix_path.sh
[7.581s] -- Up-to-date symlink: /opt/mybotshop/install/go2_navigation/share/go2_navigation/environment/ament_prefix_path.dsv
[7.581s] -- Up-to-date symlink: /opt/mybotshop/install/go2_navigation/share/go2_navigation/environment/path.sh
[7.581s] -- Up-to-date symlink: /opt/mybotshop/install/go2_navigation/share/go2_navigation/environment/path.dsv
[7.581s] -- Up-to-date symlink: /opt/mybotshop/install/go2_navigation/share/go2_navigation/local_setup.bash
[7.581s] -- Up-to-date symlink: /opt/mybotshop/install/go2_navigation/share/go2_navigation/local_setup.sh
[7.582s] -- Up-to-date symlink: /opt/mybotshop/install/go2_navigation/share/go2_navigation/local_setup.zsh
[7.582s] -- Up-to-date symlink: /opt/mybotshop/install/go2_navigation/share/go2_navigation/local_setup.dsv
[7.582s] -- Symlinking: /opt/mybotshop/install/go2_navigation/share/go2_navigation/package.dsv
[7.647s] -- Up-to-date symlink: /opt/mybotshop/install/go2_navigation/share/ament_index/resource_index/packages/go2_navigation
[7.648s] -- Up-to-date symlink: /opt/mybotshop/install/go2_navigation/share/go2_navigation/cmake/go2_navigationConfig.cmake
[7.649s] -- Up-to-date symlink: /opt/mybotshop/install/go2_navigation/share/go2_navigation/cmake/go2_navigationConfig-version.cmake
[7.653s] -- Symlinking: /opt/mybotshop/install/go2_navigation/share/go2_navigation/package.xml
[8.268s] Invoked command in '/opt/mybotshop/build/go2_navigation' returned '0': CMAKE_PREFIX_PATH=${CMAKE_PREFIX_PATH}:/opt/ros/foxy /usr/bin/cmake --install /opt/mybotshop/build/go2_navigation
