-- The C compiler identification is GNU 9.4.0
-- The CXX compiler identification is GNU 9.4.0
-- Check for working C compiler: /usr/bin/cc
-- Check for working C compiler: /usr/bin/cc -- works
-- Detecting C compiler ABI info
-- Detecting C compiler ABI info - done
-- Detecting C compile features
-- Detecting C compile features - done
-- Check for working CXX compiler: /usr/bin/c++
-- Check for working CXX compiler: /usr/bin/c++ -- works
-- Detecting CXX compiler ABI info
-- Detecting CXX compiler ABI info - done
-- Detecting CXX compile features
-- Detecting CXX compile features - done
-- Found tf2: 0.13.14 (/opt/ros/foxy/share/tf2/cmake)
-- Found PythonInterp: /usr/bin/python3 (found suitable version "3.8.10", minimum required is "3") 
-- Using PYTHON_EXECUTABLE: /usr/bin/python3
-- Override CMake install command with custom implementation using symlinks instead of copying resources
-- Using all available rosidl_typesupport_c: rosidl_typesupport_fastrtps_c;rosidl_typesupport_introspection_c
-- Found rosidl_adapter: 1.3.1 (/opt/ros/foxy/share/rosidl_adapter/cmake)
-- Found OpenSSL: /usr/lib/aarch64-linux-gnu/libcrypto.so (found version "1.1.1f")  
-- Found FastRTPS: /opt/ros/foxy/include  
-- Using all available rosidl_typesupport_cpp: rosidl_typesupport_fastrtps_cpp;rosidl_typesupport_introspection_cpp
-- Found tf2_ros: 0.13.14 (/opt/ros/foxy/share/tf2_ros/cmake)
-- Found rmw_implementation_cmake: 1.0.4 (/opt/ros/foxy/share/rmw_implementation_cmake/cmake)
-- Using RMW implementation 'rmw_cyclonedds_cpp' as default
-- Looking for pthread.h
-- Looking for pthread.h - found
-- Performing Test CMAKE_HAVE_LIBC_PTHREAD
-- Performing Test CMAKE_HAVE_LIBC_PTHREAD - Failed
-- Looking for pthread_create in pthreads
-- Looking for pthread_create in pthreads - not found
-- Looking for pthread_create in pthread
-- Looking for pthread_create in pthread - found
-- Found Threads: TRUE  
-- Found nav_msgs: 2.0.5 (/opt/ros/foxy/share/nav_msgs/cmake)
-- Found rclpy: 1.0.13 (/opt/ros/foxy/share/rclpy/cmake)
-- Found go2_interface: 0.1.0 (/opt/mybotshop/install/go2_interface/share/go2_interface/cmake)
-- Found sensor_msgs: 2.0.5 (/opt/ros/foxy/share/sensor_msgs/cmake)
-- Found unitree_go: 0.0.0 (/opt/mybotshop/install/unitree_go/share/unitree_go/cmake)
-- Found unitree_api: 0.0.0 (/opt/mybotshop/install/unitree_api/share/unitree_api/cmake)
-- Found std_srvs: 2.0.5 (/opt/ros/foxy/share/std_srvs/cmake)
-- Found rosbag2_cpp: 0.3.11 (/opt/ros/foxy/share/rosbag2_cpp/cmake)
-- Setting yaml-cpp_DIR to: '/opt/ros/foxy/share/yaml_cpp_vendor/cmake/../../../opt/yaml_cpp_vendor/lib/cmake/yaml-cpp'
-- Found camera_info_manager: 2.4.0 (/opt/ros/foxy/share/camera_info_manager/cmake)
-- Checking for module 'eigen3'
--   Found eigen3, version 3.3.9
-- Found Eigen: /usr/include/eigen3 (Required is at least version "3.1") 
-- Eigen found (include: /usr/include/eigen3, version: 3.3.7)
-- Found Boost: /usr/include (found suitable version "1.71.0", minimum required is "1.55.0") found components: system filesystem date_time iostreams regex 
-- Checking for module 'flann'
--   Found flann, version 1.9.1
-- Found FLANN: /usr/lib/aarch64-linux-gnu/libflann_cpp.so  
-- looking for PCL_COMMON
-- Found PCL_COMMON: /usr/lib/aarch64-linux-gnu/libpcl_common.so  
-- looking for PCL_KDTREE
-- Found PCL_KDTREE: /usr/lib/aarch64-linux-gnu/libpcl_kdtree.so  
-- looking for PCL_OCTREE
-- Found PCL_OCTREE: /usr/lib/aarch64-linux-gnu/libpcl_octree.so  
-- looking for PCL_SEARCH
-- Found PCL_SEARCH: /usr/lib/aarch64-linux-gnu/libpcl_search.so  
-- looking for PCL_SAMPLE_CONSENSUS
-- Found PCL_SAMPLE_CONSENSUS: /usr/lib/aarch64-linux-gnu/libpcl_sample_consensus.so  
-- looking for PCL_FILTERS
-- Found PCL_FILTERS: /usr/lib/aarch64-linux-gnu/libpcl_filters.so  
-- Found PCL: pcl_common;pcl_kdtree;pcl_octree;pcl_search;pcl_sample_consensus;pcl_filters;/usr/lib/aarch64-linux-gnu/libboost_system.so;/usr/lib/aarch64-linux-gnu/libboost_filesystem.so;/usr/lib/aarch64-linux-gnu/libboost_date_time.so;/usr/lib/aarch64-linux-gnu/libboost_iostreams.so;/usr/lib/aarch64-linux-gnu/libboost_regex.so;FLANN::FLANN  
-- Found pcl_conversions: 2.2.1 (/opt/ros/foxy/share/pcl_conversions/cmake)
-- Found OpenCV: /usr/local (found version "4.1.1") 
-- Found cv_bridge: 3.0.7 (/opt/ros/foxy/share/cv_bridge/cmake)
-- Found PkgConfig: /usr/bin/pkg-config (found version "0.29.1") 
-- Checking for modules 'gstreamer-1.0;gstreamer-video-1.0;gstreamer-app-1.0'
--   Found gstreamer-1.0, version 1.16.3
--   Found gstreamer-video-1.0, version 1.16.3
--   Found gstreamer-app-1.0, version 1.16.3
-- Configuring done
-- Generating done
-- Build files have been written to: /opt/mybotshop/build/go2_platform
[35m[1mScanning dependencies of target go2_video_publisher[0m
[ 12%] [32mBuilding CXX object CMakeFiles/go2_video_publisher.dir/src/go2_video_publisher.cpp.o[0m
[ 25%] [32m[1mLinking CXX executable go2_video_publisher[0m
[ 25%] Built target go2_video_publisher
[35m[1mScanning dependencies of target go2_scan[0m
[ 37%] [32mBuilding CXX object CMakeFiles/go2_scan.dir/src/go2_scan_node.cpp.o[0m
[ 50%] [32m[1mLinking CXX executable go2_scan[0m
[ 50%] Built target go2_scan
[35m[1mScanning dependencies of target go2_highroscontrol[0m
[ 62%] [32mBuilding CXX object CMakeFiles/go2_highroscontrol.dir/src/go2_highroscontrol.cpp.o[0m
[ 75%] [32m[1mLinking CXX executable go2_highroscontrol[0m
[ 75%] Built target go2_highroscontrol
[35m[1mScanning dependencies of target go2_lowroscontrol[0m
[ 87%] [32mBuilding CXX object CMakeFiles/go2_lowroscontrol.dir/src/go2_lowlevel_example.cpp.o[0m
[100%] [32m[1mLinking CXX executable go2_lowroscontrol[0m
[100%] Built target go2_lowroscontrol
-- Install configuration: ""
-- Execute custom install script
-- Symlinking: /opt/mybotshop/install/go2_platform/lib/go2_platform/go2_statepublisher
-- Symlinking: /opt/mybotshop/install/go2_platform/lib/go2_platform/go2_highroscontrol
-- Symlinking: /opt/mybotshop/install/go2_platform/lib/go2_platform/go2_lowroscontrol
-- Symlinking: /opt/mybotshop/install/go2_platform/lib/go2_platform/go2_scan
-- Symlinking: /opt/mybotshop/install/go2_platform/lib/go2_platform/go2_video_publisher
-- Symlinking: /opt/mybotshop/install/go2_platform/share/go2_platform/launch/bridge.launch.py
-- Symlinking: /opt/mybotshop/install/go2_platform/share/go2_platform/launch/camera.launch.py
-- Symlinking: /opt/mybotshop/install/go2_platform/share/go2_platform/launch/hardware.launch.py
-- Symlinking: /opt/mybotshop/install/go2_platform/share/go2_platform/launch/laserscan.launch.py
-- Symlinking: /opt/mybotshop/install/go2_platform/share/go2_platform/launch/state_publisher.launch.py
-- Symlinking: /opt/mybotshop/install/go2_platform/share/go2_platform/config/go2_cam.yaml
-- Symlinking: /opt/mybotshop/install/go2_platform/share/go2_platform/config/go2_domain_bridge.yaml
-- Symlinking: /opt/mybotshop/install/go2_platform/share/go2_platform/config/go2_platform.yaml
-- Symlinking: /opt/mybotshop/install/go2_platform/share/go2_platform/environment/pythonpath.sh
-- Symlinking: /opt/mybotshop/install/go2_platform/share/go2_platform/environment/pythonpath.dsv
-- Symlinking: /opt/mybotshop/install/go2_platform/lib/python3.8/site-packages/go2_platform/__init__.py
-- Symlinking: /opt/mybotshop/install/go2_platform/lib/python3.8/site-packages/go2_platform/go2_statepublisher
-- Symlinking: /opt/mybotshop/install/go2_platform/lib/python3.8/site-packages/go2_platform/utils/transforms.py
-- Symlinking: /opt/mybotshop/install/go2_platform/share/ament_index/resource_index/package_run_dependencies/go2_platform
-- Symlinking: /opt/mybotshop/install/go2_platform/share/ament_index/resource_index/parent_prefix_path/go2_platform
-- Symlinking: /opt/mybotshop/install/go2_platform/share/go2_platform/environment/ament_prefix_path.sh
-- Symlinking: /opt/mybotshop/install/go2_platform/share/go2_platform/environment/ament_prefix_path.dsv
-- Symlinking: /opt/mybotshop/install/go2_platform/share/go2_platform/environment/path.sh
-- Symlinking: /opt/mybotshop/install/go2_platform/share/go2_platform/environment/path.dsv
-- Symlinking: /opt/mybotshop/install/go2_platform/share/go2_platform/local_setup.bash
-- Symlinking: /opt/mybotshop/install/go2_platform/share/go2_platform/local_setup.sh
-- Symlinking: /opt/mybotshop/install/go2_platform/share/go2_platform/local_setup.zsh
-- Symlinking: /opt/mybotshop/install/go2_platform/share/go2_platform/local_setup.dsv
-- Symlinking: /opt/mybotshop/install/go2_platform/share/go2_platform/package.dsv
-- Symlinking: /opt/mybotshop/install/go2_platform/share/ament_index/resource_index/packages/go2_platform
-- Symlinking: /opt/mybotshop/install/go2_platform/share/go2_platform/cmake/go2_platformConfig.cmake
-- Symlinking: /opt/mybotshop/install/go2_platform/share/go2_platform/cmake/go2_platformConfig-version.cmake
-- Symlinking: /opt/mybotshop/install/go2_platform/share/go2_platform/package.xml
Listing '/opt/mybotshop/install/go2_platform/lib/python3.8/site-packages/go2_platform'...
Compiling '/opt/mybotshop/install/go2_platform/lib/python3.8/site-packages/go2_platform/__init__.py'...
Listing '/opt/mybotshop/install/go2_platform/lib/python3.8/site-packages/go2_platform/utils'...
Compiling '/opt/mybotshop/install/go2_platform/lib/python3.8/site-packages/go2_platform/utils/transforms.py'...
