-- The C compiler identification is GNU 9.4.0
-- The CXX compiler identification is GNU 9.4.0
-- Check for working C compiler: /usr/bin/cc
-- Check for working C compiler: /usr/bin/cc -- works
-- Detecting C compiler ABI info
-- Detecting C compiler ABI info - done
-- Detecting C compile features
-- Detecting C compile features - done
-- Check for working CXX compiler: /usr/bin/c++
-- Check for working CXX compiler: /usr/bin/c++ -- works
-- Detecting CXX compiler ABI info
-- Detecting CXX compiler ABI info - done
-- Detecting CXX compile features
-- Detecting CXX compile features - done
-- Found ament_cmake: 0.9.12 (/opt/ros/foxy/share/ament_cmake/cmake)
-- Found PythonInterp: /usr/bin/python3 (found suitable version "3.8.10", minimum required is "3") 
-- Using PYTHON_EXECUTABLE: /usr/bin/python3
-- Override CMake install command with custom implementation using symlinks instead of copying resources
-- Found ament_lint_auto: 0.9.8 (/opt/ros/foxy/share/ament_lint_auto/cmake)
-- Added test 'copyright' to check source files copyright and LICENSE
-- Added test 'flake8' to check Python code syntax and style conventions
-- Added test 'lint_cmake' to check CMake code style
-- Added test 'pep257' to check Python code against some of the style conventions in PEP 257
-- Added test 'xmllint' to check XML markup files
-- Configuring done
-- Generating done
-- Build files have been written to: /opt/mybotshop/build/go2_gps
-- Install configuration: ""
-- Execute custom install script
-- Up-to-date symlink: /opt/mybotshop/install/go2_gps/share/ament_index/resource_index/package_run_dependencies/go2_gps
-- Up-to-date symlink: /opt/mybotshop/install/go2_gps/share/ament_index/resource_index/parent_prefix_path/go2_gps
-- Up-to-date symlink: /opt/mybotshop/install/go2_gps/share/go2_gps/environment/ament_prefix_path.sh
-- Up-to-date symlink: /opt/mybotshop/install/go2_gps/share/go2_gps/environment/ament_prefix_path.dsv
-- Up-to-date symlink: /opt/mybotshop/install/go2_gps/share/go2_gps/environment/path.sh
-- Up-to-date symlink: /opt/mybotshop/install/go2_gps/share/go2_gps/environment/path.dsv
-- Up-to-date symlink: /opt/mybotshop/install/go2_gps/share/go2_gps/local_setup.bash
-- Up-to-date symlink: /opt/mybotshop/install/go2_gps/share/go2_gps/local_setup.sh
-- Up-to-date symlink: /opt/mybotshop/install/go2_gps/share/go2_gps/local_setup.zsh
-- Up-to-date symlink: /opt/mybotshop/install/go2_gps/share/go2_gps/local_setup.dsv
-- Symlinking: /opt/mybotshop/install/go2_gps/share/go2_gps/package.dsv
-- Up-to-date symlink: /opt/mybotshop/install/go2_gps/share/ament_index/resource_index/packages/go2_gps
-- Up-to-date symlink: /opt/mybotshop/install/go2_gps/share/go2_gps/cmake/go2_gpsConfig.cmake
-- Up-to-date symlink: /opt/mybotshop/install/go2_gps/share/go2_gps/cmake/go2_gpsConfig-version.cmake
-- Symlinking: /opt/mybotshop/install/go2_gps/share/go2_gps/package.xml
-- Symlinking: /opt/mybotshop/install/go2_gps/share/go2_gps/config/fixposition.yaml
-- Symlinking: /opt/mybotshop/install/go2_gps/share/go2_gps/config/fixposition_humble.yaml
-- Symlinking: /opt/mybotshop/install/go2_gps/share/go2_gps/launch/include/emlid_rs2.launch.py
-- Symlinking: /opt/mybotshop/install/go2_gps/share/go2_gps/launch/include/fixposition.launch.py
-- Symlinking: /opt/mybotshop/install/go2_gps/share/go2_gps/launch/include/fixposition_humble.launch.py
-- Symlinking: /opt/mybotshop/install/go2_gps/share/go2_gps/launch/system.launch.py
