[2.262s] Invoking command in '/opt/mybotshop/build/go2_gps': CMAKE_PREFIX_PATH=${CMAKE_PREFIX_PATH}:/opt/ros/foxy /usr/bin/cmake /opt/mybotshop/src/mybotshop/go2_gps -DAMENT_CMAKE_SYMLINK_INSTALL=1 -DCMAKE_INSTALL_PREFIX=/opt/mybotshop/install/go2_gps
[2.529s] -- The C compiler identification is GNU 9.4.0
[2.811s] -- The CXX compiler identification is GNU 9.4.0
[2.841s] -- Check for working C compiler: /usr/bin/cc
[3.270s] -- Check for working C compiler: /usr/bin/cc -- works
[3.271s] -- Detecting C compiler ABI info
[3.786s] -- Detecting C compiler ABI info - done
[3.853s] -- Detecting C compile features
[3.854s] -- Detecting C compile features - done
[3.877s] -- Check for working CXX compiler: /usr/bin/c++
[4.228s] -- Check for working CXX compiler: /usr/bin/c++ -- works
[4.240s] -- Detecting CXX compiler ABI info
[4.730s] -- Detecting CXX compiler ABI info - done
[4.781s] -- Detecting CXX compile features
[4.782s] -- Detecting CXX compile features - done
[4.804s] -- Found ament_cmake: 0.9.12 (/opt/ros/foxy/share/ament_cmake/cmake)
[4.966s] -- Found PythonInterp: /usr/bin/python3 (found suitable version "3.8.10", minimum required is "3") 
[4.967s] -- Using PYTHON_EXECUTABLE: /usr/bin/python3
[5.753s] -- Override CMake install command with custom implementation using symlinks instead of copying resources
[5.824s] -- Found ament_lint_auto: 0.9.8 (/opt/ros/foxy/share/ament_lint_auto/cmake)
[6.227s] -- Added test 'copyright' to check source files copyright and LICENSE
[6.235s] -- Added test 'flake8' to check Python code syntax and style conventions
[6.242s] -- Added test 'lint_cmake' to check CMake code style
[6.248s] -- Added test 'pep257' to check Python code against some of the style conventions in PEP 257
[6.252s] -- Added test 'xmllint' to check XML markup files
[6.271s] -- Configuring done
[6.308s] -- Generating done
[6.324s] -- Build files have been written to: /opt/mybotshop/build/go2_gps
[6.347s] Invoked command in '/opt/mybotshop/build/go2_gps' returned '0': CMAKE_PREFIX_PATH=${CMAKE_PREFIX_PATH}:/opt/ros/foxy /usr/bin/cmake /opt/mybotshop/src/mybotshop/go2_gps -DAMENT_CMAKE_SYMLINK_INSTALL=1 -DCMAKE_INSTALL_PREFIX=/opt/mybotshop/install/go2_gps
[6.353s] Invoking command in '/opt/mybotshop/build/go2_gps': CMAKE_PREFIX_PATH=${CMAKE_PREFIX_PATH}:/opt/ros/foxy /usr/bin/cmake --build /opt/mybotshop/build/go2_gps -- -j6 -l6
[8.729s] Invoked command in '/opt/mybotshop/build/go2_gps' returned '0': CMAKE_PREFIX_PATH=${CMAKE_PREFIX_PATH}:/opt/ros/foxy /usr/bin/cmake --build /opt/mybotshop/build/go2_gps -- -j6 -l6
[8.957s] Invoking command in '/opt/mybotshop/build/go2_gps': CMAKE_PREFIX_PATH=${CMAKE_PREFIX_PATH}:/opt/ros/foxy /usr/bin/cmake --install /opt/mybotshop/build/go2_gps
[15.664s] -- Install configuration: ""
[15.664s] -- Execute custom install script
[15.664s] -- Up-to-date symlink: /opt/mybotshop/install/go2_gps/share/ament_index/resource_index/package_run_dependencies/go2_gps
[15.667s] -- Up-to-date symlink: /opt/mybotshop/install/go2_gps/share/ament_index/resource_index/parent_prefix_path/go2_gps
[15.668s] -- Up-to-date symlink: /opt/mybotshop/install/go2_gps/share/go2_gps/environment/ament_prefix_path.sh
[15.668s] -- Up-to-date symlink: /opt/mybotshop/install/go2_gps/share/go2_gps/environment/ament_prefix_path.dsv
[15.668s] -- Up-to-date symlink: /opt/mybotshop/install/go2_gps/share/go2_gps/environment/path.sh
[15.668s] -- Up-to-date symlink: /opt/mybotshop/install/go2_gps/share/go2_gps/environment/path.dsv
[15.668s] -- Up-to-date symlink: /opt/mybotshop/install/go2_gps/share/go2_gps/local_setup.bash
[15.668s] -- Up-to-date symlink: /opt/mybotshop/install/go2_gps/share/go2_gps/local_setup.sh
[15.668s] -- Up-to-date symlink: /opt/mybotshop/install/go2_gps/share/go2_gps/local_setup.zsh
[15.669s] -- Up-to-date symlink: /opt/mybotshop/install/go2_gps/share/go2_gps/local_setup.dsv
[15.669s] -- Symlinking: /opt/mybotshop/install/go2_gps/share/go2_gps/package.dsv
[15.669s] -- Up-to-date symlink: /opt/mybotshop/install/go2_gps/share/ament_index/resource_index/packages/go2_gps
[15.669s] -- Up-to-date symlink: /opt/mybotshop/install/go2_gps/share/go2_gps/cmake/go2_gpsConfig.cmake
[15.669s] -- Up-to-date symlink: /opt/mybotshop/install/go2_gps/share/go2_gps/cmake/go2_gpsConfig-version.cmake
[15.669s] -- Symlinking: /opt/mybotshop/install/go2_gps/share/go2_gps/package.xml
[15.669s] -- Symlinking: /opt/mybotshop/install/go2_gps/share/go2_gps/config/fixposition.yaml
[15.670s] -- Symlinking: /opt/mybotshop/install/go2_gps/share/go2_gps/config/fixposition_humble.yaml
[15.670s] -- Symlinking: /opt/mybotshop/install/go2_gps/share/go2_gps/launch/include/emlid_rs2.launch.py
[15.670s] -- Symlinking: /opt/mybotshop/install/go2_gps/share/go2_gps/launch/include/fixposition.launch.py
[15.670s] -- Symlinking: /opt/mybotshop/install/go2_gps/share/go2_gps/launch/include/fixposition_humble.launch.py
[15.670s] -- Symlinking: /opt/mybotshop/install/go2_gps/share/go2_gps/launch/system.launch.py
[15.670s] Invoked command in '/opt/mybotshop/build/go2_gps' returned '0': CMAKE_PREFIX_PATH=${CMAKE_PREFIX_PATH}:/opt/ros/foxy /usr/bin/cmake --install /opt/mybotshop/build/go2_gps
