-- The C compiler identification is GNU 9.4.0
-- The CXX compiler identification is GNU 9.4.0
-- Check for working C compiler: /usr/bin/cc
-- Check for working C compiler: /usr/bin/cc -- works
-- Detecting C compiler ABI info
-- Detecting C compiler ABI info - done
-- Detecting C compile features
-- Detecting C compile features - done
-- Check for working CXX compiler: /usr/bin/c++
-- Check for working CXX compiler: /usr/bin/c++ -- works
-- Detecting CXX compiler ABI info
-- Detecting CXX compiler ABI info - done
-- Detecting CXX compile features
-- Detecting CXX compile features - done
-- Found ament_cmake: 0.9.12 (/opt/ros/foxy/share/ament_cmake/cmake)
-- Found PythonInterp: /usr/bin/python3 (found suitable version "3.8.10", minimum required is "3") 
-- Using PYTHON_EXECUTABLE: /usr/bin/python3
-- Override CMake install command with custom implementation using symlinks instead of copying resources
-- Found rclcpp: 2.4.3 (/opt/ros/foxy/share/rclcpp/cmake)
-- Using all available rosidl_typesupport_c: rosidl_typesupport_fastrtps_c;rosidl_typesupport_introspection_c
-- Found rosidl_adapter: 1.3.1 (/opt/ros/foxy/share/rosidl_adapter/cmake)
-- Found OpenSSL: /usr/lib/aarch64-linux-gnu/libcrypto.so (found version "1.1.1f")  
-- Found FastRTPS: /opt/ros/foxy/include  
-- Using all available rosidl_typesupport_cpp: rosidl_typesupport_fastrtps_cpp;rosidl_typesupport_introspection_cpp
-- Found rmw_implementation_cmake: 1.0.4 (/opt/ros/foxy/share/rmw_implementation_cmake/cmake)
-- Using RMW implementation 'rmw_cyclonedds_cpp' as default
-- Looking for pthread.h
-- Looking for pthread.h - found
-- Performing Test CMAKE_HAVE_LIBC_PTHREAD
-- Performing Test CMAKE_HAVE_LIBC_PTHREAD - Failed
-- Looking for pthread_create in pthreads
-- Looking for pthread_create in pthreads - not found
-- Looking for pthread_create in pthread
-- Looking for pthread_create in pthread - found
-- Found Threads: TRUE  
-- Found tf2_ros: 0.13.14 (/opt/ros/foxy/share/tf2_ros/cmake)
-- Found nav_msgs: 2.0.5 (/opt/ros/foxy/share/nav_msgs/cmake)
-- Found tf2_geometry_msgs: 0.13.14 (/opt/ros/foxy/share/tf2_geometry_msgs/cmake)
-- Found eigen3_cmake_module: 0.1.1 (/opt/ros/foxy/share/eigen3_cmake_module/cmake)
-- Found Eigen3: TRUE (found version "3.3.9") 
-- Configuring done
-- Generating done
-- Build files have been written to: /opt/mybotshop/build/odom_to_tf_ros2
[35m[1mScanning dependencies of target odom_to_tf[0m
[ 50%] [32mBuilding CXX object CMakeFiles/odom_to_tf.dir/src/odom_to_tf.cpp.o[0m
[100%] [32m[1mLinking CXX executable odom_to_tf[0m
[100%] Built target odom_to_tf
-- Install configuration: ""
-- Execute custom install script
-- Symlinking: /opt/mybotshop/install/odom_to_tf_ros2/lib/odom_to_tf_ros2/odom_to_tf
-- Symlinking: /opt/mybotshop/install/odom_to_tf_ros2/share/odom_to_tf_ros2/launch/odom_to_tf.launch.py
-- Symlinking: /opt/mybotshop/install/odom_to_tf_ros2/share/odom_to_tf_ros2/config/odom_to_tf.yaml
-- Symlinking: /opt/mybotshop/install/odom_to_tf_ros2/share/ament_index/resource_index/package_run_dependencies/odom_to_tf_ros2
-- Symlinking: /opt/mybotshop/install/odom_to_tf_ros2/share/ament_index/resource_index/parent_prefix_path/odom_to_tf_ros2
-- Symlinking: /opt/mybotshop/install/odom_to_tf_ros2/share/odom_to_tf_ros2/environment/ament_prefix_path.sh
-- Symlinking: /opt/mybotshop/install/odom_to_tf_ros2/share/odom_to_tf_ros2/environment/ament_prefix_path.dsv
-- Symlinking: /opt/mybotshop/install/odom_to_tf_ros2/share/odom_to_tf_ros2/environment/path.sh
-- Symlinking: /opt/mybotshop/install/odom_to_tf_ros2/share/odom_to_tf_ros2/environment/path.dsv
-- Symlinking: /opt/mybotshop/install/odom_to_tf_ros2/share/odom_to_tf_ros2/local_setup.bash
-- Symlinking: /opt/mybotshop/install/odom_to_tf_ros2/share/odom_to_tf_ros2/local_setup.sh
-- Symlinking: /opt/mybotshop/install/odom_to_tf_ros2/share/odom_to_tf_ros2/local_setup.zsh
-- Symlinking: /opt/mybotshop/install/odom_to_tf_ros2/share/odom_to_tf_ros2/local_setup.dsv
-- Symlinking: /opt/mybotshop/install/odom_to_tf_ros2/share/odom_to_tf_ros2/package.dsv
-- Symlinking: /opt/mybotshop/install/odom_to_tf_ros2/share/ament_index/resource_index/packages/odom_to_tf_ros2
-- Symlinking: /opt/mybotshop/install/odom_to_tf_ros2/share/odom_to_tf_ros2/cmake/odom_to_tf_ros2Config.cmake
-- Symlinking: /opt/mybotshop/install/odom_to_tf_ros2/share/odom_to_tf_ros2/cmake/odom_to_tf_ros2Config-version.cmake
-- Symlinking: /opt/mybotshop/install/odom_to_tf_ros2/share/odom_to_tf_ros2/package.xml
