[0.657s] Invoking command in '/opt/mybotshop/build/odom_to_tf_ros2': CMAKE_PREFIX_PATH=${CMAKE_PREFIX_PATH}:/opt/ros/foxy /usr/bin/cmake /opt/mybotshop/src/third_party/gps/08Aug_2025_odom_to_tf_ros2 -DAMENT_CMAKE_SYMLINK_INSTALL=1 -DCMAKE_INSTALL_PREFIX=/opt/mybotshop/install/odom_to_tf_ros2
[12.417s] -- The C compiler identification is GNU 9.4.0
[12.417s] -- The CXX compiler identification is GNU 9.4.0
[12.418s] -- Check for working C compiler: /usr/bin/cc
[12.418s] -- Check for working C compiler: /usr/bin/cc -- works
[12.418s] -- Detecting C compiler ABI info
[12.418s] -- Detecting C compiler ABI info - done
[12.418s] -- Detecting C compile features
[12.418s] -- Detecting C compile features - done
[12.418s] -- Check for working CXX compiler: /usr/bin/c++
[12.419s] -- Check for working CXX compiler: /usr/bin/c++ -- works
[12.419s] -- Detecting CXX compiler ABI info
[12.419s] -- Detecting CXX compiler ABI info - done
[12.419s] -- Detecting CXX compile features
[12.419s] -- Detecting CXX compile features - done
[12.419s] -- Found ament_cmake: 0.9.12 (/opt/ros/foxy/share/ament_cmake/cmake)
[12.419s] -- Found PythonInterp: /usr/bin/python3 (found suitable version "3.8.10", minimum required is "3") 
[12.419s] -- Using PYTHON_EXECUTABLE: /usr/bin/python3
[12.420s] -- Override CMake install command with custom implementation using symlinks instead of copying resources
[12.420s] -- Found rclcpp: 2.4.3 (/opt/ros/foxy/share/rclcpp/cmake)
[12.420s] -- Using all available rosidl_typesupport_c: rosidl_typesupport_fastrtps_c;rosidl_typesupport_introspection_c
[12.420s] -- Found rosidl_adapter: 1.3.1 (/opt/ros/foxy/share/rosidl_adapter/cmake)
[12.420s] -- Found OpenSSL: /usr/lib/aarch64-linux-gnu/libcrypto.so (found version "1.1.1f")  
[12.420s] -- Found FastRTPS: /opt/ros/foxy/include  
[12.420s] -- Using all available rosidl_typesupport_cpp: rosidl_typesupport_fastrtps_cpp;rosidl_typesupport_introspection_cpp
[12.426s] -- Found rmw_implementation_cmake: 1.0.4 (/opt/ros/foxy/share/rmw_implementation_cmake/cmake)
[12.427s] -- Using RMW implementation 'rmw_cyclonedds_cpp' as default
[12.427s] -- Looking for pthread.h
[12.427s] -- Looking for pthread.h - found
[12.428s] -- Performing Test CMAKE_HAVE_LIBC_PTHREAD
[12.428s] -- Performing Test CMAKE_HAVE_LIBC_PTHREAD - Failed
[12.428s] -- Looking for pthread_create in pthreads
[12.428s] -- Looking for pthread_create in pthreads - not found
[12.428s] -- Looking for pthread_create in pthread
[12.428s] -- Looking for pthread_create in pthread - found
[12.429s] -- Found Threads: TRUE  
[12.429s] -- Found tf2_ros: 0.13.14 (/opt/ros/foxy/share/tf2_ros/cmake)
[12.429s] -- Found nav_msgs: 2.0.5 (/opt/ros/foxy/share/nav_msgs/cmake)
[12.429s] -- Found tf2_geometry_msgs: 0.13.14 (/opt/ros/foxy/share/tf2_geometry_msgs/cmake)
[12.429s] -- Found eigen3_cmake_module: 0.1.1 (/opt/ros/foxy/share/eigen3_cmake_module/cmake)
[12.429s] -- Found Eigen3: TRUE (found version "3.3.9") 
[12.430s] -- Configuring done
[12.430s] -- Generating done
[12.430s] -- Build files have been written to: /opt/mybotshop/build/odom_to_tf_ros2
[12.462s] Invoked command in '/opt/mybotshop/build/odom_to_tf_ros2' returned '0': CMAKE_PREFIX_PATH=${CMAKE_PREFIX_PATH}:/opt/ros/foxy /usr/bin/cmake /opt/mybotshop/src/third_party/gps/08Aug_2025_odom_to_tf_ros2 -DAMENT_CMAKE_SYMLINK_INSTALL=1 -DCMAKE_INSTALL_PREFIX=/opt/mybotshop/install/odom_to_tf_ros2
[12.463s] Invoking command in '/opt/mybotshop/build/odom_to_tf_ros2': CMAKE_PREFIX_PATH=${CMAKE_PREFIX_PATH}:/opt/ros/foxy /usr/bin/cmake --build /opt/mybotshop/build/odom_to_tf_ros2 -- -j6 -l6
[12.713s] [35m[1mScanning dependencies of target odom_to_tf[0m
[12.994s] [ 50%] [32mBuilding CXX object CMakeFiles/odom_to_tf.dir/src/odom_to_tf.cpp.o[0m
[35.292s] [100%] [32m[1mLinking CXX executable odom_to_tf[0m
[36.401s] [100%] Built target odom_to_tf
[36.482s] Invoked command in '/opt/mybotshop/build/odom_to_tf_ros2' returned '0': CMAKE_PREFIX_PATH=${CMAKE_PREFIX_PATH}:/opt/ros/foxy /usr/bin/cmake --build /opt/mybotshop/build/odom_to_tf_ros2 -- -j6 -l6
[37.045s] Invoking command in '/opt/mybotshop/build/odom_to_tf_ros2': CMAKE_PREFIX_PATH=${CMAKE_PREFIX_PATH}:/opt/ros/foxy /usr/bin/cmake --install /opt/mybotshop/build/odom_to_tf_ros2
[37.119s] -- Install configuration: ""
[37.120s] -- Execute custom install script
[37.123s] -- Symlinking: /opt/mybotshop/install/odom_to_tf_ros2/lib/odom_to_tf_ros2/odom_to_tf
[37.175s] -- Symlinking: /opt/mybotshop/install/odom_to_tf_ros2/share/odom_to_tf_ros2/launch/odom_to_tf.launch.py
[37.229s] -- Symlinking: /opt/mybotshop/install/odom_to_tf_ros2/share/odom_to_tf_ros2/config/odom_to_tf.yaml
[37.269s] -- Symlinking: /opt/mybotshop/install/odom_to_tf_ros2/share/ament_index/resource_index/package_run_dependencies/odom_to_tf_ros2
[37.312s] -- Symlinking: /opt/mybotshop/install/odom_to_tf_ros2/share/ament_index/resource_index/parent_prefix_path/odom_to_tf_ros2
[37.345s] -- Symlinking: /opt/mybotshop/install/odom_to_tf_ros2/share/odom_to_tf_ros2/environment/ament_prefix_path.sh
[37.404s] -- Symlinking: /opt/mybotshop/install/odom_to_tf_ros2/share/odom_to_tf_ros2/environment/ament_prefix_path.dsv
[37.463s] -- Symlinking: /opt/mybotshop/install/odom_to_tf_ros2/share/odom_to_tf_ros2/environment/path.sh
[37.519s] -- Symlinking: /opt/mybotshop/install/odom_to_tf_ros2/share/odom_to_tf_ros2/environment/path.dsv
[37.574s] -- Symlinking: /opt/mybotshop/install/odom_to_tf_ros2/share/odom_to_tf_ros2/local_setup.bash
[37.659s] -- Symlinking: /opt/mybotshop/install/odom_to_tf_ros2/share/odom_to_tf_ros2/local_setup.sh
[37.712s] -- Symlinking: /opt/mybotshop/install/odom_to_tf_ros2/share/odom_to_tf_ros2/local_setup.zsh
[37.794s] -- Symlinking: /opt/mybotshop/install/odom_to_tf_ros2/share/odom_to_tf_ros2/local_setup.dsv
[37.853s] -- Symlinking: /opt/mybotshop/install/odom_to_tf_ros2/share/odom_to_tf_ros2/package.dsv
[37.927s] -- Symlinking: /opt/mybotshop/install/odom_to_tf_ros2/share/ament_index/resource_index/packages/odom_to_tf_ros2
[38.000s] -- Symlinking: /opt/mybotshop/install/odom_to_tf_ros2/share/odom_to_tf_ros2/cmake/odom_to_tf_ros2Config.cmake
[38.030s] -- Symlinking: /opt/mybotshop/install/odom_to_tf_ros2/share/odom_to_tf_ros2/cmake/odom_to_tf_ros2Config-version.cmake
[38.093s] -- Symlinking: /opt/mybotshop/install/odom_to_tf_ros2/share/odom_to_tf_ros2/package.xml
[38.690s] Invoked command in '/opt/mybotshop/build/odom_to_tf_ros2' returned '0': CMAKE_PREFIX_PATH=${CMAKE_PREFIX_PATH}:/opt/ros/foxy /usr/bin/cmake --install /opt/mybotshop/build/odom_to_tf_ros2
