[0.467s] Invoking command in '/opt/mybotshop/build/unitree_ros2_example': AMENT_PREFIX_PATH=/opt/mybotshop/install/unitree_hg:/opt/mybotshop/install/unitree_go:/opt/mybotshop/install/unitree_api:${AMENT_PREFIX_PATH} CMAKE_PREFIX_PATH=/opt/mybotshop/install/unitree_hg:/opt/mybotshop/install/unitree_go:/opt/mybotshop/install/unitree_api:/home/unitree/cyclonedds_ws/install/rmw_cyclonedds_cpp:/home/unitree/cyclonedds_ws/install/cyclonedds:/opt/ros/foxy LD_LIBRARY_PATH=/opt/mybotshop/install/unitree_hg/lib:/opt/mybotshop/install/unitree_go/lib:/opt/mybotshop/install/unitree_api/lib:${LD_LIBRARY_PATH} PYTHONPATH=/opt/mybotshop/install/unitree_hg/lib/python3.8/site-packages:/opt/mybotshop/install/unitree_go/lib/python3.8/site-packages:/opt/mybotshop/install/unitree_api/lib/python3.8/site-packages:${PYTHONPATH} /usr/bin/cmake /opt/mybotshop/src/third_party/unitree/18Mar2025_unitree_ros2/example/src -DAMENT_CMAKE_SYMLINK_INSTALL=1 -DCMAKE_INSTALL_PREFIX=/opt/mybotshop/install/unitree_ros2_example
[0.644s] -- The C compiler identification is GNU 9.4.0
[0.790s] -- The CXX compiler identification is GNU 9.4.0
[0.800s] -- Check for working C compiler: /usr/bin/cc
[1.036s] -- Check for working C compiler: /usr/bin/cc -- works
[1.038s] -- Detecting C compiler ABI info
[1.286s] -- Detecting C compiler ABI info - done
[1.319s] -- Detecting C compile features
[1.321s] -- Detecting C compile features - done
[1.335s] -- Check for working CXX compiler: /usr/bin/c++
[1.586s] -- Check for working CXX compiler: /usr/bin/c++ -- works
[1.586s] -- Detecting CXX compiler ABI info
[1.820s] -- Detecting CXX compiler ABI info - done
[1.847s] -- Detecting CXX compile features
[1.849s] -- Detecting CXX compile features - done
[1.860s] -- Found ament_cmake: 0.9.12 (/opt/ros/foxy/share/ament_cmake/cmake)
[1.928s] -- Found PythonInterp: /usr/bin/python3 (found suitable version "3.8.10", minimum required is "3") 
[1.932s] -- Using PYTHON_EXECUTABLE: /usr/bin/python3
[2.419s] -- Override CMake install command with custom implementation using symlinks instead of copying resources
[2.495s] -- Found unitree_go: 0.0.0 (/opt/mybotshop/install/unitree_go/share/unitree_go/cmake)
[2.590s] -- Using all available rosidl_typesupport_c: rosidl_typesupport_fastrtps_c;rosidl_typesupport_introspection_c
[2.616s] -- Found rosidl_adapter: 1.3.1 (/opt/ros/foxy/share/rosidl_adapter/cmake)
[2.980s] -- Found OpenSSL: /usr/lib/aarch64-linux-gnu/libcrypto.so (found version "1.1.1f")  
[3.091s] -- Found FastRTPS: /opt/ros/foxy/include  
[3.377s] -- Using all available rosidl_typesupport_cpp: rosidl_typesupport_fastrtps_cpp;rosidl_typesupport_introspection_cpp
[3.731s] -- Found unitree_hg: 0.0.0 (/opt/mybotshop/install/unitree_hg/share/unitree_hg/cmake)
[3.855s] -- Found unitree_api: 0.0.0 (/opt/mybotshop/install/unitree_api/share/unitree_api/cmake)
[3.969s] -- Found rclcpp: 2.4.3 (/opt/ros/foxy/share/rclcpp/cmake)
[4.103s] -- Found rmw_implementation_cmake: 1.0.4 (/opt/ros/foxy/share/rmw_implementation_cmake/cmake)
[4.106s] -- Using RMW implementation 'rmw_cyclonedds_cpp' as default
[4.109s] -- Looking for pthread.h
[4.411s] -- Looking for pthread.h - found
[4.412s] -- Performing Test CMAKE_HAVE_LIBC_PTHREAD
[4.692s] -- Performing Test CMAKE_HAVE_LIBC_PTHREAD - Failed
[4.692s] -- Looking for pthread_create in pthreads
[4.972s] -- Looking for pthread_create in pthreads - not found
[4.973s] -- Looking for pthread_create in pthread
[5.218s] -- Looking for pthread_create in pthread - found
[5.223s] -- Found Threads: TRUE  
[5.515s] -- Found rosbag2_cpp: 0.3.11 (/opt/ros/foxy/share/rosbag2_cpp/cmake)
[5.618s] -- Setting yaml-cpp_DIR to: '/opt/ros/foxy/share/yaml_cpp_vendor/cmake/../../../opt/yaml_cpp_vendor/lib/cmake/yaml-cpp'
[5.673s] -- Found ament_lint_auto: 0.9.8 (/opt/ros/foxy/share/ament_lint_auto/cmake)
[5.911s] -- Added test 'copyright' to check source files copyright and LICENSE
[5.921s] -- Added test 'cppcheck' to perform static code analysis on C / C++ code
[5.927s] -- Configured cppcheck include dirs: /opt/mybotshop/src/third_party/unitree/18Mar2025_unitree_ros2/example/src/include;/opt/mybotshop/src/third_party/unitree/18Mar2025_unitree_ros2/example/src/include/common;/opt/mybotshop/src/third_party/unitree/18Mar2025_unitree_ros2/example/src/include/nlohmann
[5.928s] -- Configured cppcheck exclude dirs and/or files: 
[5.936s] -- Added test 'cpplint' to check C / C++ code against the Google style
[5.937s] -- Configured cpplint exclude dirs and/or files: 
[5.943s] -- Added test 'lint_cmake' to check CMake code style
[5.954s] -- Added test 'uncrustify' to check C / C++ code style
[5.955s] -- Configured uncrustify additional arguments: 
[5.960s] -- Added test 'xmllint' to check XML markup files
[5.978s] -- Configuring done
[6.140s] -- Generating done
[6.146s] -- Build files have been written to: /opt/mybotshop/build/unitree_ros2_example
[6.178s] Invoked command in '/opt/mybotshop/build/unitree_ros2_example' returned '0': AMENT_PREFIX_PATH=/opt/mybotshop/install/unitree_hg:/opt/mybotshop/install/unitree_go:/opt/mybotshop/install/unitree_api:${AMENT_PREFIX_PATH} CMAKE_PREFIX_PATH=/opt/mybotshop/install/unitree_hg:/opt/mybotshop/install/unitree_go:/opt/mybotshop/install/unitree_api:/home/unitree/cyclonedds_ws/install/rmw_cyclonedds_cpp:/home/unitree/cyclonedds_ws/install/cyclonedds:/opt/ros/foxy LD_LIBRARY_PATH=/opt/mybotshop/install/unitree_hg/lib:/opt/mybotshop/install/unitree_go/lib:/opt/mybotshop/install/unitree_api/lib:${LD_LIBRARY_PATH} PYTHONPATH=/opt/mybotshop/install/unitree_hg/lib/python3.8/site-packages:/opt/mybotshop/install/unitree_go/lib/python3.8/site-packages:/opt/mybotshop/install/unitree_api/lib/python3.8/site-packages:${PYTHONPATH} /usr/bin/cmake /opt/mybotshop/src/third_party/unitree/18Mar2025_unitree_ros2/example/src -DAMENT_CMAKE_SYMLINK_INSTALL=1 -DCMAKE_INSTALL_PREFIX=/opt/mybotshop/install/unitree_ros2_example
[6.189s] Invoking command in '/opt/mybotshop/build/unitree_ros2_example': AMENT_PREFIX_PATH=/opt/mybotshop/install/unitree_hg:/opt/mybotshop/install/unitree_go:/opt/mybotshop/install/unitree_api:${AMENT_PREFIX_PATH} CMAKE_PREFIX_PATH=/opt/mybotshop/install/unitree_hg:/opt/mybotshop/install/unitree_go:/opt/mybotshop/install/unitree_api:/home/unitree/cyclonedds_ws/install/rmw_cyclonedds_cpp:/home/unitree/cyclonedds_ws/install/cyclonedds:/opt/ros/foxy LD_LIBRARY_PATH=/opt/mybotshop/install/unitree_hg/lib:/opt/mybotshop/install/unitree_go/lib:/opt/mybotshop/install/unitree_api/lib:${LD_LIBRARY_PATH} PYTHONPATH=/opt/mybotshop/install/unitree_hg/lib/python3.8/site-packages:/opt/mybotshop/install/unitree_go/lib/python3.8/site-packages:/opt/mybotshop/install/unitree_api/lib/python3.8/site-packages:${PYTHONPATH} /usr/bin/cmake --build /opt/mybotshop/build/unitree_ros2_example -- -j6 -l6
[6.344s] [35m[1mScanning dependencies of target low_level_ctrl_hg[0m
[6.519s] [  5%] [32mBuilding CXX object CMakeFiles/low_level_ctrl_hg.dir/src/h1-2/lowlevel/low_level_ctrl_hg.cpp.o[0m
[20.188s] [ 10%] [32mBuilding CXX object CMakeFiles/low_level_ctrl_hg.dir/src/common/motor_crc_hg.cpp.o[0m
[24.637s] [ 15%] [32m[1mLinking CXX executable low_level_ctrl_hg[0m
[25.315s] [ 15%] Built target low_level_ctrl_hg
[25.350s] [35m[1mScanning dependencies of target read_low_state[0m
[25.480s] [ 20%] [32mBuilding CXX object CMakeFiles/read_low_state.dir/src/read_low_state.cpp.o[0m
[37.166s] [ 25%] [32m[1mLinking CXX executable read_low_state[0m
[37.868s] [ 25%] Built target read_low_state
[37.895s] [35m[1mScanning dependencies of target read_low_state_hg[0m
[38.018s] [ 30%] [32mBuilding CXX object CMakeFiles/read_low_state_hg.dir/src/read_low_state_hg.cpp.o[0m
[49.994s] [ 35%] [32m[1mLinking CXX executable read_low_state_hg[0m
[50.594s] [ 35%] Built target read_low_state_hg
[50.621s] [35m[1mScanning dependencies of target sport_mode_ctrl[0m
[50.792s] [ 40%] [32mBuilding CXX object CMakeFiles/sport_mode_ctrl.dir/src/sport_mode_ctrl.cpp.o[0m
[65.943s] [ 45%] [32mBuilding CXX object CMakeFiles/sport_mode_ctrl.dir/src/common/ros2_sport_client.cpp.o[0m
[69.958s] [ 50%] [32m[1mLinking CXX executable sport_mode_ctrl[0m
[70.614s] [ 50%] Built target sport_mode_ctrl
[70.645s] [35m[1mScanning dependencies of target read_wireless_controller[0m
[70.742s] [ 55%] [32mBuilding CXX object CMakeFiles/read_wireless_controller.dir/src/read_wireless_controller.cpp.o[0m
[82.543s] [ 60%] [32m[1mLinking CXX executable read_wireless_controller[0m
[83.143s] [ 60%] Built target read_wireless_controller
[83.172s] [35m[1mScanning dependencies of target low_level_ctrl[0m
[83.286s] [ 65%] [32mBuilding CXX object CMakeFiles/low_level_ctrl.dir/src/low_level_ctrl.cpp.o[0m
[90.895s] [ 70%] [32mBuilding CXX object CMakeFiles/low_level_ctrl.dir/src/common/motor_crc.cpp.o[0m
[95.361s] [ 75%] [32m[1mLinking CXX executable low_level_ctrl[0m
[95.744s] [ 75%] Built target low_level_ctrl
[95.770s] [35m[1mScanning dependencies of target read_motion_state[0m
[95.857s] [ 80%] [32mBuilding CXX object CMakeFiles/read_motion_state.dir/src/read_motion_state.cpp.o[0m
[107.070s] [ 85%] [32m[1mLinking CXX executable read_motion_state[0m
[107.612s] [ 85%] Built target read_motion_state
[107.638s] [35m[1mScanning dependencies of target g1_low_level_example[0m
[107.741s] [ 90%] [32mBuilding CXX object CMakeFiles/g1_low_level_example.dir/src/g1/lowlevel/g1_low_level_example.cpp.o[0m
[120.198s] [ 95%] [32mBuilding CXX object CMakeFiles/g1_low_level_example.dir/src/common/motor_crc_hg.cpp.o[0m
[124.349s] [100%] [32m[1mLinking CXX executable g1_low_level_example[0m
[124.937s] [100%] Built target g1_low_level_example
[124.966s] Invoked command in '/opt/mybotshop/build/unitree_ros2_example' returned '0': AMENT_PREFIX_PATH=/opt/mybotshop/install/unitree_hg:/opt/mybotshop/install/unitree_go:/opt/mybotshop/install/unitree_api:${AMENT_PREFIX_PATH} CMAKE_PREFIX_PATH=/opt/mybotshop/install/unitree_hg:/opt/mybotshop/install/unitree_go:/opt/mybotshop/install/unitree_api:/home/unitree/cyclonedds_ws/install/rmw_cyclonedds_cpp:/home/unitree/cyclonedds_ws/install/cyclonedds:/opt/ros/foxy LD_LIBRARY_PATH=/opt/mybotshop/install/unitree_hg/lib:/opt/mybotshop/install/unitree_go/lib:/opt/mybotshop/install/unitree_api/lib:${LD_LIBRARY_PATH} PYTHONPATH=/opt/mybotshop/install/unitree_hg/lib/python3.8/site-packages:/opt/mybotshop/install/unitree_go/lib/python3.8/site-packages:/opt/mybotshop/install/unitree_api/lib/python3.8/site-packages:${PYTHONPATH} /usr/bin/cmake --build /opt/mybotshop/build/unitree_ros2_example -- -j6 -l6
[125.080s] Invoking command in '/opt/mybotshop/build/unitree_ros2_example': AMENT_PREFIX_PATH=/opt/mybotshop/install/unitree_hg:/opt/mybotshop/install/unitree_go:/opt/mybotshop/install/unitree_api:${AMENT_PREFIX_PATH} CMAKE_PREFIX_PATH=/opt/mybotshop/install/unitree_hg:/opt/mybotshop/install/unitree_go:/opt/mybotshop/install/unitree_api:/home/unitree/cyclonedds_ws/install/rmw_cyclonedds_cpp:/home/unitree/cyclonedds_ws/install/cyclonedds:/opt/ros/foxy LD_LIBRARY_PATH=/opt/mybotshop/install/unitree_hg/lib:/opt/mybotshop/install/unitree_go/lib:/opt/mybotshop/install/unitree_api/lib:${LD_LIBRARY_PATH} PYTHONPATH=/opt/mybotshop/install/unitree_hg/lib/python3.8/site-packages:/opt/mybotshop/install/unitree_go/lib/python3.8/site-packages:/opt/mybotshop/install/unitree_api/lib/python3.8/site-packages:${PYTHONPATH} /usr/bin/cmake --install /opt/mybotshop/build/unitree_ros2_example
[125.111s] -- Install configuration: ""
[125.112s] -- Execute custom install script
[125.113s] -- Symlinking: /opt/mybotshop/install/unitree_ros2_example//low_level_ctrl
[125.137s] -- Symlinking: /opt/mybotshop/install/unitree_ros2_example//low_level_ctrl_hg
[125.162s] -- Symlinking: /opt/mybotshop/install/unitree_ros2_example//g1_low_level_example
[125.185s] -- Symlinking: /opt/mybotshop/install/unitree_ros2_example//read_low_state
[125.208s] -- Symlinking: /opt/mybotshop/install/unitree_ros2_example//read_low_state_hg
[125.232s] -- Symlinking: /opt/mybotshop/install/unitree_ros2_example//read_motion_state
[125.254s] -- Symlinking: /opt/mybotshop/install/unitree_ros2_example//read_wireless_controller
[125.277s] -- Symlinking: /opt/mybotshop/install/unitree_ros2_example//sport_mode_ctrl
[125.301s] -- Symlinking: /opt/mybotshop/install/unitree_ros2_example/share/ament_index/resource_index/package_run_dependencies/unitree_ros2_example
[125.326s] -- Symlinking: /opt/mybotshop/install/unitree_ros2_example/share/ament_index/resource_index/parent_prefix_path/unitree_ros2_example
[125.350s] -- Symlinking: /opt/mybotshop/install/unitree_ros2_example/share/unitree_ros2_example/environment/ament_prefix_path.sh
[125.374s] -- Symlinking: /opt/mybotshop/install/unitree_ros2_example/share/unitree_ros2_example/environment/ament_prefix_path.dsv
[125.397s] -- Symlinking: /opt/mybotshop/install/unitree_ros2_example/share/unitree_ros2_example/environment/path.sh
[125.420s] -- Symlinking: /opt/mybotshop/install/unitree_ros2_example/share/unitree_ros2_example/environment/path.dsv
[125.444s] -- Symlinking: /opt/mybotshop/install/unitree_ros2_example/share/unitree_ros2_example/local_setup.bash
[125.469s] -- Symlinking: /opt/mybotshop/install/unitree_ros2_example/share/unitree_ros2_example/local_setup.sh
[125.494s] -- Symlinking: /opt/mybotshop/install/unitree_ros2_example/share/unitree_ros2_example/local_setup.zsh
[125.517s] -- Symlinking: /opt/mybotshop/install/unitree_ros2_example/share/unitree_ros2_example/local_setup.dsv
[125.540s] -- Symlinking: /opt/mybotshop/install/unitree_ros2_example/share/unitree_ros2_example/package.dsv
[125.566s] -- Symlinking: /opt/mybotshop/install/unitree_ros2_example/share/ament_index/resource_index/packages/unitree_ros2_example
[125.588s] -- Symlinking: /opt/mybotshop/install/unitree_ros2_example/share/unitree_ros2_example/cmake/unitree_ros2_exampleConfig.cmake
[125.613s] -- Symlinking: /opt/mybotshop/install/unitree_ros2_example/share/unitree_ros2_example/cmake/unitree_ros2_exampleConfig-version.cmake
[125.635s] -- Symlinking: /opt/mybotshop/install/unitree_ros2_example/share/unitree_ros2_example/package.xml
[125.665s] Invoked command in '/opt/mybotshop/build/unitree_ros2_example' returned '0': AMENT_PREFIX_PATH=/opt/mybotshop/install/unitree_hg:/opt/mybotshop/install/unitree_go:/opt/mybotshop/install/unitree_api:${AMENT_PREFIX_PATH} CMAKE_PREFIX_PATH=/opt/mybotshop/install/unitree_hg:/opt/mybotshop/install/unitree_go:/opt/mybotshop/install/unitree_api:/home/unitree/cyclonedds_ws/install/rmw_cyclonedds_cpp:/home/unitree/cyclonedds_ws/install/cyclonedds:/opt/ros/foxy LD_LIBRARY_PATH=/opt/mybotshop/install/unitree_hg/lib:/opt/mybotshop/install/unitree_go/lib:/opt/mybotshop/install/unitree_api/lib:${LD_LIBRARY_PATH} PYTHONPATH=/opt/mybotshop/install/unitree_hg/lib/python3.8/site-packages:/opt/mybotshop/install/unitree_go/lib/python3.8/site-packages:/opt/mybotshop/install/unitree_api/lib/python3.8/site-packages:${PYTHONPATH} /usr/bin/cmake --install /opt/mybotshop/build/unitree_ros2_example
