[2.243s] Invoking command in '/opt/mybotshop/build/go2w_actuator_control': CMAKE_PREFIX_PATH=${CMAKE_PREFIX_PATH}:/opt/ros/foxy /usr/bin/cmake /opt/mybotshop/src/mybotshop/go2w_actuator_control -DAMENT_CMAKE_SYMLINK_INSTALL=1 -DCMAKE_INSTALL_PREFIX=/opt/mybotshop/install/go2w_actuator_control
[2.541s] -- The C compiler identification is GNU 9.4.0
[2.786s] -- The CXX compiler identification is GNU 9.4.0
[2.805s] -- Check for working C compiler: /usr/bin/cc
[3.273s] -- Check for working C compiler: /usr/bin/cc -- works
[3.275s] -- Detecting C compiler ABI info
[3.721s] -- Detecting C compiler ABI info - done
[3.754s] -- Detecting C compile features
[3.755s] -- Detecting C compile features - done
[3.762s] -- Check for working CXX compiler: /usr/bin/c++
[4.121s] -- Check for working CXX compiler: /usr/bin/c++ -- works
[4.123s] -- Detecting CXX compiler ABI info
[4.640s] -- Detecting CXX compiler ABI info - done
[4.663s] -- Detecting CXX compile features
[4.664s] -- Detecting CXX compile features - done
[4.671s] -- Found ament_cmake: 0.9.12 (/opt/ros/foxy/share/ament_cmake/cmake)
[4.752s] -- Found PythonInterp: /usr/bin/python3 (found suitable version "3.8.10", minimum required is "3") 
[4.753s] -- Using PYTHON_EXECUTABLE: /usr/bin/python3
[5.558s] -- Override CMake install command with custom implementation using symlinks instead of copying resources
[6.056s] -- Configuring done
[6.081s] -- Generating done
[6.084s] -- Build files have been written to: /opt/mybotshop/build/go2w_actuator_control
[6.114s] Invoked command in '/opt/mybotshop/build/go2w_actuator_control' returned '0': CMAKE_PREFIX_PATH=${CMAKE_PREFIX_PATH}:/opt/ros/foxy /usr/bin/cmake /opt/mybotshop/src/mybotshop/go2w_actuator_control -DAMENT_CMAKE_SYMLINK_INSTALL=1 -DCMAKE_INSTALL_PREFIX=/opt/mybotshop/install/go2w_actuator_control
[6.116s] Invoking command in '/opt/mybotshop/build/go2w_actuator_control': CMAKE_PREFIX_PATH=${CMAKE_PREFIX_PATH}:/opt/ros/foxy /usr/bin/cmake --build /opt/mybotshop/build/go2w_actuator_control -- -j6 -l6
[8.138s] Invoked command in '/opt/mybotshop/build/go2w_actuator_control' returned '0': CMAKE_PREFIX_PATH=${CMAKE_PREFIX_PATH}:/opt/ros/foxy /usr/bin/cmake --build /opt/mybotshop/build/go2w_actuator_control -- -j6 -l6
[8.285s] Invoking command in '/opt/mybotshop/build/go2w_actuator_control': CMAKE_PREFIX_PATH=${CMAKE_PREFIX_PATH}:/opt/ros/foxy /usr/bin/cmake --install /opt/mybotshop/build/go2w_actuator_control
[8.324s] -- Install configuration: ""
[8.326s] -- Execute custom install script
[8.328s] -- Symlinking: /opt/mybotshop/install/go2w_actuator_control/lib/go2w_actuator_control/go2w_stand_sit.py
[8.391s] -- Symlinking: /opt/mybotshop/install/go2w_actuator_control/share/ament_index/resource_index/package_run_dependencies/go2w_actuator_control
[8.430s] -- Symlinking: /opt/mybotshop/install/go2w_actuator_control/share/ament_index/resource_index/parent_prefix_path/go2w_actuator_control
[8.480s] -- Symlinking: /opt/mybotshop/install/go2w_actuator_control/share/go2w_actuator_control/environment/ament_prefix_path.sh
[8.543s] -- Symlinking: /opt/mybotshop/install/go2w_actuator_control/share/go2w_actuator_control/environment/ament_prefix_path.dsv
[8.599s] -- Symlinking: /opt/mybotshop/install/go2w_actuator_control/share/go2w_actuator_control/environment/path.sh
[8.652s] -- Symlinking: /opt/mybotshop/install/go2w_actuator_control/share/go2w_actuator_control/environment/path.dsv
[8.702s] -- Symlinking: /opt/mybotshop/install/go2w_actuator_control/share/go2w_actuator_control/local_setup.bash
[8.743s] -- Symlinking: /opt/mybotshop/install/go2w_actuator_control/share/go2w_actuator_control/local_setup.sh
[8.811s] -- Symlinking: /opt/mybotshop/install/go2w_actuator_control/share/go2w_actuator_control/local_setup.zsh
[8.838s] -- Symlinking: /opt/mybotshop/install/go2w_actuator_control/share/go2w_actuator_control/local_setup.dsv
[8.868s] -- Symlinking: /opt/mybotshop/install/go2w_actuator_control/share/go2w_actuator_control/package.dsv
[8.902s] -- Symlinking: /opt/mybotshop/install/go2w_actuator_control/share/ament_index/resource_index/packages/go2w_actuator_control
[8.947s] -- Symlinking: /opt/mybotshop/install/go2w_actuator_control/share/go2w_actuator_control/cmake/go2w_actuator_controlConfig.cmake
[8.983s] -- Symlinking: /opt/mybotshop/install/go2w_actuator_control/share/go2w_actuator_control/cmake/go2w_actuator_controlConfig-version.cmake
[9.037s] -- Symlinking: /opt/mybotshop/install/go2w_actuator_control/share/go2w_actuator_control/package.xml
[9.100s] Invoked command in '/opt/mybotshop/build/go2w_actuator_control' returned '0': CMAKE_PREFIX_PATH=${CMAKE_PREFIX_PATH}:/opt/ros/foxy /usr/bin/cmake --install /opt/mybotshop/build/go2w_actuator_control
