-- The C compiler identification is GNU 9.4.0
-- The CXX compiler identification is GNU 9.4.0
-- Check for working C compiler: /usr/bin/cc
-- Check for working C compiler: /usr/bin/cc -- works
-- Detecting C compiler ABI info
-- Detecting C compiler ABI info - done
-- Detecting C compile features
-- Detecting C compile features - done
-- Check for working CXX compiler: /usr/bin/c++
-- Check for working CXX compiler: /usr/bin/c++ -- works
-- Detecting CXX compiler ABI info
-- Detecting CXX compiler ABI info - done
-- Detecting CXX compile features
-- Detecting CXX compile features - done
-- Found ament_cmake: 0.9.12 (/opt/ros/foxy/share/ament_cmake/cmake)
-- Found PythonInterp: /usr/bin/python3 (found suitable version "3.8.10", minimum required is "3") 
-- Using PYTHON_EXECUTABLE: /usr/bin/python3
-- Override CMake install command with custom implementation using symlinks instead of copying resources
-- Found std_srvs: 2.0.5 (/opt/ros/foxy/share/std_srvs/cmake)
-- Using all available rosidl_typesupport_c: rosidl_typesupport_fastrtps_c;rosidl_typesupport_introspection_c
-- Found rosidl_adapter: 1.3.1 (/opt/ros/foxy/share/rosidl_adapter/cmake)
-- Found OpenSSL: /usr/lib/aarch64-linux-gnu/libcrypto.so (found version "1.1.1f")  
-- Found FastRTPS: /opt/ros/foxy/include  
-- Using all available rosidl_typesupport_cpp: rosidl_typesupport_fastrtps_cpp;rosidl_typesupport_introspection_cpp
-- Found rosidl_default_generators: 1.0.1 (/opt/ros/foxy/share/rosidl_default_generators/cmake)
-- Found PythonInterp: /usr/bin/python3 (found version "3.8.10") 
-- Found ament_cmake_ros: 0.9.2 (/opt/ros/foxy/share/ament_cmake_ros/cmake)
-- Using all available rosidl_typesupport_c: rosidl_typesupport_fastrtps_c;rosidl_typesupport_introspection_c
-- Using all available rosidl_typesupport_cpp: rosidl_typesupport_fastrtps_cpp;rosidl_typesupport_introspection_cpp
-- Found PythonInterp: /usr/bin/python3 (found suitable version "3.8.10", minimum required is "3.5") 
-- Found python_cmake_module: 0.8.1 (/opt/ros/foxy/share/python_cmake_module/cmake)
-- Found PythonLibs: /usr/lib/aarch64-linux-gnu/libpython3.8.so (found suitable version "3.8.10", minimum required is "3.5") 
-- Using PYTHON_EXECUTABLE: /usr/bin/python3
-- Using PYTHON_INCLUDE_DIRS: /usr/include/python3.8
-- Using PYTHON_LIBRARIES: /usr/lib/aarch64-linux-gnu/libpython3.8.so
-- Found PythonExtra: .so  
-- Configuring done
-- Generating done
-- Build files have been written to: /opt/mybotshop/build/go2_interface
[35m[1mScanning dependencies of target go2_interface__cpp[0m
[  1%] [34m[1mGenerating C code for ROS interfaces[0m
[  3%] [34m[1mGenerating C++ code for ROS interfaces[0m
[  3%] Built target go2_interface__cpp
[  4%] [34m[1mGenerating C++ introspection for ROS interfaces[0m
[  6%] [34m[1mGenerating C++ type support for eProsima Fast-RTPS[0m
[  7%] [34m[1mGenerating C++ type support dispatch for ROS interfaces[0m
[35m[1mScanning dependencies of target go2_interface__rosidl_generator_c[0m
[  9%] [32mBuilding C object CMakeFiles/go2_interface__rosidl_generator_c.dir/rosidl_generator_c/go2_interface/msg/detail/camera_gimbal_cmd__functions.c.o[0m
[ 11%] [32mBuilding C object CMakeFiles/go2_interface__rosidl_generator_c.dir/rosidl_generator_c/go2_interface/srv/detail/go2_modes__functions.c.o[0m
[ 12%] [32mBuilding C object CMakeFiles/go2_interface__rosidl_generator_c.dir/rosidl_generator_c/go2_interface/srv/detail/camera_mode__functions.c.o[0m
[ 14%] [32mBuilding C object CMakeFiles/go2_interface__rosidl_generator_c.dir/rosidl_generator_c/go2_interface/srv/detail/go2_light__functions.c.o[0m
[ 15%] [32mBuilding C object CMakeFiles/go2_interface__rosidl_generator_c.dir/rosidl_generator_c/go2_interface/srv/detail/go2_volume__functions.c.o[0m
[ 17%] [32m[1mLinking C shared library libgo2_interface__rosidl_generator_c.so[0m
[ 17%] Built target go2_interface__rosidl_generator_c
[ 19%] [34m[1mGenerating C introspection for ROS interfaces[0m
[ 20%] [34m[1mGenerating C type support dispatch for ROS interfaces[0m
[35m[1mScanning dependencies of target go2_interface__rosidl_typesupport_introspection_cpp[0m
[ 22%] [32mBuilding CXX object CMakeFiles/go2_interface__rosidl_typesupport_introspection_cpp.dir/rosidl_typesupport_introspection_cpp/go2_interface/msg/detail/camera_gimbal_cmd__type_support.cpp.o[0m
[35m[1mScanning dependencies of target go2_interface__rosidl_typesupport_cpp[0m
[ 23%] [32mBuilding CXX object CMakeFiles/go2_interface__rosidl_typesupport_cpp.dir/rosidl_typesupport_cpp/go2_interface/msg/camera_gimbal_cmd__type_support.cpp.o[0m
[ 25%] [32mBuilding CXX object CMakeFiles/go2_interface__rosidl_typesupport_cpp.dir/rosidl_typesupport_cpp/go2_interface/srv/camera_mode__type_support.cpp.o[0m
[35m[1mScanning dependencies of target go2_interface__rosidl_typesupport_fastrtps_cpp[0m
[ 26%] [32mBuilding CXX object CMakeFiles/go2_interface__rosidl_typesupport_fastrtps_cpp.dir/rosidl_typesupport_fastrtps_cpp/go2_interface/msg/detail/dds_fastrtps/camera_gimbal_cmd__type_support.cpp.o[0m
[35m[1mScanning dependencies of target go2_interface__rosidl_typesupport_c[0m
[ 28%] [32mBuilding CXX object CMakeFiles/go2_interface__rosidl_typesupport_c.dir/rosidl_typesupport_c/go2_interface/msg/camera_gimbal_cmd__type_support.cpp.o[0m
[ 30%] [32mBuilding CXX object CMakeFiles/go2_interface__rosidl_typesupport_introspection_cpp.dir/rosidl_typesupport_introspection_cpp/go2_interface/srv/detail/camera_mode__type_support.cpp.o[0m
[ 31%] [32mBuilding CXX object CMakeFiles/go2_interface__rosidl_typesupport_c.dir/rosidl_typesupport_c/go2_interface/srv/camera_mode__type_support.cpp.o[0m
[35m[1mScanning dependencies of target go2_interface__rosidl_typesupport_introspection_c[0m
[ 33%] [32mBuilding CXX object CMakeFiles/go2_interface__rosidl_typesupport_cpp.dir/rosidl_typesupport_cpp/go2_interface/srv/go2_modes__type_support.cpp.o[0m
[ 34%] [32mBuilding C object CMakeFiles/go2_interface__rosidl_typesupport_introspection_c.dir/rosidl_typesupport_introspection_c/go2_interface/msg/detail/camera_gimbal_cmd__type_support.c.o[0m
[ 36%] [32mBuilding CXX object CMakeFiles/go2_interface__rosidl_typesupport_c.dir/rosidl_typesupport_c/go2_interface/srv/go2_modes__type_support.cpp.o[0m
[ 38%] [32mBuilding C object CMakeFiles/go2_interface__rosidl_typesupport_introspection_c.dir/rosidl_typesupport_introspection_c/go2_interface/srv/detail/camera_mode__type_support.c.o[0m
[ 39%] [32mBuilding CXX object CMakeFiles/go2_interface__rosidl_typesupport_c.dir/rosidl_typesupport_c/go2_interface/srv/go2_light__type_support.cpp.o[0m
[ 41%] [32mBuilding C object CMakeFiles/go2_interface__rosidl_typesupport_introspection_c.dir/rosidl_typesupport_introspection_c/go2_interface/srv/detail/go2_modes__type_support.c.o[0m
[ 42%] [32mBuilding CXX object CMakeFiles/go2_interface__rosidl_typesupport_c.dir/rosidl_typesupport_c/go2_interface/srv/go2_volume__type_support.cpp.o[0m
[ 44%] [32m[1mLinking CXX shared library libgo2_interface__rosidl_typesupport_c.so[0m
[ 46%] [32mBuilding C object CMakeFiles/go2_interface__rosidl_typesupport_introspection_c.dir/rosidl_typesupport_introspection_c/go2_interface/srv/detail/go2_light__type_support.c.o[0m
[ 47%] [32mBuilding CXX object CMakeFiles/go2_interface__rosidl_typesupport_fastrtps_cpp.dir/rosidl_typesupport_fastrtps_cpp/go2_interface/srv/detail/dds_fastrtps/camera_mode__type_support.cpp.o[0m
[ 47%] Built target go2_interface__rosidl_typesupport_c
[ 49%] [32mBuilding C object CMakeFiles/go2_interface__rosidl_typesupport_introspection_c.dir/rosidl_typesupport_introspection_c/go2_interface/srv/detail/go2_volume__type_support.c.o[0m
[ 50%] [32mBuilding CXX object CMakeFiles/go2_interface__rosidl_typesupport_introspection_cpp.dir/rosidl_typesupport_introspection_cpp/go2_interface/srv/detail/go2_modes__type_support.cpp.o[0m
[ 52%] [32m[1mLinking C shared library libgo2_interface__rosidl_typesupport_introspection_c.so[0m
[ 52%] Built target go2_interface__rosidl_typesupport_introspection_c
[ 53%] [32mBuilding CXX object CMakeFiles/go2_interface__rosidl_typesupport_cpp.dir/rosidl_typesupport_cpp/go2_interface/srv/go2_light__type_support.cpp.o[0m
[ 55%] [32mBuilding CXX object CMakeFiles/go2_interface__rosidl_typesupport_introspection_cpp.dir/rosidl_typesupport_introspection_cpp/go2_interface/srv/detail/go2_light__type_support.cpp.o[0m
[ 57%] [32mBuilding CXX object CMakeFiles/go2_interface__rosidl_typesupport_cpp.dir/rosidl_typesupport_cpp/go2_interface/srv/go2_volume__type_support.cpp.o[0m
[ 58%] [32mBuilding CXX object CMakeFiles/go2_interface__rosidl_typesupport_fastrtps_cpp.dir/rosidl_typesupport_fastrtps_cpp/go2_interface/srv/detail/dds_fastrtps/go2_volume__type_support.cpp.o[0m
[ 60%] [32m[1mLinking CXX shared library libgo2_interface__rosidl_typesupport_cpp.so[0m
[ 61%] [32mBuilding CXX object CMakeFiles/go2_interface__rosidl_typesupport_introspection_cpp.dir/rosidl_typesupport_introspection_cpp/go2_interface/srv/detail/go2_volume__type_support.cpp.o[0m
[ 61%] Built target go2_interface__rosidl_typesupport_cpp
[ 63%] [32mBuilding CXX object CMakeFiles/go2_interface__rosidl_typesupport_fastrtps_cpp.dir/rosidl_typesupport_fastrtps_cpp/go2_interface/srv/detail/dds_fastrtps/go2_light__type_support.cpp.o[0m
[ 65%] [32m[1mLinking CXX shared library libgo2_interface__rosidl_typesupport_introspection_cpp.so[0m
[ 65%] Built target go2_interface__rosidl_typesupport_introspection_cpp
[ 66%] [32mBuilding CXX object CMakeFiles/go2_interface__rosidl_typesupport_fastrtps_cpp.dir/rosidl_typesupport_fastrtps_cpp/go2_interface/srv/detail/dds_fastrtps/go2_modes__type_support.cpp.o[0m
[ 68%] [32m[1mLinking CXX shared library libgo2_interface__rosidl_typesupport_fastrtps_cpp.so[0m
[ 68%] Built target go2_interface__rosidl_typesupport_fastrtps_cpp
[ 69%] [34m[1mGenerating C type support for eProsima Fast-RTPS[0m
[35m[1mScanning dependencies of target go2_interface__rosidl_typesupport_fastrtps_c[0m
[ 71%] [32mBuilding CXX object CMakeFiles/go2_interface__rosidl_typesupport_fastrtps_c.dir/rosidl_typesupport_fastrtps_c/go2_interface/msg/detail/camera_gimbal_cmd__type_support_c.cpp.o[0m
[ 73%] [32mBuilding CXX object CMakeFiles/go2_interface__rosidl_typesupport_fastrtps_c.dir/rosidl_typesupport_fastrtps_c/go2_interface/srv/detail/go2_volume__type_support_c.cpp.o[0m
[ 74%] [32mBuilding CXX object CMakeFiles/go2_interface__rosidl_typesupport_fastrtps_c.dir/rosidl_typesupport_fastrtps_c/go2_interface/srv/detail/go2_light__type_support_c.cpp.o[0m
[ 76%] [32mBuilding CXX object CMakeFiles/go2_interface__rosidl_typesupport_fastrtps_c.dir/rosidl_typesupport_fastrtps_c/go2_interface/srv/detail/go2_modes__type_support_c.cpp.o[0m
[ 77%] [32mBuilding CXX object CMakeFiles/go2_interface__rosidl_typesupport_fastrtps_c.dir/rosidl_typesupport_fastrtps_c/go2_interface/srv/detail/camera_mode__type_support_c.cpp.o[0m
[ 79%] [32m[1mLinking CXX shared library libgo2_interface__rosidl_typesupport_fastrtps_c.so[0m
[ 79%] Built target go2_interface__rosidl_typesupport_fastrtps_c
[35m[1mScanning dependencies of target go2_interface[0m
[ 79%] Built target go2_interface
[35m[1mScanning dependencies of target go2_interface__py[0m
[ 80%] [34m[1mGenerating Python code for ROS interfaces[0m
[ 80%] Built target go2_interface__py
[35m[1mScanning dependencies of target go2_interface__python[0m
[ 82%] [32mBuilding C object CMakeFiles/go2_interface__python.dir/rosidl_generator_py/go2_interface/msg/_camera_gimbal_cmd_s.c.o[0m
[ 84%] [32mBuilding C object CMakeFiles/go2_interface__python.dir/rosidl_generator_py/go2_interface/srv/_go2_volume_s.c.o[0m
[ 85%] [32mBuilding C object CMakeFiles/go2_interface__python.dir/rosidl_generator_py/go2_interface/srv/_go2_light_s.c.o[0m
[ 87%] [32mBuilding C object CMakeFiles/go2_interface__python.dir/rosidl_generator_py/go2_interface/srv/_go2_modes_s.c.o[0m
[ 88%] [32mBuilding C object CMakeFiles/go2_interface__python.dir/rosidl_generator_py/go2_interface/srv/_camera_mode_s.c.o[0m
[ 90%] [32m[1mLinking C shared library rosidl_generator_py/go2_interface/libgo2_interface__python.so[0m
[ 90%] Built target go2_interface__python
[35m[1mScanning dependencies of target go2_interface__rosidl_typesupport_c__pyext[0m
[ 92%] [32mBuilding C object CMakeFiles/go2_interface__rosidl_typesupport_c__pyext.dir/rosidl_generator_py/go2_interface/_go2_interface_s.ep.rosidl_typesupport_c.c.o[0m
[ 93%] [32m[1mLinking C shared library rosidl_generator_py/go2_interface/go2_interface_s__rosidl_typesupport_c.cpython-38-aarch64-linux-gnu.so[0m
[ 93%] Built target go2_interface__rosidl_typesupport_c__pyext
[35m[1mScanning dependencies of target go2_interface__rosidl_typesupport_fastrtps_c__pyext[0m
[ 95%] [32mBuilding C object CMakeFiles/go2_interface__rosidl_typesupport_fastrtps_c__pyext.dir/rosidl_generator_py/go2_interface/_go2_interface_s.ep.rosidl_typesupport_fastrtps_c.c.o[0m
[ 96%] [32m[1mLinking CXX shared library rosidl_generator_py/go2_interface/go2_interface_s__rosidl_typesupport_fastrtps_c.cpython-38-aarch64-linux-gnu.so[0m
[ 96%] Built target go2_interface__rosidl_typesupport_fastrtps_c__pyext
[35m[1mScanning dependencies of target go2_interface__rosidl_typesupport_introspection_c__pyext[0m
[ 98%] [32mBuilding C object CMakeFiles/go2_interface__rosidl_typesupport_introspection_c__pyext.dir/rosidl_generator_py/go2_interface/_go2_interface_s.ep.rosidl_typesupport_introspection_c.c.o[0m
[100%] [32m[1mLinking C shared library rosidl_generator_py/go2_interface/go2_interface_s__rosidl_typesupport_introspection_c.cpython-38-aarch64-linux-gnu.so[0m
[100%] Built target go2_interface__rosidl_typesupport_introspection_c__pyext
-- Install configuration: ""
-- Execute custom install script
-- Up-to-date symlink: /opt/mybotshop/install/go2_interface/share/ament_index/resource_index/rosidl_interfaces/go2_interface
-- Up-to-date symlink: /opt/mybotshop/install/go2_interface/include/go2_interface/msg/camera_gimbal_cmd.h
-- Up-to-date symlink: /opt/mybotshop/install/go2_interface/include/go2_interface/msg/detail/camera_gimbal_cmd__functions.h
-- Up-to-date symlink: /opt/mybotshop/install/go2_interface/include/go2_interface/msg/detail/camera_gimbal_cmd__struct.h
-- Up-to-date symlink: /opt/mybotshop/install/go2_interface/include/go2_interface/msg/detail/camera_gimbal_cmd__type_support.h
-- Up-to-date symlink: /opt/mybotshop/install/go2_interface/include/go2_interface/msg/rosidl_generator_c__visibility_control.h
-- Up-to-date symlink: /opt/mybotshop/install/go2_interface/include/go2_interface/srv/camera_mode.h
-- Up-to-date symlink: /opt/mybotshop/install/go2_interface/include/go2_interface/srv/detail/camera_mode__functions.h
-- Up-to-date symlink: /opt/mybotshop/install/go2_interface/include/go2_interface/srv/detail/camera_mode__struct.h
-- Up-to-date symlink: /opt/mybotshop/install/go2_interface/include/go2_interface/srv/detail/camera_mode__type_support.h
-- Up-to-date symlink: /opt/mybotshop/install/go2_interface/include/go2_interface/srv/detail/go2_light__functions.h
-- Up-to-date symlink: /opt/mybotshop/install/go2_interface/include/go2_interface/srv/detail/go2_light__struct.h
-- Up-to-date symlink: /opt/mybotshop/install/go2_interface/include/go2_interface/srv/detail/go2_light__type_support.h
-- Up-to-date symlink: /opt/mybotshop/install/go2_interface/include/go2_interface/srv/detail/go2_modes__functions.h
-- Up-to-date symlink: /opt/mybotshop/install/go2_interface/include/go2_interface/srv/detail/go2_modes__struct.h
-- Up-to-date symlink: /opt/mybotshop/install/go2_interface/include/go2_interface/srv/detail/go2_modes__type_support.h
-- Up-to-date symlink: /opt/mybotshop/install/go2_interface/include/go2_interface/srv/detail/go2_volume__functions.h
-- Up-to-date symlink: /opt/mybotshop/install/go2_interface/include/go2_interface/srv/detail/go2_volume__struct.h
-- Up-to-date symlink: /opt/mybotshop/install/go2_interface/include/go2_interface/srv/detail/go2_volume__type_support.h
-- Up-to-date symlink: /opt/mybotshop/install/go2_interface/include/go2_interface/srv/go2_light.h
-- Up-to-date symlink: /opt/mybotshop/install/go2_interface/include/go2_interface/srv/go2_modes.h
-- Up-to-date symlink: /opt/mybotshop/install/go2_interface/include/go2_interface/srv/go2_volume.h
-- Up-to-date symlink: /opt/mybotshop/install/go2_interface/share/go2_interface/environment/library_path.sh
-- Up-to-date symlink: /opt/mybotshop/install/go2_interface/share/go2_interface/environment/library_path.dsv
-- Up-to-date symlink: /opt/mybotshop/install/go2_interface/include/go2_interface/msg/detail/camera_gimbal_cmd__rosidl_typesupport_fastrtps_c.h
-- Up-to-date symlink: /opt/mybotshop/install/go2_interface/include/go2_interface/msg/rosidl_typesupport_fastrtps_c__visibility_control.h
-- Up-to-date symlink: /opt/mybotshop/install/go2_interface/include/go2_interface/srv/detail/camera_mode__rosidl_typesupport_fastrtps_c.h
-- Up-to-date symlink: /opt/mybotshop/install/go2_interface/include/go2_interface/srv/detail/go2_light__rosidl_typesupport_fastrtps_c.h
-- Up-to-date symlink: /opt/mybotshop/install/go2_interface/include/go2_interface/srv/detail/go2_modes__rosidl_typesupport_fastrtps_c.h
-- Up-to-date symlink: /opt/mybotshop/install/go2_interface/include/go2_interface/srv/detail/go2_volume__rosidl_typesupport_fastrtps_c.h
-- Up-to-date symlink: /opt/mybotshop/install/go2_interface/lib/libgo2_interface__rosidl_typesupport_fastrtps_c.so
-- Up-to-date symlink: /opt/mybotshop/install/go2_interface/include/go2_interface/msg/detail/camera_gimbal_cmd__rosidl_typesupport_fastrtps_cpp.hpp
-- Up-to-date symlink: /opt/mybotshop/install/go2_interface/include/go2_interface/msg/rosidl_typesupport_fastrtps_cpp__visibility_control.h
-- Up-to-date symlink: /opt/mybotshop/install/go2_interface/include/go2_interface/srv/detail/camera_mode__rosidl_typesupport_fastrtps_cpp.hpp
-- Up-to-date symlink: /opt/mybotshop/install/go2_interface/include/go2_interface/srv/detail/go2_light__rosidl_typesupport_fastrtps_cpp.hpp
-- Up-to-date symlink: /opt/mybotshop/install/go2_interface/include/go2_interface/srv/detail/go2_modes__rosidl_typesupport_fastrtps_cpp.hpp
-- Up-to-date symlink: /opt/mybotshop/install/go2_interface/include/go2_interface/srv/detail/go2_volume__rosidl_typesupport_fastrtps_cpp.hpp
-- Up-to-date symlink: /opt/mybotshop/install/go2_interface/lib/libgo2_interface__rosidl_typesupport_fastrtps_cpp.so
-- Up-to-date symlink: /opt/mybotshop/install/go2_interface/include/go2_interface/msg/detail/camera_gimbal_cmd__rosidl_typesupport_introspection_c.h
-- Up-to-date symlink: /opt/mybotshop/install/go2_interface/include/go2_interface/msg/rosidl_typesupport_introspection_c__visibility_control.h
-- Up-to-date symlink: /opt/mybotshop/install/go2_interface/include/go2_interface/srv/detail/camera_mode__rosidl_typesupport_introspection_c.h
-- Up-to-date symlink: /opt/mybotshop/install/go2_interface/include/go2_interface/srv/detail/go2_light__rosidl_typesupport_introspection_c.h
-- Up-to-date symlink: /opt/mybotshop/install/go2_interface/include/go2_interface/srv/detail/go2_modes__rosidl_typesupport_introspection_c.h
-- Up-to-date symlink: /opt/mybotshop/install/go2_interface/include/go2_interface/srv/detail/go2_volume__rosidl_typesupport_introspection_c.h
-- Up-to-date symlink: /opt/mybotshop/install/go2_interface/include/go2_interface/msg/camera_gimbal_cmd.hpp
-- Up-to-date symlink: /opt/mybotshop/install/go2_interface/include/go2_interface/msg/detail/camera_gimbal_cmd__builder.hpp
-- Up-to-date symlink: /opt/mybotshop/install/go2_interface/include/go2_interface/msg/detail/camera_gimbal_cmd__struct.hpp
-- Up-to-date symlink: /opt/mybotshop/install/go2_interface/include/go2_interface/msg/detail/camera_gimbal_cmd__traits.hpp
-- Up-to-date symlink: /opt/mybotshop/install/go2_interface/include/go2_interface/msg/detail/camera_gimbal_cmd__type_support.hpp
-- Up-to-date symlink: /opt/mybotshop/install/go2_interface/include/go2_interface/msg/rosidl_generator_cpp__visibility_control.hpp
-- Up-to-date symlink: /opt/mybotshop/install/go2_interface/include/go2_interface/srv/camera_mode.hpp
-- Up-to-date symlink: /opt/mybotshop/install/go2_interface/include/go2_interface/srv/detail/camera_mode__builder.hpp
-- Up-to-date symlink: /opt/mybotshop/install/go2_interface/include/go2_interface/srv/detail/camera_mode__struct.hpp
-- Up-to-date symlink: /opt/mybotshop/install/go2_interface/include/go2_interface/srv/detail/camera_mode__traits.hpp
-- Up-to-date symlink: /opt/mybotshop/install/go2_interface/include/go2_interface/srv/detail/camera_mode__type_support.hpp
-- Up-to-date symlink: /opt/mybotshop/install/go2_interface/include/go2_interface/srv/detail/go2_light__builder.hpp
-- Up-to-date symlink: /opt/mybotshop/install/go2_interface/include/go2_interface/srv/detail/go2_light__struct.hpp
-- Up-to-date symlink: /opt/mybotshop/install/go2_interface/include/go2_interface/srv/detail/go2_light__traits.hpp
-- Up-to-date symlink: /opt/mybotshop/install/go2_interface/include/go2_interface/srv/detail/go2_light__type_support.hpp
-- Up-to-date symlink: /opt/mybotshop/install/go2_interface/include/go2_interface/srv/detail/go2_modes__builder.hpp
-- Up-to-date symlink: /opt/mybotshop/install/go2_interface/include/go2_interface/srv/detail/go2_modes__struct.hpp
-- Up-to-date symlink: /opt/mybotshop/install/go2_interface/include/go2_interface/srv/detail/go2_modes__traits.hpp
-- Up-to-date symlink: /opt/mybotshop/install/go2_interface/include/go2_interface/srv/detail/go2_modes__type_support.hpp
-- Up-to-date symlink: /opt/mybotshop/install/go2_interface/include/go2_interface/srv/detail/go2_volume__builder.hpp
-- Up-to-date symlink: /opt/mybotshop/install/go2_interface/include/go2_interface/srv/detail/go2_volume__struct.hpp
-- Up-to-date symlink: /opt/mybotshop/install/go2_interface/include/go2_interface/srv/detail/go2_volume__traits.hpp
-- Up-to-date symlink: /opt/mybotshop/install/go2_interface/include/go2_interface/srv/detail/go2_volume__type_support.hpp
-- Up-to-date symlink: /opt/mybotshop/install/go2_interface/include/go2_interface/srv/go2_light.hpp
-- Up-to-date symlink: /opt/mybotshop/install/go2_interface/include/go2_interface/srv/go2_modes.hpp
-- Up-to-date symlink: /opt/mybotshop/install/go2_interface/include/go2_interface/srv/go2_volume.hpp
-- Up-to-date symlink: /opt/mybotshop/install/go2_interface/include/go2_interface/msg/detail/camera_gimbal_cmd__rosidl_typesupport_introspection_cpp.hpp
-- Up-to-date symlink: /opt/mybotshop/install/go2_interface/include/go2_interface/srv/detail/camera_mode__rosidl_typesupport_introspection_cpp.hpp
-- Up-to-date symlink: /opt/mybotshop/install/go2_interface/include/go2_interface/srv/detail/go2_light__rosidl_typesupport_introspection_cpp.hpp
-- Up-to-date symlink: /opt/mybotshop/install/go2_interface/include/go2_interface/srv/detail/go2_modes__rosidl_typesupport_introspection_cpp.hpp
-- Up-to-date symlink: /opt/mybotshop/install/go2_interface/include/go2_interface/srv/detail/go2_volume__rosidl_typesupport_introspection_cpp.hpp
-- Up-to-date symlink: /opt/mybotshop/install/go2_interface/share/go2_interface/environment/pythonpath.sh
-- Up-to-date symlink: /opt/mybotshop/install/go2_interface/share/go2_interface/environment/pythonpath.dsv
-- Up-to-date symlink: /opt/mybotshop/install/go2_interface/lib/python3.8/site-packages/go2_interface/__init__.py
-- Up-to-date symlink: /opt/mybotshop/install/go2_interface/lib/python3.8/site-packages/go2_interface/msg/__init__.py
-- Up-to-date symlink: /opt/mybotshop/install/go2_interface/lib/python3.8/site-packages/go2_interface/msg/_camera_gimbal_cmd.py
-- Up-to-date symlink: /opt/mybotshop/install/go2_interface/lib/python3.8/site-packages/go2_interface/srv/__init__.py
-- Up-to-date symlink: /opt/mybotshop/install/go2_interface/lib/python3.8/site-packages/go2_interface/srv/_camera_mode.py
-- Up-to-date symlink: /opt/mybotshop/install/go2_interface/lib/python3.8/site-packages/go2_interface/srv/_go2_light.py
-- Up-to-date symlink: /opt/mybotshop/install/go2_interface/lib/python3.8/site-packages/go2_interface/srv/_go2_modes.py
-- Up-to-date symlink: /opt/mybotshop/install/go2_interface/lib/python3.8/site-packages/go2_interface/srv/_go2_volume.py
-- Up-to-date symlink: /opt/mybotshop/install/go2_interface/lib/python3.8/site-packages/go2_interface/go2_interface_s__rosidl_typesupport_fastrtps_c.cpython-38-aarch64-linux-gnu.so
-- Up-to-date symlink: /opt/mybotshop/install/go2_interface/lib/python3.8/site-packages/go2_interface/go2_interface_s__rosidl_typesupport_introspection_c.cpython-38-aarch64-linux-gnu.so
-- Up-to-date symlink: /opt/mybotshop/install/go2_interface/lib/python3.8/site-packages/go2_interface/go2_interface_s__rosidl_typesupport_c.cpython-38-aarch64-linux-gnu.so
-- Up-to-date symlink: /opt/mybotshop/install/go2_interface/lib/libgo2_interface__python.so
-- Up-to-date symlink: /opt/mybotshop/install/go2_interface/share/go2_interface/msg/CameraGimbalCmd.idl
-- Up-to-date symlink: /opt/mybotshop/install/go2_interface/share/go2_interface/srv/CameraMode.idl
-- Up-to-date symlink: /opt/mybotshop/install/go2_interface/share/go2_interface/srv/Go2Modes.idl
-- Up-to-date symlink: /opt/mybotshop/install/go2_interface/share/go2_interface/srv/Go2Light.idl
-- Up-to-date symlink: /opt/mybotshop/install/go2_interface/share/go2_interface/srv/Go2Volume.idl
-- Symlinking: /opt/mybotshop/install/go2_interface/share/go2_interface/msg/CameraGimbalCmd.msg
-- Symlinking: /opt/mybotshop/install/go2_interface/share/go2_interface/srv/CameraMode.srv
-- Up-to-date symlink: /opt/mybotshop/install/go2_interface/share/go2_interface/srv/CameraMode_Request.msg
-- Up-to-date symlink: /opt/mybotshop/install/go2_interface/share/go2_interface/srv/CameraMode_Response.msg
-- Symlinking: /opt/mybotshop/install/go2_interface/share/go2_interface/srv/Go2Modes.srv
-- Up-to-date symlink: /opt/mybotshop/install/go2_interface/share/go2_interface/srv/Go2Modes_Request.msg
-- Up-to-date symlink: /opt/mybotshop/install/go2_interface/share/go2_interface/srv/Go2Modes_Response.msg
-- Symlinking: /opt/mybotshop/install/go2_interface/share/go2_interface/srv/Go2Light.srv
-- Up-to-date symlink: /opt/mybotshop/install/go2_interface/share/go2_interface/srv/Go2Light_Request.msg
-- Up-to-date symlink: /opt/mybotshop/install/go2_interface/share/go2_interface/srv/Go2Light_Response.msg
-- Symlinking: /opt/mybotshop/install/go2_interface/share/go2_interface/srv/Go2Volume.srv
-- Up-to-date symlink: /opt/mybotshop/install/go2_interface/share/go2_interface/srv/Go2Volume_Request.msg
-- Up-to-date symlink: /opt/mybotshop/install/go2_interface/share/go2_interface/srv/Go2Volume_Response.msg
-- Up-to-date symlink: /opt/mybotshop/install/go2_interface/share/ament_index/resource_index/package_run_dependencies/go2_interface
-- Up-to-date symlink: /opt/mybotshop/install/go2_interface/share/ament_index/resource_index/parent_prefix_path/go2_interface
-- Up-to-date symlink: /opt/mybotshop/install/go2_interface/share/go2_interface/environment/ament_prefix_path.sh
-- Up-to-date symlink: /opt/mybotshop/install/go2_interface/share/go2_interface/environment/ament_prefix_path.dsv
-- Up-to-date symlink: /opt/mybotshop/install/go2_interface/share/go2_interface/environment/path.sh
-- Up-to-date symlink: /opt/mybotshop/install/go2_interface/share/go2_interface/environment/path.dsv
-- Up-to-date symlink: /opt/mybotshop/install/go2_interface/share/go2_interface/local_setup.bash
-- Up-to-date symlink: /opt/mybotshop/install/go2_interface/share/go2_interface/local_setup.sh
-- Up-to-date symlink: /opt/mybotshop/install/go2_interface/share/go2_interface/local_setup.zsh
-- Up-to-date symlink: /opt/mybotshop/install/go2_interface/share/go2_interface/local_setup.dsv
-- Symlinking: /opt/mybotshop/install/go2_interface/share/go2_interface/package.dsv
-- Up-to-date symlink: /opt/mybotshop/install/go2_interface/share/ament_index/resource_index/packages/go2_interface
-- Up-to-date symlink: /opt/mybotshop/install/go2_interface/share/go2_interface/cmake/rosidl_cmake-extras.cmake
-- Up-to-date symlink: /opt/mybotshop/install/go2_interface/share/go2_interface/cmake/ament_cmake_export_dependencies-extras.cmake
-- Up-to-date symlink: /opt/mybotshop/install/go2_interface/share/go2_interface/cmake/ament_cmake_export_libraries-extras.cmake
-- Up-to-date symlink: /opt/mybotshop/install/go2_interface/share/go2_interface/cmake/ament_cmake_export_targets-extras.cmake
-- Up-to-date symlink: /opt/mybotshop/install/go2_interface/share/go2_interface/cmake/ament_cmake_export_include_directories-extras.cmake
-- Up-to-date symlink: /opt/mybotshop/install/go2_interface/share/go2_interface/cmake/rosidl_cmake_export_typesupport_libraries-extras.cmake
-- Up-to-date symlink: /opt/mybotshop/install/go2_interface/share/go2_interface/cmake/rosidl_cmake_export_typesupport_targets-extras.cmake
-- Up-to-date symlink: /opt/mybotshop/install/go2_interface/share/go2_interface/cmake/go2_interfaceConfig.cmake
-- Up-to-date symlink: /opt/mybotshop/install/go2_interface/share/go2_interface/cmake/go2_interfaceConfig-version.cmake
-- Symlinking: /opt/mybotshop/install/go2_interface/share/go2_interface/package.xml
-- Installing: /opt/mybotshop/install/go2_interface/lib/libgo2_interface__rosidl_generator_c.so
-- Set runtime path of "/opt/mybotshop/install/go2_interface/lib/libgo2_interface__rosidl_generator_c.so" to ""
-- Installing: /opt/mybotshop/install/go2_interface/lib/libgo2_interface__rosidl_typesupport_introspection_c.so
-- Set runtime path of "/opt/mybotshop/install/go2_interface/lib/libgo2_interface__rosidl_typesupport_introspection_c.so" to ""
-- Installing: /opt/mybotshop/install/go2_interface/lib/libgo2_interface__rosidl_typesupport_c.so
-- Set runtime path of "/opt/mybotshop/install/go2_interface/lib/libgo2_interface__rosidl_typesupport_c.so" to ""
-- Installing: /opt/mybotshop/install/go2_interface/lib/libgo2_interface__rosidl_typesupport_introspection_cpp.so
-- Set runtime path of "/opt/mybotshop/install/go2_interface/lib/libgo2_interface__rosidl_typesupport_introspection_cpp.so" to ""
-- Installing: /opt/mybotshop/install/go2_interface/lib/libgo2_interface__rosidl_typesupport_cpp.so
-- Set runtime path of "/opt/mybotshop/install/go2_interface/lib/libgo2_interface__rosidl_typesupport_cpp.so" to ""
Compiling '/opt/mybotshop/install/go2_interface/lib/python3.8/site-packages/go2_interface/__init__.py'...
-- Installing: /opt/mybotshop/install/go2_interface/share/go2_interface/cmake/go2_interface__rosidl_generator_cExport.cmake
-- Installing: /opt/mybotshop/install/go2_interface/share/go2_interface/cmake/go2_interface__rosidl_generator_cExport-noconfig.cmake
-- Installing: /opt/mybotshop/install/go2_interface/share/go2_interface/cmake/go2_interface__rosidl_typesupport_introspection_cExport.cmake
-- Installing: /opt/mybotshop/install/go2_interface/share/go2_interface/cmake/go2_interface__rosidl_typesupport_introspection_cExport-noconfig.cmake
-- Installing: /opt/mybotshop/install/go2_interface/share/go2_interface/cmake/go2_interface__rosidl_typesupport_cExport.cmake
-- Installing: /opt/mybotshop/install/go2_interface/share/go2_interface/cmake/go2_interface__rosidl_typesupport_cExport-noconfig.cmake
-- Installing: /opt/mybotshop/install/go2_interface/share/go2_interface/cmake/go2_interface__rosidl_generator_cppExport.cmake
-- Installing: /opt/mybotshop/install/go2_interface/share/go2_interface/cmake/go2_interface__rosidl_typesupport_introspection_cppExport.cmake
-- Installing: /opt/mybotshop/install/go2_interface/share/go2_interface/cmake/go2_interface__rosidl_typesupport_introspection_cppExport-noconfig.cmake
-- Installing: /opt/mybotshop/install/go2_interface/share/go2_interface/cmake/go2_interface__rosidl_typesupport_cppExport.cmake
-- Installing: /opt/mybotshop/install/go2_interface/share/go2_interface/cmake/go2_interface__rosidl_typesupport_cppExport-noconfig.cmake
