[1.976s] Invoking command in '/opt/mybotshop/build/go2_interface': CMAKE_PREFIX_PATH=${CMAKE_PREFIX_PATH}:/opt/ros/foxy /usr/bin/cmake /opt/mybotshop/src/mybotshop/go2_interface -DAMENT_CMAKE_SYMLINK_INSTALL=1 -DCMAKE_INSTALL_PREFIX=/opt/mybotshop/install/go2_interface
[2.205s] -- The C compiler identification is GNU 9.4.0
[2.444s] -- The CXX compiler identification is GNU 9.4.0
[2.470s] -- Check for working C compiler: /usr/bin/cc
[2.801s] -- Check for working C compiler: /usr/bin/cc -- works
[2.802s] -- Detecting C compiler ABI info
[3.123s] -- Detecting C compiler ABI info - done
[3.152s] -- Detecting C compile features
[3.154s] -- Detecting C compile features - done
[3.164s] -- Check for working CXX compiler: /usr/bin/c++
[3.488s] -- Check for working CXX compiler: /usr/bin/c++ -- works
[3.491s] -- Detecting CXX compiler ABI info
[3.863s] -- Detecting CXX compiler ABI info - done
[3.897s] -- Detecting CXX compile features
[3.899s] -- Detecting CXX compile features - done
[3.911s] -- Found ament_cmake: 0.9.12 (/opt/ros/foxy/share/ament_cmake/cmake)
[3.984s] -- Found PythonInterp: /usr/bin/python3 (found suitable version "3.8.10", minimum required is "3") 
[3.985s] -- Using PYTHON_EXECUTABLE: /usr/bin/python3
[4.753s] -- Override CMake install command with custom implementation using symlinks instead of copying resources
[4.849s] -- Found std_srvs: 2.0.5 (/opt/ros/foxy/share/std_srvs/cmake)
[4.989s] -- Using all available rosidl_typesupport_c: rosidl_typesupport_fastrtps_c;rosidl_typesupport_introspection_c
[5.011s] -- Found rosidl_adapter: 1.3.1 (/opt/ros/foxy/share/rosidl_adapter/cmake)
[5.459s] -- Found OpenSSL: /usr/lib/aarch64-linux-gnu/libcrypto.so (found version "1.1.1f")  
[5.575s] -- Found FastRTPS: /opt/ros/foxy/include  
[5.814s] -- Using all available rosidl_typesupport_cpp: rosidl_typesupport_fastrtps_cpp;rosidl_typesupport_introspection_cpp
[5.872s] -- Found rosidl_default_generators: 1.0.1 (/opt/ros/foxy/share/rosidl_default_generators/cmake)
[5.960s] -- Found PythonInterp: /usr/bin/python3 (found version "3.8.10") 
[6.445s] -- Found ament_cmake_ros: 0.9.2 (/opt/ros/foxy/share/ament_cmake_ros/cmake)
[6.874s] -- Using all available rosidl_typesupport_c: rosidl_typesupport_fastrtps_c;rosidl_typesupport_introspection_c
[6.915s] -- Using all available rosidl_typesupport_cpp: rosidl_typesupport_fastrtps_cpp;rosidl_typesupport_introspection_cpp
[7.011s] -- Found PythonInterp: /usr/bin/python3 (found suitable version "3.8.10", minimum required is "3.5") 
[7.015s] -- Found python_cmake_module: 0.8.1 (/opt/ros/foxy/share/python_cmake_module/cmake)
[7.158s] -- Found PythonLibs: /usr/lib/aarch64-linux-gnu/libpython3.8.so (found suitable version "3.8.10", minimum required is "3.5") 
[7.161s] -- Using PYTHON_EXECUTABLE: /usr/bin/python3
[7.162s] -- Using PYTHON_INCLUDE_DIRS: /usr/include/python3.8
[7.162s] -- Using PYTHON_LIBRARIES: /usr/lib/aarch64-linux-gnu/libpython3.8.so
[7.239s] -- Found PythonExtra: .so  
[7.429s] -- Configuring done
[7.593s] -- Generating done
[7.602s] -- Build files have been written to: /opt/mybotshop/build/go2_interface
[7.644s] Invoked command in '/opt/mybotshop/build/go2_interface' returned '0': CMAKE_PREFIX_PATH=${CMAKE_PREFIX_PATH}:/opt/ros/foxy /usr/bin/cmake /opt/mybotshop/src/mybotshop/go2_interface -DAMENT_CMAKE_SYMLINK_INSTALL=1 -DCMAKE_INSTALL_PREFIX=/opt/mybotshop/install/go2_interface
[7.646s] Invoking command in '/opt/mybotshop/build/go2_interface': CMAKE_PREFIX_PATH=${CMAKE_PREFIX_PATH}:/opt/ros/foxy /usr/bin/cmake --build /opt/mybotshop/build/go2_interface -- -j6 -l6
[7.898s] [35m[1mScanning dependencies of target go2_interface__cpp[0m
[7.902s] [  1%] [34m[1mGenerating C code for ROS interfaces[0m
[7.964s] [  3%] [34m[1mGenerating C++ code for ROS interfaces[0m
[10.269s] [  3%] Built target go2_interface__cpp
[10.320s] [  4%] [34m[1mGenerating C++ introspection for ROS interfaces[0m
[10.378s] [  6%] [34m[1mGenerating C++ type support for eProsima Fast-RTPS[0m
[10.398s] [  7%] [34m[1mGenerating C++ type support dispatch for ROS interfaces[0m
[11.294s] [35m[1mScanning dependencies of target go2_interface__rosidl_generator_c[0m
[11.450s] [  9%] [32mBuilding C object CMakeFiles/go2_interface__rosidl_generator_c.dir/rosidl_generator_c/go2_interface/msg/detail/camera_gimbal_cmd__functions.c.o[0m
[11.450s] [ 11%] [32mBuilding C object CMakeFiles/go2_interface__rosidl_generator_c.dir/rosidl_generator_c/go2_interface/srv/detail/go2_modes__functions.c.o[0m
[11.450s] [ 12%] [32mBuilding C object CMakeFiles/go2_interface__rosidl_generator_c.dir/rosidl_generator_c/go2_interface/srv/detail/camera_mode__functions.c.o[0m
[11.962s] [ 14%] [32mBuilding C object CMakeFiles/go2_interface__rosidl_generator_c.dir/rosidl_generator_c/go2_interface/srv/detail/go2_light__functions.c.o[0m
[12.150s] [ 15%] [32mBuilding C object CMakeFiles/go2_interface__rosidl_generator_c.dir/rosidl_generator_c/go2_interface/srv/detail/go2_volume__functions.c.o[0m
[12.750s] [ 17%] [32m[1mLinking C shared library libgo2_interface__rosidl_generator_c.so[0m
[13.047s] [ 17%] Built target go2_interface__rosidl_generator_c
[13.170s] [ 19%] [34m[1mGenerating C introspection for ROS interfaces[0m
[13.297s] [ 20%] [34m[1mGenerating C type support dispatch for ROS interfaces[0m
[13.539s] [35m[1mScanning dependencies of target go2_interface__rosidl_typesupport_introspection_cpp[0m
[13.727s] [ 22%] [32mBuilding CXX object CMakeFiles/go2_interface__rosidl_typesupport_introspection_cpp.dir/rosidl_typesupport_introspection_cpp/go2_interface/msg/detail/camera_gimbal_cmd__type_support.cpp.o[0m
[13.733s] [35m[1mScanning dependencies of target go2_interface__rosidl_typesupport_cpp[0m
[13.918s] [ 23%] [32mBuilding CXX object CMakeFiles/go2_interface__rosidl_typesupport_cpp.dir/rosidl_typesupport_cpp/go2_interface/msg/camera_gimbal_cmd__type_support.cpp.o[0m
[13.974s] [ 25%] [32mBuilding CXX object CMakeFiles/go2_interface__rosidl_typesupport_cpp.dir/rosidl_typesupport_cpp/go2_interface/srv/camera_mode__type_support.cpp.o[0m
[14.014s] [35m[1mScanning dependencies of target go2_interface__rosidl_typesupport_fastrtps_cpp[0m
[14.216s] [ 26%] [32mBuilding CXX object CMakeFiles/go2_interface__rosidl_typesupport_fastrtps_cpp.dir/rosidl_typesupport_fastrtps_cpp/go2_interface/msg/detail/dds_fastrtps/camera_gimbal_cmd__type_support.cpp.o[0m
[16.547s] [35m[1mScanning dependencies of target go2_interface__rosidl_typesupport_c[0m
[16.703s] [ 28%] [32mBuilding CXX object CMakeFiles/go2_interface__rosidl_typesupport_c.dir/rosidl_typesupport_c/go2_interface/msg/camera_gimbal_cmd__type_support.cpp.o[0m
[16.706s] [ 30%] [32mBuilding CXX object CMakeFiles/go2_interface__rosidl_typesupport_introspection_cpp.dir/rosidl_typesupport_introspection_cpp/go2_interface/srv/detail/camera_mode__type_support.cpp.o[0m
[16.940s] [ 31%] [32mBuilding CXX object CMakeFiles/go2_interface__rosidl_typesupport_c.dir/rosidl_typesupport_c/go2_interface/srv/camera_mode__type_support.cpp.o[0m
[17.010s] [35m[1mScanning dependencies of target go2_interface__rosidl_typesupport_introspection_c[0m
[17.068s] [ 33%] [32mBuilding CXX object CMakeFiles/go2_interface__rosidl_typesupport_cpp.dir/rosidl_typesupport_cpp/go2_interface/srv/go2_modes__type_support.cpp.o[0m
[17.152s] [ 34%] [32mBuilding C object CMakeFiles/go2_interface__rosidl_typesupport_introspection_c.dir/rosidl_typesupport_introspection_c/go2_interface/msg/detail/camera_gimbal_cmd__type_support.c.o[0m
[17.312s] [ 36%] [32mBuilding CXX object CMakeFiles/go2_interface__rosidl_typesupport_c.dir/rosidl_typesupport_c/go2_interface/srv/go2_modes__type_support.cpp.o[0m
[17.429s] [ 38%] [32mBuilding C object CMakeFiles/go2_interface__rosidl_typesupport_introspection_c.dir/rosidl_typesupport_introspection_c/go2_interface/srv/detail/camera_mode__type_support.c.o[0m
[17.615s] [ 39%] [32mBuilding CXX object CMakeFiles/go2_interface__rosidl_typesupport_c.dir/rosidl_typesupport_c/go2_interface/srv/go2_light__type_support.cpp.o[0m
[17.836s] [ 41%] [32mBuilding C object CMakeFiles/go2_interface__rosidl_typesupport_introspection_c.dir/rosidl_typesupport_introspection_c/go2_interface/srv/detail/go2_modes__type_support.c.o[0m
[17.872s] [ 42%] [32mBuilding CXX object CMakeFiles/go2_interface__rosidl_typesupport_c.dir/rosidl_typesupport_c/go2_interface/srv/go2_volume__type_support.cpp.o[0m
[18.144s] [ 44%] [32m[1mLinking CXX shared library libgo2_interface__rosidl_typesupport_c.so[0m
[18.157s] [ 46%] [32mBuilding C object CMakeFiles/go2_interface__rosidl_typesupport_introspection_c.dir/rosidl_typesupport_introspection_c/go2_interface/srv/detail/go2_light__type_support.c.o[0m
[18.434s] [ 47%] [32mBuilding CXX object CMakeFiles/go2_interface__rosidl_typesupport_fastrtps_cpp.dir/rosidl_typesupport_fastrtps_cpp/go2_interface/srv/detail/dds_fastrtps/camera_mode__type_support.cpp.o[0m
[18.451s] [ 47%] Built target go2_interface__rosidl_typesupport_c
[18.484s] [ 49%] [32mBuilding C object CMakeFiles/go2_interface__rosidl_typesupport_introspection_c.dir/rosidl_typesupport_introspection_c/go2_interface/srv/detail/go2_volume__type_support.c.o[0m
[18.684s] [ 50%] [32mBuilding CXX object CMakeFiles/go2_interface__rosidl_typesupport_introspection_cpp.dir/rosidl_typesupport_introspection_cpp/go2_interface/srv/detail/go2_modes__type_support.cpp.o[0m
[18.733s] [ 52%] [32m[1mLinking C shared library libgo2_interface__rosidl_typesupport_introspection_c.so[0m
[19.041s] [ 52%] Built target go2_interface__rosidl_typesupport_introspection_c
[19.128s] [ 53%] [32mBuilding CXX object CMakeFiles/go2_interface__rosidl_typesupport_cpp.dir/rosidl_typesupport_cpp/go2_interface/srv/go2_light__type_support.cpp.o[0m
[20.818s] [ 55%] [32mBuilding CXX object CMakeFiles/go2_interface__rosidl_typesupport_introspection_cpp.dir/rosidl_typesupport_introspection_cpp/go2_interface/srv/detail/go2_light__type_support.cpp.o[0m
[20.887s] [ 57%] [32mBuilding CXX object CMakeFiles/go2_interface__rosidl_typesupport_cpp.dir/rosidl_typesupport_cpp/go2_interface/srv/go2_volume__type_support.cpp.o[0m
[21.247s] [ 58%] [32mBuilding CXX object CMakeFiles/go2_interface__rosidl_typesupport_fastrtps_cpp.dir/rosidl_typesupport_fastrtps_cpp/go2_interface/srv/detail/dds_fastrtps/go2_volume__type_support.cpp.o[0m
[22.538s] [ 60%] [32m[1mLinking CXX shared library libgo2_interface__rosidl_typesupport_cpp.so[0m
[22.791s] [ 61%] [32mBuilding CXX object CMakeFiles/go2_interface__rosidl_typesupport_introspection_cpp.dir/rosidl_typesupport_introspection_cpp/go2_interface/srv/detail/go2_volume__type_support.cpp.o[0m
[22.847s] [ 61%] Built target go2_interface__rosidl_typesupport_cpp
[23.971s] [ 63%] [32mBuilding CXX object CMakeFiles/go2_interface__rosidl_typesupport_fastrtps_cpp.dir/rosidl_typesupport_fastrtps_cpp/go2_interface/srv/detail/dds_fastrtps/go2_light__type_support.cpp.o[0m
[24.517s] [ 65%] [32m[1mLinking CXX shared library libgo2_interface__rosidl_typesupport_introspection_cpp.so[0m
[24.869s] [ 65%] Built target go2_interface__rosidl_typesupport_introspection_cpp
[25.888s] [ 66%] [32mBuilding CXX object CMakeFiles/go2_interface__rosidl_typesupport_fastrtps_cpp.dir/rosidl_typesupport_fastrtps_cpp/go2_interface/srv/detail/dds_fastrtps/go2_modes__type_support.cpp.o[0m
[27.537s] [ 68%] [32m[1mLinking CXX shared library libgo2_interface__rosidl_typesupport_fastrtps_cpp.so[0m
[27.914s] [ 68%] Built target go2_interface__rosidl_typesupport_fastrtps_cpp
[28.001s] [ 69%] [34m[1mGenerating C type support for eProsima Fast-RTPS[0m
[29.550s] [35m[1mScanning dependencies of target go2_interface__rosidl_typesupport_fastrtps_c[0m
[29.666s] [ 71%] [32mBuilding CXX object CMakeFiles/go2_interface__rosidl_typesupport_fastrtps_c.dir/rosidl_typesupport_fastrtps_c/go2_interface/msg/detail/camera_gimbal_cmd__type_support_c.cpp.o[0m
[31.223s] [ 73%] [32mBuilding CXX object CMakeFiles/go2_interface__rosidl_typesupport_fastrtps_c.dir/rosidl_typesupport_fastrtps_c/go2_interface/srv/detail/go2_volume__type_support_c.cpp.o[0m
[32.589s] [ 74%] [32mBuilding CXX object CMakeFiles/go2_interface__rosidl_typesupport_fastrtps_c.dir/rosidl_typesupport_fastrtps_c/go2_interface/srv/detail/go2_light__type_support_c.cpp.o[0m
[33.963s] [ 76%] [32mBuilding CXX object CMakeFiles/go2_interface__rosidl_typesupport_fastrtps_c.dir/rosidl_typesupport_fastrtps_c/go2_interface/srv/detail/go2_modes__type_support_c.cpp.o[0m
[35.292s] [ 77%] [32mBuilding CXX object CMakeFiles/go2_interface__rosidl_typesupport_fastrtps_c.dir/rosidl_typesupport_fastrtps_c/go2_interface/srv/detail/camera_mode__type_support_c.cpp.o[0m
[36.595s] [ 79%] [32m[1mLinking CXX shared library libgo2_interface__rosidl_typesupport_fastrtps_c.so[0m
[36.903s] [ 79%] Built target go2_interface__rosidl_typesupport_fastrtps_c
[36.942s] [35m[1mScanning dependencies of target go2_interface[0m
[37.011s] [ 79%] Built target go2_interface
[37.082s] [35m[1mScanning dependencies of target go2_interface__py[0m
[37.162s] [ 80%] [34m[1mGenerating Python code for ROS interfaces[0m
[46.394s] [ 80%] Built target go2_interface__py
[46.464s] [35m[1mScanning dependencies of target go2_interface__python[0m
[46.600s] [ 82%] [32mBuilding C object CMakeFiles/go2_interface__python.dir/rosidl_generator_py/go2_interface/msg/_camera_gimbal_cmd_s.c.o[0m
[46.885s] [ 84%] [32mBuilding C object CMakeFiles/go2_interface__python.dir/rosidl_generator_py/go2_interface/srv/_go2_volume_s.c.o[0m
[47.209s] [ 85%] [32mBuilding C object CMakeFiles/go2_interface__python.dir/rosidl_generator_py/go2_interface/srv/_go2_light_s.c.o[0m
[47.553s] [ 87%] [32mBuilding C object CMakeFiles/go2_interface__python.dir/rosidl_generator_py/go2_interface/srv/_go2_modes_s.c.o[0m
[47.982s] [ 88%] [32mBuilding C object CMakeFiles/go2_interface__python.dir/rosidl_generator_py/go2_interface/srv/_camera_mode_s.c.o[0m
[48.271s] [ 90%] [32m[1mLinking C shared library rosidl_generator_py/go2_interface/libgo2_interface__python.so[0m
[48.491s] [ 90%] Built target go2_interface__python
[48.556s] [35m[1mScanning dependencies of target go2_interface__rosidl_typesupport_c__pyext[0m
[48.652s] [ 92%] [32mBuilding C object CMakeFiles/go2_interface__rosidl_typesupport_c__pyext.dir/rosidl_generator_py/go2_interface/_go2_interface_s.ep.rosidl_typesupport_c.c.o[0m
[48.919s] [ 93%] [32m[1mLinking C shared library rosidl_generator_py/go2_interface/go2_interface_s__rosidl_typesupport_c.cpython-38-aarch64-linux-gnu.so[0m
[49.090s] [ 93%] Built target go2_interface__rosidl_typesupport_c__pyext
[49.144s] [35m[1mScanning dependencies of target go2_interface__rosidl_typesupport_fastrtps_c__pyext[0m
[49.252s] [ 95%] [32mBuilding C object CMakeFiles/go2_interface__rosidl_typesupport_fastrtps_c__pyext.dir/rosidl_generator_py/go2_interface/_go2_interface_s.ep.rosidl_typesupport_fastrtps_c.c.o[0m
[49.646s] [ 96%] [32m[1mLinking CXX shared library rosidl_generator_py/go2_interface/go2_interface_s__rosidl_typesupport_fastrtps_c.cpython-38-aarch64-linux-gnu.so[0m
[49.917s] [ 96%] Built target go2_interface__rosidl_typesupport_fastrtps_c__pyext
[49.965s] [35m[1mScanning dependencies of target go2_interface__rosidl_typesupport_introspection_c__pyext[0m
[50.075s] [ 98%] [32mBuilding C object CMakeFiles/go2_interface__rosidl_typesupport_introspection_c__pyext.dir/rosidl_generator_py/go2_interface/_go2_interface_s.ep.rosidl_typesupport_introspection_c.c.o[0m
[50.468s] [100%] [32m[1mLinking C shared library rosidl_generator_py/go2_interface/go2_interface_s__rosidl_typesupport_introspection_c.cpython-38-aarch64-linux-gnu.so[0m
[50.654s] [100%] Built target go2_interface__rosidl_typesupport_introspection_c__pyext
[50.746s] Invoked command in '/opt/mybotshop/build/go2_interface' returned '0': CMAKE_PREFIX_PATH=${CMAKE_PREFIX_PATH}:/opt/ros/foxy /usr/bin/cmake --build /opt/mybotshop/build/go2_interface -- -j6 -l6
[53.018s] Invoking command in '/opt/mybotshop/build/go2_interface': CMAKE_PREFIX_PATH=${CMAKE_PREFIX_PATH}:/opt/ros/foxy /usr/bin/cmake --install /opt/mybotshop/build/go2_interface
[53.110s] -- Install configuration: ""
[53.111s] -- Execute custom install script
[53.117s] -- Up-to-date symlink: /opt/mybotshop/install/go2_interface/share/ament_index/resource_index/rosidl_interfaces/go2_interface
[53.119s] -- Up-to-date symlink: /opt/mybotshop/install/go2_interface/include/go2_interface/msg/camera_gimbal_cmd.h
[53.120s] -- Up-to-date symlink: /opt/mybotshop/install/go2_interface/include/go2_interface/msg/detail/camera_gimbal_cmd__functions.h
[53.120s] -- Up-to-date symlink: /opt/mybotshop/install/go2_interface/include/go2_interface/msg/detail/camera_gimbal_cmd__struct.h
[53.120s] -- Up-to-date symlink: /opt/mybotshop/install/go2_interface/include/go2_interface/msg/detail/camera_gimbal_cmd__type_support.h
[53.120s] -- Up-to-date symlink: /opt/mybotshop/install/go2_interface/include/go2_interface/msg/rosidl_generator_c__visibility_control.h
[53.121s] -- Up-to-date symlink: /opt/mybotshop/install/go2_interface/include/go2_interface/srv/camera_mode.h
[53.121s] -- Up-to-date symlink: /opt/mybotshop/install/go2_interface/include/go2_interface/srv/detail/camera_mode__functions.h
[53.125s] -- Up-to-date symlink: /opt/mybotshop/install/go2_interface/include/go2_interface/srv/detail/camera_mode__struct.h
[53.126s] -- Up-to-date symlink: /opt/mybotshop/install/go2_interface/include/go2_interface/srv/detail/camera_mode__type_support.h
[53.126s] -- Up-to-date symlink: /opt/mybotshop/install/go2_interface/include/go2_interface/srv/detail/go2_light__functions.h
[53.127s] -- Up-to-date symlink: /opt/mybotshop/install/go2_interface/include/go2_interface/srv/detail/go2_light__struct.h
[53.127s] -- Up-to-date symlink: /opt/mybotshop/install/go2_interface/include/go2_interface/srv/detail/go2_light__type_support.h
[53.127s] -- Up-to-date symlink: /opt/mybotshop/install/go2_interface/include/go2_interface/srv/detail/go2_modes__functions.h
[53.128s] -- Up-to-date symlink: /opt/mybotshop/install/go2_interface/include/go2_interface/srv/detail/go2_modes__struct.h
[53.128s] -- Up-to-date symlink: /opt/mybotshop/install/go2_interface/include/go2_interface/srv/detail/go2_modes__type_support.h
[53.133s] -- Up-to-date symlink: /opt/mybotshop/install/go2_interface/include/go2_interface/srv/detail/go2_volume__functions.h
[53.134s] -- Up-to-date symlink: /opt/mybotshop/install/go2_interface/include/go2_interface/srv/detail/go2_volume__struct.h
[53.134s] -- Up-to-date symlink: /opt/mybotshop/install/go2_interface/include/go2_interface/srv/detail/go2_volume__type_support.h
[53.135s] -- Up-to-date symlink: /opt/mybotshop/install/go2_interface/include/go2_interface/srv/go2_light.h
[53.136s] -- Up-to-date symlink: /opt/mybotshop/install/go2_interface/include/go2_interface/srv/go2_modes.h
[53.136s] -- Up-to-date symlink: /opt/mybotshop/install/go2_interface/include/go2_interface/srv/go2_volume.h
[53.142s] -- Up-to-date symlink: /opt/mybotshop/install/go2_interface/share/go2_interface/environment/library_path.sh
[53.142s] -- Up-to-date symlink: /opt/mybotshop/install/go2_interface/share/go2_interface/environment/library_path.dsv
[53.144s] -- Up-to-date symlink: /opt/mybotshop/install/go2_interface/include/go2_interface/msg/detail/camera_gimbal_cmd__rosidl_typesupport_fastrtps_c.h
[53.144s] -- Up-to-date symlink: /opt/mybotshop/install/go2_interface/include/go2_interface/msg/rosidl_typesupport_fastrtps_c__visibility_control.h
[53.144s] -- Up-to-date symlink: /opt/mybotshop/install/go2_interface/include/go2_interface/srv/detail/camera_mode__rosidl_typesupport_fastrtps_c.h
[53.146s] -- Up-to-date symlink: /opt/mybotshop/install/go2_interface/include/go2_interface/srv/detail/go2_light__rosidl_typesupport_fastrtps_c.h
[53.150s] -- Up-to-date symlink: /opt/mybotshop/install/go2_interface/include/go2_interface/srv/detail/go2_modes__rosidl_typesupport_fastrtps_c.h
[53.150s] -- Up-to-date symlink: /opt/mybotshop/install/go2_interface/include/go2_interface/srv/detail/go2_volume__rosidl_typesupport_fastrtps_c.h
[53.156s] -- Up-to-date symlink: /opt/mybotshop/install/go2_interface/lib/libgo2_interface__rosidl_typesupport_fastrtps_c.so
[53.158s] -- Up-to-date symlink: /opt/mybotshop/install/go2_interface/include/go2_interface/msg/detail/camera_gimbal_cmd__rosidl_typesupport_fastrtps_cpp.hpp
[53.158s] -- Up-to-date symlink: /opt/mybotshop/install/go2_interface/include/go2_interface/msg/rosidl_typesupport_fastrtps_cpp__visibility_control.h
[53.159s] -- Up-to-date symlink: /opt/mybotshop/install/go2_interface/include/go2_interface/srv/detail/camera_mode__rosidl_typesupport_fastrtps_cpp.hpp
[53.162s] -- Up-to-date symlink: /opt/mybotshop/install/go2_interface/include/go2_interface/srv/detail/go2_light__rosidl_typesupport_fastrtps_cpp.hpp
[53.163s] -- Up-to-date symlink: /opt/mybotshop/install/go2_interface/include/go2_interface/srv/detail/go2_modes__rosidl_typesupport_fastrtps_cpp.hpp
[53.163s] -- Up-to-date symlink: /opt/mybotshop/install/go2_interface/include/go2_interface/srv/detail/go2_volume__rosidl_typesupport_fastrtps_cpp.hpp
[53.164s] -- Up-to-date symlink: /opt/mybotshop/install/go2_interface/lib/libgo2_interface__rosidl_typesupport_fastrtps_cpp.so
[53.167s] -- Up-to-date symlink: /opt/mybotshop/install/go2_interface/include/go2_interface/msg/detail/camera_gimbal_cmd__rosidl_typesupport_introspection_c.h
[53.167s] -- Up-to-date symlink: /opt/mybotshop/install/go2_interface/include/go2_interface/msg/rosidl_typesupport_introspection_c__visibility_control.h
[53.167s] -- Up-to-date symlink: /opt/mybotshop/install/go2_interface/include/go2_interface/srv/detail/camera_mode__rosidl_typesupport_introspection_c.h
[53.168s] -- Up-to-date symlink: /opt/mybotshop/install/go2_interface/include/go2_interface/srv/detail/go2_light__rosidl_typesupport_introspection_c.h
[53.168s] -- Up-to-date symlink: /opt/mybotshop/install/go2_interface/include/go2_interface/srv/detail/go2_modes__rosidl_typesupport_introspection_c.h
[53.169s] -- Up-to-date symlink: /opt/mybotshop/install/go2_interface/include/go2_interface/srv/detail/go2_volume__rosidl_typesupport_introspection_c.h
[53.171s] -- Up-to-date symlink: /opt/mybotshop/install/go2_interface/include/go2_interface/msg/camera_gimbal_cmd.hpp
[53.171s] -- Up-to-date symlink: /opt/mybotshop/install/go2_interface/include/go2_interface/msg/detail/camera_gimbal_cmd__builder.hpp
[53.171s] -- Up-to-date symlink: /opt/mybotshop/install/go2_interface/include/go2_interface/msg/detail/camera_gimbal_cmd__struct.hpp
[53.172s] -- Up-to-date symlink: /opt/mybotshop/install/go2_interface/include/go2_interface/msg/detail/camera_gimbal_cmd__traits.hpp
[53.172s] -- Up-to-date symlink: /opt/mybotshop/install/go2_interface/include/go2_interface/msg/detail/camera_gimbal_cmd__type_support.hpp
[53.173s] -- Up-to-date symlink: /opt/mybotshop/install/go2_interface/include/go2_interface/msg/rosidl_generator_cpp__visibility_control.hpp
[53.173s] -- Up-to-date symlink: /opt/mybotshop/install/go2_interface/include/go2_interface/srv/camera_mode.hpp
[53.173s] -- Up-to-date symlink: /opt/mybotshop/install/go2_interface/include/go2_interface/srv/detail/camera_mode__builder.hpp
[53.174s] -- Up-to-date symlink: /opt/mybotshop/install/go2_interface/include/go2_interface/srv/detail/camera_mode__struct.hpp
[53.174s] -- Up-to-date symlink: /opt/mybotshop/install/go2_interface/include/go2_interface/srv/detail/camera_mode__traits.hpp
[53.174s] -- Up-to-date symlink: /opt/mybotshop/install/go2_interface/include/go2_interface/srv/detail/camera_mode__type_support.hpp
[53.175s] -- Up-to-date symlink: /opt/mybotshop/install/go2_interface/include/go2_interface/srv/detail/go2_light__builder.hpp
[53.175s] -- Up-to-date symlink: /opt/mybotshop/install/go2_interface/include/go2_interface/srv/detail/go2_light__struct.hpp
[53.175s] -- Up-to-date symlink: /opt/mybotshop/install/go2_interface/include/go2_interface/srv/detail/go2_light__traits.hpp
[53.176s] -- Up-to-date symlink: /opt/mybotshop/install/go2_interface/include/go2_interface/srv/detail/go2_light__type_support.hpp
[53.176s] -- Up-to-date symlink: /opt/mybotshop/install/go2_interface/include/go2_interface/srv/detail/go2_modes__builder.hpp
[53.176s] -- Up-to-date symlink: /opt/mybotshop/install/go2_interface/include/go2_interface/srv/detail/go2_modes__struct.hpp
[53.177s] -- Up-to-date symlink: /opt/mybotshop/install/go2_interface/include/go2_interface/srv/detail/go2_modes__traits.hpp
[53.177s] -- Up-to-date symlink: /opt/mybotshop/install/go2_interface/include/go2_interface/srv/detail/go2_modes__type_support.hpp
[53.178s] -- Up-to-date symlink: /opt/mybotshop/install/go2_interface/include/go2_interface/srv/detail/go2_volume__builder.hpp
[53.178s] -- Up-to-date symlink: /opt/mybotshop/install/go2_interface/include/go2_interface/srv/detail/go2_volume__struct.hpp
[53.179s] -- Up-to-date symlink: /opt/mybotshop/install/go2_interface/include/go2_interface/srv/detail/go2_volume__traits.hpp
[53.179s] -- Up-to-date symlink: /opt/mybotshop/install/go2_interface/include/go2_interface/srv/detail/go2_volume__type_support.hpp
[53.180s] -- Up-to-date symlink: /opt/mybotshop/install/go2_interface/include/go2_interface/srv/go2_light.hpp
[53.180s] -- Up-to-date symlink: /opt/mybotshop/install/go2_interface/include/go2_interface/srv/go2_modes.hpp
[53.180s] -- Up-to-date symlink: /opt/mybotshop/install/go2_interface/include/go2_interface/srv/go2_volume.hpp
[53.182s] -- Up-to-date symlink: /opt/mybotshop/install/go2_interface/include/go2_interface/msg/detail/camera_gimbal_cmd__rosidl_typesupport_introspection_cpp.hpp
[53.183s] -- Up-to-date symlink: /opt/mybotshop/install/go2_interface/include/go2_interface/srv/detail/camera_mode__rosidl_typesupport_introspection_cpp.hpp
[53.183s] -- Up-to-date symlink: /opt/mybotshop/install/go2_interface/include/go2_interface/srv/detail/go2_light__rosidl_typesupport_introspection_cpp.hpp
[53.184s] -- Up-to-date symlink: /opt/mybotshop/install/go2_interface/include/go2_interface/srv/detail/go2_modes__rosidl_typesupport_introspection_cpp.hpp
[53.184s] -- Up-to-date symlink: /opt/mybotshop/install/go2_interface/include/go2_interface/srv/detail/go2_volume__rosidl_typesupport_introspection_cpp.hpp
[53.185s] -- Up-to-date symlink: /opt/mybotshop/install/go2_interface/share/go2_interface/environment/pythonpath.sh
[53.185s] -- Up-to-date symlink: /opt/mybotshop/install/go2_interface/share/go2_interface/environment/pythonpath.dsv
[53.186s] -- Up-to-date symlink: /opt/mybotshop/install/go2_interface/lib/python3.8/site-packages/go2_interface/__init__.py
[53.187s] -- Up-to-date symlink: /opt/mybotshop/install/go2_interface/lib/python3.8/site-packages/go2_interface/msg/__init__.py
[53.188s] -- Up-to-date symlink: /opt/mybotshop/install/go2_interface/lib/python3.8/site-packages/go2_interface/msg/_camera_gimbal_cmd.py
[53.189s] -- Up-to-date symlink: /opt/mybotshop/install/go2_interface/lib/python3.8/site-packages/go2_interface/srv/__init__.py
[53.190s] -- Up-to-date symlink: /opt/mybotshop/install/go2_interface/lib/python3.8/site-packages/go2_interface/srv/_camera_mode.py
[53.190s] -- Up-to-date symlink: /opt/mybotshop/install/go2_interface/lib/python3.8/site-packages/go2_interface/srv/_go2_light.py
[53.191s] -- Up-to-date symlink: /opt/mybotshop/install/go2_interface/lib/python3.8/site-packages/go2_interface/srv/_go2_modes.py
[53.191s] -- Up-to-date symlink: /opt/mybotshop/install/go2_interface/lib/python3.8/site-packages/go2_interface/srv/_go2_volume.py
[53.192s] -- Up-to-date symlink: /opt/mybotshop/install/go2_interface/lib/python3.8/site-packages/go2_interface/go2_interface_s__rosidl_typesupport_fastrtps_c.cpython-38-aarch64-linux-gnu.so
[53.194s] -- Up-to-date symlink: /opt/mybotshop/install/go2_interface/lib/python3.8/site-packages/go2_interface/go2_interface_s__rosidl_typesupport_introspection_c.cpython-38-aarch64-linux-gnu.so
[53.197s] -- Up-to-date symlink: /opt/mybotshop/install/go2_interface/lib/python3.8/site-packages/go2_interface/go2_interface_s__rosidl_typesupport_c.cpython-38-aarch64-linux-gnu.so
[53.198s] -- Up-to-date symlink: /opt/mybotshop/install/go2_interface/lib/libgo2_interface__python.so
[53.198s] -- Up-to-date symlink: /opt/mybotshop/install/go2_interface/share/go2_interface/msg/CameraGimbalCmd.idl
[53.199s] -- Up-to-date symlink: /opt/mybotshop/install/go2_interface/share/go2_interface/srv/CameraMode.idl
[53.199s] -- Up-to-date symlink: /opt/mybotshop/install/go2_interface/share/go2_interface/srv/Go2Modes.idl
[53.200s] -- Up-to-date symlink: /opt/mybotshop/install/go2_interface/share/go2_interface/srv/Go2Light.idl
[53.200s] -- Up-to-date symlink: /opt/mybotshop/install/go2_interface/share/go2_interface/srv/Go2Volume.idl
[53.201s] -- Symlinking: /opt/mybotshop/install/go2_interface/share/go2_interface/msg/CameraGimbalCmd.msg
[53.284s] -- Symlinking: /opt/mybotshop/install/go2_interface/share/go2_interface/srv/CameraMode.srv
[53.349s] -- Up-to-date symlink: /opt/mybotshop/install/go2_interface/share/go2_interface/srv/CameraMode_Request.msg
[53.350s] -- Up-to-date symlink: /opt/mybotshop/install/go2_interface/share/go2_interface/srv/CameraMode_Response.msg
[53.350s] -- Symlinking: /opt/mybotshop/install/go2_interface/share/go2_interface/srv/Go2Modes.srv
[53.410s] -- Up-to-date symlink: /opt/mybotshop/install/go2_interface/share/go2_interface/srv/Go2Modes_Request.msg
[53.410s] -- Up-to-date symlink: /opt/mybotshop/install/go2_interface/share/go2_interface/srv/Go2Modes_Response.msg
[53.410s] -- Symlinking: /opt/mybotshop/install/go2_interface/share/go2_interface/srv/Go2Light.srv
[53.457s] -- Up-to-date symlink: /opt/mybotshop/install/go2_interface/share/go2_interface/srv/Go2Light_Request.msg
[53.457s] -- Up-to-date symlink: /opt/mybotshop/install/go2_interface/share/go2_interface/srv/Go2Light_Response.msg
[53.457s] -- Symlinking: /opt/mybotshop/install/go2_interface/share/go2_interface/srv/Go2Volume.srv
[53.485s] -- Up-to-date symlink: /opt/mybotshop/install/go2_interface/share/go2_interface/srv/Go2Volume_Request.msg
[53.486s] -- Up-to-date symlink: /opt/mybotshop/install/go2_interface/share/go2_interface/srv/Go2Volume_Response.msg
[53.486s] -- Up-to-date symlink: /opt/mybotshop/install/go2_interface/share/ament_index/resource_index/package_run_dependencies/go2_interface
[53.486s] -- Up-to-date symlink: /opt/mybotshop/install/go2_interface/share/ament_index/resource_index/parent_prefix_path/go2_interface
[53.487s] -- Up-to-date symlink: /opt/mybotshop/install/go2_interface/share/go2_interface/environment/ament_prefix_path.sh
[53.494s] -- Up-to-date symlink: /opt/mybotshop/install/go2_interface/share/go2_interface/environment/ament_prefix_path.dsv
[53.495s] -- Up-to-date symlink: /opt/mybotshop/install/go2_interface/share/go2_interface/environment/path.sh
[53.495s] -- Up-to-date symlink: /opt/mybotshop/install/go2_interface/share/go2_interface/environment/path.dsv
[53.496s] -- Up-to-date symlink: /opt/mybotshop/install/go2_interface/share/go2_interface/local_setup.bash
[53.496s] -- Up-to-date symlink: /opt/mybotshop/install/go2_interface/share/go2_interface/local_setup.sh
[53.496s] -- Up-to-date symlink: /opt/mybotshop/install/go2_interface/share/go2_interface/local_setup.zsh
[53.497s] -- Up-to-date symlink: /opt/mybotshop/install/go2_interface/share/go2_interface/local_setup.dsv
[53.498s] -- Symlinking: /opt/mybotshop/install/go2_interface/share/go2_interface/package.dsv
[53.567s] -- Up-to-date symlink: /opt/mybotshop/install/go2_interface/share/ament_index/resource_index/packages/go2_interface
[53.568s] -- Up-to-date symlink: /opt/mybotshop/install/go2_interface/share/go2_interface/cmake/rosidl_cmake-extras.cmake
[53.568s] -- Up-to-date symlink: /opt/mybotshop/install/go2_interface/share/go2_interface/cmake/ament_cmake_export_dependencies-extras.cmake
[53.569s] -- Up-to-date symlink: /opt/mybotshop/install/go2_interface/share/go2_interface/cmake/ament_cmake_export_libraries-extras.cmake
[53.571s] -- Up-to-date symlink: /opt/mybotshop/install/go2_interface/share/go2_interface/cmake/ament_cmake_export_targets-extras.cmake
[53.572s] -- Up-to-date symlink: /opt/mybotshop/install/go2_interface/share/go2_interface/cmake/ament_cmake_export_include_directories-extras.cmake
[53.572s] -- Up-to-date symlink: /opt/mybotshop/install/go2_interface/share/go2_interface/cmake/rosidl_cmake_export_typesupport_libraries-extras.cmake
[53.572s] -- Up-to-date symlink: /opt/mybotshop/install/go2_interface/share/go2_interface/cmake/rosidl_cmake_export_typesupport_targets-extras.cmake
[53.572s] -- Up-to-date symlink: /opt/mybotshop/install/go2_interface/share/go2_interface/cmake/go2_interfaceConfig.cmake
[53.572s] -- Up-to-date symlink: /opt/mybotshop/install/go2_interface/share/go2_interface/cmake/go2_interfaceConfig-version.cmake
[53.573s] -- Symlinking: /opt/mybotshop/install/go2_interface/share/go2_interface/package.xml
[53.641s] -- Installing: /opt/mybotshop/install/go2_interface/lib/libgo2_interface__rosidl_generator_c.so
[53.642s] -- Set runtime path of "/opt/mybotshop/install/go2_interface/lib/libgo2_interface__rosidl_generator_c.so" to ""
[53.642s] -- Installing: /opt/mybotshop/install/go2_interface/lib/libgo2_interface__rosidl_typesupport_introspection_c.so
[53.642s] -- Set runtime path of "/opt/mybotshop/install/go2_interface/lib/libgo2_interface__rosidl_typesupport_introspection_c.so" to ""
[53.642s] -- Installing: /opt/mybotshop/install/go2_interface/lib/libgo2_interface__rosidl_typesupport_c.so
[53.642s] -- Set runtime path of "/opt/mybotshop/install/go2_interface/lib/libgo2_interface__rosidl_typesupport_c.so" to ""
[53.642s] -- Installing: /opt/mybotshop/install/go2_interface/lib/libgo2_interface__rosidl_typesupport_introspection_cpp.so
[53.642s] -- Set runtime path of "/opt/mybotshop/install/go2_interface/lib/libgo2_interface__rosidl_typesupport_introspection_cpp.so" to ""
[53.643s] -- Installing: /opt/mybotshop/install/go2_interface/lib/libgo2_interface__rosidl_typesupport_cpp.so
[53.643s] -- Set runtime path of "/opt/mybotshop/install/go2_interface/lib/libgo2_interface__rosidl_typesupport_cpp.so" to ""
[53.706s] Compiling '/opt/mybotshop/install/go2_interface/lib/python3.8/site-packages/go2_interface/__init__.py'...
[53.722s] -- Installing: /opt/mybotshop/install/go2_interface/share/go2_interface/cmake/go2_interface__rosidl_generator_cExport.cmake
[53.722s] -- Installing: /opt/mybotshop/install/go2_interface/share/go2_interface/cmake/go2_interface__rosidl_generator_cExport-noconfig.cmake
[53.723s] -- Installing: /opt/mybotshop/install/go2_interface/share/go2_interface/cmake/go2_interface__rosidl_typesupport_introspection_cExport.cmake
[53.723s] -- Installing: /opt/mybotshop/install/go2_interface/share/go2_interface/cmake/go2_interface__rosidl_typesupport_introspection_cExport-noconfig.cmake
[53.723s] -- Installing: /opt/mybotshop/install/go2_interface/share/go2_interface/cmake/go2_interface__rosidl_typesupport_cExport.cmake
[53.724s] -- Installing: /opt/mybotshop/install/go2_interface/share/go2_interface/cmake/go2_interface__rosidl_typesupport_cExport-noconfig.cmake
[53.724s] -- Installing: /opt/mybotshop/install/go2_interface/share/go2_interface/cmake/go2_interface__rosidl_generator_cppExport.cmake
[53.726s] -- Installing: /opt/mybotshop/install/go2_interface/share/go2_interface/cmake/go2_interface__rosidl_typesupport_introspection_cppExport.cmake
[53.726s] -- Installing: /opt/mybotshop/install/go2_interface/share/go2_interface/cmake/go2_interface__rosidl_typesupport_introspection_cppExport-noconfig.cmake
[53.727s] -- Installing: /opt/mybotshop/install/go2_interface/share/go2_interface/cmake/go2_interface__rosidl_typesupport_cppExport.cmake
[53.727s] -- Installing: /opt/mybotshop/install/go2_interface/share/go2_interface/cmake/go2_interface__rosidl_typesupport_cppExport-noconfig.cmake
[53.764s] Invoked command in '/opt/mybotshop/build/go2_interface' returned '0': CMAKE_PREFIX_PATH=${CMAKE_PREFIX_PATH}:/opt/ros/foxy /usr/bin/cmake --install /opt/mybotshop/build/go2_interface
