-- The C compiler identification is GNU 9.4.0
-- The CXX compiler identification is GNU 9.4.0
-- Check for working C compiler: /usr/bin/cc
-- Check for working C compiler: /usr/bin/cc -- works
-- Detecting C compiler ABI info
-- Detecting C compiler ABI info - done
-- Detecting C compile features
-- Detecting C compile features - done
-- Check for working CXX compiler: /usr/bin/c++
-- Check for working CXX compiler: /usr/bin/c++ -- works
-- Detecting CXX compiler ABI info
-- Detecting CXX compiler ABI info - done
-- Detecting CXX compile features
-- Detecting CXX compile features - done
-- Found ament_cmake: 0.9.12 (/opt/ros/foxy/share/ament_cmake/cmake)
-- Found PythonInterp: /usr/bin/python3 (found suitable version "3.8.10", minimum required is "3") 
-- Using PYTHON_EXECUTABLE: /usr/bin/python3
-- Override CMake install command with custom implementation using symlinks instead of copying resources
-- Found rclpy: 1.0.13 (/opt/ros/foxy/share/rclpy/cmake)
-- Configuring done
-- Generating done
-- Build files have been written to: /opt/mybotshop/build/go2_control
-- Install configuration: ""
-- Execute custom install script
-- Symlinking: /opt/mybotshop/install/go2_control/share/go2_control/config/localization.yaml
-- Symlinking: /opt/mybotshop/install/go2_control/share/go2_control/config/teleop_control.yaml
-- Symlinking: /opt/mybotshop/install/go2_control/share/go2_control/launch/ekf_localization.launch.py
-- Symlinking: /opt/mybotshop/install/go2_control/share/go2_control/launch/teleop.launch.py
-- Symlinking: /opt/mybotshop/install/go2_control/share/ament_index/resource_index/package_run_dependencies/go2_control
-- Symlinking: /opt/mybotshop/install/go2_control/share/ament_index/resource_index/parent_prefix_path/go2_control
-- Symlinking: /opt/mybotshop/install/go2_control/share/go2_control/environment/ament_prefix_path.sh
-- Symlinking: /opt/mybotshop/install/go2_control/share/go2_control/environment/ament_prefix_path.dsv
-- Symlinking: /opt/mybotshop/install/go2_control/share/go2_control/environment/path.sh
-- Symlinking: /opt/mybotshop/install/go2_control/share/go2_control/environment/path.dsv
-- Symlinking: /opt/mybotshop/install/go2_control/share/go2_control/local_setup.bash
-- Symlinking: /opt/mybotshop/install/go2_control/share/go2_control/local_setup.sh
-- Symlinking: /opt/mybotshop/install/go2_control/share/go2_control/local_setup.zsh
-- Symlinking: /opt/mybotshop/install/go2_control/share/go2_control/local_setup.dsv
-- Symlinking: /opt/mybotshop/install/go2_control/share/go2_control/package.dsv
-- Symlinking: /opt/mybotshop/install/go2_control/share/ament_index/resource_index/packages/go2_control
-- Symlinking: /opt/mybotshop/install/go2_control/share/go2_control/cmake/go2_controlConfig.cmake
-- Symlinking: /opt/mybotshop/install/go2_control/share/go2_control/cmake/go2_controlConfig-version.cmake
-- Symlinking: /opt/mybotshop/install/go2_control/share/go2_control/package.xml
