-- The C compiler identification is GNU 9.4.0
-- The CXX compiler identification is GNU 9.4.0
-- Check for working C compiler: /usr/bin/cc
-- Check for working C compiler: /usr/bin/cc -- works
-- Detecting C compiler ABI info
-- Detecting C compiler ABI info - done
-- Detecting C compile features
-- Detecting C compile features - done
-- Check for working CXX compiler: /usr/bin/c++
-- Check for working CXX compiler: /usr/bin/c++ -- works
-- Detecting CXX compiler ABI info
-- Detecting CXX compiler ABI info - done
-- Detecting CXX compile features
-- Detecting CXX compile features - done
-- Found ament_cmake: 0.9.12 (/opt/ros/foxy/share/ament_cmake/cmake)
-- Found PythonInterp: /usr/bin/python3 (found suitable version "3.8.10", minimum required is "3") 
-- Using PYTHON_EXECUTABLE: /usr/bin/python3
-- Override CMake install command with custom implementation using symlinks instead of copying resources
-- Found geometry_msgs: 2.0.5 (/opt/ros/foxy/share/geometry_msgs/cmake)
-- Using all available rosidl_typesupport_c: rosidl_typesupport_fastrtps_c;rosidl_typesupport_introspection_c
-- Found rosidl_adapter: 1.3.1 (/opt/ros/foxy/share/rosidl_adapter/cmake)
-- Found OpenSSL: /usr/lib/aarch64-linux-gnu/libcrypto.so (found version "1.1.1f")  
-- Found FastRTPS: /opt/ros/foxy/include  
-- Using all available rosidl_typesupport_cpp: rosidl_typesupport_fastrtps_cpp;rosidl_typesupport_introspection_cpp
-- Found open_manipulator_msgs: 2.2.0 (/opt/mybotshop/install/open_manipulator_msgs/share/open_manipulator_msgs/cmake)
-- Found open_manipulator_x_libs: 2.3.0 (/opt/mybotshop/install/open_manipulator_x_libs/share/open_manipulator_x_libs/cmake)
-- Found rmw_implementation_cmake: 1.0.4 (/opt/ros/foxy/share/rmw_implementation_cmake/cmake)
-- Using RMW implementation 'rmw_cyclonedds_cpp' as default
-- Looking for pthread.h
-- Looking for pthread.h - found
-- Performing Test CMAKE_HAVE_LIBC_PTHREAD
-- Performing Test CMAKE_HAVE_LIBC_PTHREAD - Failed
-- Looking for pthread_create in pthreads
-- Looking for pthread_create in pthreads - not found
-- Looking for pthread_create in pthread
-- Looking for pthread_create in pthread - found
-- Found Threads: TRUE  
-- Found sensor_msgs: 2.0.5 (/opt/ros/foxy/share/sensor_msgs/cmake)
-- Found trajectory_msgs: 2.0.5 (/opt/ros/foxy/share/trajectory_msgs/cmake)
-- Configuring done
-- Generating done
-- Build files have been written to: /opt/mybotshop/build/open_manipulator_x_controller
[35m[1mScanning dependencies of target open_manipulator_x_controller[0m
[ 50%] [32mBuilding CXX object CMakeFiles/open_manipulator_x_controller.dir/src/open_manipulator_x_controller.cpp.o[0m
[01m[K/opt/mybotshop/src/third_party/robotic_arms/05Jun2025_open_manipulator/open_manipulator_foxy/open_manipulator_x_controller/src/open_manipulator_x_controller.cpp:[m[K In member function ‘[01m[Kvoid open_manipulator_x_controller::OpenManipulatorXController::init_publisher()[m[K’:
[01m[K/opt/mybotshop/src/third_party/robotic_arms/05Jun2025_open_manipulator/open_manipulator_foxy/open_manipulator_x_controller/src/open_manipulator_x_controller.cpp:103:21:[m[K [01;35m[Kwarning: [m[Kunused variable ‘[01m[Kname[m[K’ [[01;35m[K-Wunused-variable[m[K]
  103 |   for (auto const & [01;35m[Kname[m[K:tools_name)
      |                     [01;35m[K^~~~[m[K
[100%] [32m[1mLinking CXX executable open_manipulator_x_controller[0m
[100%] Built target open_manipulator_x_controller
-- Install configuration: ""
-- Execute custom install script
-- Symlinking: /opt/mybotshop/install/open_manipulator_x_controller/lib/open_manipulator_x_controller/open_manipulator_x_controller
-- Symlinking: /opt/mybotshop/install/open_manipulator_x_controller/share/open_manipulator_x_controller/99-open-manipulator-cdc.rules
-- Symlinking: /opt/mybotshop/install/open_manipulator_x_controller/share/open_manipulator_x_controller/launch/open_manipulator_x_controller.launch.py
-- Symlinking: /opt/mybotshop/install/open_manipulator_x_controller/share/open_manipulator_x_controller/param/open_manipulator_x_controller_params.yaml
-- Symlinking: /opt/mybotshop/install/open_manipulator_x_controller/lib/open_manipulator_x_controller/create_udev_rules
-- Symlinking: /opt/mybotshop/install/open_manipulator_x_controller/share/ament_index/resource_index/package_run_dependencies/open_manipulator_x_controller
-- Symlinking: /opt/mybotshop/install/open_manipulator_x_controller/share/ament_index/resource_index/parent_prefix_path/open_manipulator_x_controller
-- Symlinking: /opt/mybotshop/install/open_manipulator_x_controller/share/open_manipulator_x_controller/environment/ament_prefix_path.sh
-- Symlinking: /opt/mybotshop/install/open_manipulator_x_controller/share/open_manipulator_x_controller/environment/ament_prefix_path.dsv
-- Symlinking: /opt/mybotshop/install/open_manipulator_x_controller/share/open_manipulator_x_controller/environment/path.sh
-- Symlinking: /opt/mybotshop/install/open_manipulator_x_controller/share/open_manipulator_x_controller/environment/path.dsv
-- Symlinking: /opt/mybotshop/install/open_manipulator_x_controller/share/open_manipulator_x_controller/local_setup.bash
-- Symlinking: /opt/mybotshop/install/open_manipulator_x_controller/share/open_manipulator_x_controller/local_setup.sh
-- Symlinking: /opt/mybotshop/install/open_manipulator_x_controller/share/open_manipulator_x_controller/local_setup.zsh
-- Symlinking: /opt/mybotshop/install/open_manipulator_x_controller/share/open_manipulator_x_controller/local_setup.dsv
-- Symlinking: /opt/mybotshop/install/open_manipulator_x_controller/share/open_manipulator_x_controller/package.dsv
-- Symlinking: /opt/mybotshop/install/open_manipulator_x_controller/share/ament_index/resource_index/packages/open_manipulator_x_controller
-- Symlinking: /opt/mybotshop/install/open_manipulator_x_controller/share/open_manipulator_x_controller/cmake/ament_cmake_export_include_directories-extras.cmake
-- Symlinking: /opt/mybotshop/install/open_manipulator_x_controller/share/open_manipulator_x_controller/cmake/ament_cmake_export_dependencies-extras.cmake
-- Symlinking: /opt/mybotshop/install/open_manipulator_x_controller/share/open_manipulator_x_controller/cmake/open_manipulator_x_controllerConfig.cmake
-- Symlinking: /opt/mybotshop/install/open_manipulator_x_controller/share/open_manipulator_x_controller/cmake/open_manipulator_x_controllerConfig-version.cmake
-- Symlinking: /opt/mybotshop/install/open_manipulator_x_controller/share/open_manipulator_x_controller/package.xml
