[0.724s] Invoking command in '/opt/mybotshop/build/open_manipulator': AMENT_PREFIX_PATH=/opt/mybotshop/install/open_manipulator_x_controller:/opt/mybotshop/install/open_manipulator_x_libs:/opt/mybotshop/install/robotis_manipulator:/opt/mybotshop/install/open_manipulator_x_teleop:/opt/mybotshop/install/open_manipulator_x_description:/opt/mybotshop/install/open_manipulator_msgs:/opt/mybotshop/install/dynamixel_hardware:/opt/mybotshop/install/cmake_modules:${AMENT_PREFIX_PATH} CMAKE_PREFIX_PATH=/opt/mybotshop/install/open_manipulator_x_controller:/opt/mybotshop/install/open_manipulator_x_libs:/opt/mybotshop/install/robotis_manipulator:/opt/mybotshop/install/open_manipulator_x_description:/opt/mybotshop/install/open_manipulator_msgs:/opt/mybotshop/install/dynamixel_hardware:/opt/mybotshop/install/cmake_modules:/home/unitree/cyclonedds_ws/install/rmw_cyclonedds_cpp:/home/unitree/cyclonedds_ws/install/cyclonedds:/opt/ros/foxy LD_LIBRARY_PATH=/opt/mybotshop/install/open_manipulator_x_libs/lib:/opt/mybotshop/install/robotis_manipulator/lib:/opt/mybotshop/install/open_manipulator_msgs/lib:/opt/mybotshop/install/dynamixel_hardware/lib:${LD_LIBRARY_PATH} PYTHONPATH=/opt/mybotshop/build/open_manipulator_x_teleop:/opt/mybotshop/install/open_manipulator_x_teleop/lib/python3.8/site-packages:/opt/mybotshop/install/open_manipulator_msgs/lib/python3.8/site-packages:${PYTHONPATH} /usr/bin/cmake /opt/mybotshop/src/third_party/robotic_arms/05Jun2025_open_manipulator/open_manipulator_foxy/open_manipulator -DAMENT_CMAKE_SYMLINK_INSTALL=1 -DCMAKE_INSTALL_PREFIX=/opt/mybotshop/install/open_manipulator
[0.970s] -- The C compiler identification is GNU 9.4.0
[1.198s] -- The CXX compiler identification is GNU 9.4.0
[1.226s] -- Check for working C compiler: /usr/bin/cc
[1.640s] -- Check for working C compiler: /usr/bin/cc -- works
[1.644s] -- Detecting C compiler ABI info
[1.903s] -- Detecting C compiler ABI info - done
[1.924s] -- Detecting C compile features
[1.926s] -- Detecting C compile features - done
[1.934s] -- Check for working CXX compiler: /usr/bin/c++
[2.305s] -- Check for working CXX compiler: /usr/bin/c++ -- works
[2.310s] -- Detecting CXX compiler ABI info
[2.688s] -- Detecting CXX compiler ABI info - done
[2.742s] -- Detecting CXX compile features
[2.742s] -- Detecting CXX compile features - done
[2.762s] -- Found ament_cmake: 0.9.12 (/opt/ros/foxy/share/ament_cmake/cmake)
[2.899s] -- Found PythonInterp: /usr/bin/python3 (found suitable version "3.8.10", minimum required is "3") 
[2.901s] -- Using PYTHON_EXECUTABLE: /usr/bin/python3
[3.658s] -- Override CMake install command with custom implementation using symlinks instead of copying resources
[4.108s] -- Configuring done
[4.129s] -- Generating done
[4.136s] -- Build files have been written to: /opt/mybotshop/build/open_manipulator
[4.148s] Invoked command in '/opt/mybotshop/build/open_manipulator' returned '0': AMENT_PREFIX_PATH=/opt/mybotshop/install/open_manipulator_x_controller:/opt/mybotshop/install/open_manipulator_x_libs:/opt/mybotshop/install/robotis_manipulator:/opt/mybotshop/install/open_manipulator_x_teleop:/opt/mybotshop/install/open_manipulator_x_description:/opt/mybotshop/install/open_manipulator_msgs:/opt/mybotshop/install/dynamixel_hardware:/opt/mybotshop/install/cmake_modules:${AMENT_PREFIX_PATH} CMAKE_PREFIX_PATH=/opt/mybotshop/install/open_manipulator_x_controller:/opt/mybotshop/install/open_manipulator_x_libs:/opt/mybotshop/install/robotis_manipulator:/opt/mybotshop/install/open_manipulator_x_description:/opt/mybotshop/install/open_manipulator_msgs:/opt/mybotshop/install/dynamixel_hardware:/opt/mybotshop/install/cmake_modules:/home/unitree/cyclonedds_ws/install/rmw_cyclonedds_cpp:/home/unitree/cyclonedds_ws/install/cyclonedds:/opt/ros/foxy LD_LIBRARY_PATH=/opt/mybotshop/install/open_manipulator_x_libs/lib:/opt/mybotshop/install/robotis_manipulator/lib:/opt/mybotshop/install/open_manipulator_msgs/lib:/opt/mybotshop/install/dynamixel_hardware/lib:${LD_LIBRARY_PATH} PYTHONPATH=/opt/mybotshop/build/open_manipulator_x_teleop:/opt/mybotshop/install/open_manipulator_x_teleop/lib/python3.8/site-packages:/opt/mybotshop/install/open_manipulator_msgs/lib/python3.8/site-packages:${PYTHONPATH} /usr/bin/cmake /opt/mybotshop/src/third_party/robotic_arms/05Jun2025_open_manipulator/open_manipulator_foxy/open_manipulator -DAMENT_CMAKE_SYMLINK_INSTALL=1 -DCMAKE_INSTALL_PREFIX=/opt/mybotshop/install/open_manipulator
[4.155s] Invoking command in '/opt/mybotshop/build/open_manipulator': AMENT_PREFIX_PATH=/opt/mybotshop/install/open_manipulator_x_controller:/opt/mybotshop/install/open_manipulator_x_libs:/opt/mybotshop/install/robotis_manipulator:/opt/mybotshop/install/open_manipulator_x_teleop:/opt/mybotshop/install/open_manipulator_x_description:/opt/mybotshop/install/open_manipulator_msgs:/opt/mybotshop/install/dynamixel_hardware:/opt/mybotshop/install/cmake_modules:${AMENT_PREFIX_PATH} CMAKE_PREFIX_PATH=/opt/mybotshop/install/open_manipulator_x_controller:/opt/mybotshop/install/open_manipulator_x_libs:/opt/mybotshop/install/robotis_manipulator:/opt/mybotshop/install/open_manipulator_x_description:/opt/mybotshop/install/open_manipulator_msgs:/opt/mybotshop/install/dynamixel_hardware:/opt/mybotshop/install/cmake_modules:/home/unitree/cyclonedds_ws/install/rmw_cyclonedds_cpp:/home/unitree/cyclonedds_ws/install/cyclonedds:/opt/ros/foxy LD_LIBRARY_PATH=/opt/mybotshop/install/open_manipulator_x_libs/lib:/opt/mybotshop/install/robotis_manipulator/lib:/opt/mybotshop/install/open_manipulator_msgs/lib:/opt/mybotshop/install/dynamixel_hardware/lib:${LD_LIBRARY_PATH} PYTHONPATH=/opt/mybotshop/build/open_manipulator_x_teleop:/opt/mybotshop/install/open_manipulator_x_teleop/lib/python3.8/site-packages:/opt/mybotshop/install/open_manipulator_msgs/lib/python3.8/site-packages:${PYTHONPATH} /usr/bin/cmake --build /opt/mybotshop/build/open_manipulator -- -j6 -l6
[4.392s] Invoked command in '/opt/mybotshop/build/open_manipulator' returned '0': AMENT_PREFIX_PATH=/opt/mybotshop/install/open_manipulator_x_controller:/opt/mybotshop/install/open_manipulator_x_libs:/opt/mybotshop/install/robotis_manipulator:/opt/mybotshop/install/open_manipulator_x_teleop:/opt/mybotshop/install/open_manipulator_x_description:/opt/mybotshop/install/open_manipulator_msgs:/opt/mybotshop/install/dynamixel_hardware:/opt/mybotshop/install/cmake_modules:${AMENT_PREFIX_PATH} CMAKE_PREFIX_PATH=/opt/mybotshop/install/open_manipulator_x_controller:/opt/mybotshop/install/open_manipulator_x_libs:/opt/mybotshop/install/robotis_manipulator:/opt/mybotshop/install/open_manipulator_x_description:/opt/mybotshop/install/open_manipulator_msgs:/opt/mybotshop/install/dynamixel_hardware:/opt/mybotshop/install/cmake_modules:/home/unitree/cyclonedds_ws/install/rmw_cyclonedds_cpp:/home/unitree/cyclonedds_ws/install/cyclonedds:/opt/ros/foxy LD_LIBRARY_PATH=/opt/mybotshop/install/open_manipulator_x_libs/lib:/opt/mybotshop/install/robotis_manipulator/lib:/opt/mybotshop/install/open_manipulator_msgs/lib:/opt/mybotshop/install/dynamixel_hardware/lib:${LD_LIBRARY_PATH} PYTHONPATH=/opt/mybotshop/build/open_manipulator_x_teleop:/opt/mybotshop/install/open_manipulator_x_teleop/lib/python3.8/site-packages:/opt/mybotshop/install/open_manipulator_msgs/lib/python3.8/site-packages:${PYTHONPATH} /usr/bin/cmake --build /opt/mybotshop/build/open_manipulator -- -j6 -l6
[4.609s] Invoking command in '/opt/mybotshop/build/open_manipulator': AMENT_PREFIX_PATH=/opt/mybotshop/install/open_manipulator_x_controller:/opt/mybotshop/install/open_manipulator_x_libs:/opt/mybotshop/install/robotis_manipulator:/opt/mybotshop/install/open_manipulator_x_teleop:/opt/mybotshop/install/open_manipulator_x_description:/opt/mybotshop/install/open_manipulator_msgs:/opt/mybotshop/install/dynamixel_hardware:/opt/mybotshop/install/cmake_modules:${AMENT_PREFIX_PATH} CMAKE_PREFIX_PATH=/opt/mybotshop/install/open_manipulator_x_controller:/opt/mybotshop/install/open_manipulator_x_libs:/opt/mybotshop/install/robotis_manipulator:/opt/mybotshop/install/open_manipulator_x_description:/opt/mybotshop/install/open_manipulator_msgs:/opt/mybotshop/install/dynamixel_hardware:/opt/mybotshop/install/cmake_modules:/home/unitree/cyclonedds_ws/install/rmw_cyclonedds_cpp:/home/unitree/cyclonedds_ws/install/cyclonedds:/opt/ros/foxy LD_LIBRARY_PATH=/opt/mybotshop/install/open_manipulator_x_libs/lib:/opt/mybotshop/install/robotis_manipulator/lib:/opt/mybotshop/install/open_manipulator_msgs/lib:/opt/mybotshop/install/dynamixel_hardware/lib:${LD_LIBRARY_PATH} PYTHONPATH=/opt/mybotshop/build/open_manipulator_x_teleop:/opt/mybotshop/install/open_manipulator_x_teleop/lib/python3.8/site-packages:/opt/mybotshop/install/open_manipulator_msgs/lib/python3.8/site-packages:${PYTHONPATH} /usr/bin/cmake --install /opt/mybotshop/build/open_manipulator
[4.702s] -- Install configuration: ""
[4.710s] -- Execute custom install script
[4.711s] -- Symlinking: /opt/mybotshop/install/open_manipulator/share/ament_index/resource_index/package_run_dependencies/open_manipulator
[4.780s] -- Symlinking: /opt/mybotshop/install/open_manipulator/share/ament_index/resource_index/parent_prefix_path/open_manipulator
[4.937s] -- Symlinking: /opt/mybotshop/install/open_manipulator/share/open_manipulator/environment/ament_prefix_path.sh
[5.061s] -- Symlinking: /opt/mybotshop/install/open_manipulator/share/open_manipulator/environment/ament_prefix_path.dsv
[5.178s] -- Symlinking: /opt/mybotshop/install/open_manipulator/share/open_manipulator/environment/path.sh
[5.300s] -- Symlinking: /opt/mybotshop/install/open_manipulator/share/open_manipulator/environment/path.dsv
[5.424s] -- Symlinking: /opt/mybotshop/install/open_manipulator/share/open_manipulator/local_setup.bash
[5.594s] -- Symlinking: /opt/mybotshop/install/open_manipulator/share/open_manipulator/local_setup.sh
[5.707s] -- Symlinking: /opt/mybotshop/install/open_manipulator/share/open_manipulator/local_setup.zsh
[5.827s] -- Symlinking: /opt/mybotshop/install/open_manipulator/share/open_manipulator/local_setup.dsv
[5.898s] -- Symlinking: /opt/mybotshop/install/open_manipulator/share/open_manipulator/package.dsv
[5.977s] -- Symlinking: /opt/mybotshop/install/open_manipulator/share/ament_index/resource_index/packages/open_manipulator
[6.058s] -- Symlinking: /opt/mybotshop/install/open_manipulator/share/open_manipulator/cmake/open_manipulatorConfig.cmake
[6.130s] -- Symlinking: /opt/mybotshop/install/open_manipulator/share/open_manipulator/cmake/open_manipulatorConfig-version.cmake
[6.224s] -- Symlinking: /opt/mybotshop/install/open_manipulator/share/open_manipulator/package.xml
[6.360s] Invoked command in '/opt/mybotshop/build/open_manipulator' returned '0': AMENT_PREFIX_PATH=/opt/mybotshop/install/open_manipulator_x_controller:/opt/mybotshop/install/open_manipulator_x_libs:/opt/mybotshop/install/robotis_manipulator:/opt/mybotshop/install/open_manipulator_x_teleop:/opt/mybotshop/install/open_manipulator_x_description:/opt/mybotshop/install/open_manipulator_msgs:/opt/mybotshop/install/dynamixel_hardware:/opt/mybotshop/install/cmake_modules:${AMENT_PREFIX_PATH} CMAKE_PREFIX_PATH=/opt/mybotshop/install/open_manipulator_x_controller:/opt/mybotshop/install/open_manipulator_x_libs:/opt/mybotshop/install/robotis_manipulator:/opt/mybotshop/install/open_manipulator_x_description:/opt/mybotshop/install/open_manipulator_msgs:/opt/mybotshop/install/dynamixel_hardware:/opt/mybotshop/install/cmake_modules:/home/unitree/cyclonedds_ws/install/rmw_cyclonedds_cpp:/home/unitree/cyclonedds_ws/install/cyclonedds:/opt/ros/foxy LD_LIBRARY_PATH=/opt/mybotshop/install/open_manipulator_x_libs/lib:/opt/mybotshop/install/robotis_manipulator/lib:/opt/mybotshop/install/open_manipulator_msgs/lib:/opt/mybotshop/install/dynamixel_hardware/lib:${LD_LIBRARY_PATH} PYTHONPATH=/opt/mybotshop/build/open_manipulator_x_teleop:/opt/mybotshop/install/open_manipulator_x_teleop/lib/python3.8/site-packages:/opt/mybotshop/install/open_manipulator_msgs/lib/python3.8/site-packages:${PYTHONPATH} /usr/bin/cmake --install /opt/mybotshop/build/open_manipulator
