-- The C compiler identification is GNU 9.4.0
-- The CXX compiler identification is GNU 9.4.0
-- Check for working C compiler: /usr/bin/cc
-- Check for working C compiler: /usr/bin/cc -- works
-- Detecting C compiler ABI info
-- Detecting C compiler ABI info - done
-- Detecting C compile features
-- Detecting C compile features - done
-- Check for working CXX compiler: /usr/bin/c++
-- Check for working CXX compiler: /usr/bin/c++ -- works
-- Detecting CXX compiler ABI info
-- Detecting CXX compiler ABI info - done
-- Detecting CXX compile features
-- Detecting CXX compile features - done
-- Found ament_cmake: 0.9.12 (/opt/ros/foxy/share/ament_cmake/cmake)
-- Found PythonInterp: /usr/bin/python3 (found suitable version "3.8.10", minimum required is "3") 
-- Using PYTHON_EXECUTABLE: /usr/bin/python3
-- Override CMake install command with custom implementation using symlinks instead of copying resources
-- Configuring done
-- Generating done
-- Build files have been written to: /opt/mybotshop/build/go2_viz
-- Install configuration: ""
-- Execute custom install script
-- Symlinking: /opt/mybotshop/install/go2_viz/share/go2_viz/launch/view_robot.launch.py
-- Symlinking: /opt/mybotshop/install/go2_viz/share/go2_viz/rviz/model.rviz
-- Symlinking: /opt/mybotshop/install/go2_viz/share/go2_viz/rviz/robot.rviz
-- Up-to-date symlink: /opt/mybotshop/install/go2_viz/share/ament_index/resource_index/package_run_dependencies/go2_viz
-- Up-to-date symlink: /opt/mybotshop/install/go2_viz/share/ament_index/resource_index/parent_prefix_path/go2_viz
-- Up-to-date symlink: /opt/mybotshop/install/go2_viz/share/go2_viz/environment/ament_prefix_path.sh
-- Up-to-date symlink: /opt/mybotshop/install/go2_viz/share/go2_viz/environment/ament_prefix_path.dsv
-- Up-to-date symlink: /opt/mybotshop/install/go2_viz/share/go2_viz/environment/path.sh
-- Up-to-date symlink: /opt/mybotshop/install/go2_viz/share/go2_viz/environment/path.dsv
-- Up-to-date symlink: /opt/mybotshop/install/go2_viz/share/go2_viz/local_setup.bash
-- Up-to-date symlink: /opt/mybotshop/install/go2_viz/share/go2_viz/local_setup.sh
-- Up-to-date symlink: /opt/mybotshop/install/go2_viz/share/go2_viz/local_setup.zsh
-- Up-to-date symlink: /opt/mybotshop/install/go2_viz/share/go2_viz/local_setup.dsv
-- Symlinking: /opt/mybotshop/install/go2_viz/share/go2_viz/package.dsv
-- Up-to-date symlink: /opt/mybotshop/install/go2_viz/share/ament_index/resource_index/packages/go2_viz
-- Up-to-date symlink: /opt/mybotshop/install/go2_viz/share/go2_viz/cmake/go2_vizConfig.cmake
-- Up-to-date symlink: /opt/mybotshop/install/go2_viz/share/go2_viz/cmake/go2_vizConfig-version.cmake
-- Symlinking: /opt/mybotshop/install/go2_viz/share/go2_viz/package.xml
