[1.841s] Invoking command in '/opt/mybotshop/build/go2_viz': CMAKE_PREFIX_PATH=${CMAKE_PREFIX_PATH}:/opt/ros/foxy /usr/bin/cmake /opt/mybotshop/src/mybotshop/go2_viz -DAMENT_CMAKE_SYMLINK_INSTALL=1 -DCMAKE_INSTALL_PREFIX=/opt/mybotshop/install/go2_viz
[2.122s] -- The C compiler identification is GNU 9.4.0
[2.386s] -- The CXX compiler identification is GNU 9.4.0
[2.415s] -- Check for working C compiler: /usr/bin/cc
[2.852s] -- Check for working C compiler: /usr/bin/cc -- works
[2.854s] -- Detecting C compiler ABI info
[3.244s] -- Detecting C compiler ABI info - done
[3.311s] -- Detecting C compile features
[3.311s] -- Detecting C compile features - done
[3.329s] -- Check for working CXX compiler: /usr/bin/c++
[3.729s] -- Check for working CXX compiler: /usr/bin/c++ -- works
[3.732s] -- Detecting CXX compiler ABI info
[4.016s] -- Detecting CXX compiler ABI info - done
[4.080s] -- Detecting CXX compile features
[4.081s] -- Detecting CXX compile features - done
[4.092s] -- Found ament_cmake: 0.9.12 (/opt/ros/foxy/share/ament_cmake/cmake)
[4.169s] -- Found PythonInterp: /usr/bin/python3 (found suitable version "3.8.10", minimum required is "3") 
[4.169s] -- Using PYTHON_EXECUTABLE: /usr/bin/python3
[4.902s] -- Override CMake install command with custom implementation using symlinks instead of copying resources
[5.226s] -- Configuring done
[5.258s] -- Generating done
[5.272s] -- Build files have been written to: /opt/mybotshop/build/go2_viz
[5.311s] Invoked command in '/opt/mybotshop/build/go2_viz' returned '0': CMAKE_PREFIX_PATH=${CMAKE_PREFIX_PATH}:/opt/ros/foxy /usr/bin/cmake /opt/mybotshop/src/mybotshop/go2_viz -DAMENT_CMAKE_SYMLINK_INSTALL=1 -DCMAKE_INSTALL_PREFIX=/opt/mybotshop/install/go2_viz
[5.313s] Invoking command in '/opt/mybotshop/build/go2_viz': CMAKE_PREFIX_PATH=${CMAKE_PREFIX_PATH}:/opt/ros/foxy /usr/bin/cmake --build /opt/mybotshop/build/go2_viz -- -j6 -l6
[12.692s] Invoked command in '/opt/mybotshop/build/go2_viz' returned '0': CMAKE_PREFIX_PATH=${CMAKE_PREFIX_PATH}:/opt/ros/foxy /usr/bin/cmake --build /opt/mybotshop/build/go2_viz -- -j6 -l6
[12.968s] Invoking command in '/opt/mybotshop/build/go2_viz': CMAKE_PREFIX_PATH=${CMAKE_PREFIX_PATH}:/opt/ros/foxy /usr/bin/cmake --install /opt/mybotshop/build/go2_viz
[13.075s] -- Install configuration: ""
[13.075s] -- Execute custom install script
[13.082s] -- Symlinking: /opt/mybotshop/install/go2_viz/share/go2_viz/launch/view_robot.launch.py
[13.260s] -- Symlinking: /opt/mybotshop/install/go2_viz/share/go2_viz/rviz/model.rviz
[13.391s] -- Symlinking: /opt/mybotshop/install/go2_viz/share/go2_viz/rviz/robot.rviz
[13.510s] -- Up-to-date symlink: /opt/mybotshop/install/go2_viz/share/ament_index/resource_index/package_run_dependencies/go2_viz
[13.510s] -- Up-to-date symlink: /opt/mybotshop/install/go2_viz/share/ament_index/resource_index/parent_prefix_path/go2_viz
[13.510s] -- Up-to-date symlink: /opt/mybotshop/install/go2_viz/share/go2_viz/environment/ament_prefix_path.sh
[13.511s] -- Up-to-date symlink: /opt/mybotshop/install/go2_viz/share/go2_viz/environment/ament_prefix_path.dsv
[13.518s] -- Up-to-date symlink: /opt/mybotshop/install/go2_viz/share/go2_viz/environment/path.sh
[13.518s] -- Up-to-date symlink: /opt/mybotshop/install/go2_viz/share/go2_viz/environment/path.dsv
[13.518s] -- Up-to-date symlink: /opt/mybotshop/install/go2_viz/share/go2_viz/local_setup.bash
[13.518s] -- Up-to-date symlink: /opt/mybotshop/install/go2_viz/share/go2_viz/local_setup.sh
[13.519s] -- Up-to-date symlink: /opt/mybotshop/install/go2_viz/share/go2_viz/local_setup.zsh
[13.519s] -- Up-to-date symlink: /opt/mybotshop/install/go2_viz/share/go2_viz/local_setup.dsv
[13.519s] -- Symlinking: /opt/mybotshop/install/go2_viz/share/go2_viz/package.dsv
[13.717s] -- Up-to-date symlink: /opt/mybotshop/install/go2_viz/share/ament_index/resource_index/packages/go2_viz
[13.717s] -- Up-to-date symlink: /opt/mybotshop/install/go2_viz/share/go2_viz/cmake/go2_vizConfig.cmake
[13.717s] -- Up-to-date symlink: /opt/mybotshop/install/go2_viz/share/go2_viz/cmake/go2_vizConfig-version.cmake
[13.717s] -- Symlinking: /opt/mybotshop/install/go2_viz/share/go2_viz/package.xml
[13.932s] Invoked command in '/opt/mybotshop/build/go2_viz' returned '0': CMAKE_PREFIX_PATH=${CMAKE_PREFIX_PATH}:/opt/ros/foxy /usr/bin/cmake --install /opt/mybotshop/build/go2_viz
