-- The C compiler identification is GNU 9.4.0
-- The CXX compiler identification is GNU 9.4.0
-- Check for working C compiler: /usr/bin/cc
-- Check for working C compiler: /usr/bin/cc -- works
-- Detecting C compiler ABI info
-- Detecting C compiler ABI info - done
-- Detecting C compile features
-- Detecting C compile features - done
-- Check for working CXX compiler: /usr/bin/c++
-- Check for working CXX compiler: /usr/bin/c++ -- works
-- Detecting CXX compiler ABI info
-- Detecting CXX compiler ABI info - done
-- Detecting CXX compile features
-- Detecting CXX compile features - done
-- Found ament_cmake: 0.9.12 (/opt/ros/foxy/share/ament_cmake/cmake)
-- Found PythonInterp: /usr/bin/python3 (found suitable version "3.8.10", minimum required is "3") 
-- Using PYTHON_EXECUTABLE: /usr/bin/python3
-- Override CMake install command with custom implementation using symlinks instead of copying resources
-- Found rclcpp: 2.4.3 (/opt/ros/foxy/share/rclcpp/cmake)
-- Using all available rosidl_typesupport_c: rosidl_typesupport_fastrtps_c;rosidl_typesupport_introspection_c
-- Found rosidl_adapter: 1.3.1 (/opt/ros/foxy/share/rosidl_adapter/cmake)
-- Found OpenSSL: /usr/lib/aarch64-linux-gnu/libcrypto.so (found version "1.1.1f")  
-- Found FastRTPS: /opt/ros/foxy/include  
-- Using all available rosidl_typesupport_cpp: rosidl_typesupport_fastrtps_cpp;rosidl_typesupport_introspection_cpp
-- Found rmw_implementation_cmake: 1.0.4 (/opt/ros/foxy/share/rmw_implementation_cmake/cmake)
-- Using RMW implementation 'rmw_cyclonedds_cpp' as default
-- Looking for pthread.h
-- Looking for pthread.h - found
-- Performing Test CMAKE_HAVE_LIBC_PTHREAD
-- Performing Test CMAKE_HAVE_LIBC_PTHREAD - Failed
-- Looking for pthread_create in pthreads
-- Looking for pthread_create in pthreads - not found
-- Looking for pthread_create in pthread
-- Looking for pthread_create in pthread - found
-- Found Threads: TRUE  
-- Found rclpy: 1.0.13 (/opt/ros/foxy/share/rclpy/cmake)
-- Found geometry_msgs: 2.0.5 (/opt/ros/foxy/share/geometry_msgs/cmake)
-- Found sensor_msgs: 2.0.5 (/opt/ros/foxy/share/sensor_msgs/cmake)
-- Found visualization_msgs: 2.0.5 (/opt/ros/foxy/share/visualization_msgs/cmake)
-- Found go2_interface: 0.1.0 (/opt/mybotshop/install/go2_interface/share/go2_interface/cmake)
-- Configuring done
-- Generating done
-- Build files have been written to: /opt/mybotshop/build/go2_lidars
[35m[1mScanning dependencies of target simple_obstacle_avoidance[0m
[ 50%] [32mBuilding CXX object CMakeFiles/simple_obstacle_avoidance.dir/src/obstacle_avoidance.cpp.o[0m
[100%] [32m[1mLinking CXX executable simple_obstacle_avoidance[0m
[100%] Built target simple_obstacle_avoidance
-- Install configuration: ""
-- Execute custom install script
-- Symlinking: /opt/mybotshop/install/go2_lidars/lib/go2_lidars/simple_obstacle_avoidance
-- Symlinking: /opt/mybotshop/install/go2_lidars/share/go2_lidars/config/livox_mid360.json
-- Symlinking: /opt/mybotshop/install/go2_lidars/share/go2_lidars/config/ouster_params.yaml
-- Symlinking: /opt/mybotshop/install/go2_lidars/share/go2_lidars/launch/hesai.launch.py
-- Symlinking: /opt/mybotshop/install/go2_lidars/share/go2_lidars/launch/livox_mid360.launch.py
-- Symlinking: /opt/mybotshop/install/go2_lidars/share/go2_lidars/launch/obstacle_avoidance.launch.py
-- Symlinking: /opt/mybotshop/install/go2_lidars/share/go2_lidars/launch/ouster.launch.py
-- Symlinking: /opt/mybotshop/install/go2_lidars/share/ament_index/resource_index/package_run_dependencies/go2_lidars
-- Symlinking: /opt/mybotshop/install/go2_lidars/share/ament_index/resource_index/parent_prefix_path/go2_lidars
-- Symlinking: /opt/mybotshop/install/go2_lidars/share/go2_lidars/environment/ament_prefix_path.sh
-- Symlinking: /opt/mybotshop/install/go2_lidars/share/go2_lidars/environment/ament_prefix_path.dsv
-- Symlinking: /opt/mybotshop/install/go2_lidars/share/go2_lidars/environment/path.sh
-- Symlinking: /opt/mybotshop/install/go2_lidars/share/go2_lidars/environment/path.dsv
-- Symlinking: /opt/mybotshop/install/go2_lidars/share/go2_lidars/local_setup.bash
-- Symlinking: /opt/mybotshop/install/go2_lidars/share/go2_lidars/local_setup.sh
-- Symlinking: /opt/mybotshop/install/go2_lidars/share/go2_lidars/local_setup.zsh
-- Symlinking: /opt/mybotshop/install/go2_lidars/share/go2_lidars/local_setup.dsv
-- Symlinking: /opt/mybotshop/install/go2_lidars/share/go2_lidars/package.dsv
-- Symlinking: /opt/mybotshop/install/go2_lidars/share/ament_index/resource_index/packages/go2_lidars
-- Symlinking: /opt/mybotshop/install/go2_lidars/share/go2_lidars/cmake/go2_lidarsConfig.cmake
-- Symlinking: /opt/mybotshop/install/go2_lidars/share/go2_lidars/cmake/go2_lidarsConfig-version.cmake
-- Symlinking: /opt/mybotshop/install/go2_lidars/share/go2_lidars/package.xml
