[1.608s] Invoking command in '/opt/mybotshop/build/open_manipulator_msgs': CMAKE_PREFIX_PATH=${CMAKE_PREFIX_PATH}:/opt/ros/foxy /usr/bin/cmake /opt/mybotshop/src/third_party/robotic_arms/05Jun2025_open_manipulator/open_manipulator_msgs -DAMENT_CMAKE_SYMLINK_INSTALL=1 -DCMAKE_INSTALL_PREFIX=/opt/mybotshop/install/open_manipulator_msgs
[1.849s] -- The C compiler identification is GNU 9.4.0
[2.080s] -- The CXX compiler identification is GNU 9.4.0
[2.097s] -- Check for working C compiler: /usr/bin/cc
[2.472s] -- Check for working C compiler: /usr/bin/cc -- works
[2.472s] -- Detecting C compiler ABI info
[2.852s] -- Detecting C compiler ABI info - done
[2.889s] -- Detecting C compile features
[2.892s] -- Detecting C compile features - done
[2.912s] -- Check for working CXX compiler: /usr/bin/c++
[3.386s] -- Check for working CXX compiler: /usr/bin/c++ -- works
[3.400s] -- Detecting CXX compiler ABI info
[3.791s] -- Detecting CXX compiler ABI info - done
[3.858s] -- Detecting CXX compile features
[3.866s] -- Detecting CXX compile features - done
[3.879s] -- Found ament_cmake: 0.9.12 (/opt/ros/foxy/share/ament_cmake/cmake)
[3.984s] -- Found PythonInterp: /usr/bin/python3 (found suitable version "3.8.10", minimum required is "3") 
[3.985s] -- Using PYTHON_EXECUTABLE: /usr/bin/python3
[4.824s] -- Override CMake install command with custom implementation using symlinks instead of copying resources
[4.938s] -- Found geometry_msgs: 2.0.5 (/opt/ros/foxy/share/geometry_msgs/cmake)
[5.080s] -- Using all available rosidl_typesupport_c: rosidl_typesupport_fastrtps_c;rosidl_typesupport_introspection_c
[5.109s] -- Found rosidl_adapter: 1.3.1 (/opt/ros/foxy/share/rosidl_adapter/cmake)
[5.516s] -- Found OpenSSL: /usr/lib/aarch64-linux-gnu/libcrypto.so (found version "1.1.1f")  
[5.649s] -- Found FastRTPS: /opt/ros/foxy/include  
[5.982s] -- Using all available rosidl_typesupport_cpp: rosidl_typesupport_fastrtps_cpp;rosidl_typesupport_introspection_cpp
[6.264s] -- Found rosidl_default_generators: 1.0.1 (/opt/ros/foxy/share/rosidl_default_generators/cmake)
[6.364s] -- Found PythonInterp: /usr/bin/python3 (found version "3.8.10") 
[7.053s] -- Found ament_cmake_cppcheck: 0.9.8 (/opt/ros/foxy/share/ament_cmake_cppcheck/cmake)
[7.063s] -- Found ament_cmake_cpplint: 0.9.8 (/opt/ros/foxy/share/ament_cmake_cpplint/cmake)
[7.069s] -- Found ament_cmake_uncrustify: 0.9.8 (/opt/ros/foxy/share/ament_cmake_uncrustify/cmake)
[7.079s] -- Found ament_cmake_ros: 0.9.2 (/opt/ros/foxy/share/ament_cmake_ros/cmake)
[8.217s] -- Using all available rosidl_typesupport_c: rosidl_typesupport_fastrtps_c;rosidl_typesupport_introspection_c
[8.708s] -- Using all available rosidl_typesupport_cpp: rosidl_typesupport_fastrtps_cpp;rosidl_typesupport_introspection_cpp
[8.838s] -- Found PythonInterp: /usr/bin/python3 (found suitable version "3.8.10", minimum required is "3.5") 
[8.853s] -- Found python_cmake_module: 0.8.1 (/opt/ros/foxy/share/python_cmake_module/cmake)
[8.984s] -- Found PythonLibs: /usr/lib/aarch64-linux-gnu/libpython3.8.so (found suitable version "3.8.10", minimum required is "3.5") 
[8.988s] -- Using PYTHON_EXECUTABLE: /usr/bin/python3
[8.988s] -- Using PYTHON_INCLUDE_DIRS: /usr/include/python3.8
[8.988s] -- Using PYTHON_LIBRARIES: /usr/lib/aarch64-linux-gnu/libpython3.8.so
[9.119s] -- Found PythonExtra: .so  
[9.475s] -- Found ament_cmake_flake8: 0.9.8 (/opt/ros/foxy/share/ament_cmake_flake8/cmake)
[9.484s] -- Found ament_cmake_pep257: 0.9.8 (/opt/ros/foxy/share/ament_cmake_pep257/cmake)
[9.610s] -- Configuring done
[10.460s] -- Generating done
[10.497s] -- Build files have been written to: /opt/mybotshop/build/open_manipulator_msgs
[10.692s] Invoked command in '/opt/mybotshop/build/open_manipulator_msgs' returned '0': CMAKE_PREFIX_PATH=${CMAKE_PREFIX_PATH}:/opt/ros/foxy /usr/bin/cmake /opt/mybotshop/src/third_party/robotic_arms/05Jun2025_open_manipulator/open_manipulator_msgs -DAMENT_CMAKE_SYMLINK_INSTALL=1 -DCMAKE_INSTALL_PREFIX=/opt/mybotshop/install/open_manipulator_msgs
[10.695s] Invoking command in '/opt/mybotshop/build/open_manipulator_msgs': CMAKE_PREFIX_PATH=${CMAKE_PREFIX_PATH}:/opt/ros/foxy /usr/bin/cmake --build /opt/mybotshop/build/open_manipulator_msgs -- -j6 -l6
[11.232s] [35m[1mScanning dependencies of target open_manipulator_msgs__cpp[0m
[11.273s] [  1%] [34m[1mGenerating C code for ROS interfaces[0m
[11.372s] [  2%] [34m[1mGenerating C++ code for ROS interfaces[0m
[20.396s] [  2%] Built target open_manipulator_msgs__cpp
[21.018s] [35m[1mScanning dependencies of target open_manipulator_msgs__rosidl_generator_c[0m
[21.204s] [  3%] [32mBuilding C object CMakeFiles/open_manipulator_msgs__rosidl_generator_c.dir/rosidl_generator_c/open_manipulator_msgs/msg/detail/joint_position__functions.c.o[0m
[21.662s] [  4%] [32mBuilding C object CMakeFiles/open_manipulator_msgs__rosidl_generator_c.dir/rosidl_generator_c/open_manipulator_msgs/msg/detail/open_manipulator_state__functions.c.o[0m
[22.062s] [  5%] [32mBuilding C object CMakeFiles/open_manipulator_msgs__rosidl_generator_c.dir/rosidl_generator_c/open_manipulator_msgs/srv/detail/get_joint_position__functions.c.o[0m
[22.394s] [  6%] [32mBuilding C object CMakeFiles/open_manipulator_msgs__rosidl_generator_c.dir/rosidl_generator_c/open_manipulator_msgs/srv/detail/get_kinematics_pose__functions.c.o[0m
[22.761s] [  7%] [32mBuilding C object CMakeFiles/open_manipulator_msgs__rosidl_generator_c.dir/rosidl_generator_c/open_manipulator_msgs/srv/detail/set_joint_position__functions.c.o[0m
[23.152s] [  8%] [32mBuilding C object CMakeFiles/open_manipulator_msgs__rosidl_generator_c.dir/rosidl_generator_c/open_manipulator_msgs/srv/detail/set_kinematics_pose__functions.c.o[0m
[23.500s] [  9%] [32mBuilding C object CMakeFiles/open_manipulator_msgs__rosidl_generator_c.dir/rosidl_generator_c/open_manipulator_msgs/srv/detail/set_drawing_trajectory__functions.c.o[0m
[23.805s] [ 10%] [32mBuilding C object CMakeFiles/open_manipulator_msgs__rosidl_generator_c.dir/rosidl_generator_c/open_manipulator_msgs/srv/detail/set_actuator_state__functions.c.o[0m
[24.076s] [ 11%] [32mBuilding C object CMakeFiles/open_manipulator_msgs__rosidl_generator_c.dir/rosidl_generator_c/open_manipulator_msgs/msg/detail/kinematics_pose__functions.c.o[0m
[24.306s] [ 12%] [32m[1mLinking C shared library libopen_manipulator_msgs__rosidl_generator_c.so[0m
[24.564s] [ 12%] Built target open_manipulator_msgs__rosidl_generator_c
[24.620s] [ 13%] [34m[1mGenerating C++ introspection for ROS interfaces[0m
[27.293s] [35m[1mScanning dependencies of target open_manipulator_msgs__rosidl_typesupport_introspection_cpp[0m
[27.433s] [ 14%] [32mBuilding CXX object CMakeFiles/open_manipulator_msgs__rosidl_typesupport_introspection_cpp.dir/rosidl_typesupport_introspection_cpp/open_manipulator_msgs/msg/detail/joint_position__type_support.cpp.o[0m
[28.740s] [ 15%] [32mBuilding CXX object CMakeFiles/open_manipulator_msgs__rosidl_typesupport_introspection_cpp.dir/rosidl_typesupport_introspection_cpp/open_manipulator_msgs/msg/detail/kinematics_pose__type_support.cpp.o[0m
[29.833s] [ 16%] [32mBuilding CXX object CMakeFiles/open_manipulator_msgs__rosidl_typesupport_introspection_cpp.dir/rosidl_typesupport_introspection_cpp/open_manipulator_msgs/msg/detail/open_manipulator_state__type_support.cpp.o[0m
[30.997s] [ 17%] [32mBuilding CXX object CMakeFiles/open_manipulator_msgs__rosidl_typesupport_introspection_cpp.dir/rosidl_typesupport_introspection_cpp/open_manipulator_msgs/srv/detail/get_joint_position__type_support.cpp.o[0m
[32.234s] [ 18%] [32mBuilding CXX object CMakeFiles/open_manipulator_msgs__rosidl_typesupport_introspection_cpp.dir/rosidl_typesupport_introspection_cpp/open_manipulator_msgs/srv/detail/get_kinematics_pose__type_support.cpp.o[0m
[33.148s] [ 20%] [32mBuilding CXX object CMakeFiles/open_manipulator_msgs__rosidl_typesupport_introspection_cpp.dir/rosidl_typesupport_introspection_cpp/open_manipulator_msgs/srv/detail/set_joint_position__type_support.cpp.o[0m
[34.412s] [ 21%] [32mBuilding CXX object CMakeFiles/open_manipulator_msgs__rosidl_typesupport_introspection_cpp.dir/rosidl_typesupport_introspection_cpp/open_manipulator_msgs/srv/detail/set_kinematics_pose__type_support.cpp.o[0m
[35.235s] [ 22%] [32mBuilding CXX object CMakeFiles/open_manipulator_msgs__rosidl_typesupport_introspection_cpp.dir/rosidl_typesupport_introspection_cpp/open_manipulator_msgs/srv/detail/set_drawing_trajectory__type_support.cpp.o[0m
[36.621s] [ 23%] [32mBuilding CXX object CMakeFiles/open_manipulator_msgs__rosidl_typesupport_introspection_cpp.dir/rosidl_typesupport_introspection_cpp/open_manipulator_msgs/srv/detail/set_actuator_state__type_support.cpp.o[0m
[37.722s] [ 24%] [32m[1mLinking CXX shared library libopen_manipulator_msgs__rosidl_typesupport_introspection_cpp.so[0m
[38.315s] [ 24%] Built target open_manipulator_msgs__rosidl_typesupport_introspection_cpp
[38.443s] [ 25%] [34m[1mGenerating C introspection for ROS interfaces[0m
[45.944s] [35m[1mScanning dependencies of target open_manipulator_msgs__rosidl_typesupport_introspection_c[0m
[46.044s] [ 26%] [32mBuilding C object CMakeFiles/open_manipulator_msgs__rosidl_typesupport_introspection_c.dir/rosidl_typesupport_introspection_c/open_manipulator_msgs/msg/detail/joint_position__type_support.c.o[0m
[46.221s] [ 27%] [32mBuilding C object CMakeFiles/open_manipulator_msgs__rosidl_typesupport_introspection_c.dir/rosidl_typesupport_introspection_c/open_manipulator_msgs/msg/detail/open_manipulator_state__type_support.c.o[0m
[46.404s] [ 28%] [32mBuilding C object CMakeFiles/open_manipulator_msgs__rosidl_typesupport_introspection_c.dir/rosidl_typesupport_introspection_c/open_manipulator_msgs/srv/detail/get_joint_position__type_support.c.o[0m
[46.549s] [ 29%] [32mBuilding C object CMakeFiles/open_manipulator_msgs__rosidl_typesupport_introspection_c.dir/rosidl_typesupport_introspection_c/open_manipulator_msgs/srv/detail/get_kinematics_pose__type_support.c.o[0m
[46.760s] [ 30%] [32mBuilding C object CMakeFiles/open_manipulator_msgs__rosidl_typesupport_introspection_c.dir/rosidl_typesupport_introspection_c/open_manipulator_msgs/srv/detail/set_joint_position__type_support.c.o[0m
[46.900s] [ 31%] [32mBuilding C object CMakeFiles/open_manipulator_msgs__rosidl_typesupport_introspection_c.dir/rosidl_typesupport_introspection_c/open_manipulator_msgs/srv/detail/set_kinematics_pose__type_support.c.o[0m
[47.014s] [ 32%] [32mBuilding C object CMakeFiles/open_manipulator_msgs__rosidl_typesupport_introspection_c.dir/rosidl_typesupport_introspection_c/open_manipulator_msgs/srv/detail/set_drawing_trajectory__type_support.c.o[0m
[47.181s] [ 33%] [32mBuilding C object CMakeFiles/open_manipulator_msgs__rosidl_typesupport_introspection_c.dir/rosidl_typesupport_introspection_c/open_manipulator_msgs/srv/detail/set_actuator_state__type_support.c.o[0m
[47.312s] [ 34%] [32mBuilding C object CMakeFiles/open_manipulator_msgs__rosidl_typesupport_introspection_c.dir/rosidl_typesupport_introspection_c/open_manipulator_msgs/msg/detail/kinematics_pose__type_support.c.o[0m
[47.440s] [ 35%] [32m[1mLinking C shared library libopen_manipulator_msgs__rosidl_typesupport_introspection_c.so[0m
[47.627s] [ 35%] Built target open_manipulator_msgs__rosidl_typesupport_introspection_c
[47.673s] [ 36%] [34m[1mGenerating C type support dispatch for ROS interfaces[0m
[49.438s] [35m[1mScanning dependencies of target open_manipulator_msgs__rosidl_typesupport_c[0m
[49.512s] [ 37%] [32mBuilding CXX object CMakeFiles/open_manipulator_msgs__rosidl_typesupport_c.dir/rosidl_typesupport_c/open_manipulator_msgs/msg/joint_position__type_support.cpp.o[0m
[49.660s] [ 38%] [32mBuilding CXX object CMakeFiles/open_manipulator_msgs__rosidl_typesupport_c.dir/rosidl_typesupport_c/open_manipulator_msgs/srv/get_joint_position__type_support.cpp.o[0m
[49.845s] [ 40%] [32mBuilding CXX object CMakeFiles/open_manipulator_msgs__rosidl_typesupport_c.dir/rosidl_typesupport_c/open_manipulator_msgs/srv/get_kinematics_pose__type_support.cpp.o[0m
[50.012s] [ 41%] [32mBuilding CXX object CMakeFiles/open_manipulator_msgs__rosidl_typesupport_c.dir/rosidl_typesupport_c/open_manipulator_msgs/srv/set_joint_position__type_support.cpp.o[0m
[50.183s] [ 42%] [32mBuilding CXX object CMakeFiles/open_manipulator_msgs__rosidl_typesupport_c.dir/rosidl_typesupport_c/open_manipulator_msgs/srv/set_kinematics_pose__type_support.cpp.o[0m
[50.369s] [ 43%] [32mBuilding CXX object CMakeFiles/open_manipulator_msgs__rosidl_typesupport_c.dir/rosidl_typesupport_c/open_manipulator_msgs/srv/set_drawing_trajectory__type_support.cpp.o[0m
[50.519s] [ 44%] [32mBuilding CXX object CMakeFiles/open_manipulator_msgs__rosidl_typesupport_c.dir/rosidl_typesupport_c/open_manipulator_msgs/srv/set_actuator_state__type_support.cpp.o[0m
[50.688s] [ 45%] [32mBuilding CXX object CMakeFiles/open_manipulator_msgs__rosidl_typesupport_c.dir/rosidl_typesupport_c/open_manipulator_msgs/msg/open_manipulator_state__type_support.cpp.o[0m
[50.954s] [ 46%] [32mBuilding CXX object CMakeFiles/open_manipulator_msgs__rosidl_typesupport_c.dir/rosidl_typesupport_c/open_manipulator_msgs/msg/kinematics_pose__type_support.cpp.o[0m
[51.127s] [ 47%] [32m[1mLinking CXX shared library libopen_manipulator_msgs__rosidl_typesupport_c.so[0m
[51.286s] [ 47%] Built target open_manipulator_msgs__rosidl_typesupport_c
[51.329s] [ 48%] [34m[1mGenerating C++ type support for eProsima Fast-RTPS[0m
[54.442s] [35m[1mScanning dependencies of target open_manipulator_msgs__rosidl_typesupport_fastrtps_cpp[0m
[54.565s] [ 49%] [32mBuilding CXX object CMakeFiles/open_manipulator_msgs__rosidl_typesupport_fastrtps_cpp.dir/rosidl_typesupport_fastrtps_cpp/open_manipulator_msgs/msg/detail/dds_fastrtps/joint_position__type_support.cpp.o[0m
[56.630s] [ 50%] [32mBuilding CXX object CMakeFiles/open_manipulator_msgs__rosidl_typesupport_fastrtps_cpp.dir/rosidl_typesupport_fastrtps_cpp/open_manipulator_msgs/srv/detail/dds_fastrtps/get_kinematics_pose__type_support.cpp.o[0m
[58.332s] [ 51%] [32mBuilding CXX object CMakeFiles/open_manipulator_msgs__rosidl_typesupport_fastrtps_cpp.dir/rosidl_typesupport_fastrtps_cpp/open_manipulator_msgs/srv/detail/dds_fastrtps/set_joint_position__type_support.cpp.o[0m
[60.068s] [ 52%] [32mBuilding CXX object CMakeFiles/open_manipulator_msgs__rosidl_typesupport_fastrtps_cpp.dir/rosidl_typesupport_fastrtps_cpp/open_manipulator_msgs/srv/detail/dds_fastrtps/set_kinematics_pose__type_support.cpp.o[0m
[61.899s] [ 53%] [32mBuilding CXX object CMakeFiles/open_manipulator_msgs__rosidl_typesupport_fastrtps_cpp.dir/rosidl_typesupport_fastrtps_cpp/open_manipulator_msgs/srv/detail/dds_fastrtps/set_drawing_trajectory__type_support.cpp.o[0m
[63.516s] [ 54%] [32mBuilding CXX object CMakeFiles/open_manipulator_msgs__rosidl_typesupport_fastrtps_cpp.dir/rosidl_typesupport_fastrtps_cpp/open_manipulator_msgs/srv/detail/dds_fastrtps/set_actuator_state__type_support.cpp.o[0m
[64.954s] [ 55%] [32mBuilding CXX object CMakeFiles/open_manipulator_msgs__rosidl_typesupport_fastrtps_cpp.dir/rosidl_typesupport_fastrtps_cpp/open_manipulator_msgs/srv/detail/dds_fastrtps/get_joint_position__type_support.cpp.o[0m
[66.568s] [ 56%] [32mBuilding CXX object CMakeFiles/open_manipulator_msgs__rosidl_typesupport_fastrtps_cpp.dir/rosidl_typesupport_fastrtps_cpp/open_manipulator_msgs/msg/detail/dds_fastrtps/open_manipulator_state__type_support.cpp.o[0m
[68.045s] [ 57%] [32mBuilding CXX object CMakeFiles/open_manipulator_msgs__rosidl_typesupport_fastrtps_cpp.dir/rosidl_typesupport_fastrtps_cpp/open_manipulator_msgs/msg/detail/dds_fastrtps/kinematics_pose__type_support.cpp.o[0m
[69.574s] [ 58%] [32m[1mLinking CXX shared library libopen_manipulator_msgs__rosidl_typesupport_fastrtps_cpp.so[0m
[70.077s] [ 58%] Built target open_manipulator_msgs__rosidl_typesupport_fastrtps_cpp
[70.149s] [ 60%] [34m[1mGenerating C++ type support dispatch for ROS interfaces[0m
[72.239s] [35m[1mScanning dependencies of target open_manipulator_msgs__rosidl_typesupport_cpp[0m
[72.356s] [ 61%] [32mBuilding CXX object CMakeFiles/open_manipulator_msgs__rosidl_typesupport_cpp.dir/rosidl_typesupport_cpp/open_manipulator_msgs/msg/joint_position__type_support.cpp.o[0m
[73.279s] [ 62%] [32mBuilding CXX object CMakeFiles/open_manipulator_msgs__rosidl_typesupport_cpp.dir/rosidl_typesupport_cpp/open_manipulator_msgs/srv/get_kinematics_pose__type_support.cpp.o[0m
[74.664s] [ 63%] [32mBuilding CXX object CMakeFiles/open_manipulator_msgs__rosidl_typesupport_cpp.dir/rosidl_typesupport_cpp/open_manipulator_msgs/srv/set_joint_position__type_support.cpp.o[0m
[75.718s] [ 64%] [32mBuilding CXX object CMakeFiles/open_manipulator_msgs__rosidl_typesupport_cpp.dir/rosidl_typesupport_cpp/open_manipulator_msgs/srv/set_kinematics_pose__type_support.cpp.o[0m
[76.940s] [ 65%] [32mBuilding CXX object CMakeFiles/open_manipulator_msgs__rosidl_typesupport_cpp.dir/rosidl_typesupport_cpp/open_manipulator_msgs/srv/set_drawing_trajectory__type_support.cpp.o[0m
[78.264s] [ 66%] [32mBuilding CXX object CMakeFiles/open_manipulator_msgs__rosidl_typesupport_cpp.dir/rosidl_typesupport_cpp/open_manipulator_msgs/srv/set_actuator_state__type_support.cpp.o[0m
[79.518s] [ 67%] [32mBuilding CXX object CMakeFiles/open_manipulator_msgs__rosidl_typesupport_cpp.dir/rosidl_typesupport_cpp/open_manipulator_msgs/srv/get_joint_position__type_support.cpp.o[0m
[80.711s] [ 68%] [32mBuilding CXX object CMakeFiles/open_manipulator_msgs__rosidl_typesupport_cpp.dir/rosidl_typesupport_cpp/open_manipulator_msgs/msg/open_manipulator_state__type_support.cpp.o[0m
[81.975s] [ 69%] [32mBuilding CXX object CMakeFiles/open_manipulator_msgs__rosidl_typesupport_cpp.dir/rosidl_typesupport_cpp/open_manipulator_msgs/msg/kinematics_pose__type_support.cpp.o[0m
[82.757s] [ 70%] [32m[1mLinking CXX shared library libopen_manipulator_msgs__rosidl_typesupport_cpp.so[0m
[83.016s] [ 70%] Built target open_manipulator_msgs__rosidl_typesupport_cpp
[83.118s] [ 71%] [34m[1mGenerating C type support for eProsima Fast-RTPS[0m
[88.120s] [35m[1mScanning dependencies of target open_manipulator_msgs__rosidl_typesupport_fastrtps_c[0m
[88.538s] [ 72%] [32mBuilding CXX object CMakeFiles/open_manipulator_msgs__rosidl_typesupport_fastrtps_c.dir/rosidl_typesupport_fastrtps_c/open_manipulator_msgs/msg/detail/joint_position__type_support_c.cpp.o[0m
[91.052s] [ 73%] [32mBuilding CXX object CMakeFiles/open_manipulator_msgs__rosidl_typesupport_fastrtps_c.dir/rosidl_typesupport_fastrtps_c/open_manipulator_msgs/srv/detail/set_joint_position__type_support_c.cpp.o[0m
[92.400s] [ 74%] [32mBuilding CXX object CMakeFiles/open_manipulator_msgs__rosidl_typesupport_fastrtps_c.dir/rosidl_typesupport_fastrtps_c/open_manipulator_msgs/srv/detail/set_kinematics_pose__type_support_c.cpp.o[0m
[93.608s] [ 75%] [32mBuilding CXX object CMakeFiles/open_manipulator_msgs__rosidl_typesupport_fastrtps_c.dir/rosidl_typesupport_fastrtps_c/open_manipulator_msgs/srv/detail/set_drawing_trajectory__type_support_c.cpp.o[0m
[95.026s] [ 76%] [32mBuilding CXX object CMakeFiles/open_manipulator_msgs__rosidl_typesupport_fastrtps_c.dir/rosidl_typesupport_fastrtps_c/open_manipulator_msgs/srv/detail/set_actuator_state__type_support_c.cpp.o[0m
[96.261s] [ 77%] [32mBuilding CXX object CMakeFiles/open_manipulator_msgs__rosidl_typesupport_fastrtps_c.dir/rosidl_typesupport_fastrtps_c/open_manipulator_msgs/srv/detail/get_kinematics_pose__type_support_c.cpp.o[0m
[97.716s] [ 78%] [32mBuilding CXX object CMakeFiles/open_manipulator_msgs__rosidl_typesupport_fastrtps_c.dir/rosidl_typesupport_fastrtps_c/open_manipulator_msgs/srv/detail/get_joint_position__type_support_c.cpp.o[0m
[99.509s] [ 80%] [32mBuilding CXX object CMakeFiles/open_manipulator_msgs__rosidl_typesupport_fastrtps_c.dir/rosidl_typesupport_fastrtps_c/open_manipulator_msgs/msg/detail/open_manipulator_state__type_support_c.cpp.o[0m
[100.746s] [ 81%] [32mBuilding CXX object CMakeFiles/open_manipulator_msgs__rosidl_typesupport_fastrtps_c.dir/rosidl_typesupport_fastrtps_c/open_manipulator_msgs/msg/detail/kinematics_pose__type_support_c.cpp.o[0m
[102.043s] [ 82%] [32m[1mLinking CXX shared library libopen_manipulator_msgs__rosidl_typesupport_fastrtps_c.so[0m
[102.349s] [ 82%] Built target open_manipulator_msgs__rosidl_typesupport_fastrtps_c
[102.386s] [35m[1mScanning dependencies of target open_manipulator_msgs[0m
[102.428s] [ 82%] Built target open_manipulator_msgs
[102.480s] [35m[1mScanning dependencies of target open_manipulator_msgs__py[0m
[102.549s] [ 83%] [34m[1mGenerating Python code for ROS interfaces[0m
[114.191s] [ 83%] Built target open_manipulator_msgs__py
[114.248s] [35m[1mScanning dependencies of target open_manipulator_msgs__python[0m
[114.446s] [ 84%] [32mBuilding C object CMakeFiles/open_manipulator_msgs__python.dir/rosidl_generator_py/open_manipulator_msgs/msg/_joint_position_s.c.o[0m
[114.901s] [ 85%] [32mBuilding C object CMakeFiles/open_manipulator_msgs__python.dir/rosidl_generator_py/open_manipulator_msgs/srv/_set_joint_position_s.c.o[0m
[115.350s] [ 86%] [32mBuilding C object CMakeFiles/open_manipulator_msgs__python.dir/rosidl_generator_py/open_manipulator_msgs/srv/_set_kinematics_pose_s.c.o[0m
[115.884s] [ 87%] [32mBuilding C object CMakeFiles/open_manipulator_msgs__python.dir/rosidl_generator_py/open_manipulator_msgs/srv/_set_drawing_trajectory_s.c.o[0m
[116.315s] [ 88%] [32mBuilding C object CMakeFiles/open_manipulator_msgs__python.dir/rosidl_generator_py/open_manipulator_msgs/srv/_set_actuator_state_s.c.o[0m
[116.700s] [ 89%] [32mBuilding C object CMakeFiles/open_manipulator_msgs__python.dir/rosidl_generator_py/open_manipulator_msgs/srv/_get_kinematics_pose_s.c.o[0m
[117.108s] [ 90%] [32mBuilding C object CMakeFiles/open_manipulator_msgs__python.dir/rosidl_generator_py/open_manipulator_msgs/srv/_get_joint_position_s.c.o[0m
[117.408s] [ 91%] [32mBuilding C object CMakeFiles/open_manipulator_msgs__python.dir/rosidl_generator_py/open_manipulator_msgs/msg/_open_manipulator_state_s.c.o[0m
[117.864s] [ 92%] [32mBuilding C object CMakeFiles/open_manipulator_msgs__python.dir/rosidl_generator_py/open_manipulator_msgs/msg/_kinematics_pose_s.c.o[0m
[118.161s] [ 93%] [32m[1mLinking C shared library rosidl_generator_py/open_manipulator_msgs/libopen_manipulator_msgs__python.so[0m
[118.386s] [ 93%] Built target open_manipulator_msgs__python
[118.432s] [35m[1mScanning dependencies of target open_manipulator_msgs__rosidl_typesupport_introspection_c__pyext[0m
[118.519s] [ 94%] [32mBuilding C object CMakeFiles/open_manipulator_msgs__rosidl_typesupport_introspection_c__pyext.dir/rosidl_generator_py/open_manipulator_msgs/_open_manipulator_msgs_s.ep.rosidl_typesupport_introspection_c.c.o[0m
[118.991s] [ 95%] [32m[1mLinking C shared library rosidl_generator_py/open_manipulator_msgs/open_manipulator_msgs_s__rosidl_typesupport_introspection_c.cpython-38-aarch64-linux-gnu.so[0m
[119.150s] [ 95%] Built target open_manipulator_msgs__rosidl_typesupport_introspection_c__pyext
[119.207s] [35m[1mScanning dependencies of target open_manipulator_msgs__rosidl_typesupport_c__pyext[0m
[119.309s] [ 96%] [32mBuilding C object CMakeFiles/open_manipulator_msgs__rosidl_typesupport_c__pyext.dir/rosidl_generator_py/open_manipulator_msgs/_open_manipulator_msgs_s.ep.rosidl_typesupport_c.c.o[0m
[119.843s] [ 97%] [32m[1mLinking C shared library rosidl_generator_py/open_manipulator_msgs/open_manipulator_msgs_s__rosidl_typesupport_c.cpython-38-aarch64-linux-gnu.so[0m
[120.063s] [ 97%] Built target open_manipulator_msgs__rosidl_typesupport_c__pyext
[120.134s] [35m[1mScanning dependencies of target open_manipulator_msgs__rosidl_typesupport_fastrtps_c__pyext[0m
[120.231s] [ 98%] [32mBuilding C object CMakeFiles/open_manipulator_msgs__rosidl_typesupport_fastrtps_c__pyext.dir/rosidl_generator_py/open_manipulator_msgs/_open_manipulator_msgs_s.ep.rosidl_typesupport_fastrtps_c.c.o[0m
[120.797s] [100%] [32m[1mLinking CXX shared library rosidl_generator_py/open_manipulator_msgs/open_manipulator_msgs_s__rosidl_typesupport_fastrtps_c.cpython-38-aarch64-linux-gnu.so[0m
[121.169s] [100%] Built target open_manipulator_msgs__rosidl_typesupport_fastrtps_c__pyext
[122.341s] Invoked command in '/opt/mybotshop/build/open_manipulator_msgs' returned '0': CMAKE_PREFIX_PATH=${CMAKE_PREFIX_PATH}:/opt/ros/foxy /usr/bin/cmake --build /opt/mybotshop/build/open_manipulator_msgs -- -j6 -l6
[124.704s] Invoking command in '/opt/mybotshop/build/open_manipulator_msgs': CMAKE_PREFIX_PATH=${CMAKE_PREFIX_PATH}:/opt/ros/foxy /usr/bin/cmake --install /opt/mybotshop/build/open_manipulator_msgs
[125.914s] -- Install configuration: ""
[125.914s] -- Execute custom install script
[125.914s] -- Up-to-date symlink: /opt/mybotshop/install/open_manipulator_msgs/share/ament_index/resource_index/rosidl_interfaces/open_manipulator_msgs
[125.915s] -- Up-to-date symlink: /opt/mybotshop/install/open_manipulator_msgs/include/open_manipulator_msgs/msg/detail/joint_position__functions.h
[125.915s] -- Up-to-date symlink: /opt/mybotshop/install/open_manipulator_msgs/include/open_manipulator_msgs/msg/detail/joint_position__struct.h
[125.916s] -- Up-to-date symlink: /opt/mybotshop/install/open_manipulator_msgs/include/open_manipulator_msgs/msg/detail/joint_position__type_support.h
[125.916s] -- Up-to-date symlink: /opt/mybotshop/install/open_manipulator_msgs/include/open_manipulator_msgs/msg/detail/kinematics_pose__functions.h
[125.916s] -- Up-to-date symlink: /opt/mybotshop/install/open_manipulator_msgs/include/open_manipulator_msgs/msg/detail/kinematics_pose__struct.h
[125.916s] -- Up-to-date symlink: /opt/mybotshop/install/open_manipulator_msgs/include/open_manipulator_msgs/msg/detail/kinematics_pose__type_support.h
[125.916s] -- Up-to-date symlink: /opt/mybotshop/install/open_manipulator_msgs/include/open_manipulator_msgs/msg/detail/open_manipulator_state__functions.h
[125.916s] -- Up-to-date symlink: /opt/mybotshop/install/open_manipulator_msgs/include/open_manipulator_msgs/msg/detail/open_manipulator_state__struct.h
[125.917s] -- Up-to-date symlink: /opt/mybotshop/install/open_manipulator_msgs/include/open_manipulator_msgs/msg/detail/open_manipulator_state__type_support.h
[125.917s] -- Up-to-date symlink: /opt/mybotshop/install/open_manipulator_msgs/include/open_manipulator_msgs/msg/joint_position.h
[125.917s] -- Up-to-date symlink: /opt/mybotshop/install/open_manipulator_msgs/include/open_manipulator_msgs/msg/kinematics_pose.h
[125.917s] -- Up-to-date symlink: /opt/mybotshop/install/open_manipulator_msgs/include/open_manipulator_msgs/msg/open_manipulator_state.h
[125.917s] -- Up-to-date symlink: /opt/mybotshop/install/open_manipulator_msgs/include/open_manipulator_msgs/msg/rosidl_generator_c__visibility_control.h
[125.917s] -- Up-to-date symlink: /opt/mybotshop/install/open_manipulator_msgs/include/open_manipulator_msgs/srv/detail/get_joint_position__functions.h
[125.917s] -- Up-to-date symlink: /opt/mybotshop/install/open_manipulator_msgs/include/open_manipulator_msgs/srv/detail/get_joint_position__struct.h
[125.918s] -- Up-to-date symlink: /opt/mybotshop/install/open_manipulator_msgs/include/open_manipulator_msgs/srv/detail/get_joint_position__type_support.h
[125.918s] -- Up-to-date symlink: /opt/mybotshop/install/open_manipulator_msgs/include/open_manipulator_msgs/srv/detail/get_kinematics_pose__functions.h
[125.918s] -- Up-to-date symlink: /opt/mybotshop/install/open_manipulator_msgs/include/open_manipulator_msgs/srv/detail/get_kinematics_pose__struct.h
[125.933s] -- Up-to-date symlink: /opt/mybotshop/install/open_manipulator_msgs/include/open_manipulator_msgs/srv/detail/get_kinematics_pose__type_support.h
[125.934s] -- Up-to-date symlink: /opt/mybotshop/install/open_manipulator_msgs/include/open_manipulator_msgs/srv/detail/set_actuator_state__functions.h
[125.934s] -- Up-to-date symlink: /opt/mybotshop/install/open_manipulator_msgs/include/open_manipulator_msgs/srv/detail/set_actuator_state__struct.h
[125.939s] -- Up-to-date symlink: /opt/mybotshop/install/open_manipulator_msgs/include/open_manipulator_msgs/srv/detail/set_actuator_state__type_support.h
[125.940s] -- Up-to-date symlink: /opt/mybotshop/install/open_manipulator_msgs/include/open_manipulator_msgs/srv/detail/set_drawing_trajectory__functions.h
[125.940s] -- Up-to-date symlink: /opt/mybotshop/install/open_manipulator_msgs/include/open_manipulator_msgs/srv/detail/set_drawing_trajectory__struct.h
[125.940s] -- Up-to-date symlink: /opt/mybotshop/install/open_manipulator_msgs/include/open_manipulator_msgs/srv/detail/set_drawing_trajectory__type_support.h
[125.940s] -- Up-to-date symlink: /opt/mybotshop/install/open_manipulator_msgs/include/open_manipulator_msgs/srv/detail/set_joint_position__functions.h
[125.941s] -- Up-to-date symlink: /opt/mybotshop/install/open_manipulator_msgs/include/open_manipulator_msgs/srv/detail/set_joint_position__struct.h
[125.941s] -- Up-to-date symlink: /opt/mybotshop/install/open_manipulator_msgs/include/open_manipulator_msgs/srv/detail/set_joint_position__type_support.h
[125.941s] -- Up-to-date symlink: /opt/mybotshop/install/open_manipulator_msgs/include/open_manipulator_msgs/srv/detail/set_kinematics_pose__functions.h
[125.941s] -- Up-to-date symlink: /opt/mybotshop/install/open_manipulator_msgs/include/open_manipulator_msgs/srv/detail/set_kinematics_pose__struct.h
[125.941s] -- Up-to-date symlink: /opt/mybotshop/install/open_manipulator_msgs/include/open_manipulator_msgs/srv/detail/set_kinematics_pose__type_support.h
[125.941s] -- Up-to-date symlink: /opt/mybotshop/install/open_manipulator_msgs/include/open_manipulator_msgs/srv/get_joint_position.h
[125.942s] -- Up-to-date symlink: /opt/mybotshop/install/open_manipulator_msgs/include/open_manipulator_msgs/srv/get_kinematics_pose.h
[125.942s] -- Up-to-date symlink: /opt/mybotshop/install/open_manipulator_msgs/include/open_manipulator_msgs/srv/set_actuator_state.h
[125.942s] -- Up-to-date symlink: /opt/mybotshop/install/open_manipulator_msgs/include/open_manipulator_msgs/srv/set_drawing_trajectory.h
[125.942s] -- Up-to-date symlink: /opt/mybotshop/install/open_manipulator_msgs/include/open_manipulator_msgs/srv/set_joint_position.h
[125.942s] -- Up-to-date symlink: /opt/mybotshop/install/open_manipulator_msgs/include/open_manipulator_msgs/srv/set_kinematics_pose.h
[125.942s] -- Up-to-date symlink: /opt/mybotshop/install/open_manipulator_msgs/share/open_manipulator_msgs/environment/library_path.sh
[125.942s] -- Up-to-date symlink: /opt/mybotshop/install/open_manipulator_msgs/share/open_manipulator_msgs/environment/library_path.dsv
[125.943s] -- Up-to-date symlink: /opt/mybotshop/install/open_manipulator_msgs/include/open_manipulator_msgs/msg/detail/joint_position__rosidl_typesupport_fastrtps_c.h
[125.943s] -- Up-to-date symlink: /opt/mybotshop/install/open_manipulator_msgs/include/open_manipulator_msgs/msg/detail/kinematics_pose__rosidl_typesupport_fastrtps_c.h
[125.943s] -- Up-to-date symlink: /opt/mybotshop/install/open_manipulator_msgs/include/open_manipulator_msgs/msg/detail/open_manipulator_state__rosidl_typesupport_fastrtps_c.h
[125.943s] -- Up-to-date symlink: /opt/mybotshop/install/open_manipulator_msgs/include/open_manipulator_msgs/msg/rosidl_typesupport_fastrtps_c__visibility_control.h
[125.943s] -- Up-to-date symlink: /opt/mybotshop/install/open_manipulator_msgs/include/open_manipulator_msgs/srv/detail/get_joint_position__rosidl_typesupport_fastrtps_c.h
[125.943s] -- Up-to-date symlink: /opt/mybotshop/install/open_manipulator_msgs/include/open_manipulator_msgs/srv/detail/get_kinematics_pose__rosidl_typesupport_fastrtps_c.h
[125.943s] -- Up-to-date symlink: /opt/mybotshop/install/open_manipulator_msgs/include/open_manipulator_msgs/srv/detail/set_actuator_state__rosidl_typesupport_fastrtps_c.h
[125.944s] -- Up-to-date symlink: /opt/mybotshop/install/open_manipulator_msgs/include/open_manipulator_msgs/srv/detail/set_drawing_trajectory__rosidl_typesupport_fastrtps_c.h
[125.944s] -- Up-to-date symlink: /opt/mybotshop/install/open_manipulator_msgs/include/open_manipulator_msgs/srv/detail/set_joint_position__rosidl_typesupport_fastrtps_c.h
[125.944s] -- Up-to-date symlink: /opt/mybotshop/install/open_manipulator_msgs/include/open_manipulator_msgs/srv/detail/set_kinematics_pose__rosidl_typesupport_fastrtps_c.h
[125.944s] -- Up-to-date symlink: /opt/mybotshop/install/open_manipulator_msgs/lib/libopen_manipulator_msgs__rosidl_typesupport_fastrtps_c.so
[125.944s] -- Up-to-date symlink: /opt/mybotshop/install/open_manipulator_msgs/include/open_manipulator_msgs/msg/detail/joint_position__rosidl_typesupport_fastrtps_cpp.hpp
[125.944s] -- Up-to-date symlink: /opt/mybotshop/install/open_manipulator_msgs/include/open_manipulator_msgs/msg/detail/kinematics_pose__rosidl_typesupport_fastrtps_cpp.hpp
[125.944s] -- Up-to-date symlink: /opt/mybotshop/install/open_manipulator_msgs/include/open_manipulator_msgs/msg/detail/open_manipulator_state__rosidl_typesupport_fastrtps_cpp.hpp
[125.944s] -- Up-to-date symlink: /opt/mybotshop/install/open_manipulator_msgs/include/open_manipulator_msgs/msg/rosidl_typesupport_fastrtps_cpp__visibility_control.h
[125.945s] -- Up-to-date symlink: /opt/mybotshop/install/open_manipulator_msgs/include/open_manipulator_msgs/srv/detail/get_joint_position__rosidl_typesupport_fastrtps_cpp.hpp
[125.945s] -- Up-to-date symlink: /opt/mybotshop/install/open_manipulator_msgs/include/open_manipulator_msgs/srv/detail/get_kinematics_pose__rosidl_typesupport_fastrtps_cpp.hpp
[125.945s] -- Up-to-date symlink: /opt/mybotshop/install/open_manipulator_msgs/include/open_manipulator_msgs/srv/detail/set_actuator_state__rosidl_typesupport_fastrtps_cpp.hpp
[125.945s] -- Up-to-date symlink: /opt/mybotshop/install/open_manipulator_msgs/include/open_manipulator_msgs/srv/detail/set_drawing_trajectory__rosidl_typesupport_fastrtps_cpp.hpp
[125.945s] -- Up-to-date symlink: /opt/mybotshop/install/open_manipulator_msgs/include/open_manipulator_msgs/srv/detail/set_joint_position__rosidl_typesupport_fastrtps_cpp.hpp
[125.945s] -- Up-to-date symlink: /opt/mybotshop/install/open_manipulator_msgs/include/open_manipulator_msgs/srv/detail/set_kinematics_pose__rosidl_typesupport_fastrtps_cpp.hpp
[125.945s] -- Up-to-date symlink: /opt/mybotshop/install/open_manipulator_msgs/lib/libopen_manipulator_msgs__rosidl_typesupport_fastrtps_cpp.so
[125.945s] -- Up-to-date symlink: /opt/mybotshop/install/open_manipulator_msgs/include/open_manipulator_msgs/msg/detail/joint_position__rosidl_typesupport_introspection_c.h
[125.946s] -- Up-to-date symlink: /opt/mybotshop/install/open_manipulator_msgs/include/open_manipulator_msgs/msg/detail/kinematics_pose__rosidl_typesupport_introspection_c.h
[125.946s] -- Up-to-date symlink: /opt/mybotshop/install/open_manipulator_msgs/include/open_manipulator_msgs/msg/detail/open_manipulator_state__rosidl_typesupport_introspection_c.h
[125.946s] -- Up-to-date symlink: /opt/mybotshop/install/open_manipulator_msgs/include/open_manipulator_msgs/msg/rosidl_typesupport_introspection_c__visibility_control.h
[125.946s] -- Up-to-date symlink: /opt/mybotshop/install/open_manipulator_msgs/include/open_manipulator_msgs/srv/detail/get_joint_position__rosidl_typesupport_introspection_c.h
[125.946s] -- Up-to-date symlink: /opt/mybotshop/install/open_manipulator_msgs/include/open_manipulator_msgs/srv/detail/get_kinematics_pose__rosidl_typesupport_introspection_c.h
[125.946s] -- Up-to-date symlink: /opt/mybotshop/install/open_manipulator_msgs/include/open_manipulator_msgs/srv/detail/set_actuator_state__rosidl_typesupport_introspection_c.h
[125.946s] -- Up-to-date symlink: /opt/mybotshop/install/open_manipulator_msgs/include/open_manipulator_msgs/srv/detail/set_drawing_trajectory__rosidl_typesupport_introspection_c.h
[125.946s] -- Up-to-date symlink: /opt/mybotshop/install/open_manipulator_msgs/include/open_manipulator_msgs/srv/detail/set_joint_position__rosidl_typesupport_introspection_c.h
[125.947s] -- Up-to-date symlink: /opt/mybotshop/install/open_manipulator_msgs/include/open_manipulator_msgs/srv/detail/set_kinematics_pose__rosidl_typesupport_introspection_c.h
[125.947s] -- Up-to-date symlink: /opt/mybotshop/install/open_manipulator_msgs/include/open_manipulator_msgs/msg/detail/joint_position__builder.hpp
[125.947s] -- Up-to-date symlink: /opt/mybotshop/install/open_manipulator_msgs/include/open_manipulator_msgs/msg/detail/joint_position__struct.hpp
[125.948s] -- Up-to-date symlink: /opt/mybotshop/install/open_manipulator_msgs/include/open_manipulator_msgs/msg/detail/joint_position__traits.hpp
[125.948s] -- Up-to-date symlink: /opt/mybotshop/install/open_manipulator_msgs/include/open_manipulator_msgs/msg/detail/joint_position__type_support.hpp
[125.948s] -- Up-to-date symlink: /opt/mybotshop/install/open_manipulator_msgs/include/open_manipulator_msgs/msg/detail/kinematics_pose__builder.hpp
[125.948s] -- Up-to-date symlink: /opt/mybotshop/install/open_manipulator_msgs/include/open_manipulator_msgs/msg/detail/kinematics_pose__struct.hpp
[125.948s] -- Up-to-date symlink: /opt/mybotshop/install/open_manipulator_msgs/include/open_manipulator_msgs/msg/detail/kinematics_pose__traits.hpp
[125.948s] -- Up-to-date symlink: /opt/mybotshop/install/open_manipulator_msgs/include/open_manipulator_msgs/msg/detail/kinematics_pose__type_support.hpp
[125.949s] -- Up-to-date symlink: /opt/mybotshop/install/open_manipulator_msgs/include/open_manipulator_msgs/msg/detail/open_manipulator_state__builder.hpp
[125.949s] -- Up-to-date symlink: /opt/mybotshop/install/open_manipulator_msgs/include/open_manipulator_msgs/msg/detail/open_manipulator_state__struct.hpp
[125.949s] -- Up-to-date symlink: /opt/mybotshop/install/open_manipulator_msgs/include/open_manipulator_msgs/msg/detail/open_manipulator_state__traits.hpp
[125.949s] -- Up-to-date symlink: /opt/mybotshop/install/open_manipulator_msgs/include/open_manipulator_msgs/msg/detail/open_manipulator_state__type_support.hpp
[125.949s] -- Up-to-date symlink: /opt/mybotshop/install/open_manipulator_msgs/include/open_manipulator_msgs/msg/joint_position.hpp
[125.949s] -- Up-to-date symlink: /opt/mybotshop/install/open_manipulator_msgs/include/open_manipulator_msgs/msg/kinematics_pose.hpp
[125.949s] -- Up-to-date symlink: /opt/mybotshop/install/open_manipulator_msgs/include/open_manipulator_msgs/msg/open_manipulator_state.hpp
[125.949s] -- Up-to-date symlink: /opt/mybotshop/install/open_manipulator_msgs/include/open_manipulator_msgs/msg/rosidl_generator_cpp__visibility_control.hpp
[125.950s] -- Up-to-date symlink: /opt/mybotshop/install/open_manipulator_msgs/include/open_manipulator_msgs/srv/detail/get_joint_position__builder.hpp
[125.950s] -- Up-to-date symlink: /opt/mybotshop/install/open_manipulator_msgs/include/open_manipulator_msgs/srv/detail/get_joint_position__struct.hpp
[125.950s] -- Up-to-date symlink: /opt/mybotshop/install/open_manipulator_msgs/include/open_manipulator_msgs/srv/detail/get_joint_position__traits.hpp
[125.950s] -- Up-to-date symlink: /opt/mybotshop/install/open_manipulator_msgs/include/open_manipulator_msgs/srv/detail/get_joint_position__type_support.hpp
[125.950s] -- Up-to-date symlink: /opt/mybotshop/install/open_manipulator_msgs/include/open_manipulator_msgs/srv/detail/get_kinematics_pose__builder.hpp
[125.950s] -- Up-to-date symlink: /opt/mybotshop/install/open_manipulator_msgs/include/open_manipulator_msgs/srv/detail/get_kinematics_pose__struct.hpp
[125.950s] -- Up-to-date symlink: /opt/mybotshop/install/open_manipulator_msgs/include/open_manipulator_msgs/srv/detail/get_kinematics_pose__traits.hpp
[125.950s] -- Up-to-date symlink: /opt/mybotshop/install/open_manipulator_msgs/include/open_manipulator_msgs/srv/detail/get_kinematics_pose__type_support.hpp
[125.950s] -- Up-to-date symlink: /opt/mybotshop/install/open_manipulator_msgs/include/open_manipulator_msgs/srv/detail/set_actuator_state__builder.hpp
[125.951s] -- Up-to-date symlink: /opt/mybotshop/install/open_manipulator_msgs/include/open_manipulator_msgs/srv/detail/set_actuator_state__struct.hpp
[125.951s] -- Up-to-date symlink: /opt/mybotshop/install/open_manipulator_msgs/include/open_manipulator_msgs/srv/detail/set_actuator_state__traits.hpp
[125.951s] -- Up-to-date symlink: /opt/mybotshop/install/open_manipulator_msgs/include/open_manipulator_msgs/srv/detail/set_actuator_state__type_support.hpp
[125.951s] -- Up-to-date symlink: /opt/mybotshop/install/open_manipulator_msgs/include/open_manipulator_msgs/srv/detail/set_drawing_trajectory__builder.hpp
[125.951s] -- Up-to-date symlink: /opt/mybotshop/install/open_manipulator_msgs/include/open_manipulator_msgs/srv/detail/set_drawing_trajectory__struct.hpp
[125.951s] -- Up-to-date symlink: /opt/mybotshop/install/open_manipulator_msgs/include/open_manipulator_msgs/srv/detail/set_drawing_trajectory__traits.hpp
[125.956s] -- Up-to-date symlink: /opt/mybotshop/install/open_manipulator_msgs/include/open_manipulator_msgs/srv/detail/set_drawing_trajectory__type_support.hpp
[125.956s] -- Up-to-date symlink: /opt/mybotshop/install/open_manipulator_msgs/include/open_manipulator_msgs/srv/detail/set_joint_position__builder.hpp
[125.957s] -- Up-to-date symlink: /opt/mybotshop/install/open_manipulator_msgs/include/open_manipulator_msgs/srv/detail/set_joint_position__struct.hpp
[125.957s] -- Up-to-date symlink: /opt/mybotshop/install/open_manipulator_msgs/include/open_manipulator_msgs/srv/detail/set_joint_position__traits.hpp
[125.957s] -- Up-to-date symlink: /opt/mybotshop/install/open_manipulator_msgs/include/open_manipulator_msgs/srv/detail/set_joint_position__type_support.hpp
[125.957s] -- Up-to-date symlink: /opt/mybotshop/install/open_manipulator_msgs/include/open_manipulator_msgs/srv/detail/set_kinematics_pose__builder.hpp
[125.957s] -- Up-to-date symlink: /opt/mybotshop/install/open_manipulator_msgs/include/open_manipulator_msgs/srv/detail/set_kinematics_pose__struct.hpp
[125.957s] -- Up-to-date symlink: /opt/mybotshop/install/open_manipulator_msgs/include/open_manipulator_msgs/srv/detail/set_kinematics_pose__traits.hpp
[125.957s] -- Up-to-date symlink: /opt/mybotshop/install/open_manipulator_msgs/include/open_manipulator_msgs/srv/detail/set_kinematics_pose__type_support.hpp
[125.957s] -- Up-to-date symlink: /opt/mybotshop/install/open_manipulator_msgs/include/open_manipulator_msgs/srv/get_joint_position.hpp
[125.957s] -- Up-to-date symlink: /opt/mybotshop/install/open_manipulator_msgs/include/open_manipulator_msgs/srv/get_kinematics_pose.hpp
[125.958s] -- Up-to-date symlink: /opt/mybotshop/install/open_manipulator_msgs/include/open_manipulator_msgs/srv/set_actuator_state.hpp
[125.958s] -- Up-to-date symlink: /opt/mybotshop/install/open_manipulator_msgs/include/open_manipulator_msgs/srv/set_drawing_trajectory.hpp
[125.958s] -- Up-to-date symlink: /opt/mybotshop/install/open_manipulator_msgs/include/open_manipulator_msgs/srv/set_joint_position.hpp
[125.958s] -- Up-to-date symlink: /opt/mybotshop/install/open_manipulator_msgs/include/open_manipulator_msgs/srv/set_kinematics_pose.hpp
[125.958s] -- Up-to-date symlink: /opt/mybotshop/install/open_manipulator_msgs/include/open_manipulator_msgs/msg/detail/joint_position__rosidl_typesupport_introspection_cpp.hpp
[125.958s] -- Up-to-date symlink: /opt/mybotshop/install/open_manipulator_msgs/include/open_manipulator_msgs/msg/detail/kinematics_pose__rosidl_typesupport_introspection_cpp.hpp
[125.958s] -- Up-to-date symlink: /opt/mybotshop/install/open_manipulator_msgs/include/open_manipulator_msgs/msg/detail/open_manipulator_state__rosidl_typesupport_introspection_cpp.hpp
[125.958s] -- Up-to-date symlink: /opt/mybotshop/install/open_manipulator_msgs/include/open_manipulator_msgs/srv/detail/get_joint_position__rosidl_typesupport_introspection_cpp.hpp
[125.959s] -- Up-to-date symlink: /opt/mybotshop/install/open_manipulator_msgs/include/open_manipulator_msgs/srv/detail/get_kinematics_pose__rosidl_typesupport_introspection_cpp.hpp
[125.959s] -- Up-to-date symlink: /opt/mybotshop/install/open_manipulator_msgs/include/open_manipulator_msgs/srv/detail/set_actuator_state__rosidl_typesupport_introspection_cpp.hpp
[125.959s] -- Up-to-date symlink: /opt/mybotshop/install/open_manipulator_msgs/include/open_manipulator_msgs/srv/detail/set_drawing_trajectory__rosidl_typesupport_introspection_cpp.hpp
[125.959s] -- Up-to-date symlink: /opt/mybotshop/install/open_manipulator_msgs/include/open_manipulator_msgs/srv/detail/set_joint_position__rosidl_typesupport_introspection_cpp.hpp
[125.959s] -- Up-to-date symlink: /opt/mybotshop/install/open_manipulator_msgs/include/open_manipulator_msgs/srv/detail/set_kinematics_pose__rosidl_typesupport_introspection_cpp.hpp
[125.959s] -- Up-to-date symlink: /opt/mybotshop/install/open_manipulator_msgs/share/open_manipulator_msgs/environment/pythonpath.sh
[125.959s] -- Up-to-date symlink: /opt/mybotshop/install/open_manipulator_msgs/share/open_manipulator_msgs/environment/pythonpath.dsv
[125.960s] -- Up-to-date symlink: /opt/mybotshop/install/open_manipulator_msgs/lib/python3.8/site-packages/open_manipulator_msgs/__init__.py
[125.960s] -- Up-to-date symlink: /opt/mybotshop/install/open_manipulator_msgs/lib/python3.8/site-packages/open_manipulator_msgs/msg/__init__.py
[125.960s] -- Up-to-date symlink: /opt/mybotshop/install/open_manipulator_msgs/lib/python3.8/site-packages/open_manipulator_msgs/msg/_joint_position.py
[125.960s] -- Up-to-date symlink: /opt/mybotshop/install/open_manipulator_msgs/lib/python3.8/site-packages/open_manipulator_msgs/msg/_kinematics_pose.py
[125.963s] -- Up-to-date symlink: /opt/mybotshop/install/open_manipulator_msgs/lib/python3.8/site-packages/open_manipulator_msgs/msg/_open_manipulator_state.py
[125.966s] -- Up-to-date symlink: /opt/mybotshop/install/open_manipulator_msgs/lib/python3.8/site-packages/open_manipulator_msgs/srv/__init__.py
[125.966s] -- Up-to-date symlink: /opt/mybotshop/install/open_manipulator_msgs/lib/python3.8/site-packages/open_manipulator_msgs/srv/_get_joint_position.py
[125.966s] -- Up-to-date symlink: /opt/mybotshop/install/open_manipulator_msgs/lib/python3.8/site-packages/open_manipulator_msgs/srv/_get_kinematics_pose.py
[125.966s] -- Up-to-date symlink: /opt/mybotshop/install/open_manipulator_msgs/lib/python3.8/site-packages/open_manipulator_msgs/srv/_set_actuator_state.py
[125.966s] -- Up-to-date symlink: /opt/mybotshop/install/open_manipulator_msgs/lib/python3.8/site-packages/open_manipulator_msgs/srv/_set_drawing_trajectory.py
[125.966s] -- Up-to-date symlink: /opt/mybotshop/install/open_manipulator_msgs/lib/python3.8/site-packages/open_manipulator_msgs/srv/_set_joint_position.py
[125.966s] -- Up-to-date symlink: /opt/mybotshop/install/open_manipulator_msgs/lib/python3.8/site-packages/open_manipulator_msgs/srv/_set_kinematics_pose.py
[125.967s] -- Up-to-date symlink: /opt/mybotshop/install/open_manipulator_msgs/lib/python3.8/site-packages/open_manipulator_msgs/open_manipulator_msgs_s__rosidl_typesupport_fastrtps_c.cpython-38-aarch64-linux-gnu.so
[125.967s] -- Up-to-date symlink: /opt/mybotshop/install/open_manipulator_msgs/lib/python3.8/site-packages/open_manipulator_msgs/open_manipulator_msgs_s__rosidl_typesupport_introspection_c.cpython-38-aarch64-linux-gnu.so
[125.967s] -- Up-to-date symlink: /opt/mybotshop/install/open_manipulator_msgs/lib/python3.8/site-packages/open_manipulator_msgs/open_manipulator_msgs_s__rosidl_typesupport_c.cpython-38-aarch64-linux-gnu.so
[125.967s] -- Up-to-date symlink: /opt/mybotshop/install/open_manipulator_msgs/lib/libopen_manipulator_msgs__python.so
[125.967s] -- Up-to-date symlink: /opt/mybotshop/install/open_manipulator_msgs/share/open_manipulator_msgs/msg/JointPosition.idl
[125.967s] -- Up-to-date symlink: /opt/mybotshop/install/open_manipulator_msgs/share/open_manipulator_msgs/msg/KinematicsPose.idl
[125.971s] -- Up-to-date symlink: /opt/mybotshop/install/open_manipulator_msgs/share/open_manipulator_msgs/msg/OpenManipulatorState.idl
[125.971s] -- Up-to-date symlink: /opt/mybotshop/install/open_manipulator_msgs/share/open_manipulator_msgs/srv/GetJointPosition.idl
[125.971s] -- Up-to-date symlink: /opt/mybotshop/install/open_manipulator_msgs/share/open_manipulator_msgs/srv/GetKinematicsPose.idl
[125.971s] -- Up-to-date symlink: /opt/mybotshop/install/open_manipulator_msgs/share/open_manipulator_msgs/srv/SetJointPosition.idl
[125.972s] -- Up-to-date symlink: /opt/mybotshop/install/open_manipulator_msgs/share/open_manipulator_msgs/srv/SetKinematicsPose.idl
[125.972s] -- Up-to-date symlink: /opt/mybotshop/install/open_manipulator_msgs/share/open_manipulator_msgs/srv/SetDrawingTrajectory.idl
[125.972s] -- Up-to-date symlink: /opt/mybotshop/install/open_manipulator_msgs/share/open_manipulator_msgs/srv/SetActuatorState.idl
[125.972s] -- Symlinking: /opt/mybotshop/install/open_manipulator_msgs/share/open_manipulator_msgs/msg/JointPosition.msg
[126.003s] -- Symlinking: /opt/mybotshop/install/open_manipulator_msgs/share/open_manipulator_msgs/msg/KinematicsPose.msg
[126.070s] -- Symlinking: /opt/mybotshop/install/open_manipulator_msgs/share/open_manipulator_msgs/msg/OpenManipulatorState.msg
[126.137s] -- Symlinking: /opt/mybotshop/install/open_manipulator_msgs/share/open_manipulator_msgs/srv/GetJointPosition.srv
[126.196s] -- Up-to-date symlink: /opt/mybotshop/install/open_manipulator_msgs/share/open_manipulator_msgs/srv/GetJointPosition_Request.msg
[126.196s] -- Up-to-date symlink: /opt/mybotshop/install/open_manipulator_msgs/share/open_manipulator_msgs/srv/GetJointPosition_Response.msg
[126.197s] -- Symlinking: /opt/mybotshop/install/open_manipulator_msgs/share/open_manipulator_msgs/srv/GetKinematicsPose.srv
[126.252s] -- Up-to-date symlink: /opt/mybotshop/install/open_manipulator_msgs/share/open_manipulator_msgs/srv/GetKinematicsPose_Request.msg
[126.253s] -- Up-to-date symlink: /opt/mybotshop/install/open_manipulator_msgs/share/open_manipulator_msgs/srv/GetKinematicsPose_Response.msg
[126.253s] -- Symlinking: /opt/mybotshop/install/open_manipulator_msgs/share/open_manipulator_msgs/srv/SetJointPosition.srv
[126.307s] -- Up-to-date symlink: /opt/mybotshop/install/open_manipulator_msgs/share/open_manipulator_msgs/srv/SetJointPosition_Request.msg
[126.307s] -- Up-to-date symlink: /opt/mybotshop/install/open_manipulator_msgs/share/open_manipulator_msgs/srv/SetJointPosition_Response.msg
[126.308s] -- Symlinking: /opt/mybotshop/install/open_manipulator_msgs/share/open_manipulator_msgs/srv/SetKinematicsPose.srv
[126.348s] -- Up-to-date symlink: /opt/mybotshop/install/open_manipulator_msgs/share/open_manipulator_msgs/srv/SetKinematicsPose_Request.msg
[126.349s] -- Up-to-date symlink: /opt/mybotshop/install/open_manipulator_msgs/share/open_manipulator_msgs/srv/SetKinematicsPose_Response.msg
[126.349s] -- Symlinking: /opt/mybotshop/install/open_manipulator_msgs/share/open_manipulator_msgs/srv/SetDrawingTrajectory.srv
[126.397s] -- Up-to-date symlink: /opt/mybotshop/install/open_manipulator_msgs/share/open_manipulator_msgs/srv/SetDrawingTrajectory_Request.msg
[126.397s] -- Up-to-date symlink: /opt/mybotshop/install/open_manipulator_msgs/share/open_manipulator_msgs/srv/SetDrawingTrajectory_Response.msg
[126.397s] -- Symlinking: /opt/mybotshop/install/open_manipulator_msgs/share/open_manipulator_msgs/srv/SetActuatorState.srv
[126.443s] -- Up-to-date symlink: /opt/mybotshop/install/open_manipulator_msgs/share/open_manipulator_msgs/srv/SetActuatorState_Request.msg
[126.443s] -- Up-to-date symlink: /opt/mybotshop/install/open_manipulator_msgs/share/open_manipulator_msgs/srv/SetActuatorState_Response.msg
[126.443s] -- Up-to-date symlink: /opt/mybotshop/install/open_manipulator_msgs/share/ament_index/resource_index/package_run_dependencies/open_manipulator_msgs
[126.444s] -- Up-to-date symlink: /opt/mybotshop/install/open_manipulator_msgs/share/ament_index/resource_index/parent_prefix_path/open_manipulator_msgs
[126.444s] -- Up-to-date symlink: /opt/mybotshop/install/open_manipulator_msgs/share/open_manipulator_msgs/environment/ament_prefix_path.sh
[126.445s] -- Up-to-date symlink: /opt/mybotshop/install/open_manipulator_msgs/share/open_manipulator_msgs/environment/ament_prefix_path.dsv
[126.446s] -- Up-to-date symlink: /opt/mybotshop/install/open_manipulator_msgs/share/open_manipulator_msgs/environment/path.sh
[126.446s] -- Up-to-date symlink: /opt/mybotshop/install/open_manipulator_msgs/share/open_manipulator_msgs/environment/path.dsv
[126.448s] -- Up-to-date symlink: /opt/mybotshop/install/open_manipulator_msgs/share/open_manipulator_msgs/local_setup.bash
[126.448s] -- Up-to-date symlink: /opt/mybotshop/install/open_manipulator_msgs/share/open_manipulator_msgs/local_setup.sh
[126.449s] -- Up-to-date symlink: /opt/mybotshop/install/open_manipulator_msgs/share/open_manipulator_msgs/local_setup.zsh
[126.449s] -- Up-to-date symlink: /opt/mybotshop/install/open_manipulator_msgs/share/open_manipulator_msgs/local_setup.dsv
[126.449s] -- Symlinking: /opt/mybotshop/install/open_manipulator_msgs/share/open_manipulator_msgs/package.dsv
[126.474s] -- Up-to-date symlink: /opt/mybotshop/install/open_manipulator_msgs/share/ament_index/resource_index/packages/open_manipulator_msgs
[126.474s] -- Up-to-date symlink: /opt/mybotshop/install/open_manipulator_msgs/share/open_manipulator_msgs/cmake/rosidl_cmake-extras.cmake
[126.474s] -- Up-to-date symlink: /opt/mybotshop/install/open_manipulator_msgs/share/open_manipulator_msgs/cmake/ament_cmake_export_dependencies-extras.cmake
[126.475s] -- Up-to-date symlink: /opt/mybotshop/install/open_manipulator_msgs/share/open_manipulator_msgs/cmake/ament_cmake_export_libraries-extras.cmake
[126.476s] -- Up-to-date symlink: /opt/mybotshop/install/open_manipulator_msgs/share/open_manipulator_msgs/cmake/ament_cmake_export_targets-extras.cmake
[126.477s] -- Up-to-date symlink: /opt/mybotshop/install/open_manipulator_msgs/share/open_manipulator_msgs/cmake/ament_cmake_export_include_directories-extras.cmake
[126.478s] -- Up-to-date symlink: /opt/mybotshop/install/open_manipulator_msgs/share/open_manipulator_msgs/cmake/rosidl_cmake_export_typesupport_libraries-extras.cmake
[126.480s] -- Up-to-date symlink: /opt/mybotshop/install/open_manipulator_msgs/share/open_manipulator_msgs/cmake/rosidl_cmake_export_typesupport_targets-extras.cmake
[126.488s] -- Up-to-date symlink: /opt/mybotshop/install/open_manipulator_msgs/share/open_manipulator_msgs/cmake/open_manipulator_msgsConfig.cmake
[126.488s] -- Up-to-date symlink: /opt/mybotshop/install/open_manipulator_msgs/share/open_manipulator_msgs/cmake/open_manipulator_msgsConfig-version.cmake
[126.488s] -- Symlinking: /opt/mybotshop/install/open_manipulator_msgs/share/open_manipulator_msgs/package.xml
[126.528s] -- Installing: /opt/mybotshop/install/open_manipulator_msgs/lib/libopen_manipulator_msgs__rosidl_generator_c.so
[126.529s] -- Set runtime path of "/opt/mybotshop/install/open_manipulator_msgs/lib/libopen_manipulator_msgs__rosidl_generator_c.so" to ""
[126.529s] -- Installing: /opt/mybotshop/install/open_manipulator_msgs/lib/libopen_manipulator_msgs__rosidl_typesupport_introspection_c.so
[126.529s] -- Set runtime path of "/opt/mybotshop/install/open_manipulator_msgs/lib/libopen_manipulator_msgs__rosidl_typesupport_introspection_c.so" to ""
[126.529s] -- Installing: /opt/mybotshop/install/open_manipulator_msgs/lib/libopen_manipulator_msgs__rosidl_typesupport_c.so
[126.530s] -- Set runtime path of "/opt/mybotshop/install/open_manipulator_msgs/lib/libopen_manipulator_msgs__rosidl_typesupport_c.so" to ""
[126.530s] -- Installing: /opt/mybotshop/install/open_manipulator_msgs/lib/libopen_manipulator_msgs__rosidl_typesupport_introspection_cpp.so
[126.533s] -- Set runtime path of "/opt/mybotshop/install/open_manipulator_msgs/lib/libopen_manipulator_msgs__rosidl_typesupport_introspection_cpp.so" to ""
[126.533s] -- Installing: /opt/mybotshop/install/open_manipulator_msgs/lib/libopen_manipulator_msgs__rosidl_typesupport_cpp.so
[126.533s] -- Set runtime path of "/opt/mybotshop/install/open_manipulator_msgs/lib/libopen_manipulator_msgs__rosidl_typesupport_cpp.so" to ""
[126.612s] Compiling '/opt/mybotshop/install/open_manipulator_msgs/lib/python3.8/site-packages/open_manipulator_msgs/__init__.py'...
[126.632s] -- Installing: /opt/mybotshop/install/open_manipulator_msgs/share/open_manipulator_msgs/cmake/open_manipulator_msgs__rosidl_generator_cExport.cmake
[126.633s] -- Installing: /opt/mybotshop/install/open_manipulator_msgs/share/open_manipulator_msgs/cmake/open_manipulator_msgs__rosidl_generator_cExport-noconfig.cmake
[126.633s] -- Installing: /opt/mybotshop/install/open_manipulator_msgs/share/open_manipulator_msgs/cmake/open_manipulator_msgs__rosidl_typesupport_introspection_cExport.cmake
[126.633s] -- Installing: /opt/mybotshop/install/open_manipulator_msgs/share/open_manipulator_msgs/cmake/open_manipulator_msgs__rosidl_typesupport_introspection_cExport-noconfig.cmake
[126.633s] -- Installing: /opt/mybotshop/install/open_manipulator_msgs/share/open_manipulator_msgs/cmake/open_manipulator_msgs__rosidl_typesupport_cExport.cmake
[126.634s] -- Installing: /opt/mybotshop/install/open_manipulator_msgs/share/open_manipulator_msgs/cmake/open_manipulator_msgs__rosidl_typesupport_cExport-noconfig.cmake
[126.634s] -- Installing: /opt/mybotshop/install/open_manipulator_msgs/share/open_manipulator_msgs/cmake/open_manipulator_msgs__rosidl_generator_cppExport.cmake
[126.634s] -- Installing: /opt/mybotshop/install/open_manipulator_msgs/share/open_manipulator_msgs/cmake/open_manipulator_msgs__rosidl_typesupport_introspection_cppExport.cmake
[126.634s] -- Installing: /opt/mybotshop/install/open_manipulator_msgs/share/open_manipulator_msgs/cmake/open_manipulator_msgs__rosidl_typesupport_introspection_cppExport-noconfig.cmake
[126.634s] -- Installing: /opt/mybotshop/install/open_manipulator_msgs/share/open_manipulator_msgs/cmake/open_manipulator_msgs__rosidl_typesupport_cppExport.cmake
[126.634s] -- Installing: /opt/mybotshop/install/open_manipulator_msgs/share/open_manipulator_msgs/cmake/open_manipulator_msgs__rosidl_typesupport_cppExport-noconfig.cmake
[126.646s] Invoked command in '/opt/mybotshop/build/open_manipulator_msgs' returned '0': CMAKE_PREFIX_PATH=${CMAKE_PREFIX_PATH}:/opt/ros/foxy /usr/bin/cmake --install /opt/mybotshop/build/open_manipulator_msgs
