-- The C compiler identification is GNU 9.4.0
-- The CXX compiler identification is GNU 9.4.0
-- Check for working C compiler: /usr/bin/cc
-- Check for working C compiler: /usr/bin/cc -- works
-- Detecting C compiler ABI info
-- Detecting C compiler ABI info - done
-- Detecting C compile features
-- Detecting C compile features - done
-- Check for working CXX compiler: /usr/bin/c++
-- Check for working CXX compiler: /usr/bin/c++ -- works
-- Detecting CXX compiler ABI info
-- Detecting CXX compiler ABI info - done
-- Detecting CXX compile features
-- Detecting CXX compile features - done
-- Found ament_cmake: 0.9.12 (/opt/ros/foxy/share/ament_cmake/cmake)
-- Found PythonInterp: /usr/bin/python3 (found suitable version "3.8.10", minimum required is "3") 
-- Using PYTHON_EXECUTABLE: /usr/bin/python3
-- Override CMake install command with custom implementation using symlinks instead of copying resources
-- Configuring done
-- Generating done
-- Build files have been written to: /opt/mybotshop/build/cmake_modules
-- Install configuration: ""
-- Execute custom install script
-- Symlinking: /opt/mybotshop/install/cmake_modules/share/cmake_modules/cmake/Modules/FindGSL.cmake
-- Symlinking: /opt/mybotshop/install/cmake_modules/share/cmake_modules/cmake/Modules/FindGflags.cmake
-- Symlinking: /opt/mybotshop/install/cmake_modules/share/cmake_modules/cmake/Modules/FindNUMPY.cmake
-- Symlinking: /opt/mybotshop/install/cmake_modules/share/cmake_modules/cmake/Modules/FindPoco.cmake
-- Symlinking: /opt/mybotshop/install/cmake_modules/share/cmake_modules/cmake/Modules/FindTBB.cmake
-- Symlinking: /opt/mybotshop/install/cmake_modules/share/cmake_modules/cmake/Modules/FindTinyXML.cmake
-- Symlinking: /opt/mybotshop/install/cmake_modules/share/cmake_modules/cmake/Modules/FindTinyXML2.cmake
-- Symlinking: /opt/mybotshop/install/cmake_modules/share/cmake_modules/cmake/Modules/FindUUID.cmake
-- Symlinking: /opt/mybotshop/install/cmake_modules/share/cmake_modules/cmake/Modules/FindXenomai.cmake
-- Up-to-date symlink: /opt/mybotshop/install/cmake_modules/share/ament_index/resource_index/package_run_dependencies/cmake_modules
-- Up-to-date symlink: /opt/mybotshop/install/cmake_modules/share/ament_index/resource_index/parent_prefix_path/cmake_modules
-- Up-to-date symlink: /opt/mybotshop/install/cmake_modules/share/cmake_modules/environment/ament_prefix_path.sh
-- Up-to-date symlink: /opt/mybotshop/install/cmake_modules/share/cmake_modules/environment/ament_prefix_path.dsv
-- Up-to-date symlink: /opt/mybotshop/install/cmake_modules/share/cmake_modules/environment/path.sh
-- Up-to-date symlink: /opt/mybotshop/install/cmake_modules/share/cmake_modules/environment/path.dsv
-- Up-to-date symlink: /opt/mybotshop/install/cmake_modules/share/cmake_modules/local_setup.bash
-- Up-to-date symlink: /opt/mybotshop/install/cmake_modules/share/cmake_modules/local_setup.sh
-- Up-to-date symlink: /opt/mybotshop/install/cmake_modules/share/cmake_modules/local_setup.zsh
-- Up-to-date symlink: /opt/mybotshop/install/cmake_modules/share/cmake_modules/local_setup.dsv
-- Symlinking: /opt/mybotshop/install/cmake_modules/share/cmake_modules/package.dsv
-- Up-to-date symlink: /opt/mybotshop/install/cmake_modules/share/ament_index/resource_index/packages/cmake_modules
-- Up-to-date symlink: /opt/mybotshop/install/cmake_modules/share/cmake_modules/cmake/cmake_modules-extras.cmake
-- Up-to-date symlink: /opt/mybotshop/install/cmake_modules/share/cmake_modules/cmake/ament_cmake_export_dependencies-extras.cmake
-- Up-to-date symlink: /opt/mybotshop/install/cmake_modules/share/cmake_modules/cmake/cmake_modulesConfig.cmake
-- Up-to-date symlink: /opt/mybotshop/install/cmake_modules/share/cmake_modules/cmake/cmake_modulesConfig-version.cmake
-- Symlinking: /opt/mybotshop/install/cmake_modules/share/cmake_modules/package.xml
