-- The C compiler identification is GNU 9.4.0
-- The CXX compiler identification is GNU 9.4.0
-- Check for working C compiler: /usr/bin/cc
-- Check for working C compiler: /usr/bin/cc -- works
-- Detecting C compiler ABI info
-- Detecting C compiler ABI info - done
-- Detecting C compile features
-- Detecting C compile features - done
-- Check for working CXX compiler: /usr/bin/c++
-- Check for working CXX compiler: /usr/bin/c++ -- works
-- Detecting CXX compiler ABI info
-- Detecting CXX compiler ABI info - done
-- Detecting CXX compile features
-- Detecting CXX compile features - done
-- Found ament_cmake: 0.9.12 (/opt/ros/foxy/share/ament_cmake/cmake)
-- Found PythonInterp: /usr/bin/python3 (found suitable version "3.8.10", minimum required is "3") 
-- Using PYTHON_EXECUTABLE: /usr/bin/python3
-- Override CMake install command with custom implementation using symlinks instead of copying resources
-- Found dynamixel_workbench_toolbox: 2.2.3 (/opt/ros/foxy/share/dynamixel_workbench_toolbox/cmake)
-- Using all available rosidl_typesupport_c: rosidl_typesupport_fastrtps_c;rosidl_typesupport_introspection_c
-- Found rosidl_adapter: 1.3.1 (/opt/ros/foxy/share/rosidl_adapter/cmake)
-- Found OpenSSL: /usr/lib/aarch64-linux-gnu/libcrypto.so (found version "1.1.1f")  
-- Found FastRTPS: /opt/ros/foxy/include  
-- Using all available rosidl_typesupport_cpp: rosidl_typesupport_fastrtps_cpp;rosidl_typesupport_introspection_cpp
-- Found rmw_implementation_cmake: 1.0.4 (/opt/ros/foxy/share/rmw_implementation_cmake/cmake)
-- Using RMW implementation 'rmw_cyclonedds_cpp' as default
-- Looking for pthread.h
-- Looking for pthread.h - found
-- Performing Test CMAKE_HAVE_LIBC_PTHREAD
-- Performing Test CMAKE_HAVE_LIBC_PTHREAD - Failed
-- Looking for pthread_create in pthreads
-- Looking for pthread_create in pthreads - not found
-- Looking for pthread_create in pthread
-- Looking for pthread_create in pthread - found
-- Found Threads: TRUE  
-- Found robotis_manipulator: 1.0.0 (/opt/mybotshop/install/robotis_manipulator/share/robotis_manipulator/cmake)
-- Configuring done
-- Generating done
-- Build files have been written to: /opt/mybotshop/build/open_manipulator_x_libs
[35m[1mScanning dependencies of target open_manipulator_x_libs[0m
[ 20%] [32mBuilding CXX object CMakeFiles/open_manipulator_x_libs.dir/src/custom_trajectory.cpp.o[0m
[ 40%] [32mBuilding CXX object CMakeFiles/open_manipulator_x_libs.dir/src/open_manipulator_x.cpp.o[0m
[ 60%] [32mBuilding CXX object CMakeFiles/open_manipulator_x_libs.dir/src/kinematics.cpp.o[0m
[ 80%] [32mBuilding CXX object CMakeFiles/open_manipulator_x_libs.dir/src/dynamixel.cpp.o[0m
[100%] [32m[1mLinking CXX shared library libopen_manipulator_x_libs.so[0m
[100%] Built target open_manipulator_x_libs
-- Install configuration: ""
-- Execute custom install script
-- Up-to-date symlink: /opt/mybotshop/install/open_manipulator_x_libs/lib/libopen_manipulator_x_libs.so
-- Symlinking: /opt/mybotshop/install/open_manipulator_x_libs/include//open_manipulator_x_libs/custom_trajectory.hpp
-- Symlinking: /opt/mybotshop/install/open_manipulator_x_libs/include//open_manipulator_x_libs/dynamixel.hpp
-- Symlinking: /opt/mybotshop/install/open_manipulator_x_libs/include//open_manipulator_x_libs/kinematics.hpp
-- Symlinking: /opt/mybotshop/install/open_manipulator_x_libs/include//open_manipulator_x_libs/open_manipulator_x.hpp
-- Up-to-date symlink: /opt/mybotshop/install/open_manipulator_x_libs/share/open_manipulator_x_libs/environment/library_path.sh
-- Up-to-date symlink: /opt/mybotshop/install/open_manipulator_x_libs/share/open_manipulator_x_libs/environment/library_path.dsv
-- Up-to-date symlink: /opt/mybotshop/install/open_manipulator_x_libs/share/ament_index/resource_index/package_run_dependencies/open_manipulator_x_libs
-- Up-to-date symlink: /opt/mybotshop/install/open_manipulator_x_libs/share/ament_index/resource_index/parent_prefix_path/open_manipulator_x_libs
-- Up-to-date symlink: /opt/mybotshop/install/open_manipulator_x_libs/share/open_manipulator_x_libs/environment/ament_prefix_path.sh
-- Up-to-date symlink: /opt/mybotshop/install/open_manipulator_x_libs/share/open_manipulator_x_libs/environment/ament_prefix_path.dsv
-- Up-to-date symlink: /opt/mybotshop/install/open_manipulator_x_libs/share/open_manipulator_x_libs/environment/path.sh
-- Up-to-date symlink: /opt/mybotshop/install/open_manipulator_x_libs/share/open_manipulator_x_libs/environment/path.dsv
-- Up-to-date symlink: /opt/mybotshop/install/open_manipulator_x_libs/share/open_manipulator_x_libs/local_setup.bash
-- Up-to-date symlink: /opt/mybotshop/install/open_manipulator_x_libs/share/open_manipulator_x_libs/local_setup.sh
-- Up-to-date symlink: /opt/mybotshop/install/open_manipulator_x_libs/share/open_manipulator_x_libs/local_setup.zsh
-- Up-to-date symlink: /opt/mybotshop/install/open_manipulator_x_libs/share/open_manipulator_x_libs/local_setup.dsv
-- Symlinking: /opt/mybotshop/install/open_manipulator_x_libs/share/open_manipulator_x_libs/package.dsv
-- Up-to-date symlink: /opt/mybotshop/install/open_manipulator_x_libs/share/ament_index/resource_index/packages/open_manipulator_x_libs
-- Up-to-date symlink: /opt/mybotshop/install/open_manipulator_x_libs/share/open_manipulator_x_libs/cmake/ament_cmake_export_include_directories-extras.cmake
-- Up-to-date symlink: /opt/mybotshop/install/open_manipulator_x_libs/share/open_manipulator_x_libs/cmake/ament_cmake_export_dependencies-extras.cmake
-- Up-to-date symlink: /opt/mybotshop/install/open_manipulator_x_libs/share/open_manipulator_x_libs/cmake/ament_cmake_export_libraries-extras.cmake
-- Up-to-date symlink: /opt/mybotshop/install/open_manipulator_x_libs/share/open_manipulator_x_libs/cmake/open_manipulator_x_libsConfig.cmake
-- Up-to-date symlink: /opt/mybotshop/install/open_manipulator_x_libs/share/open_manipulator_x_libs/cmake/open_manipulator_x_libsConfig-version.cmake
-- Symlinking: /opt/mybotshop/install/open_manipulator_x_libs/share/open_manipulator_x_libs/package.xml
