-- The C compiler identification is GNU 9.4.0
-- The CXX compiler identification is GNU 9.4.0
-- Check for working C compiler: /usr/bin/cc
-- Check for working C compiler: /usr/bin/cc -- works
-- Detecting C compiler ABI info
-- Detecting C compiler ABI info - done
-- Detecting C compile features
-- Detecting C compile features - done
-- Check for working CXX compiler: /usr/bin/c++
-- Check for working CXX compiler: /usr/bin/c++ -- works
-- Detecting CXX compiler ABI info
-- Detecting CXX compiler ABI info - done
-- Detecting CXX compile features
-- Detecting CXX compile features - done
-- Found ament_cmake: 0.9.12 (/opt/ros/foxy/share/ament_cmake/cmake)
-- Found PythonInterp: /usr/bin/python3 (found suitable version "3.8.10", minimum required is "3") 
-- Using PYTHON_EXECUTABLE: /usr/bin/python3
-- Override CMake install command with custom implementation using symlinks instead of copying resources
-- Found dynamixel_workbench_toolbox: 2.2.3 (/opt/ros/foxy/share/dynamixel_workbench_toolbox/cmake)
-- Using all available rosidl_typesupport_c: rosidl_typesupport_fastrtps_c;rosidl_typesupport_introspection_c
-- Found rosidl_adapter: 1.3.1 (/opt/ros/foxy/share/rosidl_adapter/cmake)
-- Found OpenSSL: /usr/lib/aarch64-linux-gnu/libcrypto.so (found version "1.1.1f")  
-- Found FastRTPS: /opt/ros/foxy/include  
-- Using all available rosidl_typesupport_cpp: rosidl_typesupport_fastrtps_cpp;rosidl_typesupport_introspection_cpp
-- Found rmw_implementation_cmake: 1.0.4 (/opt/ros/foxy/share/rmw_implementation_cmake/cmake)
-- Using RMW implementation 'rmw_cyclonedds_cpp' as default
-- Looking for pthread.h
-- Looking for pthread.h - found
-- Performing Test CMAKE_HAVE_LIBC_PTHREAD
-- Performing Test CMAKE_HAVE_LIBC_PTHREAD - Failed
-- Looking for pthread_create in pthreads
-- Looking for pthread_create in pthreads - not found
-- Looking for pthread_create in pthread
-- Looking for pthread_create in pthread - found
-- Found Threads: TRUE  
-- Found robotis_manipulator: 1.0.0 (/opt/mybotshop/install/robotis_manipulator/share/robotis_manipulator/cmake)
-- Configuring done
-- Generating done
-- Build files have been written to: /opt/mybotshop/build/open_manipulator_x_libs
[35m[1mScanning dependencies of target open_manipulator_x_libs[0m
[ 20%] [32mBuilding CXX object CMakeFiles/open_manipulator_x_libs.dir/src/custom_trajectory.cpp.o[0m
[01m[K/opt/mybotshop/src/third_party/robotic_arms/05Jun2025_open_manipulator/open_manipulator_foxy/open_manipulator_x_libs/src/custom_trajectory.cpp:[m[K In member function ‘[01m[Kvirtual void custom_trajectory::Line::setOption(const void*)[m[K’:
[01m[K/opt/mybotshop/src/third_party/robotic_arms/05Jun2025_open_manipulator/open_manipulator_foxy/open_manipulator_x_libs/src/custom_trajectory.cpp:93:34:[m[K [01;35m[Kwarning: [m[Kunused parameter ‘[01m[Karg[m[K’ [[01;35m[K-Wunused-parameter[m[K]
   93 | void Line::setOption([01;35m[Kconst void *arg[m[K) {}
      |                      [01;35m[K~~~~~~~~~~~~^~~[m[K
[01m[K/opt/mybotshop/src/third_party/robotic_arms/05Jun2025_open_manipulator/open_manipulator_foxy/open_manipulator_x_libs/src/custom_trajectory.cpp:[m[K In member function ‘[01m[Kvirtual void custom_trajectory::Circle::setOption(const void*)[m[K’:
[01m[K/opt/mybotshop/src/third_party/robotic_arms/05Jun2025_open_manipulator/open_manipulator_foxy/open_manipulator_x_libs/src/custom_trajectory.cpp:167:36:[m[K [01;35m[Kwarning: [m[Kunused parameter ‘[01m[Karg[m[K’ [[01;35m[K-Wunused-parameter[m[K]
  167 | void Circle::setOption([01;35m[Kconst void *arg[m[K){}
      |                        [01;35m[K~~~~~~~~~~~~^~~[m[K
[01m[K/opt/mybotshop/src/third_party/robotic_arms/05Jun2025_open_manipulator/open_manipulator_foxy/open_manipulator_x_libs/src/custom_trajectory.cpp:[m[K In member function ‘[01m[Kvirtual void custom_trajectory::Rhombus::setOption(const void*)[m[K’:
[01m[K/opt/mybotshop/src/third_party/robotic_arms/05Jun2025_open_manipulator/open_manipulator_foxy/open_manipulator_x_libs/src/custom_trajectory.cpp:260:37:[m[K [01;35m[Kwarning: [m[Kunused parameter ‘[01m[Karg[m[K’ [[01;35m[K-Wunused-parameter[m[K]
  260 | void Rhombus::setOption([01;35m[Kconst void *arg[m[K){}
      |                         [01;35m[K~~~~~~~~~~~~^~~[m[K
[01m[K/opt/mybotshop/src/third_party/robotic_arms/05Jun2025_open_manipulator/open_manipulator_foxy/open_manipulator_x_libs/src/custom_trajectory.cpp:[m[K In member function ‘[01m[Kvirtual void custom_trajectory::Heart::setOption(const void*)[m[K’:
[01m[K/opt/mybotshop/src/third_party/robotic_arms/05Jun2025_open_manipulator/open_manipulator_foxy/open_manipulator_x_libs/src/custom_trajectory.cpp:334:35:[m[K [01;35m[Kwarning: [m[Kunused parameter ‘[01m[Karg[m[K’ [[01;35m[K-Wunused-parameter[m[K]
  334 | void Heart::setOption([01;35m[Kconst void *arg[m[K){}
      |                       [01;35m[K~~~~~~~~~~~~^~~[m[K
[ 40%] [32mBuilding CXX object CMakeFiles/open_manipulator_x_libs.dir/src/open_manipulator_x.cpp.o[0m
[ 60%] [32mBuilding CXX object CMakeFiles/open_manipulator_x_libs.dir/src/kinematics.cpp.o[0m
[01m[K/opt/mybotshop/src/third_party/robotic_arms/05Jun2025_open_manipulator/open_manipulator_foxy/open_manipulator_x_libs/src/kinematics.cpp:[m[K In member function ‘[01m[Kvirtual void kinematics::SolverUsingCRAndJacobian::setOption(const void*)[m[K’:
[01m[K/opt/mybotshop/src/third_party/robotic_arms/05Jun2025_open_manipulator/open_manipulator_foxy/open_manipulator_x_libs/src/kinematics.cpp:25:54:[m[K [01;35m[Kwarning: [m[Kunused parameter ‘[01m[Karg[m[K’ [[01;35m[K-Wunused-parameter[m[K]
   25 | void SolverUsingCRAndJacobian::setOption([01;35m[Kconst void *arg[m[K){}
      |                                          [01;35m[K~~~~~~~~~~~~^~~[m[K
[01m[K/opt/mybotshop/src/third_party/robotic_arms/05Jun2025_open_manipulator/open_manipulator_foxy/open_manipulator_x_libs/src/kinematics.cpp:[m[K In member function ‘[01m[Kvirtual void kinematics::SolverUsingCRAndSRJacobian::setOption(const void*)[m[K’:
[01m[K/opt/mybotshop/src/third_party/robotic_arms/05Jun2025_open_manipulator/open_manipulator_foxy/open_manipulator_x_libs/src/kinematics.cpp:179:56:[m[K [01;35m[Kwarning: [m[Kunused parameter ‘[01m[Karg[m[K’ [[01;35m[K-Wunused-parameter[m[K]
  179 | void SolverUsingCRAndSRJacobian::setOption([01;35m[Kconst void *arg[m[K){}
      |                                            [01;35m[K~~~~~~~~~~~~^~~[m[K
[01m[K/opt/mybotshop/src/third_party/robotic_arms/05Jun2025_open_manipulator/open_manipulator_foxy/open_manipulator_x_libs/src/kinematics.cpp:[m[K In member function ‘[01m[Kvirtual void kinematics::SolverUsingCRAndSRPositionOnlyJacobian::setOption(const void*)[m[K’:
[01m[K/opt/mybotshop/src/third_party/robotic_arms/05Jun2025_open_manipulator/open_manipulator_foxy/open_manipulator_x_libs/src/kinematics.cpp:445:68:[m[K [01;35m[Kwarning: [m[Kunused parameter ‘[01m[Karg[m[K’ [[01;35m[K-Wunused-parameter[m[K]
  445 | void SolverUsingCRAndSRPositionOnlyJacobian::setOption([01;35m[Kconst void *arg[m[K){}
      |                                                        [01;35m[K~~~~~~~~~~~~^~~[m[K
[01m[K/opt/mybotshop/src/third_party/robotic_arms/05Jun2025_open_manipulator/open_manipulator_foxy/open_manipulator_x_libs/src/kinematics.cpp:[m[K In member function ‘[01m[Kvirtual void kinematics::SolverCustomizedforOMChain::setOption(const void*)[m[K’:
[01m[K/opt/mybotshop/src/third_party/robotic_arms/05Jun2025_open_manipulator/open_manipulator_foxy/open_manipulator_x_libs/src/kinematics.cpp:711:56:[m[K [01;35m[Kwarning: [m[Kunused parameter ‘[01m[Karg[m[K’ [[01;35m[K-Wunused-parameter[m[K]
  711 | void SolverCustomizedforOMChain::setOption([01;35m[Kconst void *arg[m[K){}
      |                                            [01;35m[K~~~~~~~~~~~~^~~[m[K
[ 80%] [32mBuilding CXX object CMakeFiles/open_manipulator_x_libs.dir/src/dynamixel.cpp.o[0m
[01m[K/opt/mybotshop/src/third_party/robotic_arms/05Jun2025_open_manipulator/open_manipulator_foxy/open_manipulator_x_libs/src/dynamixel.cpp:[m[K In member function ‘[01m[Kbool dynamixel::JointDynamixel::write_goal_position(std::vector<unsigned char>, std::vector<double>)[m[K’:
[01m[K/opt/mybotshop/src/third_party/robotic_arms/05Jun2025_open_manipulator/open_manipulator_foxy/open_manipulator_x_libs/src/dynamixel.cpp:268:11:[m[K [01;35m[Kwarning: [m[KISO C++ forbids variable length array ‘[01m[Kid_array[m[K’ [[01;35m[K-Wvla[m[K]
  268 |   uint8_t [01;35m[Kid_array[m[K[actuator_id.size()];
      |           [01;35m[K^~~~~~~~[m[K
[01m[K/opt/mybotshop/src/third_party/robotic_arms/05Jun2025_open_manipulator/open_manipulator_foxy/open_manipulator_x_libs/src/dynamixel.cpp:269:11:[m[K [01;35m[Kwarning: [m[KISO C++ forbids variable length array ‘[01m[Kgoal_position[m[K’ [[01;35m[K-Wvla[m[K]
  269 |   int32_t [01;35m[Kgoal_position[m[K[actuator_id.size()];
      |           [01;35m[K^~~~~~~~~~~~~[m[K
[01m[K/opt/mybotshop/src/third_party/robotic_arms/05Jun2025_open_manipulator/open_manipulator_foxy/open_manipulator_x_libs/src/dynamixel.cpp:[m[K In member function ‘[01m[Kstd::vector<robotis_manipulator::_Point> dynamixel::JointDynamixel::receive_all_dynamixel_value(std::vector<unsigned char>)[m[K’:
[01m[K/opt/mybotshop/src/third_party/robotic_arms/05Jun2025_open_manipulator/open_manipulator_foxy/open_manipulator_x_libs/src/dynamixel.cpp:293:11:[m[K [01;35m[Kwarning: [m[KISO C++ forbids variable length array ‘[01m[Kid_array[m[K’ [[01;35m[K-Wvla[m[K]
  293 |   uint8_t [01;35m[Kid_array[m[K[actuator_id.size()];
      |           [01;35m[K^~~~~~~~[m[K
[01m[K/opt/mybotshop/src/third_party/robotic_arms/05Jun2025_open_manipulator/open_manipulator_foxy/open_manipulator_x_libs/src/dynamixel.cpp:297:11:[m[K [01;35m[Kwarning: [m[KISO C++ forbids variable length array ‘[01m[Kget_current[m[K’ [[01;35m[K-Wvla[m[K]
  297 |   int32_t [01;35m[Kget_current[m[K[actuator_id.size()];
      |           [01;35m[K^~~~~~~~~~~[m[K
[01m[K/opt/mybotshop/src/third_party/robotic_arms/05Jun2025_open_manipulator/open_manipulator_foxy/open_manipulator_x_libs/src/dynamixel.cpp:298:11:[m[K [01;35m[Kwarning: [m[KISO C++ forbids variable length array ‘[01m[Kget_velocity[m[K’ [[01;35m[K-Wvla[m[K]
  298 |   int32_t [01;35m[Kget_velocity[m[K[actuator_id.size()];
      |           [01;35m[K^~~~~~~~~~~~[m[K
[01m[K/opt/mybotshop/src/third_party/robotic_arms/05Jun2025_open_manipulator/open_manipulator_foxy/open_manipulator_x_libs/src/dynamixel.cpp:299:11:[m[K [01;35m[Kwarning: [m[KISO C++ forbids variable length array ‘[01m[Kget_position[m[K’ [[01;35m[K-Wvla[m[K]
  299 |   int32_t [01;35m[Kget_position[m[K[actuator_id.size()];
      |           [01;35m[K^~~~~~~~~~~~[m[K
[01m[K/opt/mybotshop/src/third_party/robotic_arms/05Jun2025_open_manipulator/open_manipulator_foxy/open_manipulator_x_libs/src/dynamixel.cpp:[m[K In member function ‘[01m[Kbool dynamixel::JointDynamixelProfileControl::write_goal_profiling_control_value(std::vector<unsigned char>, std::vector<robotis_manipulator::_Point>)[m[K’:
[01m[K/opt/mybotshop/src/third_party/robotic_arms/05Jun2025_open_manipulator/open_manipulator_foxy/open_manipulator_x_libs/src/dynamixel.cpp:604:11:[m[K [01;35m[Kwarning: [m[KISO C++ forbids variable length array ‘[01m[Kid_array[m[K’ [[01;35m[K-Wvla[m[K]
  604 |   uint8_t [01;35m[Kid_array[m[K[actuator_id.size()];
      |           [01;35m[K^~~~~~~~[m[K
[01m[K/opt/mybotshop/src/third_party/robotic_arms/05Jun2025_open_manipulator/open_manipulator_foxy/open_manipulator_x_libs/src/dynamixel.cpp:605:11:[m[K [01;35m[Kwarning: [m[KISO C++ forbids variable length array ‘[01m[Kgoal_value[m[K’ [[01;35m[K-Wvla[m[K]
  605 |   int32_t [01;35m[Kgoal_value[m[K[actuator_id.size()];
      |           [01;35m[K^~~~~~~~~~[m[K
[01m[K/opt/mybotshop/src/third_party/robotic_arms/05Jun2025_open_manipulator/open_manipulator_foxy/open_manipulator_x_libs/src/dynamixel.cpp:[m[K In member function ‘[01m[Kstd::vector<robotis_manipulator::_Point> dynamixel::JointDynamixelProfileControl::receive_all_dynamixel_value(std::vector<unsigned char>)[m[K’:
[01m[K/opt/mybotshop/src/third_party/robotic_arms/05Jun2025_open_manipulator/open_manipulator_foxy/open_manipulator_x_libs/src/dynamixel.cpp:641:11:[m[K [01;35m[Kwarning: [m[KISO C++ forbids variable length array ‘[01m[Kid_array[m[K’ [[01;35m[K-Wvla[m[K]
  641 |   uint8_t [01;35m[Kid_array[m[K[actuator_id.size()];
      |           [01;35m[K^~~~~~~~[m[K
[01m[K/opt/mybotshop/src/third_party/robotic_arms/05Jun2025_open_manipulator/open_manipulator_foxy/open_manipulator_x_libs/src/dynamixel.cpp:645:11:[m[K [01;35m[Kwarning: [m[KISO C++ forbids variable length array ‘[01m[Kget_current[m[K’ [[01;35m[K-Wvla[m[K]
  645 |   int32_t [01;35m[Kget_current[m[K[actuator_id.size()];
      |           [01;35m[K^~~~~~~~~~~[m[K
[01m[K/opt/mybotshop/src/third_party/robotic_arms/05Jun2025_open_manipulator/open_manipulator_foxy/open_manipulator_x_libs/src/dynamixel.cpp:646:11:[m[K [01;35m[Kwarning: [m[KISO C++ forbids variable length array ‘[01m[Kget_velocity[m[K’ [[01;35m[K-Wvla[m[K]
  646 |   int32_t [01;35m[Kget_velocity[m[K[actuator_id.size()];
      |           [01;35m[K^~~~~~~~~~~~[m[K
[01m[K/opt/mybotshop/src/third_party/robotic_arms/05Jun2025_open_manipulator/open_manipulator_foxy/open_manipulator_x_libs/src/dynamixel.cpp:647:11:[m[K [01;35m[Kwarning: [m[KISO C++ forbids variable length array ‘[01m[Kget_position[m[K’ [[01;35m[K-Wvla[m[K]
  647 |   int32_t [01;35m[Kget_position[m[K[actuator_id.size()];
      |           [01;35m[K^~~~~~~~~~~~[m[K
[100%] [32m[1mLinking CXX shared library libopen_manipulator_x_libs.so[0m
[100%] Built target open_manipulator_x_libs
-- Install configuration: ""
-- Execute custom install script
-- Up-to-date symlink: /opt/mybotshop/install/open_manipulator_x_libs/lib/libopen_manipulator_x_libs.so
-- Symlinking: /opt/mybotshop/install/open_manipulator_x_libs/include//open_manipulator_x_libs/custom_trajectory.hpp
-- Symlinking: /opt/mybotshop/install/open_manipulator_x_libs/include//open_manipulator_x_libs/dynamixel.hpp
-- Symlinking: /opt/mybotshop/install/open_manipulator_x_libs/include//open_manipulator_x_libs/kinematics.hpp
-- Symlinking: /opt/mybotshop/install/open_manipulator_x_libs/include//open_manipulator_x_libs/open_manipulator_x.hpp
-- Up-to-date symlink: /opt/mybotshop/install/open_manipulator_x_libs/share/open_manipulator_x_libs/environment/library_path.sh
-- Up-to-date symlink: /opt/mybotshop/install/open_manipulator_x_libs/share/open_manipulator_x_libs/environment/library_path.dsv
-- Up-to-date symlink: /opt/mybotshop/install/open_manipulator_x_libs/share/ament_index/resource_index/package_run_dependencies/open_manipulator_x_libs
-- Up-to-date symlink: /opt/mybotshop/install/open_manipulator_x_libs/share/ament_index/resource_index/parent_prefix_path/open_manipulator_x_libs
-- Up-to-date symlink: /opt/mybotshop/install/open_manipulator_x_libs/share/open_manipulator_x_libs/environment/ament_prefix_path.sh
-- Up-to-date symlink: /opt/mybotshop/install/open_manipulator_x_libs/share/open_manipulator_x_libs/environment/ament_prefix_path.dsv
-- Up-to-date symlink: /opt/mybotshop/install/open_manipulator_x_libs/share/open_manipulator_x_libs/environment/path.sh
-- Up-to-date symlink: /opt/mybotshop/install/open_manipulator_x_libs/share/open_manipulator_x_libs/environment/path.dsv
-- Up-to-date symlink: /opt/mybotshop/install/open_manipulator_x_libs/share/open_manipulator_x_libs/local_setup.bash
-- Up-to-date symlink: /opt/mybotshop/install/open_manipulator_x_libs/share/open_manipulator_x_libs/local_setup.sh
-- Up-to-date symlink: /opt/mybotshop/install/open_manipulator_x_libs/share/open_manipulator_x_libs/local_setup.zsh
-- Up-to-date symlink: /opt/mybotshop/install/open_manipulator_x_libs/share/open_manipulator_x_libs/local_setup.dsv
-- Symlinking: /opt/mybotshop/install/open_manipulator_x_libs/share/open_manipulator_x_libs/package.dsv
-- Up-to-date symlink: /opt/mybotshop/install/open_manipulator_x_libs/share/ament_index/resource_index/packages/open_manipulator_x_libs
-- Up-to-date symlink: /opt/mybotshop/install/open_manipulator_x_libs/share/open_manipulator_x_libs/cmake/ament_cmake_export_include_directories-extras.cmake
-- Up-to-date symlink: /opt/mybotshop/install/open_manipulator_x_libs/share/open_manipulator_x_libs/cmake/ament_cmake_export_dependencies-extras.cmake
-- Up-to-date symlink: /opt/mybotshop/install/open_manipulator_x_libs/share/open_manipulator_x_libs/cmake/ament_cmake_export_libraries-extras.cmake
-- Up-to-date symlink: /opt/mybotshop/install/open_manipulator_x_libs/share/open_manipulator_x_libs/cmake/open_manipulator_x_libsConfig.cmake
-- Up-to-date symlink: /opt/mybotshop/install/open_manipulator_x_libs/share/open_manipulator_x_libs/cmake/open_manipulator_x_libsConfig-version.cmake
-- Symlinking: /opt/mybotshop/install/open_manipulator_x_libs/share/open_manipulator_x_libs/package.xml
