-- The C compiler identification is GNU 9.4.0
-- The CXX compiler identification is GNU 9.4.0
-- Check for working C compiler: /usr/bin/cc
-- Check for working C compiler: /usr/bin/cc -- works
-- Detecting C compiler ABI info
-- Detecting C compiler ABI info - done
-- Detecting C compile features
-- Detecting C compile features - done
-- Check for working CXX compiler: /usr/bin/c++
-- Check for working CXX compiler: /usr/bin/c++ -- works
-- Detecting CXX compiler ABI info
-- Detecting CXX compiler ABI info - done
-- Detecting CXX compile features
-- Detecting CXX compile features - done
-- Found ament_cmake: 0.9.12 (/opt/ros/foxy/share/ament_cmake/cmake)
-- Found PythonInterp: /usr/bin/python3 (found suitable version "3.8.10", minimum required is "3") 
-- Using PYTHON_EXECUTABLE: /usr/bin/python3
-- Override CMake install command with custom implementation using symlinks instead of copying resources
-- Found geometry_msgs: 2.0.5 (/opt/ros/foxy/share/geometry_msgs/cmake)
-- Using all available rosidl_typesupport_c: rosidl_typesupport_fastrtps_c;rosidl_typesupport_introspection_c
-- Found rosidl_adapter: 1.3.1 (/opt/ros/foxy/share/rosidl_adapter/cmake)
-- Found OpenSSL: /usr/lib/aarch64-linux-gnu/libcrypto.so (found version "1.1.1f")  
-- Found FastRTPS: /opt/ros/foxy/include  
-- Using all available rosidl_typesupport_cpp: rosidl_typesupport_fastrtps_cpp;rosidl_typesupport_introspection_cpp
-- Found rosidl_default_generators: 1.0.1 (/opt/ros/foxy/share/rosidl_default_generators/cmake)
-- Found rosidl_generator_dds_idl: 0.7.1 (/opt/ros/foxy/share/rosidl_generator_dds_idl/cmake)
-- Found PythonInterp: /usr/bin/python3 (found version "3.8.10") 
-- Found ament_cmake_ros: 0.9.2 (/opt/ros/foxy/share/ament_cmake_ros/cmake)
-- Using all available rosidl_typesupport_c: rosidl_typesupport_fastrtps_c;rosidl_typesupport_introspection_c
-- Using all available rosidl_typesupport_cpp: rosidl_typesupport_fastrtps_cpp;rosidl_typesupport_introspection_cpp
-- Found PythonInterp: /usr/bin/python3 (found suitable version "3.8.10", minimum required is "3.5") 
-- Found python_cmake_module: 0.8.1 (/opt/ros/foxy/share/python_cmake_module/cmake)
-- Found PythonLibs: /usr/lib/aarch64-linux-gnu/libpython3.8.so (found suitable version "3.8.10", minimum required is "3.5") 
-- Using PYTHON_EXECUTABLE: /usr/bin/python3
-- Using PYTHON_INCLUDE_DIRS: /usr/include/python3.8
-- Using PYTHON_LIBRARIES: /usr/lib/aarch64-linux-gnu/libpython3.8.so
-- Found PythonExtra: .so  
-- Found ament_lint_auto: 0.9.8 (/opt/ros/foxy/share/ament_lint_auto/cmake)
-- Added test 'copyright' to check source files copyright and LICENSE
-- Added test 'lint_cmake' to check CMake code style
-- Added test 'xmllint' to check XML markup files
-- Configuring done
-- Generating done
-- Build files have been written to: /opt/mybotshop/build/unitree_hg
[35m[1mScanning dependencies of target unitree_hg__cpp[0m
[  0%] [34m[1mGenerating C++ code for ROS interfaces[0m
[  0%] Built target unitree_hg__cpp
[  1%] [34m[1mGenerating C code for ROS interfaces[0m
[35m[1mScanning dependencies of target unitree_hg__rosidl_generator_c[0m
[  2%] [32mBuilding C object CMakeFiles/unitree_hg__rosidl_generator_c.dir/rosidl_generator_c/unitree_hg/msg/detail/bms_cmd__functions.c.o[0m
[  3%] [32mBuilding C object CMakeFiles/unitree_hg__rosidl_generator_c.dir/rosidl_generator_c/unitree_hg/msg/detail/bms_state__functions.c.o[0m
[  3%] [32mBuilding C object CMakeFiles/unitree_hg__rosidl_generator_c.dir/rosidl_generator_c/unitree_hg/msg/detail/hand_cmd__functions.c.o[0m
[  4%] [32mBuilding C object CMakeFiles/unitree_hg__rosidl_generator_c.dir/rosidl_generator_c/unitree_hg/msg/detail/hand_state__functions.c.o[0m
[  5%] [32mBuilding C object CMakeFiles/unitree_hg__rosidl_generator_c.dir/rosidl_generator_c/unitree_hg/msg/detail/imu_state__functions.c.o[0m
[  6%] [32mBuilding C object CMakeFiles/unitree_hg__rosidl_generator_c.dir/rosidl_generator_c/unitree_hg/msg/detail/low_cmd__functions.c.o[0m
[  7%] [32mBuilding C object CMakeFiles/unitree_hg__rosidl_generator_c.dir/rosidl_generator_c/unitree_hg/msg/detail/low_state__functions.c.o[0m
[  8%] [32mBuilding C object CMakeFiles/unitree_hg__rosidl_generator_c.dir/rosidl_generator_c/unitree_hg/msg/detail/main_board_state__functions.c.o[0m
[  9%] [32mBuilding C object CMakeFiles/unitree_hg__rosidl_generator_c.dir/rosidl_generator_c/unitree_hg/msg/detail/motor_cmd__functions.c.o[0m
[ 10%] [32mBuilding C object CMakeFiles/unitree_hg__rosidl_generator_c.dir/rosidl_generator_c/unitree_hg/msg/detail/motor_state__functions.c.o[0m
[ 11%] [32mBuilding C object CMakeFiles/unitree_hg__rosidl_generator_c.dir/rosidl_generator_c/unitree_hg/msg/detail/press_sensor_state__functions.c.o[0m
[ 12%] [32m[1mLinking C shared library libunitree_hg__rosidl_generator_c.so[0m
[ 12%] Built target unitree_hg__rosidl_generator_c
[ 13%] [34m[1mGenerating C++ introspection for ROS interfaces[0m
[35m[1mScanning dependencies of target unitree_hg__rosidl_typesupport_introspection_cpp[0m
[ 14%] [32mBuilding CXX object CMakeFiles/unitree_hg__rosidl_typesupport_introspection_cpp.dir/rosidl_typesupport_introspection_cpp/unitree_hg/msg/detail/bms_cmd__type_support.cpp.o[0m
[ 15%] [32mBuilding CXX object CMakeFiles/unitree_hg__rosidl_typesupport_introspection_cpp.dir/rosidl_typesupport_introspection_cpp/unitree_hg/msg/detail/bms_state__type_support.cpp.o[0m
[ 15%] [32mBuilding CXX object CMakeFiles/unitree_hg__rosidl_typesupport_introspection_cpp.dir/rosidl_typesupport_introspection_cpp/unitree_hg/msg/detail/hand_cmd__type_support.cpp.o[0m
[ 16%] [32mBuilding CXX object CMakeFiles/unitree_hg__rosidl_typesupport_introspection_cpp.dir/rosidl_typesupport_introspection_cpp/unitree_hg/msg/detail/hand_state__type_support.cpp.o[0m
[ 17%] [32mBuilding CXX object CMakeFiles/unitree_hg__rosidl_typesupport_introspection_cpp.dir/rosidl_typesupport_introspection_cpp/unitree_hg/msg/detail/imu_state__type_support.cpp.o[0m
[ 18%] [32mBuilding CXX object CMakeFiles/unitree_hg__rosidl_typesupport_introspection_cpp.dir/rosidl_typesupport_introspection_cpp/unitree_hg/msg/detail/low_cmd__type_support.cpp.o[0m
[ 19%] [32mBuilding CXX object CMakeFiles/unitree_hg__rosidl_typesupport_introspection_cpp.dir/rosidl_typesupport_introspection_cpp/unitree_hg/msg/detail/low_state__type_support.cpp.o[0m
[ 20%] [32mBuilding CXX object CMakeFiles/unitree_hg__rosidl_typesupport_introspection_cpp.dir/rosidl_typesupport_introspection_cpp/unitree_hg/msg/detail/main_board_state__type_support.cpp.o[0m
[ 21%] [32mBuilding CXX object CMakeFiles/unitree_hg__rosidl_typesupport_introspection_cpp.dir/rosidl_typesupport_introspection_cpp/unitree_hg/msg/detail/motor_cmd__type_support.cpp.o[0m
[ 22%] [32mBuilding CXX object CMakeFiles/unitree_hg__rosidl_typesupport_introspection_cpp.dir/rosidl_typesupport_introspection_cpp/unitree_hg/msg/detail/motor_state__type_support.cpp.o[0m
[ 23%] [32mBuilding CXX object CMakeFiles/unitree_hg__rosidl_typesupport_introspection_cpp.dir/rosidl_typesupport_introspection_cpp/unitree_hg/msg/detail/press_sensor_state__type_support.cpp.o[0m
[ 24%] [32m[1mLinking CXX shared library libunitree_hg__rosidl_typesupport_introspection_cpp.so[0m
[ 24%] Built target unitree_hg__rosidl_typesupport_introspection_cpp
[ 24%] [34m[1mGenerating C introspection for ROS interfaces[0m
[35m[1mScanning dependencies of target unitree_hg__rosidl_typesupport_introspection_c[0m
[ 25%] [32mBuilding C object CMakeFiles/unitree_hg__rosidl_typesupport_introspection_c.dir/rosidl_typesupport_introspection_c/unitree_hg/msg/detail/bms_cmd__type_support.c.o[0m
[ 26%] [32mBuilding C object CMakeFiles/unitree_hg__rosidl_typesupport_introspection_c.dir/rosidl_typesupport_introspection_c/unitree_hg/msg/detail/bms_state__type_support.c.o[0m
[ 27%] [32mBuilding C object CMakeFiles/unitree_hg__rosidl_typesupport_introspection_c.dir/rosidl_typesupport_introspection_c/unitree_hg/msg/detail/hand_cmd__type_support.c.o[0m
[ 28%] [32mBuilding C object CMakeFiles/unitree_hg__rosidl_typesupport_introspection_c.dir/rosidl_typesupport_introspection_c/unitree_hg/msg/detail/hand_state__type_support.c.o[0m
[ 29%] [32mBuilding C object CMakeFiles/unitree_hg__rosidl_typesupport_introspection_c.dir/rosidl_typesupport_introspection_c/unitree_hg/msg/detail/imu_state__type_support.c.o[0m
[ 30%] [32mBuilding C object CMakeFiles/unitree_hg__rosidl_typesupport_introspection_c.dir/rosidl_typesupport_introspection_c/unitree_hg/msg/detail/low_cmd__type_support.c.o[0m
[ 31%] [32mBuilding C object CMakeFiles/unitree_hg__rosidl_typesupport_introspection_c.dir/rosidl_typesupport_introspection_c/unitree_hg/msg/detail/low_state__type_support.c.o[0m
[ 32%] [32mBuilding C object CMakeFiles/unitree_hg__rosidl_typesupport_introspection_c.dir/rosidl_typesupport_introspection_c/unitree_hg/msg/detail/main_board_state__type_support.c.o[0m
[ 32%] [32mBuilding C object CMakeFiles/unitree_hg__rosidl_typesupport_introspection_c.dir/rosidl_typesupport_introspection_c/unitree_hg/msg/detail/motor_cmd__type_support.c.o[0m
[ 33%] [32mBuilding C object CMakeFiles/unitree_hg__rosidl_typesupport_introspection_c.dir/rosidl_typesupport_introspection_c/unitree_hg/msg/detail/motor_state__type_support.c.o[0m
[ 34%] [32mBuilding C object CMakeFiles/unitree_hg__rosidl_typesupport_introspection_c.dir/rosidl_typesupport_introspection_c/unitree_hg/msg/detail/press_sensor_state__type_support.c.o[0m
[ 35%] [32m[1mLinking C shared library libunitree_hg__rosidl_typesupport_introspection_c.so[0m
[ 35%] Built target unitree_hg__rosidl_typesupport_introspection_c
[ 35%] [34m[1mGenerating C type support dispatch for ROS interfaces[0m
[35m[1mScanning dependencies of target unitree_hg__rosidl_typesupport_c[0m
[ 36%] [32mBuilding CXX object CMakeFiles/unitree_hg__rosidl_typesupport_c.dir/rosidl_typesupport_c/unitree_hg/msg/bms_cmd__type_support.cpp.o[0m
[ 37%] [32mBuilding CXX object CMakeFiles/unitree_hg__rosidl_typesupport_c.dir/rosidl_typesupport_c/unitree_hg/msg/hand_cmd__type_support.cpp.o[0m
[ 38%] [32mBuilding CXX object CMakeFiles/unitree_hg__rosidl_typesupport_c.dir/rosidl_typesupport_c/unitree_hg/msg/hand_state__type_support.cpp.o[0m
[ 39%] [32mBuilding CXX object CMakeFiles/unitree_hg__rosidl_typesupport_c.dir/rosidl_typesupport_c/unitree_hg/msg/imu_state__type_support.cpp.o[0m
[ 40%] [32mBuilding CXX object CMakeFiles/unitree_hg__rosidl_typesupport_c.dir/rosidl_typesupport_c/unitree_hg/msg/low_cmd__type_support.cpp.o[0m
[ 41%] [32mBuilding CXX object CMakeFiles/unitree_hg__rosidl_typesupport_c.dir/rosidl_typesupport_c/unitree_hg/msg/low_state__type_support.cpp.o[0m
[ 42%] [32mBuilding CXX object CMakeFiles/unitree_hg__rosidl_typesupport_c.dir/rosidl_typesupport_c/unitree_hg/msg/main_board_state__type_support.cpp.o[0m
[ 42%] [32mBuilding CXX object CMakeFiles/unitree_hg__rosidl_typesupport_c.dir/rosidl_typesupport_c/unitree_hg/msg/motor_cmd__type_support.cpp.o[0m
[ 43%] [32mBuilding CXX object CMakeFiles/unitree_hg__rosidl_typesupport_c.dir/rosidl_typesupport_c/unitree_hg/msg/motor_state__type_support.cpp.o[0m
[ 44%] [32mBuilding CXX object CMakeFiles/unitree_hg__rosidl_typesupport_c.dir/rosidl_typesupport_c/unitree_hg/msg/press_sensor_state__type_support.cpp.o[0m
[ 45%] [32mBuilding CXX object CMakeFiles/unitree_hg__rosidl_typesupport_c.dir/rosidl_typesupport_c/unitree_hg/msg/bms_state__type_support.cpp.o[0m
[ 46%] [32m[1mLinking CXX shared library libunitree_hg__rosidl_typesupport_c.so[0m
[ 46%] Built target unitree_hg__rosidl_typesupport_c
[ 47%] [34m[1mGenerating C++ type support for eProsima Fast-RTPS[0m
[35m[1mScanning dependencies of target unitree_hg__rosidl_typesupport_fastrtps_cpp[0m
[ 48%] [32mBuilding CXX object CMakeFiles/unitree_hg__rosidl_typesupport_fastrtps_cpp.dir/rosidl_typesupport_fastrtps_cpp/unitree_hg/msg/detail/dds_fastrtps/bms_cmd__type_support.cpp.o[0m
[ 49%] [32mBuilding CXX object CMakeFiles/unitree_hg__rosidl_typesupport_fastrtps_cpp.dir/rosidl_typesupport_fastrtps_cpp/unitree_hg/msg/detail/dds_fastrtps/hand_state__type_support.cpp.o[0m
[ 50%] [32mBuilding CXX object CMakeFiles/unitree_hg__rosidl_typesupport_fastrtps_cpp.dir/rosidl_typesupport_fastrtps_cpp/unitree_hg/msg/detail/dds_fastrtps/imu_state__type_support.cpp.o[0m
[ 51%] [32mBuilding CXX object CMakeFiles/unitree_hg__rosidl_typesupport_fastrtps_cpp.dir/rosidl_typesupport_fastrtps_cpp/unitree_hg/msg/detail/dds_fastrtps/low_cmd__type_support.cpp.o[0m
[ 52%] [32mBuilding CXX object CMakeFiles/unitree_hg__rosidl_typesupport_fastrtps_cpp.dir/rosidl_typesupport_fastrtps_cpp/unitree_hg/msg/detail/dds_fastrtps/low_state__type_support.cpp.o[0m
[ 53%] [32mBuilding CXX object CMakeFiles/unitree_hg__rosidl_typesupport_fastrtps_cpp.dir/rosidl_typesupport_fastrtps_cpp/unitree_hg/msg/detail/dds_fastrtps/main_board_state__type_support.cpp.o[0m
[ 54%] [32mBuilding CXX object CMakeFiles/unitree_hg__rosidl_typesupport_fastrtps_cpp.dir/rosidl_typesupport_fastrtps_cpp/unitree_hg/msg/detail/dds_fastrtps/motor_cmd__type_support.cpp.o[0m
[ 55%] [32mBuilding CXX object CMakeFiles/unitree_hg__rosidl_typesupport_fastrtps_cpp.dir/rosidl_typesupport_fastrtps_cpp/unitree_hg/msg/detail/dds_fastrtps/motor_state__type_support.cpp.o[0m
[ 56%] [32mBuilding CXX object CMakeFiles/unitree_hg__rosidl_typesupport_fastrtps_cpp.dir/rosidl_typesupport_fastrtps_cpp/unitree_hg/msg/detail/dds_fastrtps/press_sensor_state__type_support.cpp.o[0m
[ 56%] [32mBuilding CXX object CMakeFiles/unitree_hg__rosidl_typesupport_fastrtps_cpp.dir/rosidl_typesupport_fastrtps_cpp/unitree_hg/msg/detail/dds_fastrtps/hand_cmd__type_support.cpp.o[0m
[ 57%] [32mBuilding CXX object CMakeFiles/unitree_hg__rosidl_typesupport_fastrtps_cpp.dir/rosidl_typesupport_fastrtps_cpp/unitree_hg/msg/detail/dds_fastrtps/bms_state__type_support.cpp.o[0m
[ 58%] [32m[1mLinking CXX shared library libunitree_hg__rosidl_typesupport_fastrtps_cpp.so[0m
[ 58%] Built target unitree_hg__rosidl_typesupport_fastrtps_cpp
[ 59%] [34m[1mGenerating C++ type support dispatch for ROS interfaces[0m
[35m[1mScanning dependencies of target unitree_hg__rosidl_typesupport_cpp[0m
[ 60%] [32mBuilding CXX object CMakeFiles/unitree_hg__rosidl_typesupport_cpp.dir/rosidl_typesupport_cpp/unitree_hg/msg/bms_cmd__type_support.cpp.o[0m
[ 61%] [32mBuilding CXX object CMakeFiles/unitree_hg__rosidl_typesupport_cpp.dir/rosidl_typesupport_cpp/unitree_hg/msg/hand_state__type_support.cpp.o[0m
[ 62%] [32mBuilding CXX object CMakeFiles/unitree_hg__rosidl_typesupport_cpp.dir/rosidl_typesupport_cpp/unitree_hg/msg/imu_state__type_support.cpp.o[0m
[ 63%] [32mBuilding CXX object CMakeFiles/unitree_hg__rosidl_typesupport_cpp.dir/rosidl_typesupport_cpp/unitree_hg/msg/low_cmd__type_support.cpp.o[0m
[ 64%] [32mBuilding CXX object CMakeFiles/unitree_hg__rosidl_typesupport_cpp.dir/rosidl_typesupport_cpp/unitree_hg/msg/low_state__type_support.cpp.o[0m
[ 65%] [32mBuilding CXX object CMakeFiles/unitree_hg__rosidl_typesupport_cpp.dir/rosidl_typesupport_cpp/unitree_hg/msg/main_board_state__type_support.cpp.o[0m
[ 66%] [32mBuilding CXX object CMakeFiles/unitree_hg__rosidl_typesupport_cpp.dir/rosidl_typesupport_cpp/unitree_hg/msg/motor_cmd__type_support.cpp.o[0m
[ 67%] [32mBuilding CXX object CMakeFiles/unitree_hg__rosidl_typesupport_cpp.dir/rosidl_typesupport_cpp/unitree_hg/msg/motor_state__type_support.cpp.o[0m
[ 68%] [32mBuilding CXX object CMakeFiles/unitree_hg__rosidl_typesupport_cpp.dir/rosidl_typesupport_cpp/unitree_hg/msg/press_sensor_state__type_support.cpp.o[0m
[ 68%] [32mBuilding CXX object CMakeFiles/unitree_hg__rosidl_typesupport_cpp.dir/rosidl_typesupport_cpp/unitree_hg/msg/hand_cmd__type_support.cpp.o[0m
[ 69%] [32mBuilding CXX object CMakeFiles/unitree_hg__rosidl_typesupport_cpp.dir/rosidl_typesupport_cpp/unitree_hg/msg/bms_state__type_support.cpp.o[0m
[ 70%] [32m[1mLinking CXX shared library libunitree_hg__rosidl_typesupport_cpp.so[0m
[ 70%] Built target unitree_hg__rosidl_typesupport_cpp
[ 70%] [34m[1mGenerating C type support for eProsima Fast-RTPS[0m
[35m[1mScanning dependencies of target unitree_hg__rosidl_typesupport_fastrtps_c[0m
[ 71%] [32mBuilding CXX object CMakeFiles/unitree_hg__rosidl_typesupport_fastrtps_c.dir/rosidl_typesupport_fastrtps_c/unitree_hg/msg/detail/bms_cmd__type_support_c.cpp.o[0m
[ 72%] [32mBuilding CXX object CMakeFiles/unitree_hg__rosidl_typesupport_fastrtps_c.dir/rosidl_typesupport_fastrtps_c/unitree_hg/msg/detail/imu_state__type_support_c.cpp.o[0m
[ 73%] [32mBuilding CXX object CMakeFiles/unitree_hg__rosidl_typesupport_fastrtps_c.dir/rosidl_typesupport_fastrtps_c/unitree_hg/msg/detail/low_cmd__type_support_c.cpp.o[0m
[ 74%] [32mBuilding CXX object CMakeFiles/unitree_hg__rosidl_typesupport_fastrtps_c.dir/rosidl_typesupport_fastrtps_c/unitree_hg/msg/detail/low_state__type_support_c.cpp.o[0m
[ 75%] [32mBuilding CXX object CMakeFiles/unitree_hg__rosidl_typesupport_fastrtps_c.dir/rosidl_typesupport_fastrtps_c/unitree_hg/msg/detail/main_board_state__type_support_c.cpp.o[0m
[ 75%] [32mBuilding CXX object CMakeFiles/unitree_hg__rosidl_typesupport_fastrtps_c.dir/rosidl_typesupport_fastrtps_c/unitree_hg/msg/detail/motor_cmd__type_support_c.cpp.o[0m
[ 76%] [32mBuilding CXX object CMakeFiles/unitree_hg__rosidl_typesupport_fastrtps_c.dir/rosidl_typesupport_fastrtps_c/unitree_hg/msg/detail/motor_state__type_support_c.cpp.o[0m
[ 77%] [32mBuilding CXX object CMakeFiles/unitree_hg__rosidl_typesupport_fastrtps_c.dir/rosidl_typesupport_fastrtps_c/unitree_hg/msg/detail/press_sensor_state__type_support_c.cpp.o[0m
[ 78%] [32mBuilding CXX object CMakeFiles/unitree_hg__rosidl_typesupport_fastrtps_c.dir/rosidl_typesupport_fastrtps_c/unitree_hg/msg/detail/hand_state__type_support_c.cpp.o[0m
[ 79%] [32mBuilding CXX object CMakeFiles/unitree_hg__rosidl_typesupport_fastrtps_c.dir/rosidl_typesupport_fastrtps_c/unitree_hg/msg/detail/hand_cmd__type_support_c.cpp.o[0m
[ 80%] [32mBuilding CXX object CMakeFiles/unitree_hg__rosidl_typesupport_fastrtps_c.dir/rosidl_typesupport_fastrtps_c/unitree_hg/msg/detail/bms_state__type_support_c.cpp.o[0m
[ 81%] [32m[1mLinking CXX shared library libunitree_hg__rosidl_typesupport_fastrtps_c.so[0m
[ 81%] Built target unitree_hg__rosidl_typesupport_fastrtps_c
[35m[1mScanning dependencies of target unitree_hg__dds_connext_idl[0m
[ 82%] [34m[1mGenerating DDS interfaces[0m
[ 82%] Built target unitree_hg__dds_connext_idl
[35m[1mScanning dependencies of target unitree_hg[0m
[ 82%] Built target unitree_hg
[35m[1mScanning dependencies of target unitree_hg__py[0m
[ 83%] [34m[1mGenerating Python code for ROS interfaces[0m
[ 83%] Built target unitree_hg__py
[35m[1mScanning dependencies of target unitree_hg__python[0m
[ 84%] [32mBuilding C object CMakeFiles/unitree_hg__python.dir/rosidl_generator_py/unitree_hg/msg/_bms_cmd_s.c.o[0m
[ 85%] [32mBuilding C object CMakeFiles/unitree_hg__python.dir/rosidl_generator_py/unitree_hg/msg/_low_cmd_s.c.o[0m
[ 85%] [32mBuilding C object CMakeFiles/unitree_hg__python.dir/rosidl_generator_py/unitree_hg/msg/_low_state_s.c.o[0m
[ 86%] [32mBuilding C object CMakeFiles/unitree_hg__python.dir/rosidl_generator_py/unitree_hg/msg/_main_board_state_s.c.o[0m
[ 87%] [32mBuilding C object CMakeFiles/unitree_hg__python.dir/rosidl_generator_py/unitree_hg/msg/_motor_cmd_s.c.o[0m
[ 88%] [32mBuilding C object CMakeFiles/unitree_hg__python.dir/rosidl_generator_py/unitree_hg/msg/_motor_state_s.c.o[0m
[ 89%] [32mBuilding C object CMakeFiles/unitree_hg__python.dir/rosidl_generator_py/unitree_hg/msg/_press_sensor_state_s.c.o[0m
[ 90%] [32mBuilding C object CMakeFiles/unitree_hg__python.dir/rosidl_generator_py/unitree_hg/msg/_imu_state_s.c.o[0m
[ 91%] [32mBuilding C object CMakeFiles/unitree_hg__python.dir/rosidl_generator_py/unitree_hg/msg/_hand_state_s.c.o[0m
[ 92%] [32mBuilding C object CMakeFiles/unitree_hg__python.dir/rosidl_generator_py/unitree_hg/msg/_hand_cmd_s.c.o[0m
[ 93%] [32mBuilding C object CMakeFiles/unitree_hg__python.dir/rosidl_generator_py/unitree_hg/msg/_bms_state_s.c.o[0m
[ 94%] [32m[1mLinking C shared library rosidl_generator_py/unitree_hg/libunitree_hg__python.so[0m
[ 94%] Built target unitree_hg__python
[35m[1mScanning dependencies of target unitree_hg__rosidl_typesupport_c__pyext[0m
[ 95%] [32mBuilding C object CMakeFiles/unitree_hg__rosidl_typesupport_c__pyext.dir/rosidl_generator_py/unitree_hg/_unitree_hg_s.ep.rosidl_typesupport_c.c.o[0m
[ 96%] [32m[1mLinking C shared library rosidl_generator_py/unitree_hg/unitree_hg_s__rosidl_typesupport_c.cpython-38-aarch64-linux-gnu.so[0m
[ 96%] Built target unitree_hg__rosidl_typesupport_c__pyext
[35m[1mScanning dependencies of target unitree_hg__rosidl_typesupport_fastrtps_c__pyext[0m
[ 97%] [32mBuilding C object CMakeFiles/unitree_hg__rosidl_typesupport_fastrtps_c__pyext.dir/rosidl_generator_py/unitree_hg/_unitree_hg_s.ep.rosidl_typesupport_fastrtps_c.c.o[0m
[ 98%] [32m[1mLinking CXX shared library rosidl_generator_py/unitree_hg/unitree_hg_s__rosidl_typesupport_fastrtps_c.cpython-38-aarch64-linux-gnu.so[0m
[ 98%] Built target unitree_hg__rosidl_typesupport_fastrtps_c__pyext
[35m[1mScanning dependencies of target unitree_hg__rosidl_typesupport_introspection_c__pyext[0m
[ 99%] [32mBuilding C object CMakeFiles/unitree_hg__rosidl_typesupport_introspection_c__pyext.dir/rosidl_generator_py/unitree_hg/_unitree_hg_s.ep.rosidl_typesupport_introspection_c.c.o[0m
[100%] [32m[1mLinking C shared library rosidl_generator_py/unitree_hg/unitree_hg_s__rosidl_typesupport_introspection_c.cpython-38-aarch64-linux-gnu.so[0m
[100%] Built target unitree_hg__rosidl_typesupport_introspection_c__pyext
-- Install configuration: ""
-- Execute custom install script
-- Symlinking: /opt/mybotshop/install/unitree_hg/share/ament_index/resource_index/rosidl_interfaces/unitree_hg
-- Symlinking: /opt/mybotshop/install/unitree_hg/include/unitree_hg/msg/bms_cmd.h
-- Symlinking: /opt/mybotshop/install/unitree_hg/include/unitree_hg/msg/bms_state.h
-- Symlinking: /opt/mybotshop/install/unitree_hg/include/unitree_hg/msg/detail/bms_cmd__functions.h
-- Symlinking: /opt/mybotshop/install/unitree_hg/include/unitree_hg/msg/detail/bms_cmd__struct.h
-- Symlinking: /opt/mybotshop/install/unitree_hg/include/unitree_hg/msg/detail/bms_cmd__type_support.h
-- Symlinking: /opt/mybotshop/install/unitree_hg/include/unitree_hg/msg/detail/bms_state__functions.h
-- Symlinking: /opt/mybotshop/install/unitree_hg/include/unitree_hg/msg/detail/bms_state__struct.h
-- Symlinking: /opt/mybotshop/install/unitree_hg/include/unitree_hg/msg/detail/bms_state__type_support.h
-- Symlinking: /opt/mybotshop/install/unitree_hg/include/unitree_hg/msg/detail/hand_cmd__functions.h
-- Symlinking: /opt/mybotshop/install/unitree_hg/include/unitree_hg/msg/detail/hand_cmd__struct.h
-- Symlinking: /opt/mybotshop/install/unitree_hg/include/unitree_hg/msg/detail/hand_cmd__type_support.h
-- Symlinking: /opt/mybotshop/install/unitree_hg/include/unitree_hg/msg/detail/hand_state__functions.h
-- Symlinking: /opt/mybotshop/install/unitree_hg/include/unitree_hg/msg/detail/hand_state__struct.h
-- Symlinking: /opt/mybotshop/install/unitree_hg/include/unitree_hg/msg/detail/hand_state__type_support.h
-- Symlinking: /opt/mybotshop/install/unitree_hg/include/unitree_hg/msg/detail/imu_state__functions.h
-- Symlinking: /opt/mybotshop/install/unitree_hg/include/unitree_hg/msg/detail/imu_state__struct.h
-- Symlinking: /opt/mybotshop/install/unitree_hg/include/unitree_hg/msg/detail/imu_state__type_support.h
-- Symlinking: /opt/mybotshop/install/unitree_hg/include/unitree_hg/msg/detail/low_cmd__functions.h
-- Symlinking: /opt/mybotshop/install/unitree_hg/include/unitree_hg/msg/detail/low_cmd__struct.h
-- Symlinking: /opt/mybotshop/install/unitree_hg/include/unitree_hg/msg/detail/low_cmd__type_support.h
-- Symlinking: /opt/mybotshop/install/unitree_hg/include/unitree_hg/msg/detail/low_state__functions.h
-- Symlinking: /opt/mybotshop/install/unitree_hg/include/unitree_hg/msg/detail/low_state__struct.h
-- Symlinking: /opt/mybotshop/install/unitree_hg/include/unitree_hg/msg/detail/low_state__type_support.h
-- Symlinking: /opt/mybotshop/install/unitree_hg/include/unitree_hg/msg/detail/main_board_state__functions.h
-- Symlinking: /opt/mybotshop/install/unitree_hg/include/unitree_hg/msg/detail/main_board_state__struct.h
-- Symlinking: /opt/mybotshop/install/unitree_hg/include/unitree_hg/msg/detail/main_board_state__type_support.h
-- Symlinking: /opt/mybotshop/install/unitree_hg/include/unitree_hg/msg/detail/motor_cmd__functions.h
-- Symlinking: /opt/mybotshop/install/unitree_hg/include/unitree_hg/msg/detail/motor_cmd__struct.h
-- Symlinking: /opt/mybotshop/install/unitree_hg/include/unitree_hg/msg/detail/motor_cmd__type_support.h
-- Symlinking: /opt/mybotshop/install/unitree_hg/include/unitree_hg/msg/detail/motor_state__functions.h
-- Symlinking: /opt/mybotshop/install/unitree_hg/include/unitree_hg/msg/detail/motor_state__struct.h
-- Symlinking: /opt/mybotshop/install/unitree_hg/include/unitree_hg/msg/detail/motor_state__type_support.h
-- Symlinking: /opt/mybotshop/install/unitree_hg/include/unitree_hg/msg/detail/press_sensor_state__functions.h
-- Symlinking: /opt/mybotshop/install/unitree_hg/include/unitree_hg/msg/detail/press_sensor_state__struct.h
-- Symlinking: /opt/mybotshop/install/unitree_hg/include/unitree_hg/msg/detail/press_sensor_state__type_support.h
-- Symlinking: /opt/mybotshop/install/unitree_hg/include/unitree_hg/msg/hand_cmd.h
-- Symlinking: /opt/mybotshop/install/unitree_hg/include/unitree_hg/msg/hand_state.h
-- Symlinking: /opt/mybotshop/install/unitree_hg/include/unitree_hg/msg/imu_state.h
-- Symlinking: /opt/mybotshop/install/unitree_hg/include/unitree_hg/msg/low_cmd.h
-- Symlinking: /opt/mybotshop/install/unitree_hg/include/unitree_hg/msg/low_state.h
-- Symlinking: /opt/mybotshop/install/unitree_hg/include/unitree_hg/msg/main_board_state.h
-- Symlinking: /opt/mybotshop/install/unitree_hg/include/unitree_hg/msg/motor_cmd.h
-- Symlinking: /opt/mybotshop/install/unitree_hg/include/unitree_hg/msg/motor_state.h
-- Symlinking: /opt/mybotshop/install/unitree_hg/include/unitree_hg/msg/press_sensor_state.h
-- Symlinking: /opt/mybotshop/install/unitree_hg/include/unitree_hg/msg/rosidl_generator_c__visibility_control.h
-- Symlinking: /opt/mybotshop/install/unitree_hg/share/unitree_hg/environment/library_path.sh
-- Symlinking: /opt/mybotshop/install/unitree_hg/share/unitree_hg/environment/library_path.dsv
-- Symlinking: /opt/mybotshop/install/unitree_hg/include/unitree_hg/msg/detail/bms_cmd__rosidl_typesupport_fastrtps_c.h
-- Symlinking: /opt/mybotshop/install/unitree_hg/include/unitree_hg/msg/detail/bms_state__rosidl_typesupport_fastrtps_c.h
-- Symlinking: /opt/mybotshop/install/unitree_hg/include/unitree_hg/msg/detail/hand_cmd__rosidl_typesupport_fastrtps_c.h
-- Symlinking: /opt/mybotshop/install/unitree_hg/include/unitree_hg/msg/detail/hand_state__rosidl_typesupport_fastrtps_c.h
-- Symlinking: /opt/mybotshop/install/unitree_hg/include/unitree_hg/msg/detail/imu_state__rosidl_typesupport_fastrtps_c.h
-- Symlinking: /opt/mybotshop/install/unitree_hg/include/unitree_hg/msg/detail/low_cmd__rosidl_typesupport_fastrtps_c.h
-- Symlinking: /opt/mybotshop/install/unitree_hg/include/unitree_hg/msg/detail/low_state__rosidl_typesupport_fastrtps_c.h
-- Symlinking: /opt/mybotshop/install/unitree_hg/include/unitree_hg/msg/detail/main_board_state__rosidl_typesupport_fastrtps_c.h
-- Symlinking: /opt/mybotshop/install/unitree_hg/include/unitree_hg/msg/detail/motor_cmd__rosidl_typesupport_fastrtps_c.h
-- Symlinking: /opt/mybotshop/install/unitree_hg/include/unitree_hg/msg/detail/motor_state__rosidl_typesupport_fastrtps_c.h
-- Symlinking: /opt/mybotshop/install/unitree_hg/include/unitree_hg/msg/detail/press_sensor_state__rosidl_typesupport_fastrtps_c.h
-- Symlinking: /opt/mybotshop/install/unitree_hg/include/unitree_hg/msg/rosidl_typesupport_fastrtps_c__visibility_control.h
-- Symlinking: /opt/mybotshop/install/unitree_hg/lib/libunitree_hg__rosidl_typesupport_fastrtps_c.so
-- Symlinking: /opt/mybotshop/install/unitree_hg/include/unitree_hg/msg/detail/bms_cmd__rosidl_typesupport_fastrtps_cpp.hpp
-- Symlinking: /opt/mybotshop/install/unitree_hg/include/unitree_hg/msg/detail/bms_state__rosidl_typesupport_fastrtps_cpp.hpp
-- Symlinking: /opt/mybotshop/install/unitree_hg/include/unitree_hg/msg/detail/hand_cmd__rosidl_typesupport_fastrtps_cpp.hpp
-- Symlinking: /opt/mybotshop/install/unitree_hg/include/unitree_hg/msg/detail/hand_state__rosidl_typesupport_fastrtps_cpp.hpp
-- Symlinking: /opt/mybotshop/install/unitree_hg/include/unitree_hg/msg/detail/imu_state__rosidl_typesupport_fastrtps_cpp.hpp
-- Symlinking: /opt/mybotshop/install/unitree_hg/include/unitree_hg/msg/detail/low_cmd__rosidl_typesupport_fastrtps_cpp.hpp
-- Symlinking: /opt/mybotshop/install/unitree_hg/include/unitree_hg/msg/detail/low_state__rosidl_typesupport_fastrtps_cpp.hpp
-- Symlinking: /opt/mybotshop/install/unitree_hg/include/unitree_hg/msg/detail/main_board_state__rosidl_typesupport_fastrtps_cpp.hpp
-- Symlinking: /opt/mybotshop/install/unitree_hg/include/unitree_hg/msg/detail/motor_cmd__rosidl_typesupport_fastrtps_cpp.hpp
-- Symlinking: /opt/mybotshop/install/unitree_hg/include/unitree_hg/msg/detail/motor_state__rosidl_typesupport_fastrtps_cpp.hpp
-- Symlinking: /opt/mybotshop/install/unitree_hg/include/unitree_hg/msg/detail/press_sensor_state__rosidl_typesupport_fastrtps_cpp.hpp
-- Symlinking: /opt/mybotshop/install/unitree_hg/include/unitree_hg/msg/rosidl_typesupport_fastrtps_cpp__visibility_control.h
-- Symlinking: /opt/mybotshop/install/unitree_hg/lib/libunitree_hg__rosidl_typesupport_fastrtps_cpp.so
-- Symlinking: /opt/mybotshop/install/unitree_hg/include/unitree_hg/msg/detail/bms_cmd__rosidl_typesupport_introspection_c.h
-- Symlinking: /opt/mybotshop/install/unitree_hg/include/unitree_hg/msg/detail/bms_state__rosidl_typesupport_introspection_c.h
-- Symlinking: /opt/mybotshop/install/unitree_hg/include/unitree_hg/msg/detail/hand_cmd__rosidl_typesupport_introspection_c.h
-- Symlinking: /opt/mybotshop/install/unitree_hg/include/unitree_hg/msg/detail/hand_state__rosidl_typesupport_introspection_c.h
-- Symlinking: /opt/mybotshop/install/unitree_hg/include/unitree_hg/msg/detail/imu_state__rosidl_typesupport_introspection_c.h
-- Symlinking: /opt/mybotshop/install/unitree_hg/include/unitree_hg/msg/detail/low_cmd__rosidl_typesupport_introspection_c.h
-- Symlinking: /opt/mybotshop/install/unitree_hg/include/unitree_hg/msg/detail/low_state__rosidl_typesupport_introspection_c.h
-- Symlinking: /opt/mybotshop/install/unitree_hg/include/unitree_hg/msg/detail/main_board_state__rosidl_typesupport_introspection_c.h
-- Symlinking: /opt/mybotshop/install/unitree_hg/include/unitree_hg/msg/detail/motor_cmd__rosidl_typesupport_introspection_c.h
-- Symlinking: /opt/mybotshop/install/unitree_hg/include/unitree_hg/msg/detail/motor_state__rosidl_typesupport_introspection_c.h
-- Symlinking: /opt/mybotshop/install/unitree_hg/include/unitree_hg/msg/detail/press_sensor_state__rosidl_typesupport_introspection_c.h
-- Symlinking: /opt/mybotshop/install/unitree_hg/include/unitree_hg/msg/rosidl_typesupport_introspection_c__visibility_control.h
-- Symlinking: /opt/mybotshop/install/unitree_hg/include/unitree_hg/msg/bms_cmd.hpp
-- Symlinking: /opt/mybotshop/install/unitree_hg/include/unitree_hg/msg/bms_state.hpp
-- Symlinking: /opt/mybotshop/install/unitree_hg/include/unitree_hg/msg/detail/bms_cmd__builder.hpp
-- Symlinking: /opt/mybotshop/install/unitree_hg/include/unitree_hg/msg/detail/bms_cmd__struct.hpp
-- Symlinking: /opt/mybotshop/install/unitree_hg/include/unitree_hg/msg/detail/bms_cmd__traits.hpp
-- Symlinking: /opt/mybotshop/install/unitree_hg/include/unitree_hg/msg/detail/bms_cmd__type_support.hpp
-- Symlinking: /opt/mybotshop/install/unitree_hg/include/unitree_hg/msg/detail/bms_state__builder.hpp
-- Symlinking: /opt/mybotshop/install/unitree_hg/include/unitree_hg/msg/detail/bms_state__struct.hpp
-- Symlinking: /opt/mybotshop/install/unitree_hg/include/unitree_hg/msg/detail/bms_state__traits.hpp
-- Symlinking: /opt/mybotshop/install/unitree_hg/include/unitree_hg/msg/detail/bms_state__type_support.hpp
-- Symlinking: /opt/mybotshop/install/unitree_hg/include/unitree_hg/msg/detail/hand_cmd__builder.hpp
-- Symlinking: /opt/mybotshop/install/unitree_hg/include/unitree_hg/msg/detail/hand_cmd__struct.hpp
-- Symlinking: /opt/mybotshop/install/unitree_hg/include/unitree_hg/msg/detail/hand_cmd__traits.hpp
-- Symlinking: /opt/mybotshop/install/unitree_hg/include/unitree_hg/msg/detail/hand_cmd__type_support.hpp
-- Symlinking: /opt/mybotshop/install/unitree_hg/include/unitree_hg/msg/detail/hand_state__builder.hpp
-- Symlinking: /opt/mybotshop/install/unitree_hg/include/unitree_hg/msg/detail/hand_state__struct.hpp
-- Symlinking: /opt/mybotshop/install/unitree_hg/include/unitree_hg/msg/detail/hand_state__traits.hpp
-- Symlinking: /opt/mybotshop/install/unitree_hg/include/unitree_hg/msg/detail/hand_state__type_support.hpp
-- Symlinking: /opt/mybotshop/install/unitree_hg/include/unitree_hg/msg/detail/imu_state__builder.hpp
-- Symlinking: /opt/mybotshop/install/unitree_hg/include/unitree_hg/msg/detail/imu_state__struct.hpp
-- Symlinking: /opt/mybotshop/install/unitree_hg/include/unitree_hg/msg/detail/imu_state__traits.hpp
-- Symlinking: /opt/mybotshop/install/unitree_hg/include/unitree_hg/msg/detail/imu_state__type_support.hpp
-- Symlinking: /opt/mybotshop/install/unitree_hg/include/unitree_hg/msg/detail/low_cmd__builder.hpp
-- Symlinking: /opt/mybotshop/install/unitree_hg/include/unitree_hg/msg/detail/low_cmd__struct.hpp
-- Symlinking: /opt/mybotshop/install/unitree_hg/include/unitree_hg/msg/detail/low_cmd__traits.hpp
-- Symlinking: /opt/mybotshop/install/unitree_hg/include/unitree_hg/msg/detail/low_cmd__type_support.hpp
-- Symlinking: /opt/mybotshop/install/unitree_hg/include/unitree_hg/msg/detail/low_state__builder.hpp
-- Symlinking: /opt/mybotshop/install/unitree_hg/include/unitree_hg/msg/detail/low_state__struct.hpp
-- Symlinking: /opt/mybotshop/install/unitree_hg/include/unitree_hg/msg/detail/low_state__traits.hpp
-- Symlinking: /opt/mybotshop/install/unitree_hg/include/unitree_hg/msg/detail/low_state__type_support.hpp
-- Symlinking: /opt/mybotshop/install/unitree_hg/include/unitree_hg/msg/detail/main_board_state__builder.hpp
-- Symlinking: /opt/mybotshop/install/unitree_hg/include/unitree_hg/msg/detail/main_board_state__struct.hpp
-- Symlinking: /opt/mybotshop/install/unitree_hg/include/unitree_hg/msg/detail/main_board_state__traits.hpp
-- Symlinking: /opt/mybotshop/install/unitree_hg/include/unitree_hg/msg/detail/main_board_state__type_support.hpp
-- Symlinking: /opt/mybotshop/install/unitree_hg/include/unitree_hg/msg/detail/motor_cmd__builder.hpp
-- Symlinking: /opt/mybotshop/install/unitree_hg/include/unitree_hg/msg/detail/motor_cmd__struct.hpp
-- Symlinking: /opt/mybotshop/install/unitree_hg/include/unitree_hg/msg/detail/motor_cmd__traits.hpp
-- Symlinking: /opt/mybotshop/install/unitree_hg/include/unitree_hg/msg/detail/motor_cmd__type_support.hpp
-- Symlinking: /opt/mybotshop/install/unitree_hg/include/unitree_hg/msg/detail/motor_state__builder.hpp
-- Symlinking: /opt/mybotshop/install/unitree_hg/include/unitree_hg/msg/detail/motor_state__struct.hpp
-- Symlinking: /opt/mybotshop/install/unitree_hg/include/unitree_hg/msg/detail/motor_state__traits.hpp
-- Symlinking: /opt/mybotshop/install/unitree_hg/include/unitree_hg/msg/detail/motor_state__type_support.hpp
-- Symlinking: /opt/mybotshop/install/unitree_hg/include/unitree_hg/msg/detail/press_sensor_state__builder.hpp
-- Symlinking: /opt/mybotshop/install/unitree_hg/include/unitree_hg/msg/detail/press_sensor_state__struct.hpp
-- Symlinking: /opt/mybotshop/install/unitree_hg/include/unitree_hg/msg/detail/press_sensor_state__traits.hpp
-- Symlinking: /opt/mybotshop/install/unitree_hg/include/unitree_hg/msg/detail/press_sensor_state__type_support.hpp
-- Symlinking: /opt/mybotshop/install/unitree_hg/include/unitree_hg/msg/hand_cmd.hpp
-- Symlinking: /opt/mybotshop/install/unitree_hg/include/unitree_hg/msg/hand_state.hpp
-- Symlinking: /opt/mybotshop/install/unitree_hg/include/unitree_hg/msg/imu_state.hpp
-- Symlinking: /opt/mybotshop/install/unitree_hg/include/unitree_hg/msg/low_cmd.hpp
-- Symlinking: /opt/mybotshop/install/unitree_hg/include/unitree_hg/msg/low_state.hpp
-- Symlinking: /opt/mybotshop/install/unitree_hg/include/unitree_hg/msg/main_board_state.hpp
-- Symlinking: /opt/mybotshop/install/unitree_hg/include/unitree_hg/msg/motor_cmd.hpp
-- Symlinking: /opt/mybotshop/install/unitree_hg/include/unitree_hg/msg/motor_state.hpp
-- Symlinking: /opt/mybotshop/install/unitree_hg/include/unitree_hg/msg/press_sensor_state.hpp
-- Symlinking: /opt/mybotshop/install/unitree_hg/include/unitree_hg/msg/rosidl_generator_cpp__visibility_control.hpp
-- Symlinking: /opt/mybotshop/install/unitree_hg/include/unitree_hg/msg/detail/bms_cmd__rosidl_typesupport_introspection_cpp.hpp
-- Symlinking: /opt/mybotshop/install/unitree_hg/include/unitree_hg/msg/detail/bms_state__rosidl_typesupport_introspection_cpp.hpp
-- Symlinking: /opt/mybotshop/install/unitree_hg/include/unitree_hg/msg/detail/hand_cmd__rosidl_typesupport_introspection_cpp.hpp
-- Symlinking: /opt/mybotshop/install/unitree_hg/include/unitree_hg/msg/detail/hand_state__rosidl_typesupport_introspection_cpp.hpp
-- Symlinking: /opt/mybotshop/install/unitree_hg/include/unitree_hg/msg/detail/imu_state__rosidl_typesupport_introspection_cpp.hpp
-- Symlinking: /opt/mybotshop/install/unitree_hg/include/unitree_hg/msg/detail/low_cmd__rosidl_typesupport_introspection_cpp.hpp
-- Symlinking: /opt/mybotshop/install/unitree_hg/include/unitree_hg/msg/detail/low_state__rosidl_typesupport_introspection_cpp.hpp
-- Symlinking: /opt/mybotshop/install/unitree_hg/include/unitree_hg/msg/detail/main_board_state__rosidl_typesupport_introspection_cpp.hpp
-- Symlinking: /opt/mybotshop/install/unitree_hg/include/unitree_hg/msg/detail/motor_cmd__rosidl_typesupport_introspection_cpp.hpp
-- Symlinking: /opt/mybotshop/install/unitree_hg/include/unitree_hg/msg/detail/motor_state__rosidl_typesupport_introspection_cpp.hpp
-- Symlinking: /opt/mybotshop/install/unitree_hg/include/unitree_hg/msg/detail/press_sensor_state__rosidl_typesupport_introspection_cpp.hpp
-- Symlinking: /opt/mybotshop/install/unitree_hg/share/unitree_hg/environment/pythonpath.sh
-- Symlinking: /opt/mybotshop/install/unitree_hg/share/unitree_hg/environment/pythonpath.dsv
-- Symlinking: /opt/mybotshop/install/unitree_hg/lib/python3.8/site-packages/unitree_hg/__init__.py
-- Symlinking: /opt/mybotshop/install/unitree_hg/lib/python3.8/site-packages/unitree_hg/msg/__init__.py
-- Symlinking: /opt/mybotshop/install/unitree_hg/lib/python3.8/site-packages/unitree_hg/msg/_bms_cmd.py
-- Symlinking: /opt/mybotshop/install/unitree_hg/lib/python3.8/site-packages/unitree_hg/msg/_bms_state.py
-- Symlinking: /opt/mybotshop/install/unitree_hg/lib/python3.8/site-packages/unitree_hg/msg/_hand_cmd.py
-- Symlinking: /opt/mybotshop/install/unitree_hg/lib/python3.8/site-packages/unitree_hg/msg/_hand_state.py
-- Symlinking: /opt/mybotshop/install/unitree_hg/lib/python3.8/site-packages/unitree_hg/msg/_imu_state.py
-- Symlinking: /opt/mybotshop/install/unitree_hg/lib/python3.8/site-packages/unitree_hg/msg/_low_cmd.py
-- Symlinking: /opt/mybotshop/install/unitree_hg/lib/python3.8/site-packages/unitree_hg/msg/_low_state.py
-- Symlinking: /opt/mybotshop/install/unitree_hg/lib/python3.8/site-packages/unitree_hg/msg/_main_board_state.py
-- Symlinking: /opt/mybotshop/install/unitree_hg/lib/python3.8/site-packages/unitree_hg/msg/_motor_cmd.py
-- Symlinking: /opt/mybotshop/install/unitree_hg/lib/python3.8/site-packages/unitree_hg/msg/_motor_state.py
-- Symlinking: /opt/mybotshop/install/unitree_hg/lib/python3.8/site-packages/unitree_hg/msg/_press_sensor_state.py
-- Symlinking: /opt/mybotshop/install/unitree_hg/lib/python3.8/site-packages/unitree_hg/unitree_hg_s__rosidl_typesupport_fastrtps_c.cpython-38-aarch64-linux-gnu.so
-- Symlinking: /opt/mybotshop/install/unitree_hg/lib/python3.8/site-packages/unitree_hg/unitree_hg_s__rosidl_typesupport_introspection_c.cpython-38-aarch64-linux-gnu.so
-- Symlinking: /opt/mybotshop/install/unitree_hg/lib/python3.8/site-packages/unitree_hg/unitree_hg_s__rosidl_typesupport_c.cpython-38-aarch64-linux-gnu.so
-- Symlinking: /opt/mybotshop/install/unitree_hg/lib/libunitree_hg__python.so
-- Symlinking: /opt/mybotshop/install/unitree_hg/share/unitree_hg/msg/BmsCmd.idl
-- Symlinking: /opt/mybotshop/install/unitree_hg/share/unitree_hg/msg/BmsState.idl
-- Symlinking: /opt/mybotshop/install/unitree_hg/share/unitree_hg/msg/HandCmd.idl
-- Symlinking: /opt/mybotshop/install/unitree_hg/share/unitree_hg/msg/HandState.idl
-- Symlinking: /opt/mybotshop/install/unitree_hg/share/unitree_hg/msg/IMUState.idl
-- Symlinking: /opt/mybotshop/install/unitree_hg/share/unitree_hg/msg/LowCmd.idl
-- Symlinking: /opt/mybotshop/install/unitree_hg/share/unitree_hg/msg/LowState.idl
-- Symlinking: /opt/mybotshop/install/unitree_hg/share/unitree_hg/msg/MainBoardState.idl
-- Symlinking: /opt/mybotshop/install/unitree_hg/share/unitree_hg/msg/MotorCmd.idl
-- Symlinking: /opt/mybotshop/install/unitree_hg/share/unitree_hg/msg/MotorState.idl
-- Symlinking: /opt/mybotshop/install/unitree_hg/share/unitree_hg/msg/PressSensorState.idl
-- Symlinking: /opt/mybotshop/install/unitree_hg/share/unitree_hg/msg/BmsCmd.msg
-- Symlinking: /opt/mybotshop/install/unitree_hg/share/unitree_hg/msg/BmsState.msg
-- Symlinking: /opt/mybotshop/install/unitree_hg/share/unitree_hg/msg/HandCmd.msg
-- Symlinking: /opt/mybotshop/install/unitree_hg/share/unitree_hg/msg/HandState.msg
-- Symlinking: /opt/mybotshop/install/unitree_hg/share/unitree_hg/msg/IMUState.msg
-- Symlinking: /opt/mybotshop/install/unitree_hg/share/unitree_hg/msg/LowCmd.msg
-- Symlinking: /opt/mybotshop/install/unitree_hg/share/unitree_hg/msg/LowState.msg
-- Symlinking: /opt/mybotshop/install/unitree_hg/share/unitree_hg/msg/MainBoardState.msg
-- Symlinking: /opt/mybotshop/install/unitree_hg/share/unitree_hg/msg/MotorCmd.msg
-- Symlinking: /opt/mybotshop/install/unitree_hg/share/unitree_hg/msg/MotorState.msg
-- Symlinking: /opt/mybotshop/install/unitree_hg/share/unitree_hg/msg/PressSensorState.msg
-- Symlinking: /opt/mybotshop/install/unitree_hg/share/unitree_hg/msg/dds_connext/BmsCmd_.idl
-- Symlinking: /opt/mybotshop/install/unitree_hg/share/unitree_hg/msg/dds_connext/BmsState_.idl
-- Symlinking: /opt/mybotshop/install/unitree_hg/share/unitree_hg/msg/dds_connext/HandCmd_.idl
-- Symlinking: /opt/mybotshop/install/unitree_hg/share/unitree_hg/msg/dds_connext/HandState_.idl
-- Symlinking: /opt/mybotshop/install/unitree_hg/share/unitree_hg/msg/dds_connext/IMUState_.idl
-- Symlinking: /opt/mybotshop/install/unitree_hg/share/unitree_hg/msg/dds_connext/LowCmd_.idl
-- Symlinking: /opt/mybotshop/install/unitree_hg/share/unitree_hg/msg/dds_connext/LowState_.idl
-- Symlinking: /opt/mybotshop/install/unitree_hg/share/unitree_hg/msg/dds_connext/MainBoardState_.idl
-- Symlinking: /opt/mybotshop/install/unitree_hg/share/unitree_hg/msg/dds_connext/MotorCmd_.idl
-- Symlinking: /opt/mybotshop/install/unitree_hg/share/unitree_hg/msg/dds_connext/MotorState_.idl
-- Symlinking: /opt/mybotshop/install/unitree_hg/share/unitree_hg/msg/dds_connext/PressSensorState_.idl
-- Symlinking: /opt/mybotshop/install/unitree_hg/share/ament_index/resource_index/package_run_dependencies/unitree_hg
-- Symlinking: /opt/mybotshop/install/unitree_hg/share/ament_index/resource_index/parent_prefix_path/unitree_hg
-- Symlinking: /opt/mybotshop/install/unitree_hg/share/unitree_hg/environment/ament_prefix_path.sh
-- Symlinking: /opt/mybotshop/install/unitree_hg/share/unitree_hg/environment/ament_prefix_path.dsv
-- Symlinking: /opt/mybotshop/install/unitree_hg/share/unitree_hg/environment/path.sh
-- Symlinking: /opt/mybotshop/install/unitree_hg/share/unitree_hg/environment/path.dsv
-- Symlinking: /opt/mybotshop/install/unitree_hg/share/unitree_hg/local_setup.bash
-- Symlinking: /opt/mybotshop/install/unitree_hg/share/unitree_hg/local_setup.sh
-- Symlinking: /opt/mybotshop/install/unitree_hg/share/unitree_hg/local_setup.zsh
-- Symlinking: /opt/mybotshop/install/unitree_hg/share/unitree_hg/local_setup.dsv
-- Symlinking: /opt/mybotshop/install/unitree_hg/share/unitree_hg/package.dsv
-- Symlinking: /opt/mybotshop/install/unitree_hg/share/ament_index/resource_index/packages/unitree_hg
-- Symlinking: /opt/mybotshop/install/unitree_hg/share/unitree_hg/cmake/rosidl_cmake-extras.cmake
-- Symlinking: /opt/mybotshop/install/unitree_hg/share/unitree_hg/cmake/ament_cmake_export_dependencies-extras.cmake
-- Symlinking: /opt/mybotshop/install/unitree_hg/share/unitree_hg/cmake/ament_cmake_export_libraries-extras.cmake
-- Symlinking: /opt/mybotshop/install/unitree_hg/share/unitree_hg/cmake/ament_cmake_export_targets-extras.cmake
-- Symlinking: /opt/mybotshop/install/unitree_hg/share/unitree_hg/cmake/ament_cmake_export_include_directories-extras.cmake
-- Symlinking: /opt/mybotshop/install/unitree_hg/share/unitree_hg/cmake/rosidl_cmake_export_typesupport_libraries-extras.cmake
-- Symlinking: /opt/mybotshop/install/unitree_hg/share/unitree_hg/cmake/rosidl_cmake_export_typesupport_targets-extras.cmake
-- Symlinking: /opt/mybotshop/install/unitree_hg/share/unitree_hg/cmake/unitree_hgConfig.cmake
-- Symlinking: /opt/mybotshop/install/unitree_hg/share/unitree_hg/cmake/unitree_hgConfig-version.cmake
-- Symlinking: /opt/mybotshop/install/unitree_hg/share/unitree_hg/package.xml
-- Installing: /opt/mybotshop/install/unitree_hg/lib/libunitree_hg__rosidl_generator_c.so
-- Set runtime path of "/opt/mybotshop/install/unitree_hg/lib/libunitree_hg__rosidl_generator_c.so" to ""
-- Installing: /opt/mybotshop/install/unitree_hg/lib/libunitree_hg__rosidl_typesupport_introspection_c.so
-- Set runtime path of "/opt/mybotshop/install/unitree_hg/lib/libunitree_hg__rosidl_typesupport_introspection_c.so" to ""
-- Installing: /opt/mybotshop/install/unitree_hg/lib/libunitree_hg__rosidl_typesupport_c.so
-- Set runtime path of "/opt/mybotshop/install/unitree_hg/lib/libunitree_hg__rosidl_typesupport_c.so" to ""
-- Installing: /opt/mybotshop/install/unitree_hg/lib/libunitree_hg__rosidl_typesupport_introspection_cpp.so
-- Set runtime path of "/opt/mybotshop/install/unitree_hg/lib/libunitree_hg__rosidl_typesupport_introspection_cpp.so" to ""
-- Installing: /opt/mybotshop/install/unitree_hg/lib/libunitree_hg__rosidl_typesupport_cpp.so
-- Set runtime path of "/opt/mybotshop/install/unitree_hg/lib/libunitree_hg__rosidl_typesupport_cpp.so" to ""
Compiling '/opt/mybotshop/install/unitree_hg/lib/python3.8/site-packages/unitree_hg/__init__.py'...
-- Installing: /opt/mybotshop/install/unitree_hg/share/unitree_hg/cmake/unitree_hg__rosidl_generator_cExport.cmake
-- Installing: /opt/mybotshop/install/unitree_hg/share/unitree_hg/cmake/unitree_hg__rosidl_generator_cExport-noconfig.cmake
-- Installing: /opt/mybotshop/install/unitree_hg/share/unitree_hg/cmake/unitree_hg__rosidl_typesupport_introspection_cExport.cmake
-- Installing: /opt/mybotshop/install/unitree_hg/share/unitree_hg/cmake/unitree_hg__rosidl_typesupport_introspection_cExport-noconfig.cmake
-- Installing: /opt/mybotshop/install/unitree_hg/share/unitree_hg/cmake/unitree_hg__rosidl_typesupport_cExport.cmake
-- Installing: /opt/mybotshop/install/unitree_hg/share/unitree_hg/cmake/unitree_hg__rosidl_typesupport_cExport-noconfig.cmake
-- Installing: /opt/mybotshop/install/unitree_hg/share/unitree_hg/cmake/unitree_hg__rosidl_generator_cppExport.cmake
-- Installing: /opt/mybotshop/install/unitree_hg/share/unitree_hg/cmake/unitree_hg__rosidl_typesupport_introspection_cppExport.cmake
-- Installing: /opt/mybotshop/install/unitree_hg/share/unitree_hg/cmake/unitree_hg__rosidl_typesupport_introspection_cppExport-noconfig.cmake
-- Installing: /opt/mybotshop/install/unitree_hg/share/unitree_hg/cmake/unitree_hg__rosidl_typesupport_cppExport.cmake
-- Installing: /opt/mybotshop/install/unitree_hg/share/unitree_hg/cmake/unitree_hg__rosidl_typesupport_cppExport-noconfig.cmake
