[0.749s] Invoking command in '/opt/mybotshop/build/unitree_hg': CMAKE_PREFIX_PATH=${CMAKE_PREFIX_PATH}:/opt/ros/foxy /usr/bin/cmake /opt/mybotshop/src/third_party/unitree/18Mar2025_unitree_ros2/cyclonedds_ws/src/unitree/unitree_hg -DAMENT_CMAKE_SYMLINK_INSTALL=1 -DCMAKE_INSTALL_PREFIX=/opt/mybotshop/install/unitree_hg
[1.024s] -- The C compiler identification is GNU 9.4.0
[1.303s] -- The CXX compiler identification is GNU 9.4.0
[1.338s] -- Check for working C compiler: /usr/bin/cc
[1.733s] -- Check for working C compiler: /usr/bin/cc -- works
[1.734s] -- Detecting C compiler ABI info
[2.153s] -- Detecting C compiler ABI info - done
[2.193s] -- Detecting C compile features
[2.198s] -- Detecting C compile features - done
[2.208s] -- Check for working CXX compiler: /usr/bin/c++
[2.565s] -- Check for working CXX compiler: /usr/bin/c++ -- works
[2.570s] -- Detecting CXX compiler ABI info
[3.119s] -- Detecting CXX compiler ABI info - done
[3.167s] -- Detecting CXX compile features
[3.169s] -- Detecting CXX compile features - done
[3.191s] -- Found ament_cmake: 0.9.12 (/opt/ros/foxy/share/ament_cmake/cmake)
[3.320s] -- Found PythonInterp: /usr/bin/python3 (found suitable version "3.8.10", minimum required is "3") 
[3.320s] -- Using PYTHON_EXECUTABLE: /usr/bin/python3
[4.090s] -- Override CMake install command with custom implementation using symlinks instead of copying resources
[4.241s] -- Found geometry_msgs: 2.0.5 (/opt/ros/foxy/share/geometry_msgs/cmake)
[4.342s] -- Using all available rosidl_typesupport_c: rosidl_typesupport_fastrtps_c;rosidl_typesupport_introspection_c
[4.361s] -- Found rosidl_adapter: 1.3.1 (/opt/ros/foxy/share/rosidl_adapter/cmake)
[4.780s] -- Found OpenSSL: /usr/lib/aarch64-linux-gnu/libcrypto.so (found version "1.1.1f")  
[4.941s] -- Found FastRTPS: /opt/ros/foxy/include  
[5.399s] -- Using all available rosidl_typesupport_cpp: rosidl_typesupport_fastrtps_cpp;rosidl_typesupport_introspection_cpp
[5.747s] -- Found rosidl_default_generators: 1.0.1 (/opt/ros/foxy/share/rosidl_default_generators/cmake)
[5.801s] -- Found rosidl_generator_dds_idl: 0.7.1 (/opt/ros/foxy/share/rosidl_generator_dds_idl/cmake)
[5.930s] -- Found PythonInterp: /usr/bin/python3 (found version "3.8.10") 
[6.644s] -- Found ament_cmake_ros: 0.9.2 (/opt/ros/foxy/share/ament_cmake_ros/cmake)
[7.609s] -- Using all available rosidl_typesupport_c: rosidl_typesupport_fastrtps_c;rosidl_typesupport_introspection_c
[7.966s] -- Using all available rosidl_typesupport_cpp: rosidl_typesupport_fastrtps_cpp;rosidl_typesupport_introspection_cpp
[8.092s] -- Found PythonInterp: /usr/bin/python3 (found suitable version "3.8.10", minimum required is "3.5") 
[8.106s] -- Found python_cmake_module: 0.8.1 (/opt/ros/foxy/share/python_cmake_module/cmake)
[8.210s] -- Found PythonLibs: /usr/lib/aarch64-linux-gnu/libpython3.8.so (found suitable version "3.8.10", minimum required is "3.5") 
[8.211s] -- Using PYTHON_EXECUTABLE: /usr/bin/python3
[8.212s] -- Using PYTHON_INCLUDE_DIRS: /usr/include/python3.8
[8.212s] -- Using PYTHON_LIBRARIES: /usr/lib/aarch64-linux-gnu/libpython3.8.so
[8.274s] -- Found PythonExtra: .so  
[8.668s] -- Found ament_lint_auto: 0.9.8 (/opt/ros/foxy/share/ament_lint_auto/cmake)
[8.771s] -- Added test 'copyright' to check source files copyright and LICENSE
[8.776s] -- Added test 'lint_cmake' to check CMake code style
[8.781s] -- Added test 'xmllint' to check XML markup files
[8.815s] -- Configuring done
[9.116s] -- Generating done
[9.134s] -- Build files have been written to: /opt/mybotshop/build/unitree_hg
[9.622s] Invoked command in '/opt/mybotshop/build/unitree_hg' returned '0': CMAKE_PREFIX_PATH=${CMAKE_PREFIX_PATH}:/opt/ros/foxy /usr/bin/cmake /opt/mybotshop/src/third_party/unitree/18Mar2025_unitree_ros2/cyclonedds_ws/src/unitree/unitree_hg -DAMENT_CMAKE_SYMLINK_INSTALL=1 -DCMAKE_INSTALL_PREFIX=/opt/mybotshop/install/unitree_hg
[9.625s] Invoking command in '/opt/mybotshop/build/unitree_hg': CMAKE_PREFIX_PATH=${CMAKE_PREFIX_PATH}:/opt/ros/foxy /usr/bin/cmake --build /opt/mybotshop/build/unitree_hg -- -j6 -l6
[9.915s] [35m[1mScanning dependencies of target unitree_hg__cpp[0m
[9.989s] [  0%] [34m[1mGenerating C++ code for ROS interfaces[0m
[15.222s] [  0%] Built target unitree_hg__cpp
[15.271s] [  1%] [34m[1mGenerating C code for ROS interfaces[0m
[20.800s] [35m[1mScanning dependencies of target unitree_hg__rosidl_generator_c[0m
[20.928s] [  2%] [32mBuilding C object CMakeFiles/unitree_hg__rosidl_generator_c.dir/rosidl_generator_c/unitree_hg/msg/detail/bms_cmd__functions.c.o[0m
[21.247s] [  3%] [32mBuilding C object CMakeFiles/unitree_hg__rosidl_generator_c.dir/rosidl_generator_c/unitree_hg/msg/detail/bms_state__functions.c.o[0m
[21.449s] [  3%] [32mBuilding C object CMakeFiles/unitree_hg__rosidl_generator_c.dir/rosidl_generator_c/unitree_hg/msg/detail/hand_cmd__functions.c.o[0m
[21.722s] [  4%] [32mBuilding C object CMakeFiles/unitree_hg__rosidl_generator_c.dir/rosidl_generator_c/unitree_hg/msg/detail/hand_state__functions.c.o[0m
[22.040s] [  5%] [32mBuilding C object CMakeFiles/unitree_hg__rosidl_generator_c.dir/rosidl_generator_c/unitree_hg/msg/detail/imu_state__functions.c.o[0m
[22.348s] [  6%] [32mBuilding C object CMakeFiles/unitree_hg__rosidl_generator_c.dir/rosidl_generator_c/unitree_hg/msg/detail/low_cmd__functions.c.o[0m
[22.646s] [  7%] [32mBuilding C object CMakeFiles/unitree_hg__rosidl_generator_c.dir/rosidl_generator_c/unitree_hg/msg/detail/low_state__functions.c.o[0m
[22.934s] [  8%] [32mBuilding C object CMakeFiles/unitree_hg__rosidl_generator_c.dir/rosidl_generator_c/unitree_hg/msg/detail/main_board_state__functions.c.o[0m
[23.120s] [  9%] [32mBuilding C object CMakeFiles/unitree_hg__rosidl_generator_c.dir/rosidl_generator_c/unitree_hg/msg/detail/motor_cmd__functions.c.o[0m
[23.307s] [ 10%] [32mBuilding C object CMakeFiles/unitree_hg__rosidl_generator_c.dir/rosidl_generator_c/unitree_hg/msg/detail/motor_state__functions.c.o[0m
[23.541s] [ 11%] [32mBuilding C object CMakeFiles/unitree_hg__rosidl_generator_c.dir/rosidl_generator_c/unitree_hg/msg/detail/press_sensor_state__functions.c.o[0m
[23.792s] [ 12%] [32m[1mLinking C shared library libunitree_hg__rosidl_generator_c.so[0m
[24.005s] [ 12%] Built target unitree_hg__rosidl_generator_c
[24.099s] [ 13%] [34m[1mGenerating C++ introspection for ROS interfaces[0m
[27.587s] [35m[1mScanning dependencies of target unitree_hg__rosidl_typesupport_introspection_cpp[0m
[27.732s] [ 14%] [32mBuilding CXX object CMakeFiles/unitree_hg__rosidl_typesupport_introspection_cpp.dir/rosidl_typesupport_introspection_cpp/unitree_hg/msg/detail/bms_cmd__type_support.cpp.o[0m
[31.449s] [ 15%] [32mBuilding CXX object CMakeFiles/unitree_hg__rosidl_typesupport_introspection_cpp.dir/rosidl_typesupport_introspection_cpp/unitree_hg/msg/detail/bms_state__type_support.cpp.o[0m
[33.806s] [ 15%] [32mBuilding CXX object CMakeFiles/unitree_hg__rosidl_typesupport_introspection_cpp.dir/rosidl_typesupport_introspection_cpp/unitree_hg/msg/detail/hand_cmd__type_support.cpp.o[0m
[35.012s] [ 16%] [32mBuilding CXX object CMakeFiles/unitree_hg__rosidl_typesupport_introspection_cpp.dir/rosidl_typesupport_introspection_cpp/unitree_hg/msg/detail/hand_state__type_support.cpp.o[0m
[36.629s] [ 17%] [32mBuilding CXX object CMakeFiles/unitree_hg__rosidl_typesupport_introspection_cpp.dir/rosidl_typesupport_introspection_cpp/unitree_hg/msg/detail/imu_state__type_support.cpp.o[0m
[37.586s] [ 18%] [32mBuilding CXX object CMakeFiles/unitree_hg__rosidl_typesupport_introspection_cpp.dir/rosidl_typesupport_introspection_cpp/unitree_hg/msg/detail/low_cmd__type_support.cpp.o[0m
[38.682s] [ 19%] [32mBuilding CXX object CMakeFiles/unitree_hg__rosidl_typesupport_introspection_cpp.dir/rosidl_typesupport_introspection_cpp/unitree_hg/msg/detail/low_state__type_support.cpp.o[0m
[39.869s] [ 20%] [32mBuilding CXX object CMakeFiles/unitree_hg__rosidl_typesupport_introspection_cpp.dir/rosidl_typesupport_introspection_cpp/unitree_hg/msg/detail/main_board_state__type_support.cpp.o[0m
[40.904s] [ 21%] [32mBuilding CXX object CMakeFiles/unitree_hg__rosidl_typesupport_introspection_cpp.dir/rosidl_typesupport_introspection_cpp/unitree_hg/msg/detail/motor_cmd__type_support.cpp.o[0m
[42.319s] [ 22%] [32mBuilding CXX object CMakeFiles/unitree_hg__rosidl_typesupport_introspection_cpp.dir/rosidl_typesupport_introspection_cpp/unitree_hg/msg/detail/motor_state__type_support.cpp.o[0m
[43.434s] [ 23%] [32mBuilding CXX object CMakeFiles/unitree_hg__rosidl_typesupport_introspection_cpp.dir/rosidl_typesupport_introspection_cpp/unitree_hg/msg/detail/press_sensor_state__type_support.cpp.o[0m
[44.725s] [ 24%] [32m[1mLinking CXX shared library libunitree_hg__rosidl_typesupport_introspection_cpp.so[0m
[44.987s] [ 24%] Built target unitree_hg__rosidl_typesupport_introspection_cpp
[45.068s] [ 24%] [34m[1mGenerating C introspection for ROS interfaces[0m
[50.356s] [35m[1mScanning dependencies of target unitree_hg__rosidl_typesupport_introspection_c[0m
[50.503s] [ 25%] [32mBuilding C object CMakeFiles/unitree_hg__rosidl_typesupport_introspection_c.dir/rosidl_typesupport_introspection_c/unitree_hg/msg/detail/bms_cmd__type_support.c.o[0m
[50.653s] [ 26%] [32mBuilding C object CMakeFiles/unitree_hg__rosidl_typesupport_introspection_c.dir/rosidl_typesupport_introspection_c/unitree_hg/msg/detail/bms_state__type_support.c.o[0m
[50.989s] [ 27%] [32mBuilding C object CMakeFiles/unitree_hg__rosidl_typesupport_introspection_c.dir/rosidl_typesupport_introspection_c/unitree_hg/msg/detail/hand_cmd__type_support.c.o[0m
[51.227s] [ 28%] [32mBuilding C object CMakeFiles/unitree_hg__rosidl_typesupport_introspection_c.dir/rosidl_typesupport_introspection_c/unitree_hg/msg/detail/hand_state__type_support.c.o[0m
[51.613s] [ 29%] [32mBuilding C object CMakeFiles/unitree_hg__rosidl_typesupport_introspection_c.dir/rosidl_typesupport_introspection_c/unitree_hg/msg/detail/imu_state__type_support.c.o[0m
[52.031s] [ 30%] [32mBuilding C object CMakeFiles/unitree_hg__rosidl_typesupport_introspection_c.dir/rosidl_typesupport_introspection_c/unitree_hg/msg/detail/low_cmd__type_support.c.o[0m
[52.409s] [ 31%] [32mBuilding C object CMakeFiles/unitree_hg__rosidl_typesupport_introspection_c.dir/rosidl_typesupport_introspection_c/unitree_hg/msg/detail/low_state__type_support.c.o[0m
[52.795s] [ 32%] [32mBuilding C object CMakeFiles/unitree_hg__rosidl_typesupport_introspection_c.dir/rosidl_typesupport_introspection_c/unitree_hg/msg/detail/main_board_state__type_support.c.o[0m
[53.211s] [ 32%] [32mBuilding C object CMakeFiles/unitree_hg__rosidl_typesupport_introspection_c.dir/rosidl_typesupport_introspection_c/unitree_hg/msg/detail/motor_cmd__type_support.c.o[0m
[53.534s] [ 33%] [32mBuilding C object CMakeFiles/unitree_hg__rosidl_typesupport_introspection_c.dir/rosidl_typesupport_introspection_c/unitree_hg/msg/detail/motor_state__type_support.c.o[0m
[53.872s] [ 34%] [32mBuilding C object CMakeFiles/unitree_hg__rosidl_typesupport_introspection_c.dir/rosidl_typesupport_introspection_c/unitree_hg/msg/detail/press_sensor_state__type_support.c.o[0m
[54.209s] [ 35%] [32m[1mLinking C shared library libunitree_hg__rosidl_typesupport_introspection_c.so[0m
[54.698s] [ 35%] Built target unitree_hg__rosidl_typesupport_introspection_c
[54.820s] [ 35%] [34m[1mGenerating C type support dispatch for ROS interfaces[0m
[57.316s] [35m[1mScanning dependencies of target unitree_hg__rosidl_typesupport_c[0m
[57.405s] [ 36%] [32mBuilding CXX object CMakeFiles/unitree_hg__rosidl_typesupport_c.dir/rosidl_typesupport_c/unitree_hg/msg/bms_cmd__type_support.cpp.o[0m
[57.667s] [ 37%] [32mBuilding CXX object CMakeFiles/unitree_hg__rosidl_typesupport_c.dir/rosidl_typesupport_c/unitree_hg/msg/hand_cmd__type_support.cpp.o[0m
[57.851s] [ 38%] [32mBuilding CXX object CMakeFiles/unitree_hg__rosidl_typesupport_c.dir/rosidl_typesupport_c/unitree_hg/msg/hand_state__type_support.cpp.o[0m
[57.985s] [ 39%] [32mBuilding CXX object CMakeFiles/unitree_hg__rosidl_typesupport_c.dir/rosidl_typesupport_c/unitree_hg/msg/imu_state__type_support.cpp.o[0m
[58.207s] [ 40%] [32mBuilding CXX object CMakeFiles/unitree_hg__rosidl_typesupport_c.dir/rosidl_typesupport_c/unitree_hg/msg/low_cmd__type_support.cpp.o[0m
[58.358s] [ 41%] [32mBuilding CXX object CMakeFiles/unitree_hg__rosidl_typesupport_c.dir/rosidl_typesupport_c/unitree_hg/msg/low_state__type_support.cpp.o[0m
[58.490s] [ 42%] [32mBuilding CXX object CMakeFiles/unitree_hg__rosidl_typesupport_c.dir/rosidl_typesupport_c/unitree_hg/msg/main_board_state__type_support.cpp.o[0m
[58.663s] [ 42%] [32mBuilding CXX object CMakeFiles/unitree_hg__rosidl_typesupport_c.dir/rosidl_typesupport_c/unitree_hg/msg/motor_cmd__type_support.cpp.o[0m
[58.811s] [ 43%] [32mBuilding CXX object CMakeFiles/unitree_hg__rosidl_typesupport_c.dir/rosidl_typesupport_c/unitree_hg/msg/motor_state__type_support.cpp.o[0m
[58.946s] [ 44%] [32mBuilding CXX object CMakeFiles/unitree_hg__rosidl_typesupport_c.dir/rosidl_typesupport_c/unitree_hg/msg/press_sensor_state__type_support.cpp.o[0m
[59.120s] [ 45%] [32mBuilding CXX object CMakeFiles/unitree_hg__rosidl_typesupport_c.dir/rosidl_typesupport_c/unitree_hg/msg/bms_state__type_support.cpp.o[0m
[59.323s] [ 46%] [32m[1mLinking CXX shared library libunitree_hg__rosidl_typesupport_c.so[0m
[59.526s] [ 46%] Built target unitree_hg__rosidl_typesupport_c
[59.607s] [ 47%] [34m[1mGenerating C++ type support for eProsima Fast-RTPS[0m
[62.522s] [35m[1mScanning dependencies of target unitree_hg__rosidl_typesupport_fastrtps_cpp[0m
[62.642s] [ 48%] [32mBuilding CXX object CMakeFiles/unitree_hg__rosidl_typesupport_fastrtps_cpp.dir/rosidl_typesupport_fastrtps_cpp/unitree_hg/msg/detail/dds_fastrtps/bms_cmd__type_support.cpp.o[0m
[64.185s] [ 49%] [32mBuilding CXX object CMakeFiles/unitree_hg__rosidl_typesupport_fastrtps_cpp.dir/rosidl_typesupport_fastrtps_cpp/unitree_hg/msg/detail/dds_fastrtps/hand_state__type_support.cpp.o[0m
[66.086s] [ 50%] [32mBuilding CXX object CMakeFiles/unitree_hg__rosidl_typesupport_fastrtps_cpp.dir/rosidl_typesupport_fastrtps_cpp/unitree_hg/msg/detail/dds_fastrtps/imu_state__type_support.cpp.o[0m
[67.940s] [ 51%] [32mBuilding CXX object CMakeFiles/unitree_hg__rosidl_typesupport_fastrtps_cpp.dir/rosidl_typesupport_fastrtps_cpp/unitree_hg/msg/detail/dds_fastrtps/low_cmd__type_support.cpp.o[0m
[69.558s] [ 52%] [32mBuilding CXX object CMakeFiles/unitree_hg__rosidl_typesupport_fastrtps_cpp.dir/rosidl_typesupport_fastrtps_cpp/unitree_hg/msg/detail/dds_fastrtps/low_state__type_support.cpp.o[0m
[71.147s] [ 53%] [32mBuilding CXX object CMakeFiles/unitree_hg__rosidl_typesupport_fastrtps_cpp.dir/rosidl_typesupport_fastrtps_cpp/unitree_hg/msg/detail/dds_fastrtps/main_board_state__type_support.cpp.o[0m
[72.998s] [ 54%] [32mBuilding CXX object CMakeFiles/unitree_hg__rosidl_typesupport_fastrtps_cpp.dir/rosidl_typesupport_fastrtps_cpp/unitree_hg/msg/detail/dds_fastrtps/motor_cmd__type_support.cpp.o[0m
[74.453s] [ 55%] [32mBuilding CXX object CMakeFiles/unitree_hg__rosidl_typesupport_fastrtps_cpp.dir/rosidl_typesupport_fastrtps_cpp/unitree_hg/msg/detail/dds_fastrtps/motor_state__type_support.cpp.o[0m
[76.337s] [ 56%] [32mBuilding CXX object CMakeFiles/unitree_hg__rosidl_typesupport_fastrtps_cpp.dir/rosidl_typesupport_fastrtps_cpp/unitree_hg/msg/detail/dds_fastrtps/press_sensor_state__type_support.cpp.o[0m
[78.152s] [ 56%] [32mBuilding CXX object CMakeFiles/unitree_hg__rosidl_typesupport_fastrtps_cpp.dir/rosidl_typesupport_fastrtps_cpp/unitree_hg/msg/detail/dds_fastrtps/hand_cmd__type_support.cpp.o[0m
[80.015s] [ 57%] [32mBuilding CXX object CMakeFiles/unitree_hg__rosidl_typesupport_fastrtps_cpp.dir/rosidl_typesupport_fastrtps_cpp/unitree_hg/msg/detail/dds_fastrtps/bms_state__type_support.cpp.o[0m
[81.486s] [ 58%] [32m[1mLinking CXX shared library libunitree_hg__rosidl_typesupport_fastrtps_cpp.so[0m
[81.773s] [ 58%] Built target unitree_hg__rosidl_typesupport_fastrtps_cpp
[81.864s] [ 59%] [34m[1mGenerating C++ type support dispatch for ROS interfaces[0m
[84.025s] [35m[1mScanning dependencies of target unitree_hg__rosidl_typesupport_cpp[0m
[84.154s] [ 60%] [32mBuilding CXX object CMakeFiles/unitree_hg__rosidl_typesupport_cpp.dir/rosidl_typesupport_cpp/unitree_hg/msg/bms_cmd__type_support.cpp.o[0m
[85.018s] [ 61%] [32mBuilding CXX object CMakeFiles/unitree_hg__rosidl_typesupport_cpp.dir/rosidl_typesupport_cpp/unitree_hg/msg/hand_state__type_support.cpp.o[0m
[86.057s] [ 62%] [32mBuilding CXX object CMakeFiles/unitree_hg__rosidl_typesupport_cpp.dir/rosidl_typesupport_cpp/unitree_hg/msg/imu_state__type_support.cpp.o[0m
[86.977s] [ 63%] [32mBuilding CXX object CMakeFiles/unitree_hg__rosidl_typesupport_cpp.dir/rosidl_typesupport_cpp/unitree_hg/msg/low_cmd__type_support.cpp.o[0m
[88.020s] [ 64%] [32mBuilding CXX object CMakeFiles/unitree_hg__rosidl_typesupport_cpp.dir/rosidl_typesupport_cpp/unitree_hg/msg/low_state__type_support.cpp.o[0m
[89.378s] [ 65%] [32mBuilding CXX object CMakeFiles/unitree_hg__rosidl_typesupport_cpp.dir/rosidl_typesupport_cpp/unitree_hg/msg/main_board_state__type_support.cpp.o[0m
[90.538s] [ 66%] [32mBuilding CXX object CMakeFiles/unitree_hg__rosidl_typesupport_cpp.dir/rosidl_typesupport_cpp/unitree_hg/msg/motor_cmd__type_support.cpp.o[0m
[91.265s] [ 67%] [32mBuilding CXX object CMakeFiles/unitree_hg__rosidl_typesupport_cpp.dir/rosidl_typesupport_cpp/unitree_hg/msg/motor_state__type_support.cpp.o[0m
[92.453s] [ 68%] [32mBuilding CXX object CMakeFiles/unitree_hg__rosidl_typesupport_cpp.dir/rosidl_typesupport_cpp/unitree_hg/msg/press_sensor_state__type_support.cpp.o[0m
[93.191s] [ 68%] [32mBuilding CXX object CMakeFiles/unitree_hg__rosidl_typesupport_cpp.dir/rosidl_typesupport_cpp/unitree_hg/msg/hand_cmd__type_support.cpp.o[0m
[94.169s] [ 69%] [32mBuilding CXX object CMakeFiles/unitree_hg__rosidl_typesupport_cpp.dir/rosidl_typesupport_cpp/unitree_hg/msg/bms_state__type_support.cpp.o[0m
[95.195s] [ 70%] [32m[1mLinking CXX shared library libunitree_hg__rosidl_typesupport_cpp.so[0m
[95.373s] [ 70%] Built target unitree_hg__rosidl_typesupport_cpp
[95.450s] [ 70%] [34m[1mGenerating C type support for eProsima Fast-RTPS[0m
[98.198s] [35m[1mScanning dependencies of target unitree_hg__rosidl_typesupport_fastrtps_c[0m
[98.352s] [ 71%] [32mBuilding CXX object CMakeFiles/unitree_hg__rosidl_typesupport_fastrtps_c.dir/rosidl_typesupport_fastrtps_c/unitree_hg/msg/detail/bms_cmd__type_support_c.cpp.o[0m
[99.820s] [ 72%] [32mBuilding CXX object CMakeFiles/unitree_hg__rosidl_typesupport_fastrtps_c.dir/rosidl_typesupport_fastrtps_c/unitree_hg/msg/detail/imu_state__type_support_c.cpp.o[0m
[101.679s] [ 73%] [32mBuilding CXX object CMakeFiles/unitree_hg__rosidl_typesupport_fastrtps_c.dir/rosidl_typesupport_fastrtps_c/unitree_hg/msg/detail/low_cmd__type_support_c.cpp.o[0m
[103.251s] [ 74%] [32mBuilding CXX object CMakeFiles/unitree_hg__rosidl_typesupport_fastrtps_c.dir/rosidl_typesupport_fastrtps_c/unitree_hg/msg/detail/low_state__type_support_c.cpp.o[0m
[104.705s] [ 75%] [32mBuilding CXX object CMakeFiles/unitree_hg__rosidl_typesupport_fastrtps_c.dir/rosidl_typesupport_fastrtps_c/unitree_hg/msg/detail/main_board_state__type_support_c.cpp.o[0m
[105.965s] [ 75%] [32mBuilding CXX object CMakeFiles/unitree_hg__rosidl_typesupport_fastrtps_c.dir/rosidl_typesupport_fastrtps_c/unitree_hg/msg/detail/motor_cmd__type_support_c.cpp.o[0m
[107.419s] [ 76%] [32mBuilding CXX object CMakeFiles/unitree_hg__rosidl_typesupport_fastrtps_c.dir/rosidl_typesupport_fastrtps_c/unitree_hg/msg/detail/motor_state__type_support_c.cpp.o[0m
[108.883s] [ 77%] [32mBuilding CXX object CMakeFiles/unitree_hg__rosidl_typesupport_fastrtps_c.dir/rosidl_typesupport_fastrtps_c/unitree_hg/msg/detail/press_sensor_state__type_support_c.cpp.o[0m
[110.179s] [ 78%] [32mBuilding CXX object CMakeFiles/unitree_hg__rosidl_typesupport_fastrtps_c.dir/rosidl_typesupport_fastrtps_c/unitree_hg/msg/detail/hand_state__type_support_c.cpp.o[0m
[111.488s] [ 79%] [32mBuilding CXX object CMakeFiles/unitree_hg__rosidl_typesupport_fastrtps_c.dir/rosidl_typesupport_fastrtps_c/unitree_hg/msg/detail/hand_cmd__type_support_c.cpp.o[0m
[112.511s] [ 80%] [32mBuilding CXX object CMakeFiles/unitree_hg__rosidl_typesupport_fastrtps_c.dir/rosidl_typesupport_fastrtps_c/unitree_hg/msg/detail/bms_state__type_support_c.cpp.o[0m
[113.866s] [ 81%] [32m[1mLinking CXX shared library libunitree_hg__rosidl_typesupport_fastrtps_c.so[0m
[114.269s] [ 81%] Built target unitree_hg__rosidl_typesupport_fastrtps_c
[114.340s] [35m[1mScanning dependencies of target unitree_hg__dds_connext_idl[0m
[114.370s] [ 82%] [34m[1mGenerating DDS interfaces[0m
[116.707s] [ 82%] Built target unitree_hg__dds_connext_idl
[116.754s] [35m[1mScanning dependencies of target unitree_hg[0m
[116.811s] [ 82%] Built target unitree_hg
[116.859s] [35m[1mScanning dependencies of target unitree_hg__py[0m
[116.941s] [ 83%] [34m[1mGenerating Python code for ROS interfaces[0m
[127.960s] [ 83%] Built target unitree_hg__py
[127.988s] [35m[1mScanning dependencies of target unitree_hg__python[0m
[128.143s] [ 84%] [32mBuilding C object CMakeFiles/unitree_hg__python.dir/rosidl_generator_py/unitree_hg/msg/_bms_cmd_s.c.o[0m
[128.556s] [ 85%] [32mBuilding C object CMakeFiles/unitree_hg__python.dir/rosidl_generator_py/unitree_hg/msg/_low_cmd_s.c.o[0m
[128.882s] [ 85%] [32mBuilding C object CMakeFiles/unitree_hg__python.dir/rosidl_generator_py/unitree_hg/msg/_low_state_s.c.o[0m
[129.282s] [ 86%] [32mBuilding C object CMakeFiles/unitree_hg__python.dir/rosidl_generator_py/unitree_hg/msg/_main_board_state_s.c.o[0m
[129.691s] [ 87%] [32mBuilding C object CMakeFiles/unitree_hg__python.dir/rosidl_generator_py/unitree_hg/msg/_motor_cmd_s.c.o[0m
[130.010s] [ 88%] [32mBuilding C object CMakeFiles/unitree_hg__python.dir/rosidl_generator_py/unitree_hg/msg/_motor_state_s.c.o[0m
[130.365s] [ 89%] [32mBuilding C object CMakeFiles/unitree_hg__python.dir/rosidl_generator_py/unitree_hg/msg/_press_sensor_state_s.c.o[0m
[130.721s] [ 90%] [32mBuilding C object CMakeFiles/unitree_hg__python.dir/rosidl_generator_py/unitree_hg/msg/_imu_state_s.c.o[0m
[131.226s] [ 91%] [32mBuilding C object CMakeFiles/unitree_hg__python.dir/rosidl_generator_py/unitree_hg/msg/_hand_state_s.c.o[0m
[131.750s] [ 92%] [32mBuilding C object CMakeFiles/unitree_hg__python.dir/rosidl_generator_py/unitree_hg/msg/_hand_cmd_s.c.o[0m
[132.170s] [ 93%] [32mBuilding C object CMakeFiles/unitree_hg__python.dir/rosidl_generator_py/unitree_hg/msg/_bms_state_s.c.o[0m
[132.755s] [ 94%] [32m[1mLinking C shared library rosidl_generator_py/unitree_hg/libunitree_hg__python.so[0m
[133.108s] [ 94%] Built target unitree_hg__python
[133.179s] [35m[1mScanning dependencies of target unitree_hg__rosidl_typesupport_c__pyext[0m
[133.308s] [ 95%] [32mBuilding C object CMakeFiles/unitree_hg__rosidl_typesupport_c__pyext.dir/rosidl_generator_py/unitree_hg/_unitree_hg_s.ep.rosidl_typesupport_c.c.o[0m
[133.726s] [ 96%] [32m[1mLinking C shared library rosidl_generator_py/unitree_hg/unitree_hg_s__rosidl_typesupport_c.cpython-38-aarch64-linux-gnu.so[0m
[133.893s] [ 96%] Built target unitree_hg__rosidl_typesupport_c__pyext
[133.949s] [35m[1mScanning dependencies of target unitree_hg__rosidl_typesupport_fastrtps_c__pyext[0m
[134.056s] [ 97%] [32mBuilding C object CMakeFiles/unitree_hg__rosidl_typesupport_fastrtps_c__pyext.dir/rosidl_generator_py/unitree_hg/_unitree_hg_s.ep.rosidl_typesupport_fastrtps_c.c.o[0m
[134.517s] [ 98%] [32m[1mLinking CXX shared library rosidl_generator_py/unitree_hg/unitree_hg_s__rosidl_typesupport_fastrtps_c.cpython-38-aarch64-linux-gnu.so[0m
[134.807s] [ 98%] Built target unitree_hg__rosidl_typesupport_fastrtps_c__pyext
[134.891s] [35m[1mScanning dependencies of target unitree_hg__rosidl_typesupport_introspection_c__pyext[0m
[135.024s] [ 99%] [32mBuilding C object CMakeFiles/unitree_hg__rosidl_typesupport_introspection_c__pyext.dir/rosidl_generator_py/unitree_hg/_unitree_hg_s.ep.rosidl_typesupport_introspection_c.c.o[0m
[135.508s] [100%] [32m[1mLinking C shared library rosidl_generator_py/unitree_hg/unitree_hg_s__rosidl_typesupport_introspection_c.cpython-38-aarch64-linux-gnu.so[0m
[135.705s] [100%] Built target unitree_hg__rosidl_typesupport_introspection_c__pyext
[135.815s] Invoked command in '/opt/mybotshop/build/unitree_hg' returned '0': CMAKE_PREFIX_PATH=${CMAKE_PREFIX_PATH}:/opt/ros/foxy /usr/bin/cmake --build /opt/mybotshop/build/unitree_hg -- -j6 -l6
[138.813s] Invoking command in '/opt/mybotshop/build/unitree_hg': CMAKE_PREFIX_PATH=${CMAKE_PREFIX_PATH}:/opt/ros/foxy /usr/bin/cmake --install /opt/mybotshop/build/unitree_hg
[138.904s] -- Install configuration: ""
[138.905s] -- Execute custom install script
[138.915s] -- Symlinking: /opt/mybotshop/install/unitree_hg/share/ament_index/resource_index/rosidl_interfaces/unitree_hg
[138.951s] -- Symlinking: /opt/mybotshop/install/unitree_hg/include/unitree_hg/msg/bms_cmd.h
[139.007s] -- Symlinking: /opt/mybotshop/install/unitree_hg/include/unitree_hg/msg/bms_state.h
[139.055s] -- Symlinking: /opt/mybotshop/install/unitree_hg/include/unitree_hg/msg/detail/bms_cmd__functions.h
[139.111s] -- Symlinking: /opt/mybotshop/install/unitree_hg/include/unitree_hg/msg/detail/bms_cmd__struct.h
[139.168s] -- Symlinking: /opt/mybotshop/install/unitree_hg/include/unitree_hg/msg/detail/bms_cmd__type_support.h
[139.224s] -- Symlinking: /opt/mybotshop/install/unitree_hg/include/unitree_hg/msg/detail/bms_state__functions.h
[139.316s] -- Symlinking: /opt/mybotshop/install/unitree_hg/include/unitree_hg/msg/detail/bms_state__struct.h
[139.377s] -- Symlinking: /opt/mybotshop/install/unitree_hg/include/unitree_hg/msg/detail/bms_state__type_support.h
[139.436s] -- Symlinking: /opt/mybotshop/install/unitree_hg/include/unitree_hg/msg/detail/hand_cmd__functions.h
[139.493s] -- Symlinking: /opt/mybotshop/install/unitree_hg/include/unitree_hg/msg/detail/hand_cmd__struct.h
[139.555s] -- Symlinking: /opt/mybotshop/install/unitree_hg/include/unitree_hg/msg/detail/hand_cmd__type_support.h
[139.611s] -- Symlinking: /opt/mybotshop/install/unitree_hg/include/unitree_hg/msg/detail/hand_state__functions.h
[139.664s] -- Symlinking: /opt/mybotshop/install/unitree_hg/include/unitree_hg/msg/detail/hand_state__struct.h
[139.713s] -- Symlinking: /opt/mybotshop/install/unitree_hg/include/unitree_hg/msg/detail/hand_state__type_support.h
[139.765s] -- Symlinking: /opt/mybotshop/install/unitree_hg/include/unitree_hg/msg/detail/imu_state__functions.h
[139.817s] -- Symlinking: /opt/mybotshop/install/unitree_hg/include/unitree_hg/msg/detail/imu_state__struct.h
[139.899s] -- Symlinking: /opt/mybotshop/install/unitree_hg/include/unitree_hg/msg/detail/imu_state__type_support.h
[139.949s] -- Symlinking: /opt/mybotshop/install/unitree_hg/include/unitree_hg/msg/detail/low_cmd__functions.h
[140.000s] -- Symlinking: /opt/mybotshop/install/unitree_hg/include/unitree_hg/msg/detail/low_cmd__struct.h
[140.060s] -- Symlinking: /opt/mybotshop/install/unitree_hg/include/unitree_hg/msg/detail/low_cmd__type_support.h
[140.128s] -- Symlinking: /opt/mybotshop/install/unitree_hg/include/unitree_hg/msg/detail/low_state__functions.h
[140.194s] -- Symlinking: /opt/mybotshop/install/unitree_hg/include/unitree_hg/msg/detail/low_state__struct.h
[140.230s] -- Symlinking: /opt/mybotshop/install/unitree_hg/include/unitree_hg/msg/detail/low_state__type_support.h
[140.293s] -- Symlinking: /opt/mybotshop/install/unitree_hg/include/unitree_hg/msg/detail/main_board_state__functions.h
[140.377s] -- Symlinking: /opt/mybotshop/install/unitree_hg/include/unitree_hg/msg/detail/main_board_state__struct.h
[140.422s] -- Symlinking: /opt/mybotshop/install/unitree_hg/include/unitree_hg/msg/detail/main_board_state__type_support.h
[140.510s] -- Symlinking: /opt/mybotshop/install/unitree_hg/include/unitree_hg/msg/detail/motor_cmd__functions.h
[140.554s] -- Symlinking: /opt/mybotshop/install/unitree_hg/include/unitree_hg/msg/detail/motor_cmd__struct.h
[140.602s] -- Symlinking: /opt/mybotshop/install/unitree_hg/include/unitree_hg/msg/detail/motor_cmd__type_support.h
[140.654s] -- Symlinking: /opt/mybotshop/install/unitree_hg/include/unitree_hg/msg/detail/motor_state__functions.h
[140.685s] -- Symlinking: /opt/mybotshop/install/unitree_hg/include/unitree_hg/msg/detail/motor_state__struct.h
[140.745s] -- Symlinking: /opt/mybotshop/install/unitree_hg/include/unitree_hg/msg/detail/motor_state__type_support.h
[140.788s] -- Symlinking: /opt/mybotshop/install/unitree_hg/include/unitree_hg/msg/detail/press_sensor_state__functions.h
[140.835s] -- Symlinking: /opt/mybotshop/install/unitree_hg/include/unitree_hg/msg/detail/press_sensor_state__struct.h
[140.920s] -- Symlinking: /opt/mybotshop/install/unitree_hg/include/unitree_hg/msg/detail/press_sensor_state__type_support.h
[140.957s] -- Symlinking: /opt/mybotshop/install/unitree_hg/include/unitree_hg/msg/hand_cmd.h
[141.027s] -- Symlinking: /opt/mybotshop/install/unitree_hg/include/unitree_hg/msg/hand_state.h
[141.084s] -- Symlinking: /opt/mybotshop/install/unitree_hg/include/unitree_hg/msg/imu_state.h
[141.136s] -- Symlinking: /opt/mybotshop/install/unitree_hg/include/unitree_hg/msg/low_cmd.h
[141.188s] -- Symlinking: /opt/mybotshop/install/unitree_hg/include/unitree_hg/msg/low_state.h
[141.225s] -- Symlinking: /opt/mybotshop/install/unitree_hg/include/unitree_hg/msg/main_board_state.h
[141.264s] -- Symlinking: /opt/mybotshop/install/unitree_hg/include/unitree_hg/msg/motor_cmd.h
[141.334s] -- Symlinking: /opt/mybotshop/install/unitree_hg/include/unitree_hg/msg/motor_state.h
[141.380s] -- Symlinking: /opt/mybotshop/install/unitree_hg/include/unitree_hg/msg/press_sensor_state.h
[141.440s] -- Symlinking: /opt/mybotshop/install/unitree_hg/include/unitree_hg/msg/rosidl_generator_c__visibility_control.h
[141.504s] -- Symlinking: /opt/mybotshop/install/unitree_hg/share/unitree_hg/environment/library_path.sh
[141.578s] -- Symlinking: /opt/mybotshop/install/unitree_hg/share/unitree_hg/environment/library_path.dsv
[141.630s] -- Symlinking: /opt/mybotshop/install/unitree_hg/include/unitree_hg/msg/detail/bms_cmd__rosidl_typesupport_fastrtps_c.h
[141.688s] -- Symlinking: /opt/mybotshop/install/unitree_hg/include/unitree_hg/msg/detail/bms_state__rosidl_typesupport_fastrtps_c.h
[141.734s] -- Symlinking: /opt/mybotshop/install/unitree_hg/include/unitree_hg/msg/detail/hand_cmd__rosidl_typesupport_fastrtps_c.h
[141.797s] -- Symlinking: /opt/mybotshop/install/unitree_hg/include/unitree_hg/msg/detail/hand_state__rosidl_typesupport_fastrtps_c.h
[141.868s] -- Symlinking: /opt/mybotshop/install/unitree_hg/include/unitree_hg/msg/detail/imu_state__rosidl_typesupport_fastrtps_c.h
[141.922s] -- Symlinking: /opt/mybotshop/install/unitree_hg/include/unitree_hg/msg/detail/low_cmd__rosidl_typesupport_fastrtps_c.h
[141.988s] -- Symlinking: /opt/mybotshop/install/unitree_hg/include/unitree_hg/msg/detail/low_state__rosidl_typesupport_fastrtps_c.h
[142.062s] -- Symlinking: /opt/mybotshop/install/unitree_hg/include/unitree_hg/msg/detail/main_board_state__rosidl_typesupport_fastrtps_c.h
[142.126s] -- Symlinking: /opt/mybotshop/install/unitree_hg/include/unitree_hg/msg/detail/motor_cmd__rosidl_typesupport_fastrtps_c.h
[142.215s] -- Symlinking: /opt/mybotshop/install/unitree_hg/include/unitree_hg/msg/detail/motor_state__rosidl_typesupport_fastrtps_c.h
[142.282s] -- Symlinking: /opt/mybotshop/install/unitree_hg/include/unitree_hg/msg/detail/press_sensor_state__rosidl_typesupport_fastrtps_c.h
[142.356s] -- Symlinking: /opt/mybotshop/install/unitree_hg/include/unitree_hg/msg/rosidl_typesupport_fastrtps_c__visibility_control.h
[142.399s] -- Symlinking: /opt/mybotshop/install/unitree_hg/lib/libunitree_hg__rosidl_typesupport_fastrtps_c.so
[142.464s] -- Symlinking: /opt/mybotshop/install/unitree_hg/include/unitree_hg/msg/detail/bms_cmd__rosidl_typesupport_fastrtps_cpp.hpp
[142.521s] -- Symlinking: /opt/mybotshop/install/unitree_hg/include/unitree_hg/msg/detail/bms_state__rosidl_typesupport_fastrtps_cpp.hpp
[142.573s] -- Symlinking: /opt/mybotshop/install/unitree_hg/include/unitree_hg/msg/detail/hand_cmd__rosidl_typesupport_fastrtps_cpp.hpp
[142.620s] -- Symlinking: /opt/mybotshop/install/unitree_hg/include/unitree_hg/msg/detail/hand_state__rosidl_typesupport_fastrtps_cpp.hpp
[142.673s] -- Symlinking: /opt/mybotshop/install/unitree_hg/include/unitree_hg/msg/detail/imu_state__rosidl_typesupport_fastrtps_cpp.hpp
[142.729s] -- Symlinking: /opt/mybotshop/install/unitree_hg/include/unitree_hg/msg/detail/low_cmd__rosidl_typesupport_fastrtps_cpp.hpp
[142.780s] -- Symlinking: /opt/mybotshop/install/unitree_hg/include/unitree_hg/msg/detail/low_state__rosidl_typesupport_fastrtps_cpp.hpp
[142.847s] -- Symlinking: /opt/mybotshop/install/unitree_hg/include/unitree_hg/msg/detail/main_board_state__rosidl_typesupport_fastrtps_cpp.hpp
[142.912s] -- Symlinking: /opt/mybotshop/install/unitree_hg/include/unitree_hg/msg/detail/motor_cmd__rosidl_typesupport_fastrtps_cpp.hpp
[142.976s] -- Symlinking: /opt/mybotshop/install/unitree_hg/include/unitree_hg/msg/detail/motor_state__rosidl_typesupport_fastrtps_cpp.hpp
[143.027s] -- Symlinking: /opt/mybotshop/install/unitree_hg/include/unitree_hg/msg/detail/press_sensor_state__rosidl_typesupport_fastrtps_cpp.hpp
[143.079s] -- Symlinking: /opt/mybotshop/install/unitree_hg/include/unitree_hg/msg/rosidl_typesupport_fastrtps_cpp__visibility_control.h
[143.145s] -- Symlinking: /opt/mybotshop/install/unitree_hg/lib/libunitree_hg__rosidl_typesupport_fastrtps_cpp.so
[143.211s] -- Symlinking: /opt/mybotshop/install/unitree_hg/include/unitree_hg/msg/detail/bms_cmd__rosidl_typesupport_introspection_c.h
[143.261s] -- Symlinking: /opt/mybotshop/install/unitree_hg/include/unitree_hg/msg/detail/bms_state__rosidl_typesupport_introspection_c.h
[143.317s] -- Symlinking: /opt/mybotshop/install/unitree_hg/include/unitree_hg/msg/detail/hand_cmd__rosidl_typesupport_introspection_c.h
[143.376s] -- Symlinking: /opt/mybotshop/install/unitree_hg/include/unitree_hg/msg/detail/hand_state__rosidl_typesupport_introspection_c.h
[143.436s] -- Symlinking: /opt/mybotshop/install/unitree_hg/include/unitree_hg/msg/detail/imu_state__rosidl_typesupport_introspection_c.h
[143.499s] -- Symlinking: /opt/mybotshop/install/unitree_hg/include/unitree_hg/msg/detail/low_cmd__rosidl_typesupport_introspection_c.h
[143.566s] -- Symlinking: /opt/mybotshop/install/unitree_hg/include/unitree_hg/msg/detail/low_state__rosidl_typesupport_introspection_c.h
[143.624s] -- Symlinking: /opt/mybotshop/install/unitree_hg/include/unitree_hg/msg/detail/main_board_state__rosidl_typesupport_introspection_c.h
[143.682s] -- Symlinking: /opt/mybotshop/install/unitree_hg/include/unitree_hg/msg/detail/motor_cmd__rosidl_typesupport_introspection_c.h
[143.733s] -- Symlinking: /opt/mybotshop/install/unitree_hg/include/unitree_hg/msg/detail/motor_state__rosidl_typesupport_introspection_c.h
[143.794s] -- Symlinking: /opt/mybotshop/install/unitree_hg/include/unitree_hg/msg/detail/press_sensor_state__rosidl_typesupport_introspection_c.h
[143.852s] -- Symlinking: /opt/mybotshop/install/unitree_hg/include/unitree_hg/msg/rosidl_typesupport_introspection_c__visibility_control.h
[143.910s] -- Symlinking: /opt/mybotshop/install/unitree_hg/include/unitree_hg/msg/bms_cmd.hpp
[143.991s] -- Symlinking: /opt/mybotshop/install/unitree_hg/include/unitree_hg/msg/bms_state.hpp
[144.042s] -- Symlinking: /opt/mybotshop/install/unitree_hg/include/unitree_hg/msg/detail/bms_cmd__builder.hpp
[144.106s] -- Symlinking: /opt/mybotshop/install/unitree_hg/include/unitree_hg/msg/detail/bms_cmd__struct.hpp
[144.168s] -- Symlinking: /opt/mybotshop/install/unitree_hg/include/unitree_hg/msg/detail/bms_cmd__traits.hpp
[144.231s] -- Symlinking: /opt/mybotshop/install/unitree_hg/include/unitree_hg/msg/detail/bms_cmd__type_support.hpp
[144.292s] -- Symlinking: /opt/mybotshop/install/unitree_hg/include/unitree_hg/msg/detail/bms_state__builder.hpp
[144.377s] -- Symlinking: /opt/mybotshop/install/unitree_hg/include/unitree_hg/msg/detail/bms_state__struct.hpp
[144.436s] -- Symlinking: /opt/mybotshop/install/unitree_hg/include/unitree_hg/msg/detail/bms_state__traits.hpp
[144.475s] -- Symlinking: /opt/mybotshop/install/unitree_hg/include/unitree_hg/msg/detail/bms_state__type_support.hpp
[144.515s] -- Symlinking: /opt/mybotshop/install/unitree_hg/include/unitree_hg/msg/detail/hand_cmd__builder.hpp
[144.549s] -- Symlinking: /opt/mybotshop/install/unitree_hg/include/unitree_hg/msg/detail/hand_cmd__struct.hpp
[144.598s] -- Symlinking: /opt/mybotshop/install/unitree_hg/include/unitree_hg/msg/detail/hand_cmd__traits.hpp
[144.630s] -- Symlinking: /opt/mybotshop/install/unitree_hg/include/unitree_hg/msg/detail/hand_cmd__type_support.hpp
[144.689s] -- Symlinking: /opt/mybotshop/install/unitree_hg/include/unitree_hg/msg/detail/hand_state__builder.hpp
[144.762s] -- Symlinking: /opt/mybotshop/install/unitree_hg/include/unitree_hg/msg/detail/hand_state__struct.hpp
[144.839s] -- Symlinking: /opt/mybotshop/install/unitree_hg/include/unitree_hg/msg/detail/hand_state__traits.hpp
[144.915s] -- Symlinking: /opt/mybotshop/install/unitree_hg/include/unitree_hg/msg/detail/hand_state__type_support.hpp
[145.048s] -- Symlinking: /opt/mybotshop/install/unitree_hg/include/unitree_hg/msg/detail/imu_state__builder.hpp
[145.124s] -- Symlinking: /opt/mybotshop/install/unitree_hg/include/unitree_hg/msg/detail/imu_state__struct.hpp
[145.217s] -- Symlinking: /opt/mybotshop/install/unitree_hg/include/unitree_hg/msg/detail/imu_state__traits.hpp
[145.252s] -- Symlinking: /opt/mybotshop/install/unitree_hg/include/unitree_hg/msg/detail/imu_state__type_support.hpp
[145.290s] -- Symlinking: /opt/mybotshop/install/unitree_hg/include/unitree_hg/msg/detail/low_cmd__builder.hpp
[145.343s] -- Symlinking: /opt/mybotshop/install/unitree_hg/include/unitree_hg/msg/detail/low_cmd__struct.hpp
[145.398s] -- Symlinking: /opt/mybotshop/install/unitree_hg/include/unitree_hg/msg/detail/low_cmd__traits.hpp
[145.458s] -- Symlinking: /opt/mybotshop/install/unitree_hg/include/unitree_hg/msg/detail/low_cmd__type_support.hpp
[145.499s] -- Symlinking: /opt/mybotshop/install/unitree_hg/include/unitree_hg/msg/detail/low_state__builder.hpp
[145.525s] -- Symlinking: /opt/mybotshop/install/unitree_hg/include/unitree_hg/msg/detail/low_state__struct.hpp
[145.593s] -- Symlinking: /opt/mybotshop/install/unitree_hg/include/unitree_hg/msg/detail/low_state__traits.hpp
[145.627s] -- Symlinking: /opt/mybotshop/install/unitree_hg/include/unitree_hg/msg/detail/low_state__type_support.hpp
[145.683s] -- Symlinking: /opt/mybotshop/install/unitree_hg/include/unitree_hg/msg/detail/main_board_state__builder.hpp
[145.720s] -- Symlinking: /opt/mybotshop/install/unitree_hg/include/unitree_hg/msg/detail/main_board_state__struct.hpp
[145.783s] -- Symlinking: /opt/mybotshop/install/unitree_hg/include/unitree_hg/msg/detail/main_board_state__traits.hpp
[145.821s] -- Symlinking: /opt/mybotshop/install/unitree_hg/include/unitree_hg/msg/detail/main_board_state__type_support.hpp
[145.871s] -- Symlinking: /opt/mybotshop/install/unitree_hg/include/unitree_hg/msg/detail/motor_cmd__builder.hpp
[145.918s] -- Symlinking: /opt/mybotshop/install/unitree_hg/include/unitree_hg/msg/detail/motor_cmd__struct.hpp
[145.949s] -- Symlinking: /opt/mybotshop/install/unitree_hg/include/unitree_hg/msg/detail/motor_cmd__traits.hpp
[145.995s] -- Symlinking: /opt/mybotshop/install/unitree_hg/include/unitree_hg/msg/detail/motor_cmd__type_support.hpp
[146.039s] -- Symlinking: /opt/mybotshop/install/unitree_hg/include/unitree_hg/msg/detail/motor_state__builder.hpp
[146.076s] -- Symlinking: /opt/mybotshop/install/unitree_hg/include/unitree_hg/msg/detail/motor_state__struct.hpp
[146.118s] -- Symlinking: /opt/mybotshop/install/unitree_hg/include/unitree_hg/msg/detail/motor_state__traits.hpp
[146.156s] -- Symlinking: /opt/mybotshop/install/unitree_hg/include/unitree_hg/msg/detail/motor_state__type_support.hpp
[146.200s] -- Symlinking: /opt/mybotshop/install/unitree_hg/include/unitree_hg/msg/detail/press_sensor_state__builder.hpp
[146.253s] -- Symlinking: /opt/mybotshop/install/unitree_hg/include/unitree_hg/msg/detail/press_sensor_state__struct.hpp
[146.307s] -- Symlinking: /opt/mybotshop/install/unitree_hg/include/unitree_hg/msg/detail/press_sensor_state__traits.hpp
[146.364s] -- Symlinking: /opt/mybotshop/install/unitree_hg/include/unitree_hg/msg/detail/press_sensor_state__type_support.hpp
[146.428s] -- Symlinking: /opt/mybotshop/install/unitree_hg/include/unitree_hg/msg/hand_cmd.hpp
[146.484s] -- Symlinking: /opt/mybotshop/install/unitree_hg/include/unitree_hg/msg/hand_state.hpp
[146.513s] -- Symlinking: /opt/mybotshop/install/unitree_hg/include/unitree_hg/msg/imu_state.hpp
[146.556s] -- Symlinking: /opt/mybotshop/install/unitree_hg/include/unitree_hg/msg/low_cmd.hpp
[146.582s] -- Symlinking: /opt/mybotshop/install/unitree_hg/include/unitree_hg/msg/low_state.hpp
[146.607s] -- Symlinking: /opt/mybotshop/install/unitree_hg/include/unitree_hg/msg/main_board_state.hpp
[146.635s] -- Symlinking: /opt/mybotshop/install/unitree_hg/include/unitree_hg/msg/motor_cmd.hpp
[146.662s] -- Symlinking: /opt/mybotshop/install/unitree_hg/include/unitree_hg/msg/motor_state.hpp
[146.688s] -- Symlinking: /opt/mybotshop/install/unitree_hg/include/unitree_hg/msg/press_sensor_state.hpp
[146.715s] -- Symlinking: /opt/mybotshop/install/unitree_hg/include/unitree_hg/msg/rosidl_generator_cpp__visibility_control.hpp
[146.742s] -- Symlinking: /opt/mybotshop/install/unitree_hg/include/unitree_hg/msg/detail/bms_cmd__rosidl_typesupport_introspection_cpp.hpp
[146.769s] -- Symlinking: /opt/mybotshop/install/unitree_hg/include/unitree_hg/msg/detail/bms_state__rosidl_typesupport_introspection_cpp.hpp
[146.794s] -- Symlinking: /opt/mybotshop/install/unitree_hg/include/unitree_hg/msg/detail/hand_cmd__rosidl_typesupport_introspection_cpp.hpp
[146.824s] -- Symlinking: /opt/mybotshop/install/unitree_hg/include/unitree_hg/msg/detail/hand_state__rosidl_typesupport_introspection_cpp.hpp
[146.850s] -- Symlinking: /opt/mybotshop/install/unitree_hg/include/unitree_hg/msg/detail/imu_state__rosidl_typesupport_introspection_cpp.hpp
[146.876s] -- Symlinking: /opt/mybotshop/install/unitree_hg/include/unitree_hg/msg/detail/low_cmd__rosidl_typesupport_introspection_cpp.hpp
[146.902s] -- Symlinking: /opt/mybotshop/install/unitree_hg/include/unitree_hg/msg/detail/low_state__rosidl_typesupport_introspection_cpp.hpp
[146.928s] -- Symlinking: /opt/mybotshop/install/unitree_hg/include/unitree_hg/msg/detail/main_board_state__rosidl_typesupport_introspection_cpp.hpp
[146.954s] -- Symlinking: /opt/mybotshop/install/unitree_hg/include/unitree_hg/msg/detail/motor_cmd__rosidl_typesupport_introspection_cpp.hpp
[146.994s] -- Symlinking: /opt/mybotshop/install/unitree_hg/include/unitree_hg/msg/detail/motor_state__rosidl_typesupport_introspection_cpp.hpp
[147.032s] -- Symlinking: /opt/mybotshop/install/unitree_hg/include/unitree_hg/msg/detail/press_sensor_state__rosidl_typesupport_introspection_cpp.hpp
[147.060s] -- Symlinking: /opt/mybotshop/install/unitree_hg/share/unitree_hg/environment/pythonpath.sh
[147.112s] -- Symlinking: /opt/mybotshop/install/unitree_hg/share/unitree_hg/environment/pythonpath.dsv
[147.180s] -- Symlinking: /opt/mybotshop/install/unitree_hg/lib/python3.8/site-packages/unitree_hg/__init__.py
[147.241s] -- Symlinking: /opt/mybotshop/install/unitree_hg/lib/python3.8/site-packages/unitree_hg/msg/__init__.py
[147.309s] -- Symlinking: /opt/mybotshop/install/unitree_hg/lib/python3.8/site-packages/unitree_hg/msg/_bms_cmd.py
[147.374s] -- Symlinking: /opt/mybotshop/install/unitree_hg/lib/python3.8/site-packages/unitree_hg/msg/_bms_state.py
[147.432s] -- Symlinking: /opt/mybotshop/install/unitree_hg/lib/python3.8/site-packages/unitree_hg/msg/_hand_cmd.py
[147.492s] -- Symlinking: /opt/mybotshop/install/unitree_hg/lib/python3.8/site-packages/unitree_hg/msg/_hand_state.py
[147.551s] -- Symlinking: /opt/mybotshop/install/unitree_hg/lib/python3.8/site-packages/unitree_hg/msg/_imu_state.py
[147.603s] -- Symlinking: /opt/mybotshop/install/unitree_hg/lib/python3.8/site-packages/unitree_hg/msg/_low_cmd.py
[147.655s] -- Symlinking: /opt/mybotshop/install/unitree_hg/lib/python3.8/site-packages/unitree_hg/msg/_low_state.py
[147.709s] -- Symlinking: /opt/mybotshop/install/unitree_hg/lib/python3.8/site-packages/unitree_hg/msg/_main_board_state.py
[147.766s] -- Symlinking: /opt/mybotshop/install/unitree_hg/lib/python3.8/site-packages/unitree_hg/msg/_motor_cmd.py
[147.795s] -- Symlinking: /opt/mybotshop/install/unitree_hg/lib/python3.8/site-packages/unitree_hg/msg/_motor_state.py
[147.871s] -- Symlinking: /opt/mybotshop/install/unitree_hg/lib/python3.8/site-packages/unitree_hg/msg/_press_sensor_state.py
[147.923s] -- Symlinking: /opt/mybotshop/install/unitree_hg/lib/python3.8/site-packages/unitree_hg/unitree_hg_s__rosidl_typesupport_fastrtps_c.cpython-38-aarch64-linux-gnu.so
[147.987s] -- Symlinking: /opt/mybotshop/install/unitree_hg/lib/python3.8/site-packages/unitree_hg/unitree_hg_s__rosidl_typesupport_introspection_c.cpython-38-aarch64-linux-gnu.so
[148.035s] -- Symlinking: /opt/mybotshop/install/unitree_hg/lib/python3.8/site-packages/unitree_hg/unitree_hg_s__rosidl_typesupport_c.cpython-38-aarch64-linux-gnu.so
[148.091s] -- Symlinking: /opt/mybotshop/install/unitree_hg/lib/libunitree_hg__python.so
[148.161s] -- Symlinking: /opt/mybotshop/install/unitree_hg/share/unitree_hg/msg/BmsCmd.idl
[148.225s] -- Symlinking: /opt/mybotshop/install/unitree_hg/share/unitree_hg/msg/BmsState.idl
[148.288s] -- Symlinking: /opt/mybotshop/install/unitree_hg/share/unitree_hg/msg/HandCmd.idl
[148.316s] -- Symlinking: /opt/mybotshop/install/unitree_hg/share/unitree_hg/msg/HandState.idl
[148.383s] -- Symlinking: /opt/mybotshop/install/unitree_hg/share/unitree_hg/msg/IMUState.idl
[148.441s] -- Symlinking: /opt/mybotshop/install/unitree_hg/share/unitree_hg/msg/LowCmd.idl
[148.487s] -- Symlinking: /opt/mybotshop/install/unitree_hg/share/unitree_hg/msg/LowState.idl
[148.537s] -- Symlinking: /opt/mybotshop/install/unitree_hg/share/unitree_hg/msg/MainBoardState.idl
[148.582s] -- Symlinking: /opt/mybotshop/install/unitree_hg/share/unitree_hg/msg/MotorCmd.idl
[148.637s] -- Symlinking: /opt/mybotshop/install/unitree_hg/share/unitree_hg/msg/MotorState.idl
[148.690s] -- Symlinking: /opt/mybotshop/install/unitree_hg/share/unitree_hg/msg/PressSensorState.idl
[148.730s] -- Symlinking: /opt/mybotshop/install/unitree_hg/share/unitree_hg/msg/BmsCmd.msg
[148.754s] -- Symlinking: /opt/mybotshop/install/unitree_hg/share/unitree_hg/msg/BmsState.msg
[148.783s] -- Symlinking: /opt/mybotshop/install/unitree_hg/share/unitree_hg/msg/HandCmd.msg
[148.807s] -- Symlinking: /opt/mybotshop/install/unitree_hg/share/unitree_hg/msg/HandState.msg
[148.831s] -- Symlinking: /opt/mybotshop/install/unitree_hg/share/unitree_hg/msg/IMUState.msg
[148.857s] -- Symlinking: /opt/mybotshop/install/unitree_hg/share/unitree_hg/msg/LowCmd.msg
[148.881s] -- Symlinking: /opt/mybotshop/install/unitree_hg/share/unitree_hg/msg/LowState.msg
[148.907s] -- Symlinking: /opt/mybotshop/install/unitree_hg/share/unitree_hg/msg/MainBoardState.msg
[148.931s] -- Symlinking: /opt/mybotshop/install/unitree_hg/share/unitree_hg/msg/MotorCmd.msg
[148.957s] -- Symlinking: /opt/mybotshop/install/unitree_hg/share/unitree_hg/msg/MotorState.msg
[148.989s] -- Symlinking: /opt/mybotshop/install/unitree_hg/share/unitree_hg/msg/PressSensorState.msg
[149.065s] -- Symlinking: /opt/mybotshop/install/unitree_hg/share/unitree_hg/msg/dds_connext/BmsCmd_.idl
[149.127s] -- Symlinking: /opt/mybotshop/install/unitree_hg/share/unitree_hg/msg/dds_connext/BmsState_.idl
[149.169s] -- Symlinking: /opt/mybotshop/install/unitree_hg/share/unitree_hg/msg/dds_connext/HandCmd_.idl
[149.205s] -- Symlinking: /opt/mybotshop/install/unitree_hg/share/unitree_hg/msg/dds_connext/HandState_.idl
[149.238s] -- Symlinking: /opt/mybotshop/install/unitree_hg/share/unitree_hg/msg/dds_connext/IMUState_.idl
[149.300s] -- Symlinking: /opt/mybotshop/install/unitree_hg/share/unitree_hg/msg/dds_connext/LowCmd_.idl
[149.343s] -- Symlinking: /opt/mybotshop/install/unitree_hg/share/unitree_hg/msg/dds_connext/LowState_.idl
[149.367s] -- Symlinking: /opt/mybotshop/install/unitree_hg/share/unitree_hg/msg/dds_connext/MainBoardState_.idl
[149.396s] -- Symlinking: /opt/mybotshop/install/unitree_hg/share/unitree_hg/msg/dds_connext/MotorCmd_.idl
[149.440s] -- Symlinking: /opt/mybotshop/install/unitree_hg/share/unitree_hg/msg/dds_connext/MotorState_.idl
[149.490s] -- Symlinking: /opt/mybotshop/install/unitree_hg/share/unitree_hg/msg/dds_connext/PressSensorState_.idl
[149.539s] -- Symlinking: /opt/mybotshop/install/unitree_hg/share/ament_index/resource_index/package_run_dependencies/unitree_hg
[149.579s] -- Symlinking: /opt/mybotshop/install/unitree_hg/share/ament_index/resource_index/parent_prefix_path/unitree_hg
[149.632s] -- Symlinking: /opt/mybotshop/install/unitree_hg/share/unitree_hg/environment/ament_prefix_path.sh
[149.693s] -- Symlinking: /opt/mybotshop/install/unitree_hg/share/unitree_hg/environment/ament_prefix_path.dsv
[149.764s] -- Symlinking: /opt/mybotshop/install/unitree_hg/share/unitree_hg/environment/path.sh
[149.790s] -- Symlinking: /opt/mybotshop/install/unitree_hg/share/unitree_hg/environment/path.dsv
[149.816s] -- Symlinking: /opt/mybotshop/install/unitree_hg/share/unitree_hg/local_setup.bash
[149.845s] -- Symlinking: /opt/mybotshop/install/unitree_hg/share/unitree_hg/local_setup.sh
[149.873s] -- Symlinking: /opt/mybotshop/install/unitree_hg/share/unitree_hg/local_setup.zsh
[149.904s] -- Symlinking: /opt/mybotshop/install/unitree_hg/share/unitree_hg/local_setup.dsv
[149.929s] -- Symlinking: /opt/mybotshop/install/unitree_hg/share/unitree_hg/package.dsv
[149.956s] -- Symlinking: /opt/mybotshop/install/unitree_hg/share/ament_index/resource_index/packages/unitree_hg
[150.000s] -- Symlinking: /opt/mybotshop/install/unitree_hg/share/unitree_hg/cmake/rosidl_cmake-extras.cmake
[150.056s] -- Symlinking: /opt/mybotshop/install/unitree_hg/share/unitree_hg/cmake/ament_cmake_export_dependencies-extras.cmake
[150.092s] -- Symlinking: /opt/mybotshop/install/unitree_hg/share/unitree_hg/cmake/ament_cmake_export_libraries-extras.cmake
[150.155s] -- Symlinking: /opt/mybotshop/install/unitree_hg/share/unitree_hg/cmake/ament_cmake_export_targets-extras.cmake
[150.211s] -- Symlinking: /opt/mybotshop/install/unitree_hg/share/unitree_hg/cmake/ament_cmake_export_include_directories-extras.cmake
[150.267s] -- Symlinking: /opt/mybotshop/install/unitree_hg/share/unitree_hg/cmake/rosidl_cmake_export_typesupport_libraries-extras.cmake
[150.312s] -- Symlinking: /opt/mybotshop/install/unitree_hg/share/unitree_hg/cmake/rosidl_cmake_export_typesupport_targets-extras.cmake
[150.372s] -- Symlinking: /opt/mybotshop/install/unitree_hg/share/unitree_hg/cmake/unitree_hgConfig.cmake
[150.421s] -- Symlinking: /opt/mybotshop/install/unitree_hg/share/unitree_hg/cmake/unitree_hgConfig-version.cmake
[150.483s] -- Symlinking: /opt/mybotshop/install/unitree_hg/share/unitree_hg/package.xml
[150.523s] -- Installing: /opt/mybotshop/install/unitree_hg/lib/libunitree_hg__rosidl_generator_c.so
[150.525s] -- Set runtime path of "/opt/mybotshop/install/unitree_hg/lib/libunitree_hg__rosidl_generator_c.so" to ""
[150.527s] -- Installing: /opt/mybotshop/install/unitree_hg/lib/libunitree_hg__rosidl_typesupport_introspection_c.so
[150.532s] -- Set runtime path of "/opt/mybotshop/install/unitree_hg/lib/libunitree_hg__rosidl_typesupport_introspection_c.so" to ""
[150.533s] -- Installing: /opt/mybotshop/install/unitree_hg/lib/libunitree_hg__rosidl_typesupport_c.so
[150.535s] -- Set runtime path of "/opt/mybotshop/install/unitree_hg/lib/libunitree_hg__rosidl_typesupport_c.so" to ""
[150.536s] -- Installing: /opt/mybotshop/install/unitree_hg/lib/libunitree_hg__rosidl_typesupport_introspection_cpp.so
[150.541s] -- Set runtime path of "/opt/mybotshop/install/unitree_hg/lib/libunitree_hg__rosidl_typesupport_introspection_cpp.so" to ""
[150.542s] -- Installing: /opt/mybotshop/install/unitree_hg/lib/libunitree_hg__rosidl_typesupport_cpp.so
[150.547s] -- Set runtime path of "/opt/mybotshop/install/unitree_hg/lib/libunitree_hg__rosidl_typesupport_cpp.so" to ""
[150.668s] Compiling '/opt/mybotshop/install/unitree_hg/lib/python3.8/site-packages/unitree_hg/__init__.py'...
[150.691s] -- Installing: /opt/mybotshop/install/unitree_hg/share/unitree_hg/cmake/unitree_hg__rosidl_generator_cExport.cmake
[150.691s] -- Installing: /opt/mybotshop/install/unitree_hg/share/unitree_hg/cmake/unitree_hg__rosidl_generator_cExport-noconfig.cmake
[150.692s] -- Installing: /opt/mybotshop/install/unitree_hg/share/unitree_hg/cmake/unitree_hg__rosidl_typesupport_introspection_cExport.cmake
[150.692s] -- Installing: /opt/mybotshop/install/unitree_hg/share/unitree_hg/cmake/unitree_hg__rosidl_typesupport_introspection_cExport-noconfig.cmake
[150.692s] -- Installing: /opt/mybotshop/install/unitree_hg/share/unitree_hg/cmake/unitree_hg__rosidl_typesupport_cExport.cmake
[150.693s] -- Installing: /opt/mybotshop/install/unitree_hg/share/unitree_hg/cmake/unitree_hg__rosidl_typesupport_cExport-noconfig.cmake
[150.694s] -- Installing: /opt/mybotshop/install/unitree_hg/share/unitree_hg/cmake/unitree_hg__rosidl_generator_cppExport.cmake
[150.696s] -- Installing: /opt/mybotshop/install/unitree_hg/share/unitree_hg/cmake/unitree_hg__rosidl_typesupport_introspection_cppExport.cmake
[150.697s] -- Installing: /opt/mybotshop/install/unitree_hg/share/unitree_hg/cmake/unitree_hg__rosidl_typesupport_introspection_cppExport-noconfig.cmake
[150.698s] -- Installing: /opt/mybotshop/install/unitree_hg/share/unitree_hg/cmake/unitree_hg__rosidl_typesupport_cppExport.cmake
[150.699s] -- Installing: /opt/mybotshop/install/unitree_hg/share/unitree_hg/cmake/unitree_hg__rosidl_typesupport_cppExport-noconfig.cmake
[150.727s] Invoked command in '/opt/mybotshop/build/unitree_hg' returned '0': CMAKE_PREFIX_PATH=${CMAKE_PREFIX_PATH}:/opt/ros/foxy /usr/bin/cmake --install /opt/mybotshop/build/unitree_hg
