-- The C compiler identification is GNU 9.4.0
-- The CXX compiler identification is GNU 9.4.0
-- Check for working C compiler: /usr/bin/cc
-- Check for working C compiler: /usr/bin/cc -- works
-- Detecting C compiler ABI info
-- Detecting C compiler ABI info - done
-- Detecting C compile features
-- Detecting C compile features - done
-- Check for working CXX compiler: /usr/bin/c++
-- Check for working CXX compiler: /usr/bin/c++ -- works
-- Detecting CXX compiler ABI info
-- Detecting CXX compiler ABI info - done
-- Detecting CXX compile features
-- Detecting CXX compile features - done
-- Found ament_cmake: 0.9.12 (/opt/ros/foxy/share/ament_cmake/cmake)
-- Found PythonInterp: /usr/bin/python3 (found suitable version "3.8.10", minimum required is "3") 
-- Using PYTHON_EXECUTABLE: /usr/bin/python3
-- Override CMake install command with custom implementation using symlinks instead of copying resources
-- Found cmake_modules: 0.4.1 (/opt/mybotshop/install/cmake_modules/share/cmake_modules/cmake)
-- Found rclcpp: 2.4.3 (/opt/ros/foxy/share/rclcpp/cmake)
-- Using all available rosidl_typesupport_c: rosidl_typesupport_fastrtps_c;rosidl_typesupport_introspection_c
-- Found rosidl_adapter: 1.3.1 (/opt/ros/foxy/share/rosidl_adapter/cmake)
-- Found OpenSSL: /usr/lib/aarch64-linux-gnu/libcrypto.so (found version "1.1.1f")  
-- Found FastRTPS: /opt/ros/foxy/include  
-- Using all available rosidl_typesupport_cpp: rosidl_typesupport_fastrtps_cpp;rosidl_typesupport_introspection_cpp
-- Found rmw_implementation_cmake: 1.0.4 (/opt/ros/foxy/share/rmw_implementation_cmake/cmake)
-- Using RMW implementation 'rmw_cyclonedds_cpp' as default
-- Looking for pthread.h
-- Looking for pthread.h - found
-- Performing Test CMAKE_HAVE_LIBC_PTHREAD
-- Performing Test CMAKE_HAVE_LIBC_PTHREAD - Failed
-- Looking for pthread_create in pthreads
-- Looking for pthread_create in pthreads - not found
-- Looking for pthread_create in pthread
-- Looking for pthread_create in pthread - found
-- Found Threads: TRUE  
-- Configuring done
-- Generating done
-- Build files have been written to: /opt/mybotshop/build/robotis_manipulator
[35m[1mScanning dependencies of target robotis_manipulator[0m
[ 14%] [32mBuilding CXX object CMakeFiles/robotis_manipulator.dir/src/robotis_manipulator/robotis_manipulator.cpp.o[0m
[ 28%] [32mBuilding CXX object CMakeFiles/robotis_manipulator.dir/src/robotis_manipulator/robotis_manipulator_math.cpp.o[0m
[ 42%] [32mBuilding CXX object CMakeFiles/robotis_manipulator.dir/src/robotis_manipulator/robotis_manipulator_manager.cpp.o[0m
[ 57%] [32mBuilding CXX object CMakeFiles/robotis_manipulator.dir/src/robotis_manipulator/robotis_manipulator_trajectory_generator.cpp.o[0m
[ 71%] [32mBuilding CXX object CMakeFiles/robotis_manipulator.dir/src/robotis_manipulator/robotis_manipulator_log.cpp.o[0m
[ 85%] [32mBuilding CXX object CMakeFiles/robotis_manipulator.dir/src/robotis_manipulator/robotis_manipulator_common.cpp.o[0m
[100%] [32m[1mLinking CXX shared library librobotis_manipulator.so[0m
[100%] Built target robotis_manipulator
-- Install configuration: ""
-- Execute custom install script
-- Up-to-date symlink: /opt/mybotshop/install/robotis_manipulator/lib/librobotis_manipulator.so
-- Symlinking: /opt/mybotshop/install/robotis_manipulator/include//robotis_manipulator/robotis_manipulator.h
-- Symlinking: /opt/mybotshop/install/robotis_manipulator/include//robotis_manipulator/robotis_manipulator_common.h
-- Symlinking: /opt/mybotshop/install/robotis_manipulator/include//robotis_manipulator/robotis_manipulator_log.h
-- Symlinking: /opt/mybotshop/install/robotis_manipulator/include//robotis_manipulator/robotis_manipulator_manager.h
-- Symlinking: /opt/mybotshop/install/robotis_manipulator/include//robotis_manipulator/robotis_manipulator_math.h
-- Symlinking: /opt/mybotshop/install/robotis_manipulator/include//robotis_manipulator/robotis_manipulator_trajectory_generator.h
-- Up-to-date symlink: /opt/mybotshop/install/robotis_manipulator/share/robotis_manipulator/environment/library_path.sh
-- Up-to-date symlink: /opt/mybotshop/install/robotis_manipulator/share/robotis_manipulator/environment/library_path.dsv
-- Up-to-date symlink: /opt/mybotshop/install/robotis_manipulator/share/ament_index/resource_index/package_run_dependencies/robotis_manipulator
-- Up-to-date symlink: /opt/mybotshop/install/robotis_manipulator/share/ament_index/resource_index/parent_prefix_path/robotis_manipulator
-- Up-to-date symlink: /opt/mybotshop/install/robotis_manipulator/share/robotis_manipulator/environment/ament_prefix_path.sh
-- Up-to-date symlink: /opt/mybotshop/install/robotis_manipulator/share/robotis_manipulator/environment/ament_prefix_path.dsv
-- Up-to-date symlink: /opt/mybotshop/install/robotis_manipulator/share/robotis_manipulator/environment/path.sh
-- Up-to-date symlink: /opt/mybotshop/install/robotis_manipulator/share/robotis_manipulator/environment/path.dsv
-- Up-to-date symlink: /opt/mybotshop/install/robotis_manipulator/share/robotis_manipulator/local_setup.bash
-- Up-to-date symlink: /opt/mybotshop/install/robotis_manipulator/share/robotis_manipulator/local_setup.sh
-- Up-to-date symlink: /opt/mybotshop/install/robotis_manipulator/share/robotis_manipulator/local_setup.zsh
-- Up-to-date symlink: /opt/mybotshop/install/robotis_manipulator/share/robotis_manipulator/local_setup.dsv
-- Symlinking: /opt/mybotshop/install/robotis_manipulator/share/robotis_manipulator/package.dsv
-- Up-to-date symlink: /opt/mybotshop/install/robotis_manipulator/share/ament_index/resource_index/packages/robotis_manipulator
-- Up-to-date symlink: /opt/mybotshop/install/robotis_manipulator/share/robotis_manipulator/cmake/ament_cmake_export_include_directories-extras.cmake
-- Up-to-date symlink: /opt/mybotshop/install/robotis_manipulator/share/robotis_manipulator/cmake/ament_cmake_export_dependencies-extras.cmake
-- Up-to-date symlink: /opt/mybotshop/install/robotis_manipulator/share/robotis_manipulator/cmake/ament_cmake_export_libraries-extras.cmake
-- Up-to-date symlink: /opt/mybotshop/install/robotis_manipulator/share/robotis_manipulator/cmake/robotis_manipulatorConfig.cmake
-- Up-to-date symlink: /opt/mybotshop/install/robotis_manipulator/share/robotis_manipulator/cmake/robotis_manipulatorConfig-version.cmake
-- Symlinking: /opt/mybotshop/install/robotis_manipulator/share/robotis_manipulator/package.xml
