[0.603s] Invoking command in '/opt/mybotshop/build/go2_joystick': CMAKE_PREFIX_PATH=${CMAKE_PREFIX_PATH}:/opt/ros/foxy /usr/bin/cmake /opt/mybotshop/src/mybotshop/go2_joystick -DAMENT_CMAKE_SYMLINK_INSTALL=1 -DCMAKE_INSTALL_PREFIX=/opt/mybotshop/install/go2_joystick
[0.927s] -- The C compiler identification is GNU 9.4.0
[1.217s] -- The CXX compiler identification is GNU 9.4.0
[1.236s] -- Check for working C compiler: /usr/bin/cc
[1.656s] -- Check for working C compiler: /usr/bin/cc -- works
[1.659s] -- Detecting C compiler ABI info
[1.931s] -- Detecting C compiler ABI info - done
[1.978s] -- Detecting C compile features
[1.980s] -- Detecting C compile features - done
[1.998s] -- Check for working CXX compiler: /usr/bin/c++
[2.434s] -- Check for working CXX compiler: /usr/bin/c++ -- works
[2.435s] -- Detecting CXX compiler ABI info
[2.738s] -- Detecting CXX compiler ABI info - done
[2.779s] -- Detecting CXX compile features
[2.781s] -- Detecting CXX compile features - done
[2.797s] -- Found ament_cmake: 0.9.12 (/opt/ros/foxy/share/ament_cmake/cmake)
[2.888s] -- Found PythonInterp: /usr/bin/python3 (found suitable version "3.8.10", minimum required is "3") 
[2.889s] -- Using PYTHON_EXECUTABLE: /usr/bin/python3
[3.426s] -- Override CMake install command with custom implementation using symlinks instead of copying resources
[3.542s] -- Found rclcpp: 2.4.3 (/opt/ros/foxy/share/rclcpp/cmake)
[3.691s] -- Using all available rosidl_typesupport_c: rosidl_typesupport_fastrtps_c;rosidl_typesupport_introspection_c
[3.713s] -- Found rosidl_adapter: 1.3.1 (/opt/ros/foxy/share/rosidl_adapter/cmake)
[4.120s] -- Found OpenSSL: /usr/lib/aarch64-linux-gnu/libcrypto.so (found version "1.1.1f")  
[4.254s] -- Found FastRTPS: /opt/ros/foxy/include  
[4.445s] -- Using all available rosidl_typesupport_cpp: rosidl_typesupport_fastrtps_cpp;rosidl_typesupport_introspection_cpp
[4.579s] -- Found rmw_implementation_cmake: 1.0.4 (/opt/ros/foxy/share/rmw_implementation_cmake/cmake)
[4.584s] -- Using RMW implementation 'rmw_cyclonedds_cpp' as default
[4.587s] -- Looking for pthread.h
[4.899s] -- Looking for pthread.h - found
[4.907s] -- Performing Test CMAKE_HAVE_LIBC_PTHREAD
[5.324s] -- Performing Test CMAKE_HAVE_LIBC_PTHREAD - Failed
[5.325s] -- Looking for pthread_create in pthreads
[5.632s] -- Looking for pthread_create in pthreads - not found
[5.632s] -- Looking for pthread_create in pthread
[5.942s] -- Looking for pthread_create in pthread - found
[5.945s] -- Found Threads: TRUE  
[6.332s] -- Found rclpy: 1.0.13 (/opt/ros/foxy/share/rclpy/cmake)
[6.637s] -- Configuring done
[6.659s] -- Generating done
[6.680s] -- Build files have been written to: /opt/mybotshop/build/go2_joystick
[6.721s] Invoked command in '/opt/mybotshop/build/go2_joystick' returned '0': CMAKE_PREFIX_PATH=${CMAKE_PREFIX_PATH}:/opt/ros/foxy /usr/bin/cmake /opt/mybotshop/src/mybotshop/go2_joystick -DAMENT_CMAKE_SYMLINK_INSTALL=1 -DCMAKE_INSTALL_PREFIX=/opt/mybotshop/install/go2_joystick
[6.723s] Invoking command in '/opt/mybotshop/build/go2_joystick': CMAKE_PREFIX_PATH=${CMAKE_PREFIX_PATH}:/opt/ros/foxy /usr/bin/cmake --build /opt/mybotshop/build/go2_joystick -- -j6 -l6
[7.516s] Invoked command in '/opt/mybotshop/build/go2_joystick' returned '0': CMAKE_PREFIX_PATH=${CMAKE_PREFIX_PATH}:/opt/ros/foxy /usr/bin/cmake --build /opt/mybotshop/build/go2_joystick -- -j6 -l6
[9.034s] Invoking command in '/opt/mybotshop/build/go2_joystick': CMAKE_PREFIX_PATH=${CMAKE_PREFIX_PATH}:/opt/ros/foxy /usr/bin/cmake --install /opt/mybotshop/build/go2_joystick
[9.091s] -- Install configuration: ""
[9.091s] -- Execute custom install script
[9.092s] -- Up-to-date symlink: /opt/mybotshop/install/go2_joystick/share/go2_joystick/environment/pythonpath.sh
[9.093s] -- Up-to-date symlink: /opt/mybotshop/install/go2_joystick/share/go2_joystick/environment/pythonpath.dsv
[9.097s] -- Symlinking: /opt/mybotshop/install/go2_joystick/lib/python3.8/site-packages/go2_joystick/__init__.py
[9.136s] -- Symlinking: /opt/mybotshop/install/go2_joystick/lib/python3.8/site-packages/go2_joystick/libjoypy.py
[9.206s] -- Symlinking: /opt/mybotshop/install/go2_joystick/share/go2_joystick/launch/logitech_f710.launch.py
[9.263s] -- Symlinking: /opt/mybotshop/install/go2_joystick/lib/go2_joystick/logitech_f710
[9.316s] -- Up-to-date symlink: /opt/mybotshop/install/go2_joystick/share/ament_index/resource_index/package_run_dependencies/go2_joystick
[9.317s] -- Up-to-date symlink: /opt/mybotshop/install/go2_joystick/share/ament_index/resource_index/parent_prefix_path/go2_joystick
[9.317s] -- Up-to-date symlink: /opt/mybotshop/install/go2_joystick/share/go2_joystick/environment/ament_prefix_path.sh
[9.317s] -- Up-to-date symlink: /opt/mybotshop/install/go2_joystick/share/go2_joystick/environment/ament_prefix_path.dsv
[9.317s] -- Up-to-date symlink: /opt/mybotshop/install/go2_joystick/share/go2_joystick/environment/path.sh
[9.318s] -- Up-to-date symlink: /opt/mybotshop/install/go2_joystick/share/go2_joystick/environment/path.dsv
[9.318s] -- Up-to-date symlink: /opt/mybotshop/install/go2_joystick/share/go2_joystick/local_setup.bash
[9.319s] -- Up-to-date symlink: /opt/mybotshop/install/go2_joystick/share/go2_joystick/local_setup.sh
[9.319s] -- Up-to-date symlink: /opt/mybotshop/install/go2_joystick/share/go2_joystick/local_setup.zsh
[9.320s] -- Up-to-date symlink: /opt/mybotshop/install/go2_joystick/share/go2_joystick/local_setup.dsv
[9.320s] -- Symlinking: /opt/mybotshop/install/go2_joystick/share/go2_joystick/package.dsv
[9.361s] -- Up-to-date symlink: /opt/mybotshop/install/go2_joystick/share/ament_index/resource_index/packages/go2_joystick
[9.361s] -- Up-to-date symlink: /opt/mybotshop/install/go2_joystick/share/go2_joystick/cmake/go2_joystickConfig.cmake
[9.361s] -- Up-to-date symlink: /opt/mybotshop/install/go2_joystick/share/go2_joystick/cmake/go2_joystickConfig-version.cmake
[9.361s] -- Symlinking: /opt/mybotshop/install/go2_joystick/share/go2_joystick/package.xml
[9.571s] Listing '/opt/mybotshop/install/go2_joystick/lib/python3.8/site-packages/go2_joystick'...
[9.620s] Invoked command in '/opt/mybotshop/build/go2_joystick' returned '0': CMAKE_PREFIX_PATH=${CMAKE_PREFIX_PATH}:/opt/ros/foxy /usr/bin/cmake --install /opt/mybotshop/build/go2_joystick
