[0.665s] Invoking command in '/opt/mybotshop/build/open_manipulator_x_description': AMENT_PREFIX_PATH=/opt/mybotshop/install/dynamixel_hardware:${AMENT_PREFIX_PATH} CMAKE_PREFIX_PATH=/opt/mybotshop/install/dynamixel_hardware:/home/unitree/cyclonedds_ws/install/rmw_cyclonedds_cpp:/home/unitree/cyclonedds_ws/install/cyclonedds:/opt/ros/foxy LD_LIBRARY_PATH=/opt/mybotshop/install/dynamixel_hardware/lib:${LD_LIBRARY_PATH} /usr/bin/cmake /opt/mybotshop/src/third_party/robotic_arms/05Jun2025_moveit/dynamixel_hardware-foxy/open_manipulator_x_description -DAMENT_CMAKE_SYMLINK_INSTALL=1 -DCMAKE_INSTALL_PREFIX=/opt/mybotshop/install/open_manipulator_x_description
[28.492s] -- The C compiler identification is GNU 9.4.0
[28.492s] -- The CXX compiler identification is GNU 9.4.0
[28.493s] -- Check for working C compiler: /usr/bin/cc
[28.493s] -- Check for working C compiler: /usr/bin/cc -- works
[28.493s] -- Detecting C compiler ABI info
[28.493s] -- Detecting C compiler ABI info - done
[28.493s] -- Detecting C compile features
[28.493s] -- Detecting C compile features - done
[28.493s] -- Check for working CXX compiler: /usr/bin/c++
[28.494s] -- Check for working CXX compiler: /usr/bin/c++ -- works
[28.494s] -- Detecting CXX compiler ABI info
[28.494s] -- Detecting CXX compiler ABI info - done
[28.494s] -- Detecting CXX compile features
[28.494s] -- Detecting CXX compile features - done
[28.494s] -- Found ament_cmake: 0.9.12 (/opt/ros/foxy/share/ament_cmake/cmake)
[28.494s] -- Found PythonInterp: /usr/bin/python3 (found suitable version "3.8.10", minimum required is "3") 
[28.494s] -- Using PYTHON_EXECUTABLE: /usr/bin/python3
[28.494s] -- Override CMake install command with custom implementation using symlinks instead of copying resources
[28.495s] -- Found robot_state_publisher: 2.4.5 (/opt/ros/foxy/share/robot_state_publisher/cmake)
[28.495s] -- Using all available rosidl_typesupport_c: rosidl_typesupport_fastrtps_c;rosidl_typesupport_introspection_c
[28.495s] -- Found rosidl_adapter: 1.3.1 (/opt/ros/foxy/share/rosidl_adapter/cmake)
[28.495s] -- Found OpenSSL: /usr/lib/aarch64-linux-gnu/libcrypto.so (found version "1.1.1f")  
[28.495s] -- Found FastRTPS: /opt/ros/foxy/include  
[28.495s] -- Using all available rosidl_typesupport_cpp: rosidl_typesupport_fastrtps_cpp;rosidl_typesupport_introspection_cpp
[28.495s] -- Found eigen3_cmake_module: 0.1.1 (/opt/ros/foxy/share/eigen3_cmake_module/cmake)
[28.495s] -- Found Eigen3: TRUE (found version "3.3.9") 
[28.496s] -- Found rmw_implementation_cmake: 1.0.4 (/opt/ros/foxy/share/rmw_implementation_cmake/cmake)
[28.496s] -- Using RMW implementation 'rmw_cyclonedds_cpp' as default
[28.496s] -- Looking for pthread.h
[28.496s] -- Looking for pthread.h - found
[28.496s] -- Performing Test CMAKE_HAVE_LIBC_PTHREAD
[28.496s] -- Performing Test CMAKE_HAVE_LIBC_PTHREAD - Failed
[28.496s] -- Looking for pthread_create in pthreads
[28.496s] -- Looking for pthread_create in pthreads - not found
[28.496s] -- Looking for pthread_create in pthread
[28.497s] -- Looking for pthread_create in pthread - found
[28.497s] -- Found Threads: TRUE  
[28.497s] -- Found xacro: 2.0.7 (/opt/ros/foxy/share/xacro/cmake)
[28.497s] -- Found rviz2: 8.2.8 (/opt/ros/foxy/share/rviz2/cmake)
[28.497s] -- Found ros2_control: 0.11.0 (/opt/ros/foxy/share/ros2_control/cmake)
[28.497s] -- Found ros2_controllers: 0.9.0 (/opt/ros/foxy/share/ros2_controllers/cmake)
[28.497s] -- Found dynamixel_hardware: 0.0.0 (/opt/mybotshop/install/dynamixel_hardware/share/dynamixel_hardware/cmake)
[28.497s] -- Found gazebo_ros: 3.5.3 (/opt/ros/foxy/share/gazebo_ros/cmake)
[28.498s] -- Found PkgConfig: /usr/bin/pkg-config (found version "0.29.1") 
[28.498s] -- Checking for module 'bullet>=2.82'
[28.498s] --   Found bullet, version 2.88
[28.498s] -- Found ccd: /usr/include (found suitable version "2.0", minimum required is "2.0") 
[28.498s] -- Found fcl: /usr/include (found suitable version "0.5.0", minimum required is "0.3.2") 
[28.498s] -- Found assimp: /usr/include (found version "5.0.0") 
[28.498s] -- Found DART: /usr/include (Required is at least version "6.6") found components: dart 
[28.498s] -- Found Boost: /usr/lib/aarch64-linux-gnu/cmake/Boost-1.71.0/BoostConfig.cmake (found suitable version "1.71.0", minimum required is "1.40.0") found components: thread system filesystem program_options regex iostreams date_time 
[28.498s] -- Found Protobuf: /usr/lib/aarch64-linux-gnu/libprotobuf.so;-lpthread (found version "3.6.1") 
[28.499s] -- Looking for ignition-math6 -- found version 6.15.0
[28.499s] -- Searching for dependencies of ignition-math6
[28.510s] -- Looking for OGRE...
[28.510s] -- OGRE_PREFIX_WATCH changed.
[28.511s] -- Checking for module 'OGRE'
[28.511s] --   Found OGRE, version 1.9.0
[28.511s] -- Found Ogre Ghadamon (1.9.0)
[28.511s] -- Found OGRE: optimized;/usr/lib/aarch64-linux-gnu/libOgreMain.so;debug;/usr/lib/aarch64-linux-gnu/libOgreMain.so
[28.511s] -- Looking for OGRE_Paging...
[28.515s] -- Found OGRE_Paging: optimized;/usr/lib/aarch64-linux-gnu/libOgrePaging.so;debug;/usr/lib/aarch64-linux-gnu/libOgrePaging.so
[28.516s] -- Looking for OGRE_Terrain...
[28.516s] -- Found OGRE_Terrain: optimized;/usr/lib/aarch64-linux-gnu/libOgreTerrain.so;debug;/usr/lib/aarch64-linux-gnu/libOgreTerrain.so
[28.516s] -- Looking for OGRE_Property...
[28.516s] -- Found OGRE_Property: optimized;/usr/lib/aarch64-linux-gnu/libOgreProperty.so;debug;/usr/lib/aarch64-linux-gnu/libOgreProperty.so
[28.516s] -- Looking for OGRE_RTShaderSystem...
[28.516s] -- Found OGRE_RTShaderSystem: optimized;/usr/lib/aarch64-linux-gnu/libOgreRTShaderSystem.so;debug;/usr/lib/aarch64-linux-gnu/libOgreRTShaderSystem.so
[28.517s] -- Looking for OGRE_Volume...
[28.517s] -- Found OGRE_Volume: optimized;/usr/lib/aarch64-linux-gnu/libOgreVolume.so;debug;/usr/lib/aarch64-linux-gnu/libOgreVolume.so
[28.517s] -- Looking for OGRE_Overlay...
[28.517s] -- Found OGRE_Overlay: optimized;/usr/lib/aarch64-linux-gnu/libOgreOverlay.so;debug;/usr/lib/aarch64-linux-gnu/libOgreOverlay.so
[28.517s] -- Looking for ignition-math6 -- found version 6.15.0
[28.517s] -- Looking for ignition-transport8 -- found version 8.3.0
[28.517s] -- Searching for dependencies of ignition-transport8
[28.517s] -- Found Protobuf: /usr/lib/aarch64-linux-gnu/libprotobuf.so;-lpthread (found suitable version "3.6.1", minimum required is "3") 
[28.517s] -- Config-file not installed for ZeroMQ -- checking for pkg-config
[28.518s] -- Checking for module 'libzmq >= 4'
[28.518s] --   Found libzmq , version 4.3.2
[28.518s] -- Found ZeroMQ: TRUE (Required is at least version "4") 
[28.518s] -- Checking for module 'uuid'
[28.518s] --   Found uuid, version 2.34.0
[28.518s] -- Found UUID: TRUE  
[28.518s] -- Looking for ignition-msgs5 -- found version 5.10.0
[28.518s] -- Searching for dependencies of ignition-msgs5
[28.519s] -- Looking for ignition-math6 -- found version 6.15.0
[28.519s] -- Checking for module 'tinyxml2'
[28.519s] --   Found tinyxml2, version 6.2.0
[28.519s] -- Looking for ignition-msgs5 -- found version 5.10.0
[28.519s] -- Looking for ignition-common3 -- found version 3.14.2
[28.519s] -- Searching for dependencies of ignition-common3
[28.519s] -- Looking for dlfcn.h - found
[28.519s] -- Looking for libdl - found
[28.523s] -- Found DL: TRUE  
[28.523s] -- Searching for <ignition-common3> component [graphics]
[28.523s] -- Looking for ignition-common3-graphics -- found version 3.14.2
[28.523s] -- Searching for dependencies of ignition-common3-graphics
[28.523s] -- Looking for ignition-math6 -- found version 6.15.0
[28.524s] -- Looking for ignition-fuel_tools4 -- found version 4.6.0
[28.524s] -- Searching for dependencies of ignition-fuel_tools4
[28.524s] -- Found CURL: /usr/lib/aarch64-linux-gnu/libcurl.so (found version "7.68.0")  
[28.524s] -- Checking for module 'jsoncpp'
[28.524s] --   Found jsoncpp, version 1.7.4
[28.524s] -- Found JSONCPP: TRUE  
[28.524s] -- Checking for module 'libzip'
[28.524s] --   Found libzip, version 1.5.1
[28.525s] -- Found ZIP: TRUE  
[28.525s] -- Looking for ignition-common3 -- found version 3.14.2
[28.525s] -- Looking for ignition-math6 -- found version 6.15.0
[28.525s] -- Looking for ignition-msgs5 -- found version 5.10.0
[28.525s] -- Gazebo version: 11.11
[28.525s] -- Found gazebo_ros2_control: 0.1.1 (/opt/ros/foxy/share/gazebo_ros2_control/cmake)
[28.525s] -- Found ament_lint_auto: 0.9.8 (/opt/ros/foxy/share/ament_lint_auto/cmake)
[28.525s] -- Added test 'copyright' to check source files copyright and LICENSE
[28.526s] -- Added test 'flake8' to check Python code syntax and style conventions
[28.526s] -- Added test 'lint_cmake' to check CMake code style
[28.526s] -- Added test 'pep257' to check Python code against some of the style conventions in PEP 257
[28.526s] -- Added test 'xmllint' to check XML markup files
[28.526s] -- Configuring done
[28.526s] -- Generating done
[28.526s] -- Build files have been written to: /opt/mybotshop/build/open_manipulator_x_description
[28.536s] Invoked command in '/opt/mybotshop/build/open_manipulator_x_description' returned '0': AMENT_PREFIX_PATH=/opt/mybotshop/install/dynamixel_hardware:${AMENT_PREFIX_PATH} CMAKE_PREFIX_PATH=/opt/mybotshop/install/dynamixel_hardware:/home/unitree/cyclonedds_ws/install/rmw_cyclonedds_cpp:/home/unitree/cyclonedds_ws/install/cyclonedds:/opt/ros/foxy LD_LIBRARY_PATH=/opt/mybotshop/install/dynamixel_hardware/lib:${LD_LIBRARY_PATH} /usr/bin/cmake /opt/mybotshop/src/third_party/robotic_arms/05Jun2025_moveit/dynamixel_hardware-foxy/open_manipulator_x_description -DAMENT_CMAKE_SYMLINK_INSTALL=1 -DCMAKE_INSTALL_PREFIX=/opt/mybotshop/install/open_manipulator_x_description
[28.538s] Invoking command in '/opt/mybotshop/build/open_manipulator_x_description': AMENT_PREFIX_PATH=/opt/mybotshop/install/dynamixel_hardware:${AMENT_PREFIX_PATH} CMAKE_PREFIX_PATH=/opt/mybotshop/install/dynamixel_hardware:/home/unitree/cyclonedds_ws/install/rmw_cyclonedds_cpp:/home/unitree/cyclonedds_ws/install/cyclonedds:/opt/ros/foxy LD_LIBRARY_PATH=/opt/mybotshop/install/dynamixel_hardware/lib:${LD_LIBRARY_PATH} /usr/bin/cmake --build /opt/mybotshop/build/open_manipulator_x_description -- -j6 -l6
[28.843s] Invoked command in '/opt/mybotshop/build/open_manipulator_x_description' returned '0': AMENT_PREFIX_PATH=/opt/mybotshop/install/dynamixel_hardware:${AMENT_PREFIX_PATH} CMAKE_PREFIX_PATH=/opt/mybotshop/install/dynamixel_hardware:/home/unitree/cyclonedds_ws/install/rmw_cyclonedds_cpp:/home/unitree/cyclonedds_ws/install/cyclonedds:/opt/ros/foxy LD_LIBRARY_PATH=/opt/mybotshop/install/dynamixel_hardware/lib:${LD_LIBRARY_PATH} /usr/bin/cmake --build /opt/mybotshop/build/open_manipulator_x_description -- -j6 -l6
[29.075s] Invoking command in '/opt/mybotshop/build/open_manipulator_x_description': AMENT_PREFIX_PATH=/opt/mybotshop/install/dynamixel_hardware:${AMENT_PREFIX_PATH} CMAKE_PREFIX_PATH=/opt/mybotshop/install/dynamixel_hardware:/home/unitree/cyclonedds_ws/install/rmw_cyclonedds_cpp:/home/unitree/cyclonedds_ws/install/cyclonedds:/opt/ros/foxy LD_LIBRARY_PATH=/opt/mybotshop/install/dynamixel_hardware/lib:${LD_LIBRARY_PATH} /usr/bin/cmake --install /opt/mybotshop/build/open_manipulator_x_description
[29.097s] -- Install configuration: ""
[29.098s] -- Execute custom install script
[29.100s] -- Symlinking: /opt/mybotshop/install/open_manipulator_x_description/share/open_manipulator_x_description/meshes/chain_link1.stl
[29.130s] -- Symlinking: /opt/mybotshop/install/open_manipulator_x_description/share/open_manipulator_x_description/meshes/chain_link2.stl
[29.173s] -- Symlinking: /opt/mybotshop/install/open_manipulator_x_description/share/open_manipulator_x_description/meshes/chain_link3.stl
[29.231s] -- Symlinking: /opt/mybotshop/install/open_manipulator_x_description/share/open_manipulator_x_description/meshes/chain_link4.stl
[29.284s] -- Symlinking: /opt/mybotshop/install/open_manipulator_x_description/share/open_manipulator_x_description/meshes/chain_link5.stl
[29.358s] -- Symlinking: /opt/mybotshop/install/open_manipulator_x_description/share/open_manipulator_x_description/meshes/chain_link_grip_l.stl
[29.410s] -- Symlinking: /opt/mybotshop/install/open_manipulator_x_description/share/open_manipulator_x_description/meshes/chain_link_grip_r.stl
[29.471s] -- Symlinking: /opt/mybotshop/install/open_manipulator_x_description/share/open_manipulator_x_description/urdf/open_manipulator_x.material.xacro
[29.519s] -- Symlinking: /opt/mybotshop/install/open_manipulator_x_description/share/open_manipulator_x_description/urdf/open_manipulator_x.ros2_control.xacro
[29.593s] -- Symlinking: /opt/mybotshop/install/open_manipulator_x_description/share/open_manipulator_x_description/urdf/open_manipulator_x.ros2_control_gazebo.xacro
[29.656s] -- Symlinking: /opt/mybotshop/install/open_manipulator_x_description/share/open_manipulator_x_description/urdf/open_manipulator_x.urdf.xacro
[29.712s] -- Symlinking: /opt/mybotshop/install/open_manipulator_x_description/share/open_manipulator_x_description/urdf/open_manipulator_x.xacro
[29.761s] -- Symlinking: /opt/mybotshop/install/open_manipulator_x_description/share/open_manipulator_x_description/urdf/open_manipulator_x_gazebo.urdf.xacro
[29.792s] -- Symlinking: /opt/mybotshop/install/open_manipulator_x_description/share/open_manipulator_x_description/controllers/controllers.yaml
[29.850s] -- Symlinking: /opt/mybotshop/install/open_manipulator_x_description/share/open_manipulator_x_description/launch/display.launch.py
[29.912s] -- Symlinking: /opt/mybotshop/install/open_manipulator_x_description/share/open_manipulator_x_description/launch/open_manipulator_x.launch.py
[29.966s] -- Symlinking: /opt/mybotshop/install/open_manipulator_x_description/share/open_manipulator_x_description/launch/open_manipulator_x.rviz
[30.024s] -- Symlinking: /opt/mybotshop/install/open_manipulator_x_description/share/open_manipulator_x_description/launch/open_manipulator_x_gazebo.launch.py
[30.076s] -- Up-to-date symlink: /opt/mybotshop/install/open_manipulator_x_description/share/ament_index/resource_index/package_run_dependencies/open_manipulator_x_description
[30.077s] -- Up-to-date symlink: /opt/mybotshop/install/open_manipulator_x_description/share/ament_index/resource_index/parent_prefix_path/open_manipulator_x_description
[30.079s] -- Up-to-date symlink: /opt/mybotshop/install/open_manipulator_x_description/share/open_manipulator_x_description/environment/ament_prefix_path.sh
[30.080s] -- Up-to-date symlink: /opt/mybotshop/install/open_manipulator_x_description/share/open_manipulator_x_description/environment/ament_prefix_path.dsv
[30.081s] -- Up-to-date symlink: /opt/mybotshop/install/open_manipulator_x_description/share/open_manipulator_x_description/environment/path.sh
[30.083s] -- Up-to-date symlink: /opt/mybotshop/install/open_manipulator_x_description/share/open_manipulator_x_description/environment/path.dsv
[30.085s] -- Up-to-date symlink: /opt/mybotshop/install/open_manipulator_x_description/share/open_manipulator_x_description/local_setup.bash
[30.086s] -- Up-to-date symlink: /opt/mybotshop/install/open_manipulator_x_description/share/open_manipulator_x_description/local_setup.sh
[30.087s] -- Up-to-date symlink: /opt/mybotshop/install/open_manipulator_x_description/share/open_manipulator_x_description/local_setup.zsh
[30.089s] -- Up-to-date symlink: /opt/mybotshop/install/open_manipulator_x_description/share/open_manipulator_x_description/local_setup.dsv
[30.090s] -- Symlinking: /opt/mybotshop/install/open_manipulator_x_description/share/open_manipulator_x_description/package.dsv
[30.121s] -- Up-to-date symlink: /opt/mybotshop/install/open_manipulator_x_description/share/ament_index/resource_index/packages/open_manipulator_x_description
[30.121s] -- Up-to-date symlink: /opt/mybotshop/install/open_manipulator_x_description/share/open_manipulator_x_description/cmake/open_manipulator_x_descriptionConfig.cmake
[30.122s] -- Up-to-date symlink: /opt/mybotshop/install/open_manipulator_x_description/share/open_manipulator_x_description/cmake/open_manipulator_x_descriptionConfig-version.cmake
[30.122s] -- Symlinking: /opt/mybotshop/install/open_manipulator_x_description/share/open_manipulator_x_description/package.xml
[30.168s] Invoked command in '/opt/mybotshop/build/open_manipulator_x_description' returned '0': AMENT_PREFIX_PATH=/opt/mybotshop/install/dynamixel_hardware:${AMENT_PREFIX_PATH} CMAKE_PREFIX_PATH=/opt/mybotshop/install/dynamixel_hardware:/home/unitree/cyclonedds_ws/install/rmw_cyclonedds_cpp:/home/unitree/cyclonedds_ws/install/cyclonedds:/opt/ros/foxy LD_LIBRARY_PATH=/opt/mybotshop/install/dynamixel_hardware/lib:${LD_LIBRARY_PATH} /usr/bin/cmake --install /opt/mybotshop/build/open_manipulator_x_description
