Performing C++ SOURCE FILE Test CMAKE_HAVE_LIBC_PTHREAD failed with the following output:
Change Dir: /opt/mybotshop/build/go2_webserver/CMakeFiles/CMakeTmp

Run Build Command(s):/usr/bin/make cmTC_a1582/fast && /usr/bin/make -f CMakeFiles/cmTC_a1582.dir/build.make CMakeFiles/cmTC_a1582.dir/build
make[1]: Entering directory '/opt/mybotshop/build/go2_webserver/CMakeFiles/CMakeTmp'
Building CXX object CMakeFiles/cmTC_a1582.dir/src.cxx.o
/usr/bin/c++    -DCMAKE_HAVE_LIBC_PTHREAD   -std=gnu++17 -o CMakeFiles/cmTC_a1582.dir/src.cxx.o -c /opt/mybotshop/build/go2_webserver/CMakeFiles/CMakeTmp/src.cxx
Linking CXX executable cmTC_a1582
/usr/bin/cmake -E cmake_link_script CMakeFiles/cmTC_a1582.dir/link.txt --verbose=1
/usr/bin/c++   -DCMAKE_HAVE_LIBC_PTHREAD    CMakeFiles/cmTC_a1582.dir/src.cxx.o  -o cmTC_a1582 
/usr/bin/ld: CMakeFiles/cmTC_a1582.dir/src.cxx.o: in function `main':
src.cxx:(.text+0x48): undefined reference to `pthread_create'
/usr/bin/ld: src.cxx:(.text+0x50): undefined reference to `pthread_detach'
/usr/bin/ld: src.cxx:(.text+0x5c): undefined reference to `pthread_join'
collect2: error: ld returned 1 exit status
make[1]: *** [CMakeFiles/cmTC_a1582.dir/build.make:87: cmTC_a1582] Error 1
make[1]: Leaving directory '/opt/mybotshop/build/go2_webserver/CMakeFiles/CMakeTmp'
make: *** [Makefile:121: cmTC_a1582/fast] Error 2


Source file was:
#include <pthread.h>

void* test_func(void* data)
{
  return data;
}

int main(void)
{
  pthread_t thread;
  pthread_create(&thread, NULL, test_func, NULL);
  pthread_detach(thread);
  pthread_join(thread, NULL);
  pthread_atfork(NULL, NULL, NULL);
  pthread_exit(NULL);

  return 0;
}

Determining if the function pthread_create exists in the pthreads failed with the following output:
Change Dir: /opt/mybotshop/build/go2_webserver/CMakeFiles/CMakeTmp

Run Build Command(s):/usr/bin/make cmTC_489c7/fast && /usr/bin/make -f CMakeFiles/cmTC_489c7.dir/build.make CMakeFiles/cmTC_489c7.dir/build
make[1]: Entering directory '/opt/mybotshop/build/go2_webserver/CMakeFiles/CMakeTmp'
Building CXX object CMakeFiles/cmTC_489c7.dir/CheckFunctionExists.cxx.o
/usr/bin/c++    -DCHECK_FUNCTION_EXISTS=pthread_create   -std=gnu++17 -o CMakeFiles/cmTC_489c7.dir/CheckFunctionExists.cxx.o -c /opt/mybotshop/build/go2_webserver/CMakeFiles/CheckLibraryExists/CheckFunctionExists.cxx
Linking CXX executable cmTC_489c7
/usr/bin/cmake -E cmake_link_script CMakeFiles/cmTC_489c7.dir/link.txt --verbose=1
/usr/bin/c++   -DCHECK_FUNCTION_EXISTS=pthread_create    CMakeFiles/cmTC_489c7.dir/CheckFunctionExists.cxx.o  -o cmTC_489c7  -lpthreads 
/usr/bin/ld: cannot find -lpthreads
collect2: error: ld returned 1 exit status
make[1]: *** [CMakeFiles/cmTC_489c7.dir/build.make:87: cmTC_489c7] Error 1
make[1]: Leaving directory '/opt/mybotshop/build/go2_webserver/CMakeFiles/CMakeTmp'
make: *** [Makefile:121: cmTC_489c7/fast] Error 2



