[1.508s] Invoking command in '/opt/mybotshop/build/domain_bridge': CMAKE_PREFIX_PATH=${CMAKE_PREFIX_PATH}:/opt/ros/foxy /usr/bin/cmake /opt/mybotshop/src/third_party/miscellanious/05Jun2025_domain_bridge_foxy -DAMENT_CMAKE_SYMLINK_INSTALL=1 -DCMAKE_INSTALL_PREFIX=/opt/mybotshop/install/domain_bridge
[1.854s] -- The C compiler identification is GNU 9.4.0
[2.013s] -- The CXX compiler identification is GNU 9.4.0
[2.023s] -- Check for working C compiler: /usr/bin/cc
[2.324s] -- Check for working C compiler: /usr/bin/cc -- works
[2.325s] -- Detecting C compiler ABI info
[2.689s] -- Detecting C compiler ABI info - done
[2.730s] -- Detecting C compile features
[2.730s] -- Detecting C compile features - done
[2.746s] -- Check for working CXX compiler: /usr/bin/c++
[3.156s] -- Check for working CXX compiler: /usr/bin/c++ -- works
[3.157s] -- Detecting CXX compiler ABI info
[3.522s] -- Detecting CXX compiler ABI info - done
[3.567s] -- Detecting CXX compile features
[3.567s] -- Detecting CXX compile features - done
[3.589s] -- Found ament_cmake: 0.9.12 (/opt/ros/foxy/share/ament_cmake/cmake)
[3.710s] -- Found PythonInterp: /usr/bin/python3 (found suitable version "3.8.10", minimum required is "3") 
[3.711s] -- Using PYTHON_EXECUTABLE: /usr/bin/python3
[5.427s] -- Override CMake install command with custom implementation using symlinks instead of copying resources
[5.722s] -- Found rcl: 1.1.14 (/opt/ros/foxy/share/rcl/cmake)
[6.162s] -- Using all available rosidl_typesupport_c: rosidl_typesupport_fastrtps_c;rosidl_typesupport_introspection_c
[6.211s] -- Found rosidl_adapter: 1.3.1 (/opt/ros/foxy/share/rosidl_adapter/cmake)
[7.221s] -- Found OpenSSL: /usr/lib/aarch64-linux-gnu/libcrypto.so (found version "1.1.1f")  
[7.407s] -- Found FastRTPS: /opt/ros/foxy/include  
[8.203s] -- Using all available rosidl_typesupport_cpp: rosidl_typesupport_fastrtps_cpp;rosidl_typesupport_introspection_cpp
[9.050s] -- Found rmw_implementation_cmake: 1.0.4 (/opt/ros/foxy/share/rmw_implementation_cmake/cmake)
[9.051s] -- Using RMW implementation 'rmw_cyclonedds_cpp' as default
[9.102s] -- Looking for pthread.h
[10.010s] -- Looking for pthread.h - found
[10.010s] -- Performing Test CMAKE_HAVE_LIBC_PTHREAD
[10.888s] -- Performing Test CMAKE_HAVE_LIBC_PTHREAD - Failed
[10.906s] -- Looking for pthread_create in pthreads
[11.578s] -- Looking for pthread_create in pthreads - not found
[11.578s] -- Looking for pthread_create in pthread
[12.382s] -- Looking for pthread_create in pthread - found
[12.398s] -- Found Threads: TRUE  
[12.574s] -- Found rclcpp: 2.4.3 (/opt/ros/foxy/share/rclcpp/cmake)
[13.100s] -- Found rosbag2_cpp: 0.3.11 (/opt/ros/foxy/share/rosbag2_cpp/cmake)
[13.240s] -- Setting yaml-cpp_DIR to: '/opt/ros/foxy/share/yaml_cpp_vendor/cmake/../../../opt/yaml_cpp_vendor/lib/cmake/yaml-cpp'
[13.266s] -- Found rosidl_default_generators: 1.0.1 (/opt/ros/foxy/share/rosidl_default_generators/cmake)
[13.300s] -- Found zstd_vendor: 0.3.11 (/opt/ros/foxy/share/zstd_vendor/cmake)
[13.306s] -- Found zstd: /opt/ros/foxy/lib/libzstd.so  
[13.419s] -- Found PythonInterp: /usr/bin/python3 (found version "3.8.10") 
[13.924s] -- Found ament_cmake_ros: 0.9.2 (/opt/ros/foxy/share/ament_cmake_ros/cmake)
[14.441s] -- Using all available rosidl_typesupport_c: rosidl_typesupport_fastrtps_c;rosidl_typesupport_introspection_c
[14.497s] -- Using all available rosidl_typesupport_cpp: rosidl_typesupport_fastrtps_cpp;rosidl_typesupport_introspection_cpp
[14.615s] -- Found PythonInterp: /usr/bin/python3 (found suitable version "3.8.10", minimum required is "3.5") 
[14.615s] -- Found python_cmake_module: 0.8.1 (/opt/ros/foxy/share/python_cmake_module/cmake)
[14.747s] -- Found PythonLibs: /usr/lib/aarch64-linux-gnu/libpython3.8.so (found suitable version "3.8.10", minimum required is "3.5") 
[14.747s] -- Using PYTHON_EXECUTABLE: /usr/bin/python3
[14.747s] -- Using PYTHON_INCLUDE_DIRS: /usr/include/python3.8
[14.747s] -- Using PYTHON_LIBRARIES: /usr/lib/aarch64-linux-gnu/libpython3.8.so
[14.849s] -- Found PythonExtra: .so  
[15.038s] -- Found ament_lint_auto: 0.9.8 (/opt/ros/foxy/share/ament_lint_auto/cmake)
[15.624s] -- Using PYTHON_EXECUTABLE: /usr/bin/python3
[15.624s] -- Using PYTHON_INCLUDE_DIRS: /usr/include/python3.8
[15.625s] -- Using PYTHON_LIBRARIES: /usr/lib/aarch64-linux-gnu/libpython3.8.so
[16.526s] -- Found gmock sources under '/opt/ros/foxy/src/gmock_vendor': C++ tests using 'Google Mock' will be built
[16.546s] -- Found gtest sources under '/opt/ros/foxy/src/gtest_vendor': C++ tests using 'Google Test' will be built
[16.681s] -- Added test 'copyright' to check source files copyright and LICENSE
[16.702s] -- Added test 'cppcheck' to perform static code analysis on C / C++ code
[16.703s] -- Configured cppcheck include dirs: $<BUILD_INTERFACE:/opt/mybotshop/src/third_party/miscellanious/05Jun2025_domain_bridge_foxy/include>
[16.703s] -- Configured cppcheck exclude dirs and/or files: 
[16.722s] -- Added test 'cpplint' to check C / C++ code against the Google style
[16.722s] -- Configured cpplint exclude dirs and/or files: 
[16.725s] -- Added test 'flake8' to check Python code syntax and style conventions
[16.734s] -- Added test 'lint_cmake' to check CMake code style
[16.738s] -- Added test 'pep257' to check Python code against some of the style conventions in PEP 257
[16.751s] -- Added test 'uncrustify' to check C / C++ code style
[16.751s] -- Configured uncrustify additional arguments: 
[16.758s] -- Added test 'xmllint' to check XML markup files
[16.800s] -- Configuring done
[17.296s] -- Generating done
[17.314s] -- Build files have been written to: /opt/mybotshop/build/domain_bridge
[17.433s] Invoked command in '/opt/mybotshop/build/domain_bridge' returned '0': CMAKE_PREFIX_PATH=${CMAKE_PREFIX_PATH}:/opt/ros/foxy /usr/bin/cmake /opt/mybotshop/src/third_party/miscellanious/05Jun2025_domain_bridge_foxy -DAMENT_CMAKE_SYMLINK_INSTALL=1 -DCMAKE_INSTALL_PREFIX=/opt/mybotshop/install/domain_bridge
[17.441s] Invoking command in '/opt/mybotshop/build/domain_bridge': CMAKE_PREFIX_PATH=${CMAKE_PREFIX_PATH}:/opt/ros/foxy /usr/bin/cmake --build /opt/mybotshop/build/domain_bridge -- -j6 -l6
[17.662s] [35m[1mScanning dependencies of target domain_bridge__cpp[0m
[17.705s] [  1%] [34m[1mGenerating C++ code for ROS interfaces[0m
[18.694s] [  1%] Built target domain_bridge__cpp
[18.750s] [35m[1mScanning dependencies of target gmock_main[0m
[18.839s] [  3%] [32mBuilding CXX object gmock/CMakeFiles/gmock_main.dir/src/gmock_main.cc.o[0m
[24.196s] [  4%] [32m[1mLinking CXX static library libgmock_main.a[0m
[24.403s] [  4%] Built target gmock_main
[24.455s] [  6%] [34m[1mGenerating C++ type support for eProsima Fast-RTPS[0m
[25.235s] [35m[1mScanning dependencies of target domain_bridge__rosidl_typesupport_fastrtps_cpp[0m
[25.352s] [  7%] [32mBuilding CXX object CMakeFiles/domain_bridge__rosidl_typesupport_fastrtps_cpp.dir/rosidl_typesupport_fastrtps_cpp/domain_bridge/msg/detail/dds_fastrtps/compressed_msg__type_support.cpp.o[0m
[27.150s] [  9%] [32m[1mLinking CXX shared library libdomain_bridge__rosidl_typesupport_fastrtps_cpp.so[0m
[27.433s] [  9%] Built target domain_bridge__rosidl_typesupport_fastrtps_cpp
[27.511s] [ 10%] [34m[1mGenerating C++ introspection for ROS interfaces[0m
[28.319s] [35m[1mScanning dependencies of target domain_bridge__rosidl_typesupport_introspection_cpp[0m
[28.393s] [ 12%] [32mBuilding CXX object CMakeFiles/domain_bridge__rosidl_typesupport_introspection_cpp.dir/rosidl_typesupport_introspection_cpp/domain_bridge/msg/detail/compressed_msg__type_support.cpp.o[0m
[29.783s] [ 13%] [32m[1mLinking CXX shared library libdomain_bridge__rosidl_typesupport_introspection_cpp.so[0m
[30.165s] [ 13%] Built target domain_bridge__rosidl_typesupport_introspection_cpp
[30.246s] [ 15%] [34m[1mGenerating C++ type support dispatch for ROS interfaces[0m
[30.834s] [35m[1mScanning dependencies of target domain_bridge__rosidl_typesupport_cpp[0m
[30.898s] [ 16%] [32mBuilding CXX object CMakeFiles/domain_bridge__rosidl_typesupport_cpp.dir/rosidl_typesupport_cpp/domain_bridge/msg/compressed_msg__type_support.cpp.o[0m
[31.980s] [ 18%] [32m[1mLinking CXX shared library libdomain_bridge__rosidl_typesupport_cpp.so[0m
[32.159s] [ 18%] Built target domain_bridge__rosidl_typesupport_cpp
[32.193s] [35m[1mScanning dependencies of target gmock[0m
[32.331s] [ 20%] [32mBuilding CXX object gmock/CMakeFiles/gmock.dir/opt/ros/foxy/src/gtest_vendor/src/gtest-all.cc.o[0m
[45.275s] [ 21%] [32mBuilding CXX object gmock/CMakeFiles/gmock.dir/src/gmock-all.cc.o[0m
[52.851s] [ 23%] [32m[1mLinking CXX static library libgmock.a[0m
[53.146s] [ 23%] Built target gmock
[53.215s] [ 24%] [34m[1mGenerating C code for ROS interfaces[0m
[54.175s] [35m[1mScanning dependencies of target domain_bridge__rosidl_generator_c[0m
[54.270s] [ 26%] [32mBuilding C object CMakeFiles/domain_bridge__rosidl_generator_c.dir/rosidl_generator_c/domain_bridge/msg/detail/compressed_msg__functions.c.o[0m
[54.512s] [ 27%] [32m[1mLinking C shared library libdomain_bridge__rosidl_generator_c.so[0m
[54.688s] [ 27%] Built target domain_bridge__rosidl_generator_c
[54.753s] [ 29%] [34m[1mGenerating C type support for eProsima Fast-RTPS[0m
[55.572s] [35m[1mScanning dependencies of target domain_bridge__rosidl_typesupport_fastrtps_c[0m
[55.671s] [ 30%] [32mBuilding CXX object CMakeFiles/domain_bridge__rosidl_typesupport_fastrtps_c.dir/rosidl_typesupport_fastrtps_c/domain_bridge/msg/detail/compressed_msg__type_support_c.cpp.o[0m
[57.119s] [ 32%] [32m[1mLinking CXX shared library libdomain_bridge__rosidl_typesupport_fastrtps_c.so[0m
[57.467s] [ 32%] Built target domain_bridge__rosidl_typesupport_fastrtps_c
[57.533s] [ 33%] [34m[1mGenerating C type support dispatch for ROS interfaces[0m
[58.219s] [35m[1mScanning dependencies of target domain_bridge__rosidl_typesupport_c[0m
[58.318s] [ 35%] [32mBuilding CXX object CMakeFiles/domain_bridge__rosidl_typesupport_c.dir/rosidl_typesupport_c/domain_bridge/msg/compressed_msg__type_support.cpp.o[0m
[58.445s] [ 36%] [32m[1mLinking CXX shared library libdomain_bridge__rosidl_typesupport_c.so[0m
[58.732s] [ 36%] Built target domain_bridge__rosidl_typesupport_c
[58.813s] [ 38%] [34m[1mGenerating C introspection for ROS interfaces[0m
[59.750s] [35m[1mScanning dependencies of target domain_bridge__rosidl_typesupport_introspection_c[0m
[59.842s] [ 40%] [32mBuilding C object CMakeFiles/domain_bridge__rosidl_typesupport_introspection_c.dir/rosidl_typesupport_introspection_c/domain_bridge/msg/detail/compressed_msg__type_support.c.o[0m
[60.034s] [ 41%] [32m[1mLinking C shared library libdomain_bridge__rosidl_typesupport_introspection_c.so[0m
[60.228s] [ 41%] Built target domain_bridge__rosidl_typesupport_introspection_c
[60.301s] [35m[1mScanning dependencies of target domain_bridge[0m
[60.378s] [ 41%] Built target domain_bridge
[60.458s] [35m[1mScanning dependencies of target domain_bridge_lib[0m
[60.749s] [ 43%] [32mBuilding CXX object CMakeFiles/domain_bridge_lib.dir/src/domain_bridge/compress_messages.cpp.o[0m
[62.502s] [ 44%] [32mBuilding CXX object CMakeFiles/domain_bridge_lib.dir/src/domain_bridge/generic_subscription.cpp.o[0m
[67.371s] [ 46%] [32mBuilding CXX object CMakeFiles/domain_bridge_lib.dir/src/domain_bridge/parse_domain_bridge_yaml_config.cpp.o[0m
[73.895s] [ 47%] [32mBuilding CXX object CMakeFiles/domain_bridge_lib.dir/src/domain_bridge/qos_options.cpp.o[0m
[74.854s] [ 49%] [32mBuilding CXX object CMakeFiles/domain_bridge_lib.dir/src/domain_bridge/service_bridge_options.cpp.o[0m
[84.407s] [ 50%] [32mBuilding CXX object CMakeFiles/domain_bridge_lib.dir/src/domain_bridge/topic_bridge_options.cpp.o[0m
[88.274s] [ 52%] [32mBuilding CXX object CMakeFiles/domain_bridge_lib.dir/src/domain_bridge/utils.cpp.o[0m
[94.151s] [ 53%] [32mBuilding CXX object CMakeFiles/domain_bridge_lib.dir/src/domain_bridge/generic_publisher.cpp.o[0m
[101.636s] [ 55%] [32mBuilding CXX object CMakeFiles/domain_bridge_lib.dir/src/domain_bridge/domain_bridge_options.cpp.o[0m
[103.154s] [ 56%] [32mBuilding CXX object CMakeFiles/domain_bridge_lib.dir/src/domain_bridge/domain_bridge.cpp.o[0m
[116.903s] [ 58%] [32m[1mLinking CXX shared library libdomain_bridge.so[0m
[118.047s] [ 58%] Built target domain_bridge_lib
[118.131s] [35m[1mScanning dependencies of target domain_bridge__py[0m
[118.184s] [ 60%] [34m[1mGenerating Python code for ROS interfaces[0m
[120.268s] [ 60%] Built target domain_bridge__py
[120.311s] [35m[1mScanning dependencies of target test_qos_matching__rmw_fastrtps_cpp[0m
[120.495s] [ 61%] [32mBuilding CXX object test/CMakeFiles/test_qos_matching__rmw_fastrtps_cpp.dir/domain_bridge/test_qos_matching.cpp.o[0m
[134.406s] [ 63%] [32m[1mLinking CXX executable test_qos_matching__rmw_fastrtps_cpp[0m
[135.844s] [ 63%] Built target test_qos_matching__rmw_fastrtps_cpp
[135.928s] [35m[1mScanning dependencies of target test_qos_matching__rmw_cyclonedds_cpp[0m
[136.140s] [ 64%] [32mBuilding CXX object test/CMakeFiles/test_qos_matching__rmw_cyclonedds_cpp.dir/domain_bridge/test_qos_matching.cpp.o[0m
[154.582s] [ 66%] [32m[1mLinking CXX executable test_qos_matching__rmw_cyclonedds_cpp[0m
[155.477s] [ 66%] Built target test_qos_matching__rmw_cyclonedds_cpp
[155.503s] [35m[1mScanning dependencies of target test_domain_bridge_end_to_end__rmw_cyclonedds_cpp[0m
[155.642s] [ 67%] [32mBuilding CXX object test/CMakeFiles/test_domain_bridge_end_to_end__rmw_cyclonedds_cpp.dir/domain_bridge/test_domain_bridge_end_to_end.cpp.o[0m
[174.676s] [ 69%] [32m[1mLinking CXX executable test_domain_bridge_end_to_end__rmw_cyclonedds_cpp[0m
[175.764s] [ 69%] Built target test_domain_bridge_end_to_end__rmw_cyclonedds_cpp
[175.790s] [35m[1mScanning dependencies of target test_domain_bridge_end_to_end__rmw_fastrtps_cpp[0m
[175.901s] [ 70%] [32mBuilding CXX object test/CMakeFiles/test_domain_bridge_end_to_end__rmw_fastrtps_cpp.dir/domain_bridge/test_domain_bridge_end_to_end.cpp.o[0m
[194.427s] [ 72%] [32m[1mLinking CXX executable test_domain_bridge_end_to_end__rmw_fastrtps_cpp[0m
[195.647s] [ 72%] Built target test_domain_bridge_end_to_end__rmw_fastrtps_cpp
[195.674s] [35m[1mScanning dependencies of target test_domain_bridge_services__rmw_cyclonedds_cpp[0m
[195.781s] [ 73%] [32mBuilding CXX object test/CMakeFiles/test_domain_bridge_services__rmw_cyclonedds_cpp.dir/domain_bridge/test_domain_bridge_services.cpp.o[0m
[204.463s] [ 75%] [32m[1mLinking CXX executable test_domain_bridge_services__rmw_cyclonedds_cpp[0m
[205.288s] [ 75%] Built target test_domain_bridge_services__rmw_cyclonedds_cpp
[205.326s] [35m[1mScanning dependencies of target domain_bridge__python[0m
[205.409s] [ 76%] [32mBuilding C object CMakeFiles/domain_bridge__python.dir/rosidl_generator_py/domain_bridge/msg/_compressed_msg_s.c.o[0m
[205.630s] [ 78%] [32m[1mLinking C shared library rosidl_generator_py/domain_bridge/libdomain_bridge__python.so[0m
[205.736s] [ 78%] Built target domain_bridge__python
[205.777s] [35m[1mScanning dependencies of target test_parse_domain_bridge_yaml_config[0m
[205.879s] [ 80%] [32mBuilding CXX object test/CMakeFiles/test_parse_domain_bridge_yaml_config.dir/domain_bridge/test_parse_domain_bridge_yaml_config.cpp.o[0m
[210.886s] [ 81%] [32m[1mLinking CXX executable test_parse_domain_bridge_yaml_config[0m
[211.466s] [ 81%] Built target test_parse_domain_bridge_yaml_config
[211.497s] [35m[1mScanning dependencies of target domain_bridge__rosidl_typesupport_c__pyext[0m
[211.563s] [ 83%] [32mBuilding C object CMakeFiles/domain_bridge__rosidl_typesupport_c__pyext.dir/rosidl_generator_py/domain_bridge/_domain_bridge_s.ep.rosidl_typesupport_c.c.o[0m
[211.812s] [ 84%] [32m[1mLinking C shared library rosidl_generator_py/domain_bridge/domain_bridge_s__rosidl_typesupport_c.cpython-38-aarch64-linux-gnu.so[0m
[211.905s] [ 84%] Built target domain_bridge__rosidl_typesupport_c__pyext
[211.931s] [35m[1mScanning dependencies of target domain_bridge__rosidl_typesupport_fastrtps_c__pyext[0m
[212.011s] [ 86%] [32mBuilding C object CMakeFiles/domain_bridge__rosidl_typesupport_fastrtps_c__pyext.dir/rosidl_generator_py/domain_bridge/_domain_bridge_s.ep.rosidl_typesupport_fastrtps_c.c.o[0m
[212.197s] [ 87%] [32m[1mLinking CXX shared library rosidl_generator_py/domain_bridge/domain_bridge_s__rosidl_typesupport_fastrtps_c.cpython-38-aarch64-linux-gnu.so[0m
[212.361s] [ 87%] Built target domain_bridge__rosidl_typesupport_fastrtps_c__pyext
[212.398s] [35m[1mScanning dependencies of target domain_bridge__rosidl_typesupport_introspection_c__pyext[0m
[212.470s] [ 89%] [32mBuilding C object CMakeFiles/domain_bridge__rosidl_typesupport_introspection_c__pyext.dir/rosidl_generator_py/domain_bridge/_domain_bridge_s.ep.rosidl_typesupport_introspection_c.c.o[0m
[212.646s] [ 90%] [32m[1mLinking C shared library rosidl_generator_py/domain_bridge/domain_bridge_s__rosidl_typesupport_introspection_c.cpython-38-aarch64-linux-gnu.so[0m
[212.739s] [ 90%] Built target domain_bridge__rosidl_typesupport_introspection_c__pyext
[212.776s] [35m[1mScanning dependencies of target test_domain_bridge[0m
[212.898s] [ 92%] [32mBuilding CXX object test/CMakeFiles/test_domain_bridge.dir/domain_bridge/test_domain_bridge.cpp.o[0m
[219.375s] [ 93%] [32m[1mLinking CXX executable test_domain_bridge[0m
[220.056s] [ 93%] Built target test_domain_bridge
[220.084s] [35m[1mScanning dependencies of target test_domain_bridge_services__rmw_fastrtps_cpp[0m
[220.239s] [ 95%] [32mBuilding CXX object test/CMakeFiles/test_domain_bridge_services__rmw_fastrtps_cpp.dir/domain_bridge/test_domain_bridge_services.cpp.o[0m
[228.571s] [ 96%] [32m[1mLinking CXX executable test_domain_bridge_services__rmw_fastrtps_cpp[0m
[229.379s] [ 96%] Built target test_domain_bridge_services__rmw_fastrtps_cpp
[229.421s] [35m[1mScanning dependencies of target domain_bridge_exec[0m
[229.545s] [ 98%] [32mBuilding CXX object CMakeFiles/domain_bridge_exec.dir/src/domain_bridge.cpp.o[0m
[233.990s] [100%] [32m[1mLinking CXX executable domain_bridge[0m
[234.377s] [100%] Built target domain_bridge_exec
[234.425s] Invoked command in '/opt/mybotshop/build/domain_bridge' returned '0': CMAKE_PREFIX_PATH=${CMAKE_PREFIX_PATH}:/opt/ros/foxy /usr/bin/cmake --build /opt/mybotshop/build/domain_bridge -- -j6 -l6
[234.843s] Invoking command in '/opt/mybotshop/build/domain_bridge': CMAKE_PREFIX_PATH=${CMAKE_PREFIX_PATH}:/opt/ros/foxy /usr/bin/cmake --install /opt/mybotshop/build/domain_bridge
[234.870s] -- Install configuration: ""
[234.872s] -- Execute custom install script
[234.873s] -- Symlinking: /opt/mybotshop/install/domain_bridge/share/ament_index/resource_index/rosidl_interfaces/domain_bridge
[234.901s] -- Symlinking: /opt/mybotshop/install/domain_bridge/include/domain_bridge/msg/compressed_msg.h
[234.937s] -- Symlinking: /opt/mybotshop/install/domain_bridge/include/domain_bridge/msg/detail/compressed_msg__functions.h
[234.972s] -- Symlinking: /opt/mybotshop/install/domain_bridge/include/domain_bridge/msg/detail/compressed_msg__struct.h
[235.014s] -- Symlinking: /opt/mybotshop/install/domain_bridge/include/domain_bridge/msg/detail/compressed_msg__type_support.h
[235.044s] -- Symlinking: /opt/mybotshop/install/domain_bridge/include/domain_bridge/msg/rosidl_generator_c__visibility_control.h
[235.076s] -- Symlinking: /opt/mybotshop/install/domain_bridge/share/domain_bridge/environment/library_path.sh
[235.100s] -- Symlinking: /opt/mybotshop/install/domain_bridge/share/domain_bridge/environment/library_path.dsv
[235.128s] -- Symlinking: /opt/mybotshop/install/domain_bridge/include/domain_bridge/msg/detail/compressed_msg__rosidl_typesupport_fastrtps_c.h
[235.155s] -- Symlinking: /opt/mybotshop/install/domain_bridge/include/domain_bridge/msg/rosidl_typesupport_fastrtps_c__visibility_control.h
[235.184s] -- Symlinking: /opt/mybotshop/install/domain_bridge/lib/libdomain_bridge__rosidl_typesupport_fastrtps_c.so
[235.212s] -- Symlinking: /opt/mybotshop/install/domain_bridge/include/domain_bridge/msg/detail/compressed_msg__rosidl_typesupport_fastrtps_cpp.hpp
[235.236s] -- Symlinking: /opt/mybotshop/install/domain_bridge/include/domain_bridge/msg/rosidl_typesupport_fastrtps_cpp__visibility_control.h
[235.276s] -- Symlinking: /opt/mybotshop/install/domain_bridge/lib/libdomain_bridge__rosidl_typesupport_fastrtps_cpp.so
[235.303s] -- Symlinking: /opt/mybotshop/install/domain_bridge/include/domain_bridge/msg/detail/compressed_msg__rosidl_typesupport_introspection_c.h
[235.329s] -- Symlinking: /opt/mybotshop/install/domain_bridge/include/domain_bridge/msg/rosidl_typesupport_introspection_c__visibility_control.h
[235.361s] -- Symlinking: /opt/mybotshop/install/domain_bridge/include/domain_bridge/msg/compressed_msg.hpp
[235.385s] -- Symlinking: /opt/mybotshop/install/domain_bridge/include/domain_bridge/msg/detail/compressed_msg__builder.hpp
[235.409s] -- Symlinking: /opt/mybotshop/install/domain_bridge/include/domain_bridge/msg/detail/compressed_msg__struct.hpp
[235.433s] -- Symlinking: /opt/mybotshop/install/domain_bridge/include/domain_bridge/msg/detail/compressed_msg__traits.hpp
[235.456s] -- Symlinking: /opt/mybotshop/install/domain_bridge/include/domain_bridge/msg/detail/compressed_msg__type_support.hpp
[235.479s] -- Symlinking: /opt/mybotshop/install/domain_bridge/include/domain_bridge/msg/rosidl_generator_cpp__visibility_control.hpp
[235.502s] -- Symlinking: /opt/mybotshop/install/domain_bridge/include/domain_bridge/msg/detail/compressed_msg__rosidl_typesupport_introspection_cpp.hpp
[235.527s] -- Symlinking: /opt/mybotshop/install/domain_bridge/share/domain_bridge/environment/pythonpath.sh
[235.552s] -- Symlinking: /opt/mybotshop/install/domain_bridge/share/domain_bridge/environment/pythonpath.dsv
[235.578s] -- Symlinking: /opt/mybotshop/install/domain_bridge/lib/python3.8/site-packages/domain_bridge/__init__.py
[235.602s] -- Symlinking: /opt/mybotshop/install/domain_bridge/lib/python3.8/site-packages/domain_bridge/msg/__init__.py
[235.625s] -- Symlinking: /opt/mybotshop/install/domain_bridge/lib/python3.8/site-packages/domain_bridge/msg/_compressed_msg.py
[235.652s] -- Symlinking: /opt/mybotshop/install/domain_bridge/lib/python3.8/site-packages/domain_bridge/domain_bridge_s__rosidl_typesupport_fastrtps_c.cpython-38-aarch64-linux-gnu.so
[235.678s] -- Symlinking: /opt/mybotshop/install/domain_bridge/lib/python3.8/site-packages/domain_bridge/domain_bridge_s__rosidl_typesupport_introspection_c.cpython-38-aarch64-linux-gnu.so
[235.703s] -- Symlinking: /opt/mybotshop/install/domain_bridge/lib/python3.8/site-packages/domain_bridge/domain_bridge_s__rosidl_typesupport_c.cpython-38-aarch64-linux-gnu.so
[235.729s] -- Symlinking: /opt/mybotshop/install/domain_bridge/lib/libdomain_bridge__python.so
[235.755s] -- Symlinking: /opt/mybotshop/install/domain_bridge/share/domain_bridge/msg/CompressedMsg.idl
[235.780s] -- Symlinking: /opt/mybotshop/install/domain_bridge/share/domain_bridge/msg/CompressedMsg.msg
[235.811s] -- Symlinking: /opt/mybotshop/install/domain_bridge/include/domain_bridge/compress_messages.hpp
[235.838s] -- Symlinking: /opt/mybotshop/install/domain_bridge/include/domain_bridge/domain_bridge.hpp
[235.865s] -- Symlinking: /opt/mybotshop/install/domain_bridge/include/domain_bridge/domain_bridge_config.hpp
[235.891s] -- Symlinking: /opt/mybotshop/install/domain_bridge/include/domain_bridge/domain_bridge_options.hpp
[235.916s] -- Symlinking: /opt/mybotshop/install/domain_bridge/include/domain_bridge/parse_domain_bridge_yaml_config.hpp
[235.946s] -- Symlinking: /opt/mybotshop/install/domain_bridge/include/domain_bridge/process_cmd_line_arguments.hpp
[235.972s] -- Symlinking: /opt/mybotshop/install/domain_bridge/include/domain_bridge/qos_options.hpp
[235.999s] -- Symlinking: /opt/mybotshop/install/domain_bridge/include/domain_bridge/service_bridge_impl.inc
[236.026s] -- Symlinking: /opt/mybotshop/install/domain_bridge/include/domain_bridge/service_bridge_options.hpp
[236.055s] -- Symlinking: /opt/mybotshop/install/domain_bridge/include/domain_bridge/topic_bridge.hpp
[236.080s] -- Symlinking: /opt/mybotshop/install/domain_bridge/include/domain_bridge/topic_bridge_options.hpp
[236.110s] -- Symlinking: /opt/mybotshop/install/domain_bridge/include/domain_bridge/utils.hpp
[236.137s] -- Symlinking: /opt/mybotshop/install/domain_bridge/include/domain_bridge/visibility_control.hpp
[236.166s] -- Symlinking: /opt/mybotshop/install/domain_bridge/lib/domain_bridge/domain_bridge
[236.191s] -- Symlinking: /opt/mybotshop/install/domain_bridge/share/domain_bridge/examples/example_bridge_config.yaml
[236.217s] -- Symlinking: /opt/mybotshop/install/domain_bridge/share/domain_bridge/launch/domain_bridge.launch.xml
[236.248s] -- Symlinking: /opt/mybotshop/install/domain_bridge/share/ament_index/resource_index/package_run_dependencies/domain_bridge
[236.274s] -- Symlinking: /opt/mybotshop/install/domain_bridge/share/ament_index/resource_index/parent_prefix_path/domain_bridge
[236.300s] -- Symlinking: /opt/mybotshop/install/domain_bridge/share/domain_bridge/environment/ament_prefix_path.sh
[236.327s] -- Symlinking: /opt/mybotshop/install/domain_bridge/share/domain_bridge/environment/ament_prefix_path.dsv
[236.358s] -- Symlinking: /opt/mybotshop/install/domain_bridge/share/domain_bridge/environment/path.sh
[236.386s] -- Symlinking: /opt/mybotshop/install/domain_bridge/share/domain_bridge/environment/path.dsv
[236.413s] -- Symlinking: /opt/mybotshop/install/domain_bridge/share/domain_bridge/local_setup.bash
[236.437s] -- Symlinking: /opt/mybotshop/install/domain_bridge/share/domain_bridge/local_setup.sh
[236.468s] -- Symlinking: /opt/mybotshop/install/domain_bridge/share/domain_bridge/local_setup.zsh
[236.499s] -- Symlinking: /opt/mybotshop/install/domain_bridge/share/domain_bridge/local_setup.dsv
[236.528s] -- Symlinking: /opt/mybotshop/install/domain_bridge/share/domain_bridge/package.dsv
[236.561s] -- Symlinking: /opt/mybotshop/install/domain_bridge/share/ament_index/resource_index/packages/domain_bridge
[236.583s] -- Symlinking: /opt/mybotshop/install/domain_bridge/share/domain_bridge/cmake/rosidl_cmake-extras.cmake
[236.610s] -- Symlinking: /opt/mybotshop/install/domain_bridge/share/domain_bridge/cmake/ament_cmake_export_dependencies-extras.cmake
[236.634s] -- Symlinking: /opt/mybotshop/install/domain_bridge/share/domain_bridge/cmake/ament_cmake_export_libraries-extras.cmake
[236.658s] -- Symlinking: /opt/mybotshop/install/domain_bridge/share/domain_bridge/cmake/ament_cmake_export_targets-extras.cmake
[236.681s] -- Symlinking: /opt/mybotshop/install/domain_bridge/share/domain_bridge/cmake/ament_cmake_export_include_directories-extras.cmake
[236.704s] -- Symlinking: /opt/mybotshop/install/domain_bridge/share/domain_bridge/cmake/rosidl_cmake_export_typesupport_libraries-extras.cmake
[236.728s] -- Symlinking: /opt/mybotshop/install/domain_bridge/share/domain_bridge/cmake/rosidl_cmake_export_typesupport_targets-extras.cmake
[236.758s] -- Symlinking: /opt/mybotshop/install/domain_bridge/share/domain_bridge/cmake/domain_bridgeConfig.cmake
[236.787s] -- Symlinking: /opt/mybotshop/install/domain_bridge/share/domain_bridge/cmake/domain_bridgeConfig-version.cmake
[236.821s] -- Symlinking: /opt/mybotshop/install/domain_bridge/share/domain_bridge/package.xml
[236.843s] -- Installing: /opt/mybotshop/install/domain_bridge/lib/libdomain_bridge__rosidl_generator_c.so
[236.844s] -- Set runtime path of "/opt/mybotshop/install/domain_bridge/lib/libdomain_bridge__rosidl_generator_c.so" to ""
[236.844s] -- Installing: /opt/mybotshop/install/domain_bridge/lib/libdomain_bridge__rosidl_typesupport_introspection_c.so
[236.845s] -- Set runtime path of "/opt/mybotshop/install/domain_bridge/lib/libdomain_bridge__rosidl_typesupport_introspection_c.so" to ""
[236.845s] -- Installing: /opt/mybotshop/install/domain_bridge/lib/libdomain_bridge__rosidl_typesupport_c.so
[236.846s] -- Set runtime path of "/opt/mybotshop/install/domain_bridge/lib/libdomain_bridge__rosidl_typesupport_c.so" to ""
[236.846s] -- Installing: /opt/mybotshop/install/domain_bridge/lib/libdomain_bridge__rosidl_typesupport_introspection_cpp.so
[236.852s] -- Set runtime path of "/opt/mybotshop/install/domain_bridge/lib/libdomain_bridge__rosidl_typesupport_introspection_cpp.so" to ""
[236.853s] -- Installing: /opt/mybotshop/install/domain_bridge/lib/libdomain_bridge__rosidl_typesupport_cpp.so
[236.853s] -- Set runtime path of "/opt/mybotshop/install/domain_bridge/lib/libdomain_bridge__rosidl_typesupport_cpp.so" to ""
[236.918s] Compiling '/opt/mybotshop/install/domain_bridge/lib/python3.8/site-packages/domain_bridge/__init__.py'...
[236.932s] -- Installing: /opt/mybotshop/install/domain_bridge/lib/libdomain_bridge.so
[236.936s] -- Set runtime path of "/opt/mybotshop/install/domain_bridge/lib/libdomain_bridge.so" to ""
[236.936s] -- Installing: /opt/mybotshop/install/domain_bridge/share/domain_bridge/cmake/domain_bridge__rosidl_generator_cExport.cmake
[236.936s] -- Installing: /opt/mybotshop/install/domain_bridge/share/domain_bridge/cmake/domain_bridge__rosidl_generator_cExport-noconfig.cmake
[236.937s] -- Installing: /opt/mybotshop/install/domain_bridge/share/domain_bridge/cmake/domain_bridge__rosidl_typesupport_introspection_cExport.cmake
[236.937s] -- Installing: /opt/mybotshop/install/domain_bridge/share/domain_bridge/cmake/domain_bridge__rosidl_typesupport_introspection_cExport-noconfig.cmake
[236.937s] -- Installing: /opt/mybotshop/install/domain_bridge/share/domain_bridge/cmake/domain_bridge__rosidl_typesupport_cExport.cmake
[236.938s] -- Installing: /opt/mybotshop/install/domain_bridge/share/domain_bridge/cmake/domain_bridge__rosidl_typesupport_cExport-noconfig.cmake
[236.940s] -- Installing: /opt/mybotshop/install/domain_bridge/share/domain_bridge/cmake/domain_bridge__rosidl_generator_cppExport.cmake
[236.945s] -- Installing: /opt/mybotshop/install/domain_bridge/share/domain_bridge/cmake/domain_bridge__rosidl_typesupport_introspection_cppExport.cmake
[236.945s] -- Installing: /opt/mybotshop/install/domain_bridge/share/domain_bridge/cmake/domain_bridge__rosidl_typesupport_introspection_cppExport-noconfig.cmake
[236.945s] -- Installing: /opt/mybotshop/install/domain_bridge/share/domain_bridge/cmake/domain_bridge__rosidl_typesupport_cppExport.cmake
[236.946s] -- Installing: /opt/mybotshop/install/domain_bridge/share/domain_bridge/cmake/domain_bridge__rosidl_typesupport_cppExport-noconfig.cmake
[236.946s] -- Installing: /opt/mybotshop/install/domain_bridge/share/domain_bridge/cmake/export_domain_bridgeExport.cmake
[236.948s] -- Installing: /opt/mybotshop/install/domain_bridge/share/domain_bridge/cmake/export_domain_bridgeExport-noconfig.cmake
[236.971s] Invoked command in '/opt/mybotshop/build/domain_bridge' returned '0': CMAKE_PREFIX_PATH=${CMAKE_PREFIX_PATH}:/opt/ros/foxy /usr/bin/cmake --install /opt/mybotshop/build/domain_bridge
