-- The C compiler identification is GNU 9.4.0
-- The CXX compiler identification is GNU 9.4.0
-- Check for working C compiler: /usr/bin/cc
-- Check for working C compiler: /usr/bin/cc -- works
-- Detecting C compiler ABI info
-- Detecting C compiler ABI info - done
-- Detecting C compile features
-- Detecting C compile features - done
-- Check for working CXX compiler: /usr/bin/c++
-- Check for working CXX compiler: /usr/bin/c++ -- works
-- Detecting CXX compiler ABI info
-- Detecting CXX compiler ABI info - done
-- Detecting CXX compile features
-- Detecting CXX compile features - done
-- Found ament_cmake: 0.9.12 (/opt/ros/foxy/share/ament_cmake/cmake)
-- Found PythonInterp: /usr/bin/python3 (found suitable version "3.8.10", minimum required is "3") 
-- Using PYTHON_EXECUTABLE: /usr/bin/python3
-- Override CMake install command with custom implementation using symlinks instead of copying resources
-- Found rclcpp: 2.4.3 (/opt/ros/foxy/share/rclcpp/cmake)
-- Using all available rosidl_typesupport_c: rosidl_typesupport_fastrtps_c;rosidl_typesupport_introspection_c
-- Found rosidl_adapter: 1.3.1 (/opt/ros/foxy/share/rosidl_adapter/cmake)
-- Found OpenSSL: /usr/lib/aarch64-linux-gnu/libcrypto.so (found version "1.1.1f")  
-- Found FastRTPS: /opt/ros/foxy/include  
-- Using all available rosidl_typesupport_cpp: rosidl_typesupport_fastrtps_cpp;rosidl_typesupport_introspection_cpp
-- Found rmw_implementation_cmake: 1.0.4 (/opt/ros/foxy/share/rmw_implementation_cmake/cmake)
-- Using RMW implementation 'rmw_cyclonedds_cpp' as default
-- Looking for pthread.h
-- Looking for pthread.h - found
-- Performing Test CMAKE_HAVE_LIBC_PTHREAD
-- Performing Test CMAKE_HAVE_LIBC_PTHREAD - Failed
-- Looking for pthread_create in pthreads
-- Looking for pthread_create in pthreads - not found
-- Looking for pthread_create in pthread
-- Looking for pthread_create in pthread - found
-- Found Threads: TRUE  
-- Found sensor_msgs: 2.0.5 (/opt/ros/foxy/share/sensor_msgs/cmake)
-- Found cv_bridge: 3.0.7 (/opt/ros/foxy/share/cv_bridge/cmake)
-- Found OpenCV: /usr/local (found version "4.1.1") 
-- Configuring done
-- Generating done
-- Build files have been written to: /opt/mybotshop/build/go2_zt30
[35m[1mScanning dependencies of target rtsp_publisher[0m
[ 50%] [32mBuilding CXX object CMakeFiles/rtsp_publisher.dir/src/rtsp_to_image.cpp.o[0m
[100%] [32m[1mLinking CXX executable rtsp_publisher[0m
[100%] Built target rtsp_publisher
-- Install configuration: ""
-- Execute custom install script
-- Symlinking: /opt/mybotshop/install/go2_zt30/lib/go2_zt30/rtsp_publisher
-- Symlinking: /opt/mybotshop/install/go2_zt30/share/go2_zt30/config/camera.yaml
-- Symlinking: /opt/mybotshop/install/go2_zt30/share/go2_zt30/launch/zt30.launch.py
-- Symlinking: /opt/mybotshop/install/go2_zt30/share/go2_zt30/environment/pythonpath.sh
-- Symlinking: /opt/mybotshop/install/go2_zt30/share/go2_zt30/environment/pythonpath.dsv
-- Symlinking: /opt/mybotshop/install/go2_zt30/lib/python3.8/site-packages/go2_zt30/__init__.py
-- Symlinking: /opt/mybotshop/install/go2_zt30/lib/python3.8/site-packages/go2_zt30/libzt30.py
-- Symlinking: /opt/mybotshop/install/go2_zt30/lib/python3.8/site-packages/go2_zt30/siyi_sdk/LICENSE
-- Symlinking: /opt/mybotshop/install/go2_zt30/lib/python3.8/site-packages/go2_zt30/siyi_sdk/__init__.py
-- Symlinking: /opt/mybotshop/install/go2_zt30/lib/python3.8/site-packages/go2_zt30/siyi_sdk/cameras.py
-- Symlinking: /opt/mybotshop/install/go2_zt30/lib/python3.8/site-packages/go2_zt30/siyi_sdk/crc16_python.py
-- Symlinking: /opt/mybotshop/install/go2_zt30/lib/python3.8/site-packages/go2_zt30/siyi_sdk/siyi_message.py
-- Symlinking: /opt/mybotshop/install/go2_zt30/lib/python3.8/site-packages/go2_zt30/siyi_sdk/siyi_sdk.py
-- Symlinking: /opt/mybotshop/install/go2_zt30/lib/python3.8/site-packages/go2_zt30/siyi_sdk/stream.py
-- Symlinking: /opt/mybotshop/install/go2_zt30/lib/python3.8/site-packages/go2_zt30/siyi_sdk/test.py
-- Symlinking: /opt/mybotshop/install/go2_zt30/lib/python3.8/site-packages/go2_zt30/siyi_sdk/utils.py
-- Symlinking: /opt/mybotshop/install/go2_zt30/lib/go2_zt30/driver
-- Symlinking: /opt/mybotshop/install/go2_zt30/share/ament_index/resource_index/package_run_dependencies/go2_zt30
-- Symlinking: /opt/mybotshop/install/go2_zt30/share/ament_index/resource_index/parent_prefix_path/go2_zt30
-- Symlinking: /opt/mybotshop/install/go2_zt30/share/go2_zt30/environment/ament_prefix_path.sh
-- Symlinking: /opt/mybotshop/install/go2_zt30/share/go2_zt30/environment/ament_prefix_path.dsv
-- Symlinking: /opt/mybotshop/install/go2_zt30/share/go2_zt30/environment/path.sh
-- Symlinking: /opt/mybotshop/install/go2_zt30/share/go2_zt30/environment/path.dsv
-- Symlinking: /opt/mybotshop/install/go2_zt30/share/go2_zt30/local_setup.bash
-- Symlinking: /opt/mybotshop/install/go2_zt30/share/go2_zt30/local_setup.sh
-- Symlinking: /opt/mybotshop/install/go2_zt30/share/go2_zt30/local_setup.zsh
-- Symlinking: /opt/mybotshop/install/go2_zt30/share/go2_zt30/local_setup.dsv
-- Symlinking: /opt/mybotshop/install/go2_zt30/share/go2_zt30/package.dsv
-- Symlinking: /opt/mybotshop/install/go2_zt30/share/ament_index/resource_index/packages/go2_zt30
-- Symlinking: /opt/mybotshop/install/go2_zt30/share/go2_zt30/cmake/go2_zt30Config.cmake
-- Symlinking: /opt/mybotshop/install/go2_zt30/share/go2_zt30/cmake/go2_zt30Config-version.cmake
-- Symlinking: /opt/mybotshop/install/go2_zt30/share/go2_zt30/package.xml
Listing '/opt/mybotshop/install/go2_zt30/lib/python3.8/site-packages/go2_zt30'...
Compiling '/opt/mybotshop/install/go2_zt30/lib/python3.8/site-packages/go2_zt30/__init__.py'...
Compiling '/opt/mybotshop/install/go2_zt30/lib/python3.8/site-packages/go2_zt30/libzt30.py'...
Listing '/opt/mybotshop/install/go2_zt30/lib/python3.8/site-packages/go2_zt30/siyi_sdk'...
Compiling '/opt/mybotshop/install/go2_zt30/lib/python3.8/site-packages/go2_zt30/siyi_sdk/__init__.py'...
Compiling '/opt/mybotshop/install/go2_zt30/lib/python3.8/site-packages/go2_zt30/siyi_sdk/cameras.py'...
Compiling '/opt/mybotshop/install/go2_zt30/lib/python3.8/site-packages/go2_zt30/siyi_sdk/crc16_python.py'...
Compiling '/opt/mybotshop/install/go2_zt30/lib/python3.8/site-packages/go2_zt30/siyi_sdk/siyi_message.py'...
Compiling '/opt/mybotshop/install/go2_zt30/lib/python3.8/site-packages/go2_zt30/siyi_sdk/siyi_sdk.py'...
Compiling '/opt/mybotshop/install/go2_zt30/lib/python3.8/site-packages/go2_zt30/siyi_sdk/stream.py'...
Compiling '/opt/mybotshop/install/go2_zt30/lib/python3.8/site-packages/go2_zt30/siyi_sdk/test.py'...
Compiling '/opt/mybotshop/install/go2_zt30/lib/python3.8/site-packages/go2_zt30/siyi_sdk/utils.py'...
