[0.642s] Invoking command in '/opt/mybotshop/build/go2_zt30': CMAKE_PREFIX_PATH=${CMAKE_PREFIX_PATH}:/opt/ros/foxy /usr/bin/cmake /opt/mybotshop/src/mybotshop/go2_zt30 -DAMENT_CMAKE_SYMLINK_INSTALL=1 -DCMAKE_INSTALL_PREFIX=/opt/mybotshop/install/go2_zt30
[4.061s] -- The C compiler identification is GNU 9.4.0
[4.061s] -- The CXX compiler identification is GNU 9.4.0
[4.071s] -- Check for working C compiler: /usr/bin/cc
[4.072s] -- Check for working C compiler: /usr/bin/cc -- works
[4.072s] -- Detecting C compiler ABI info
[4.072s] -- Detecting C compiler ABI info - done
[4.072s] -- Detecting C compile features
[4.072s] -- Detecting C compile features - done
[4.073s] -- Check for working CXX compiler: /usr/bin/c++
[4.073s] -- Check for working CXX compiler: /usr/bin/c++ -- works
[4.073s] -- Detecting CXX compiler ABI info
[4.074s] -- Detecting CXX compiler ABI info - done
[4.074s] -- Detecting CXX compile features
[4.075s] -- Detecting CXX compile features - done
[4.075s] -- Found ament_cmake: 0.9.12 (/opt/ros/foxy/share/ament_cmake/cmake)
[4.075s] -- Found PythonInterp: /usr/bin/python3 (found suitable version "3.8.10", minimum required is "3") 
[4.075s] -- Using PYTHON_EXECUTABLE: /usr/bin/python3
[4.075s] -- Override CMake install command with custom implementation using symlinks instead of copying resources
[4.075s] -- Found rclcpp: 2.4.3 (/opt/ros/foxy/share/rclcpp/cmake)
[4.091s] -- Using all available rosidl_typesupport_c: rosidl_typesupport_fastrtps_c;rosidl_typesupport_introspection_c
[4.108s] -- Found rosidl_adapter: 1.3.1 (/opt/ros/foxy/share/rosidl_adapter/cmake)
[4.532s] -- Found OpenSSL: /usr/lib/aarch64-linux-gnu/libcrypto.so (found version "1.1.1f")  
[4.683s] -- Found FastRTPS: /opt/ros/foxy/include  
[4.935s] -- Using all available rosidl_typesupport_cpp: rosidl_typesupport_fastrtps_cpp;rosidl_typesupport_introspection_cpp
[5.066s] -- Found rmw_implementation_cmake: 1.0.4 (/opt/ros/foxy/share/rmw_implementation_cmake/cmake)
[5.070s] -- Using RMW implementation 'rmw_cyclonedds_cpp' as default
[5.075s] -- Looking for pthread.h
[5.427s] -- Looking for pthread.h - found
[5.428s] -- Performing Test CMAKE_HAVE_LIBC_PTHREAD
[6.157s] -- Performing Test CMAKE_HAVE_LIBC_PTHREAD - Failed
[6.157s] -- Looking for pthread_create in pthreads
[6.720s] -- Looking for pthread_create in pthreads - not found
[6.720s] -- Looking for pthread_create in pthread
[7.493s] -- Looking for pthread_create in pthread - found
[7.493s] -- Found Threads: TRUE  
[9.100s] -- Found sensor_msgs: 2.0.5 (/opt/ros/foxy/share/sensor_msgs/cmake)
[10.158s] -- Found cv_bridge: 3.0.7 (/opt/ros/foxy/share/cv_bridge/cmake)
[10.321s] -- Found OpenCV: /usr/local (found version "4.1.1") 
[11.121s] -- Configuring done
[11.306s] -- Generating done
[11.340s] -- Build files have been written to: /opt/mybotshop/build/go2_zt30
[11.500s] Invoked command in '/opt/mybotshop/build/go2_zt30' returned '0': CMAKE_PREFIX_PATH=${CMAKE_PREFIX_PATH}:/opt/ros/foxy /usr/bin/cmake /opt/mybotshop/src/mybotshop/go2_zt30 -DAMENT_CMAKE_SYMLINK_INSTALL=1 -DCMAKE_INSTALL_PREFIX=/opt/mybotshop/install/go2_zt30
[11.501s] Invoking command in '/opt/mybotshop/build/go2_zt30': CMAKE_PREFIX_PATH=${CMAKE_PREFIX_PATH}:/opt/ros/foxy /usr/bin/cmake --build /opt/mybotshop/build/go2_zt30 -- -j6 -l6
[12.243s] [35m[1mScanning dependencies of target rtsp_publisher[0m
[12.751s] [ 50%] [32mBuilding CXX object CMakeFiles/rtsp_publisher.dir/src/rtsp_to_image.cpp.o[0m
[36.670s] [100%] [32m[1mLinking CXX executable rtsp_publisher[0m
[38.429s] /usr/bin/ld: warning: libopencv_imgcodecs.so.4.2, needed by /opt/ros/foxy/lib/libcv_bridge.so, may conflict with libopencv_imgcodecs.so.4.1
[38.431s] /usr/bin/ld: warning: libopencv_core.so.4.2, needed by /opt/ros/foxy/lib/libcv_bridge.so, may conflict with libopencv_core.so.4.1
[38.499s] [100%] Built target rtsp_publisher
[38.564s] Invoked command in '/opt/mybotshop/build/go2_zt30' returned '0': CMAKE_PREFIX_PATH=${CMAKE_PREFIX_PATH}:/opt/ros/foxy /usr/bin/cmake --build /opt/mybotshop/build/go2_zt30 -- -j6 -l6
[39.560s] Invoking command in '/opt/mybotshop/build/go2_zt30': CMAKE_PREFIX_PATH=${CMAKE_PREFIX_PATH}:/opt/ros/foxy /usr/bin/cmake --install /opt/mybotshop/build/go2_zt30
[39.628s] -- Install configuration: ""
[39.639s] -- Execute custom install script
[39.639s] -- Symlinking: /opt/mybotshop/install/go2_zt30/lib/go2_zt30/rtsp_publisher
[39.700s] -- Symlinking: /opt/mybotshop/install/go2_zt30/share/go2_zt30/config/camera.yaml
[39.730s] -- Symlinking: /opt/mybotshop/install/go2_zt30/share/go2_zt30/launch/zt30.launch.py
[39.770s] -- Symlinking: /opt/mybotshop/install/go2_zt30/share/go2_zt30/environment/pythonpath.sh
[39.799s] -- Symlinking: /opt/mybotshop/install/go2_zt30/share/go2_zt30/environment/pythonpath.dsv
[39.836s] -- Symlinking: /opt/mybotshop/install/go2_zt30/lib/python3.8/site-packages/go2_zt30/__init__.py
[39.872s] -- Symlinking: /opt/mybotshop/install/go2_zt30/lib/python3.8/site-packages/go2_zt30/libzt30.py
[39.907s] -- Symlinking: /opt/mybotshop/install/go2_zt30/lib/python3.8/site-packages/go2_zt30/siyi_sdk/LICENSE
[39.940s] -- Symlinking: /opt/mybotshop/install/go2_zt30/lib/python3.8/site-packages/go2_zt30/siyi_sdk/__init__.py
[39.975s] -- Symlinking: /opt/mybotshop/install/go2_zt30/lib/python3.8/site-packages/go2_zt30/siyi_sdk/cameras.py
[40.011s] -- Symlinking: /opt/mybotshop/install/go2_zt30/lib/python3.8/site-packages/go2_zt30/siyi_sdk/crc16_python.py
[40.044s] -- Symlinking: /opt/mybotshop/install/go2_zt30/lib/python3.8/site-packages/go2_zt30/siyi_sdk/siyi_message.py
[40.079s] -- Symlinking: /opt/mybotshop/install/go2_zt30/lib/python3.8/site-packages/go2_zt30/siyi_sdk/siyi_sdk.py
[40.112s] -- Symlinking: /opt/mybotshop/install/go2_zt30/lib/python3.8/site-packages/go2_zt30/siyi_sdk/stream.py
[40.147s] -- Symlinking: /opt/mybotshop/install/go2_zt30/lib/python3.8/site-packages/go2_zt30/siyi_sdk/test.py
[40.180s] -- Symlinking: /opt/mybotshop/install/go2_zt30/lib/python3.8/site-packages/go2_zt30/siyi_sdk/utils.py
[40.212s] -- Symlinking: /opt/mybotshop/install/go2_zt30/lib/go2_zt30/driver
[40.246s] -- Symlinking: /opt/mybotshop/install/go2_zt30/share/ament_index/resource_index/package_run_dependencies/go2_zt30
[40.282s] -- Symlinking: /opt/mybotshop/install/go2_zt30/share/ament_index/resource_index/parent_prefix_path/go2_zt30
[40.319s] -- Symlinking: /opt/mybotshop/install/go2_zt30/share/go2_zt30/environment/ament_prefix_path.sh
[40.352s] -- Symlinking: /opt/mybotshop/install/go2_zt30/share/go2_zt30/environment/ament_prefix_path.dsv
[40.385s] -- Symlinking: /opt/mybotshop/install/go2_zt30/share/go2_zt30/environment/path.sh
[40.419s] -- Symlinking: /opt/mybotshop/install/go2_zt30/share/go2_zt30/environment/path.dsv
[40.451s] -- Symlinking: /opt/mybotshop/install/go2_zt30/share/go2_zt30/local_setup.bash
[40.502s] -- Symlinking: /opt/mybotshop/install/go2_zt30/share/go2_zt30/local_setup.sh
[40.544s] -- Symlinking: /opt/mybotshop/install/go2_zt30/share/go2_zt30/local_setup.zsh
[40.592s] -- Symlinking: /opt/mybotshop/install/go2_zt30/share/go2_zt30/local_setup.dsv
[40.624s] -- Symlinking: /opt/mybotshop/install/go2_zt30/share/go2_zt30/package.dsv
[40.656s] -- Symlinking: /opt/mybotshop/install/go2_zt30/share/ament_index/resource_index/packages/go2_zt30
[40.689s] -- Symlinking: /opt/mybotshop/install/go2_zt30/share/go2_zt30/cmake/go2_zt30Config.cmake
[40.724s] -- Symlinking: /opt/mybotshop/install/go2_zt30/share/go2_zt30/cmake/go2_zt30Config-version.cmake
[40.761s] -- Symlinking: /opt/mybotshop/install/go2_zt30/share/go2_zt30/package.xml
[40.913s] Listing '/opt/mybotshop/install/go2_zt30/lib/python3.8/site-packages/go2_zt30'...
[40.913s] Compiling '/opt/mybotshop/install/go2_zt30/lib/python3.8/site-packages/go2_zt30/__init__.py'...
[40.914s] Compiling '/opt/mybotshop/install/go2_zt30/lib/python3.8/site-packages/go2_zt30/libzt30.py'...
[40.914s] Listing '/opt/mybotshop/install/go2_zt30/lib/python3.8/site-packages/go2_zt30/siyi_sdk'...
[40.914s] Compiling '/opt/mybotshop/install/go2_zt30/lib/python3.8/site-packages/go2_zt30/siyi_sdk/__init__.py'...
[40.914s] Compiling '/opt/mybotshop/install/go2_zt30/lib/python3.8/site-packages/go2_zt30/siyi_sdk/cameras.py'...
[40.914s] Compiling '/opt/mybotshop/install/go2_zt30/lib/python3.8/site-packages/go2_zt30/siyi_sdk/crc16_python.py'...
[40.914s] Compiling '/opt/mybotshop/install/go2_zt30/lib/python3.8/site-packages/go2_zt30/siyi_sdk/siyi_message.py'...
[40.915s] Compiling '/opt/mybotshop/install/go2_zt30/lib/python3.8/site-packages/go2_zt30/siyi_sdk/siyi_sdk.py'...
[40.915s] Compiling '/opt/mybotshop/install/go2_zt30/lib/python3.8/site-packages/go2_zt30/siyi_sdk/stream.py'...
[40.915s] Compiling '/opt/mybotshop/install/go2_zt30/lib/python3.8/site-packages/go2_zt30/siyi_sdk/test.py'...
[40.915s] Compiling '/opt/mybotshop/install/go2_zt30/lib/python3.8/site-packages/go2_zt30/siyi_sdk/utils.py'...
[40.940s] Invoked command in '/opt/mybotshop/build/go2_zt30' returned '0': CMAKE_PREFIX_PATH=${CMAKE_PREFIX_PATH}:/opt/ros/foxy /usr/bin/cmake --install /opt/mybotshop/build/go2_zt30
