-- The C compiler identification is GNU 9.4.0
-- The CXX compiler identification is GNU 9.4.0
-- Check for working C compiler: /usr/bin/cc
-- Check for working C compiler: /usr/bin/cc -- works
-- Detecting C compiler ABI info
-- Detecting C compiler ABI info - done
-- Detecting C compile features
-- Detecting C compile features - done
-- Check for working CXX compiler: /usr/bin/c++
-- Check for working CXX compiler: /usr/bin/c++ -- works
-- Detecting CXX compiler ABI info
-- Detecting CXX compiler ABI info - done
-- Detecting CXX compile features
-- Detecting CXX compile features - done
-- Found ament_cmake: 0.9.12 (/opt/ros/foxy/share/ament_cmake/cmake)
-- Found PythonInterp: /usr/bin/python3 (found suitable version "3.8.10", minimum required is "3") 
-- Using PYTHON_EXECUTABLE: /usr/bin/python3
-- Override CMake install command with custom implementation using symlinks instead of copying resources
-- Configuring done
-- Generating done
-- Build files have been written to: /opt/mybotshop/build/go2_moveit
-- Install configuration: ""
-- Execute custom install script
-- Symlinking: /opt/mybotshop/install/go2_moveit/share/ament_index/resource_index/package_run_dependencies/go2_moveit
-- Symlinking: /opt/mybotshop/install/go2_moveit/share/ament_index/resource_index/parent_prefix_path/go2_moveit
-- Symlinking: /opt/mybotshop/install/go2_moveit/share/go2_moveit/environment/ament_prefix_path.sh
-- Symlinking: /opt/mybotshop/install/go2_moveit/share/go2_moveit/environment/ament_prefix_path.dsv
-- Symlinking: /opt/mybotshop/install/go2_moveit/share/go2_moveit/environment/path.sh
-- Symlinking: /opt/mybotshop/install/go2_moveit/share/go2_moveit/environment/path.dsv
-- Symlinking: /opt/mybotshop/install/go2_moveit/share/go2_moveit/local_setup.bash
-- Symlinking: /opt/mybotshop/install/go2_moveit/share/go2_moveit/local_setup.sh
-- Symlinking: /opt/mybotshop/install/go2_moveit/share/go2_moveit/local_setup.zsh
-- Symlinking: /opt/mybotshop/install/go2_moveit/share/go2_moveit/local_setup.dsv
-- Symlinking: /opt/mybotshop/install/go2_moveit/share/go2_moveit/package.dsv
-- Symlinking: /opt/mybotshop/install/go2_moveit/share/ament_index/resource_index/packages/go2_moveit
-- Symlinking: /opt/mybotshop/install/go2_moveit/share/go2_moveit/cmake/go2_moveitConfig.cmake
-- Symlinking: /opt/mybotshop/install/go2_moveit/share/go2_moveit/cmake/go2_moveitConfig-version.cmake
-- Symlinking: /opt/mybotshop/install/go2_moveit/share/go2_moveit/package.xml
-- Symlinking: /opt/mybotshop/install/go2_moveit/share/go2_moveit/config/go2_om.srdf
-- Symlinking: /opt/mybotshop/install/go2_moveit/share/go2_moveit/config/go2_om_li.srdf
-- Symlinking: /opt/mybotshop/install/go2_moveit/share/go2_moveit/config/initial_positions.yaml
-- Symlinking: /opt/mybotshop/install/go2_moveit/share/go2_moveit/config/joint_limits.yaml
-- Symlinking: /opt/mybotshop/install/go2_moveit/share/go2_moveit/config/kinematics.yaml
-- Symlinking: /opt/mybotshop/install/go2_moveit/share/go2_moveit/config/moveit.rviz
-- Symlinking: /opt/mybotshop/install/go2_moveit/share/go2_moveit/config/moveit_controllers.yaml
-- Symlinking: /opt/mybotshop/install/go2_moveit/share/go2_moveit/config/moveit_servo.yaml
-- Symlinking: /opt/mybotshop/install/go2_moveit/share/go2_moveit/config/moveit_teleop.rviz
-- Symlinking: /opt/mybotshop/install/go2_moveit/share/go2_moveit/config/ompl_planning.yaml
-- Symlinking: /opt/mybotshop/install/go2_moveit/share/go2_moveit/config/ros2_controllers.yaml
-- Symlinking: /opt/mybotshop/install/go2_moveit/share/go2_moveit/launch/custom_moveit.launch.py
-- Symlinking: /opt/mybotshop/install/go2_moveit/share/go2_moveit/launch/move_group.launch.py
-- Symlinking: /opt/mybotshop/install/go2_moveit/share/go2_moveit/launch/moveit_fake.launch.py
-- Symlinking: /opt/mybotshop/install/go2_moveit/share/go2_moveit/launch/moveit_gazebo.launch.py
-- Symlinking: /opt/mybotshop/install/go2_moveit/share/go2_moveit/launch/moveit_rviz.launch.py
-- Symlinking: /opt/mybotshop/install/go2_moveit/share/go2_moveit/launch/rsp.launch.py
-- Symlinking: /opt/mybotshop/install/go2_moveit/share/go2_moveit/launch/spawn_controllers.launch.py
-- Symlinking: /opt/mybotshop/install/go2_moveit/share/go2_moveit/launch/static_virtual_joint_tfs.launch.py
-- Symlinking: /opt/mybotshop/install/go2_moveit/share/go2_moveit/launch/system_openmanipulator.launch.py
-- Symlinking: /opt/mybotshop/install/go2_moveit/share/go2_moveit/launch/system_servo.launch.py
-- Symlinking: /opt/mybotshop/install/go2_moveit/share/go2_moveit/launch/warehouse_db.launch.py
-- Up-to-date symlink: /opt/mybotshop/install/go2_moveit/share/go2_moveit/config/go2_om.srdf
-- Up-to-date symlink: /opt/mybotshop/install/go2_moveit/share/go2_moveit/config/go2_om_li.srdf
-- Up-to-date symlink: /opt/mybotshop/install/go2_moveit/share/go2_moveit/config/initial_positions.yaml
-- Up-to-date symlink: /opt/mybotshop/install/go2_moveit/share/go2_moveit/config/joint_limits.yaml
-- Up-to-date symlink: /opt/mybotshop/install/go2_moveit/share/go2_moveit/config/kinematics.yaml
-- Up-to-date symlink: /opt/mybotshop/install/go2_moveit/share/go2_moveit/config/moveit.rviz
-- Up-to-date symlink: /opt/mybotshop/install/go2_moveit/share/go2_moveit/config/moveit_controllers.yaml
-- Up-to-date symlink: /opt/mybotshop/install/go2_moveit/share/go2_moveit/config/moveit_servo.yaml
-- Up-to-date symlink: /opt/mybotshop/install/go2_moveit/share/go2_moveit/config/moveit_teleop.rviz
-- Up-to-date symlink: /opt/mybotshop/install/go2_moveit/share/go2_moveit/config/ompl_planning.yaml
-- Up-to-date symlink: /opt/mybotshop/install/go2_moveit/share/go2_moveit/config/ros2_controllers.yaml
-- Symlinking: /opt/mybotshop/install/go2_moveit/share/go2_moveit/.setup_assistant
