-- The C compiler identification is GNU 9.4.0
-- The CXX compiler identification is GNU 9.4.0
-- Check for working C compiler: /usr/bin/cc
-- Check for working C compiler: /usr/bin/cc -- works
-- Detecting C compiler ABI info
-- Detecting C compiler ABI info - done
-- Detecting C compile features
-- Detecting C compile features - done
-- Check for working CXX compiler: /usr/bin/c++
-- Check for working CXX compiler: /usr/bin/c++ -- works
-- Detecting CXX compiler ABI info
-- Detecting CXX compiler ABI info - done
-- Detecting CXX compile features
-- Detecting CXX compile features - done
-- Found ament_cmake: 0.9.12 (/opt/ros/foxy/share/ament_cmake/cmake)
-- Found PythonInterp: /usr/bin/python3 (found suitable version "3.8.10", minimum required is "3") 
-- Using PYTHON_EXECUTABLE: /usr/bin/python3
-- Override CMake install command with custom implementation using symlinks instead of copying resources
-- Found rclpy: 1.0.13 (/opt/ros/foxy/share/rclpy/cmake)
-- Found geometry_msgs: 2.0.5 (/opt/ros/foxy/share/geometry_msgs/cmake)
-- Using all available rosidl_typesupport_c: rosidl_typesupport_fastrtps_c;rosidl_typesupport_introspection_c
-- Found rosidl_adapter: 1.3.1 (/opt/ros/foxy/share/rosidl_adapter/cmake)
-- Found OpenSSL: /usr/lib/aarch64-linux-gnu/libcrypto.so (found version "1.1.1f")  
-- Found FastRTPS: /opt/ros/foxy/include  
-- Using all available rosidl_typesupport_cpp: rosidl_typesupport_fastrtps_cpp;rosidl_typesupport_introspection_cpp
-- Found sensor_msgs: 2.0.5 (/opt/ros/foxy/share/sensor_msgs/cmake)
-- Found tf2: 0.13.14 (/opt/ros/foxy/share/tf2/cmake)
-- Found tf2_ros: 0.13.14 (/opt/ros/foxy/share/tf2_ros/cmake)
-- Found rmw_implementation_cmake: 1.0.4 (/opt/ros/foxy/share/rmw_implementation_cmake/cmake)
-- Using RMW implementation 'rmw_cyclonedds_cpp' as default
-- Looking for pthread.h
-- Looking for pthread.h - found
-- Performing Test CMAKE_HAVE_LIBC_PTHREAD
-- Performing Test CMAKE_HAVE_LIBC_PTHREAD - Failed
-- Looking for pthread_create in pthreads
-- Looking for pthread_create in pthreads - not found
-- Looking for pthread_create in pthread
-- Looking for pthread_create in pthread - found
-- Found Threads: TRUE  
-- Found std_srvs: 2.0.5 (/opt/ros/foxy/share/std_srvs/cmake)
-- Configuring done
-- Generating done
-- Build files have been written to: /opt/mybotshop/build/go2_manipulation
-- Install configuration: ""
-- Execute custom install script
-- Symlinking: /opt/mybotshop/install/go2_manipulation/lib/go2_manipulation/openmanipulator_bridge
-- Symlinking: /opt/mybotshop/install/go2_manipulation/share/go2_manipulation/launch/moveit2.launch.py
-- Symlinking: /opt/mybotshop/install/go2_manipulation/share/go2_manipulation/launch/openmanipulator.launch.py
-- Symlinking: /opt/mybotshop/install/go2_manipulation/share/go2_manipulation/config/go2_manipulation.yaml
-- Up-to-date symlink: /opt/mybotshop/install/go2_manipulation/share/go2_manipulation/environment/pythonpath.sh
-- Up-to-date symlink: /opt/mybotshop/install/go2_manipulation/share/go2_manipulation/environment/pythonpath.dsv
-- Symlinking: /opt/mybotshop/install/go2_manipulation/lib/python3.8/site-packages/go2_manipulation/__init__.py
-- Symlinking: /opt/mybotshop/install/go2_manipulation/lib/python3.8/site-packages/go2_manipulation/arm_poses.py
-- Symlinking: /opt/mybotshop/install/go2_manipulation/lib/python3.8/site-packages/go2_manipulation/openmanipulator_bridge
-- Up-to-date symlink: /opt/mybotshop/install/go2_manipulation/share/ament_index/resource_index/package_run_dependencies/go2_manipulation
-- Up-to-date symlink: /opt/mybotshop/install/go2_manipulation/share/ament_index/resource_index/parent_prefix_path/go2_manipulation
-- Up-to-date symlink: /opt/mybotshop/install/go2_manipulation/share/go2_manipulation/environment/ament_prefix_path.sh
-- Up-to-date symlink: /opt/mybotshop/install/go2_manipulation/share/go2_manipulation/environment/ament_prefix_path.dsv
-- Up-to-date symlink: /opt/mybotshop/install/go2_manipulation/share/go2_manipulation/environment/path.sh
-- Up-to-date symlink: /opt/mybotshop/install/go2_manipulation/share/go2_manipulation/environment/path.dsv
-- Up-to-date symlink: /opt/mybotshop/install/go2_manipulation/share/go2_manipulation/local_setup.bash
-- Up-to-date symlink: /opt/mybotshop/install/go2_manipulation/share/go2_manipulation/local_setup.sh
-- Up-to-date symlink: /opt/mybotshop/install/go2_manipulation/share/go2_manipulation/local_setup.zsh
-- Up-to-date symlink: /opt/mybotshop/install/go2_manipulation/share/go2_manipulation/local_setup.dsv
-- Symlinking: /opt/mybotshop/install/go2_manipulation/share/go2_manipulation/package.dsv
-- Up-to-date symlink: /opt/mybotshop/install/go2_manipulation/share/ament_index/resource_index/packages/go2_manipulation
-- Up-to-date symlink: /opt/mybotshop/install/go2_manipulation/share/go2_manipulation/cmake/go2_manipulationConfig.cmake
-- Up-to-date symlink: /opt/mybotshop/install/go2_manipulation/share/go2_manipulation/cmake/go2_manipulationConfig-version.cmake
-- Symlinking: /opt/mybotshop/install/go2_manipulation/share/go2_manipulation/package.xml
Listing '/opt/mybotshop/install/go2_manipulation/lib/python3.8/site-packages/go2_manipulation'...
