[0.631s] Invoking command in '/opt/mybotshop/build/go2_manipulation': CMAKE_PREFIX_PATH=${CMAKE_PREFIX_PATH}:/opt/ros/foxy /usr/bin/cmake /opt/mybotshop/src/mybotshop/go2_manipulation -DAMENT_CMAKE_SYMLINK_INSTALL=1 -DCMAKE_INSTALL_PREFIX=/opt/mybotshop/install/go2_manipulation
[1.186s] -- The C compiler identification is GNU 9.4.0
[1.213s] -- The CXX compiler identification is GNU 9.4.0
[1.257s] -- Check for working C compiler: /usr/bin/cc
[1.742s] -- Check for working C compiler: /usr/bin/cc -- works
[1.743s] -- Detecting C compiler ABI info
[2.176s] -- Detecting C compiler ABI info - done
[2.222s] -- Detecting C compile features
[2.227s] -- Detecting C compile features - done
[2.238s] -- Check for working CXX compiler: /usr/bin/c++
[2.656s] -- Check for working CXX compiler: /usr/bin/c++ -- works
[2.658s] -- Detecting CXX compiler ABI info
[3.102s] -- Detecting CXX compiler ABI info - done
[3.147s] -- Detecting CXX compile features
[3.147s] -- Detecting CXX compile features - done
[3.173s] -- Found ament_cmake: 0.9.12 (/opt/ros/foxy/share/ament_cmake/cmake)
[3.296s] -- Found PythonInterp: /usr/bin/python3 (found suitable version "3.8.10", minimum required is "3") 
[3.297s] -- Using PYTHON_EXECUTABLE: /usr/bin/python3
[3.910s] -- Override CMake install command with custom implementation using symlinks instead of copying resources
[4.043s] -- Found rclpy: 1.0.13 (/opt/ros/foxy/share/rclpy/cmake)
[4.047s] -- Found geometry_msgs: 2.0.5 (/opt/ros/foxy/share/geometry_msgs/cmake)
[4.135s] -- Using all available rosidl_typesupport_c: rosidl_typesupport_fastrtps_c;rosidl_typesupport_introspection_c
[4.159s] -- Found rosidl_adapter: 1.3.1 (/opt/ros/foxy/share/rosidl_adapter/cmake)
[4.584s] -- Found OpenSSL: /usr/lib/aarch64-linux-gnu/libcrypto.so (found version "1.1.1f")  
[4.738s] -- Found FastRTPS: /opt/ros/foxy/include  
[5.065s] -- Using all available rosidl_typesupport_cpp: rosidl_typesupport_fastrtps_cpp;rosidl_typesupport_introspection_cpp
[5.358s] -- Found sensor_msgs: 2.0.5 (/opt/ros/foxy/share/sensor_msgs/cmake)
[5.631s] -- Found tf2: 0.13.14 (/opt/ros/foxy/share/tf2/cmake)
[5.658s] -- Found tf2_ros: 0.13.14 (/opt/ros/foxy/share/tf2_ros/cmake)
[5.916s] -- Found rmw_implementation_cmake: 1.0.4 (/opt/ros/foxy/share/rmw_implementation_cmake/cmake)
[5.922s] -- Using RMW implementation 'rmw_cyclonedds_cpp' as default
[5.926s] -- Looking for pthread.h
[6.397s] -- Looking for pthread.h - found
[6.398s] -- Performing Test CMAKE_HAVE_LIBC_PTHREAD
[6.894s] -- Performing Test CMAKE_HAVE_LIBC_PTHREAD - Failed
[6.895s] -- Looking for pthread_create in pthreads
[7.266s] -- Looking for pthread_create in pthreads - not found
[7.270s] -- Looking for pthread_create in pthread
[7.790s] -- Looking for pthread_create in pthread - found
[7.794s] -- Found Threads: TRUE  
[9.326s] -- Found std_srvs: 2.0.5 (/opt/ros/foxy/share/std_srvs/cmake)
[9.715s] -- Configuring done
[9.737s] -- Generating done
[9.740s] -- Build files have been written to: /opt/mybotshop/build/go2_manipulation
[9.807s] Invoked command in '/opt/mybotshop/build/go2_manipulation' returned '0': CMAKE_PREFIX_PATH=${CMAKE_PREFIX_PATH}:/opt/ros/foxy /usr/bin/cmake /opt/mybotshop/src/mybotshop/go2_manipulation -DAMENT_CMAKE_SYMLINK_INSTALL=1 -DCMAKE_INSTALL_PREFIX=/opt/mybotshop/install/go2_manipulation
[9.808s] Invoking command in '/opt/mybotshop/build/go2_manipulation': CMAKE_PREFIX_PATH=${CMAKE_PREFIX_PATH}:/opt/ros/foxy /usr/bin/cmake --build /opt/mybotshop/build/go2_manipulation -- -j6 -l6
[9.985s] Invoked command in '/opt/mybotshop/build/go2_manipulation' returned '0': CMAKE_PREFIX_PATH=${CMAKE_PREFIX_PATH}:/opt/ros/foxy /usr/bin/cmake --build /opt/mybotshop/build/go2_manipulation -- -j6 -l6
[10.146s] Invoking command in '/opt/mybotshop/build/go2_manipulation': CMAKE_PREFIX_PATH=${CMAKE_PREFIX_PATH}:/opt/ros/foxy /usr/bin/cmake --install /opt/mybotshop/build/go2_manipulation
[10.208s] -- Install configuration: ""
[10.209s] -- Execute custom install script
[10.210s] -- Symlinking: /opt/mybotshop/install/go2_manipulation/lib/go2_manipulation/openmanipulator_bridge
[10.283s] -- Symlinking: /opt/mybotshop/install/go2_manipulation/share/go2_manipulation/launch/moveit2.launch.py
[10.340s] -- Symlinking: /opt/mybotshop/install/go2_manipulation/share/go2_manipulation/launch/openmanipulator.launch.py
[10.384s] -- Symlinking: /opt/mybotshop/install/go2_manipulation/share/go2_manipulation/config/go2_manipulation.yaml
[10.439s] -- Up-to-date symlink: /opt/mybotshop/install/go2_manipulation/share/go2_manipulation/environment/pythonpath.sh
[10.440s] -- Up-to-date symlink: /opt/mybotshop/install/go2_manipulation/share/go2_manipulation/environment/pythonpath.dsv
[10.442s] -- Symlinking: /opt/mybotshop/install/go2_manipulation/lib/python3.8/site-packages/go2_manipulation/__init__.py
[10.506s] -- Symlinking: /opt/mybotshop/install/go2_manipulation/lib/python3.8/site-packages/go2_manipulation/arm_poses.py
[10.562s] -- Symlinking: /opt/mybotshop/install/go2_manipulation/lib/python3.8/site-packages/go2_manipulation/openmanipulator_bridge
[10.620s] -- Up-to-date symlink: /opt/mybotshop/install/go2_manipulation/share/ament_index/resource_index/package_run_dependencies/go2_manipulation
[10.621s] -- Up-to-date symlink: /opt/mybotshop/install/go2_manipulation/share/ament_index/resource_index/parent_prefix_path/go2_manipulation
[10.623s] -- Up-to-date symlink: /opt/mybotshop/install/go2_manipulation/share/go2_manipulation/environment/ament_prefix_path.sh
[10.624s] -- Up-to-date symlink: /opt/mybotshop/install/go2_manipulation/share/go2_manipulation/environment/ament_prefix_path.dsv
[10.625s] -- Up-to-date symlink: /opt/mybotshop/install/go2_manipulation/share/go2_manipulation/environment/path.sh
[10.626s] -- Up-to-date symlink: /opt/mybotshop/install/go2_manipulation/share/go2_manipulation/environment/path.dsv
[10.627s] -- Up-to-date symlink: /opt/mybotshop/install/go2_manipulation/share/go2_manipulation/local_setup.bash
[10.628s] -- Up-to-date symlink: /opt/mybotshop/install/go2_manipulation/share/go2_manipulation/local_setup.sh
[10.630s] -- Up-to-date symlink: /opt/mybotshop/install/go2_manipulation/share/go2_manipulation/local_setup.zsh
[10.631s] -- Up-to-date symlink: /opt/mybotshop/install/go2_manipulation/share/go2_manipulation/local_setup.dsv
[10.632s] -- Symlinking: /opt/mybotshop/install/go2_manipulation/share/go2_manipulation/package.dsv
[10.663s] -- Up-to-date symlink: /opt/mybotshop/install/go2_manipulation/share/ament_index/resource_index/packages/go2_manipulation
[10.664s] -- Up-to-date symlink: /opt/mybotshop/install/go2_manipulation/share/go2_manipulation/cmake/go2_manipulationConfig.cmake
[10.665s] -- Up-to-date symlink: /opt/mybotshop/install/go2_manipulation/share/go2_manipulation/cmake/go2_manipulationConfig-version.cmake
[10.667s] -- Symlinking: /opt/mybotshop/install/go2_manipulation/share/go2_manipulation/package.xml
[10.841s] Listing '/opt/mybotshop/install/go2_manipulation/lib/python3.8/site-packages/go2_manipulation'...
[10.882s] Invoked command in '/opt/mybotshop/build/go2_manipulation' returned '0': CMAKE_PREFIX_PATH=${CMAKE_PREFIX_PATH}:/opt/ros/foxy /usr/bin/cmake --install /opt/mybotshop/build/go2_manipulation
