-- The C compiler identification is GNU 9.4.0
-- The CXX compiler identification is GNU 9.4.0
-- Check for working C compiler: /usr/bin/cc
-- Check for working C compiler: /usr/bin/cc -- works
-- Detecting C compiler ABI info
-- Detecting C compiler ABI info - done
-- Detecting C compile features
-- Detecting C compile features - done
-- Check for working CXX compiler: /usr/bin/c++
-- Check for working CXX compiler: /usr/bin/c++ -- works
-- Detecting CXX compiler ABI info
-- Detecting CXX compiler ABI info - done
-- Detecting CXX compile features
-- Detecting CXX compile features - done
-- Found ament_cmake: 0.9.12 (/opt/ros/foxy/share/ament_cmake/cmake)
-- Found PythonInterp: /usr/bin/python3 (found suitable version "3.8.10", minimum required is "3") 
-- Using PYTHON_EXECUTABLE: /usr/bin/python3
-- Override CMake install command with custom implementation using symlinks instead of copying resources
-- Found rclcpp: 2.4.3 (/opt/ros/foxy/share/rclcpp/cmake)
-- Using all available rosidl_typesupport_c: rosidl_typesupport_fastrtps_c;rosidl_typesupport_introspection_c
-- Found rosidl_adapter: 1.3.1 (/opt/ros/foxy/share/rosidl_adapter/cmake)
-- Found OpenSSL: /usr/lib/aarch64-linux-gnu/libcrypto.so (found version "1.1.1f")  
-- Found FastRTPS: /opt/ros/foxy/include  
-- Using all available rosidl_typesupport_cpp: rosidl_typesupport_fastrtps_cpp;rosidl_typesupport_introspection_cpp
-- Found rmw_implementation_cmake: 1.0.4 (/opt/ros/foxy/share/rmw_implementation_cmake/cmake)
-- Using RMW implementation 'rmw_cyclonedds_cpp' as default
-- Looking for pthread.h
-- Looking for pthread.h - found
-- Performing Test CMAKE_HAVE_LIBC_PTHREAD
-- Performing Test CMAKE_HAVE_LIBC_PTHREAD - Failed
-- Looking for pthread_create in pthreads
-- Looking for pthread_create in pthreads - not found
-- Looking for pthread_create in pthread
-- Looking for pthread_create in pthread - found
-- Found Threads: TRUE  
-- Found hardware_interface: 0.11.0 (/opt/ros/foxy/share/hardware_interface/cmake)
-- Found dynamixel_workbench_toolbox: 2.2.3 (/opt/ros/foxy/share/dynamixel_workbench_toolbox/cmake)
-- Found ament_lint_auto: 0.9.8 (/opt/ros/foxy/share/ament_lint_auto/cmake)
-- Added test 'copyright' to check source files copyright and LICENSE
-- Added test 'cppcheck' to perform static code analysis on C / C++ code
-- Configured cppcheck include dirs: /opt/mybotshop/src/third_party/robotic_arms/05Jun2025_moveit/dynamixel_hardware-foxy/dynamixel_hardware/include
-- Configured cppcheck exclude dirs and/or files: 
-- Added test 'cpplint' to check C / C++ code against the Google style
-- Configured cpplint exclude dirs and/or files: 
-- Added test 'lint_cmake' to check CMake code style
-- Added test 'uncrustify' to check C / C++ code style
-- Configured uncrustify additional arguments: 
-- Added test 'xmllint' to check XML markup files
-- Configuring done
-- Generating done
-- Build files have been written to: /opt/mybotshop/build/dynamixel_hardware
[35m[1mScanning dependencies of target dynamixel_hardware[0m
[ 50%] [32mBuilding CXX object CMakeFiles/dynamixel_hardware.dir/src/dynamixel_hardware.cpp.o[0m
[100%] [32m[1mLinking CXX shared library libdynamixel_hardware.so[0m
[100%] Built target dynamixel_hardware
-- Install configuration: ""
-- Execute custom install script
-- Symlinking: /opt/mybotshop/install/dynamixel_hardware/share/dynamixel_hardware//dynamixel_hardware.xml
-- Up-to-date symlink: /opt/mybotshop/install/dynamixel_hardware/lib/libdynamixel_hardware.so
-- Symlinking: /opt/mybotshop/install/dynamixel_hardware/include/dynamixel_hardware/dynamixel_hardware.hpp
-- Symlinking: /opt/mybotshop/install/dynamixel_hardware/include/dynamixel_hardware/visiblity_control.h
-- Up-to-date symlink: /opt/mybotshop/install/dynamixel_hardware/share/dynamixel_hardware/environment/library_path.sh
-- Up-to-date symlink: /opt/mybotshop/install/dynamixel_hardware/share/dynamixel_hardware/environment/library_path.dsv
-- Up-to-date symlink: /opt/mybotshop/install/dynamixel_hardware/share/ament_index/resource_index/package_run_dependencies/dynamixel_hardware
-- Up-to-date symlink: /opt/mybotshop/install/dynamixel_hardware/share/ament_index/resource_index/parent_prefix_path/dynamixel_hardware
-- Up-to-date symlink: /opt/mybotshop/install/dynamixel_hardware/share/dynamixel_hardware/environment/ament_prefix_path.sh
-- Up-to-date symlink: /opt/mybotshop/install/dynamixel_hardware/share/dynamixel_hardware/environment/ament_prefix_path.dsv
-- Up-to-date symlink: /opt/mybotshop/install/dynamixel_hardware/share/dynamixel_hardware/environment/path.sh
-- Up-to-date symlink: /opt/mybotshop/install/dynamixel_hardware/share/dynamixel_hardware/environment/path.dsv
-- Up-to-date symlink: /opt/mybotshop/install/dynamixel_hardware/share/dynamixel_hardware/local_setup.bash
-- Up-to-date symlink: /opt/mybotshop/install/dynamixel_hardware/share/dynamixel_hardware/local_setup.sh
-- Up-to-date symlink: /opt/mybotshop/install/dynamixel_hardware/share/dynamixel_hardware/local_setup.zsh
-- Up-to-date symlink: /opt/mybotshop/install/dynamixel_hardware/share/dynamixel_hardware/local_setup.dsv
-- Symlinking: /opt/mybotshop/install/dynamixel_hardware/share/dynamixel_hardware/package.dsv
-- Up-to-date symlink: /opt/mybotshop/install/dynamixel_hardware/share/ament_index/resource_index/packages/dynamixel_hardware
-- Up-to-date symlink: /opt/mybotshop/install/dynamixel_hardware/share/ament_index/resource_index/hardware_interface__pluginlib__plugin/dynamixel_hardware
-- Up-to-date symlink: /opt/mybotshop/install/dynamixel_hardware/share/dynamixel_hardware/cmake/ament_cmake_export_include_directories-extras.cmake
-- Up-to-date symlink: /opt/mybotshop/install/dynamixel_hardware/share/dynamixel_hardware/cmake/ament_cmake_export_libraries-extras.cmake
-- Up-to-date symlink: /opt/mybotshop/install/dynamixel_hardware/share/dynamixel_hardware/cmake/ament_cmake_export_dependencies-extras.cmake
-- Up-to-date symlink: /opt/mybotshop/install/dynamixel_hardware/share/dynamixel_hardware/cmake/dynamixel_hardwareConfig.cmake
-- Up-to-date symlink: /opt/mybotshop/install/dynamixel_hardware/share/dynamixel_hardware/cmake/dynamixel_hardwareConfig-version.cmake
-- Symlinking: /opt/mybotshop/install/dynamixel_hardware/share/dynamixel_hardware/package.xml
