[0.506s] Invoking command in '/opt/mybotshop/build/dynamixel_hardware': CMAKE_PREFIX_PATH=${CMAKE_PREFIX_PATH}:/opt/ros/foxy /usr/bin/cmake /opt/mybotshop/src/third_party/robotic_arms/05Jun2025_moveit/dynamixel_hardware-foxy/dynamixel_hardware -DAMENT_CMAKE_SYMLINK_INSTALL=1 -DCMAKE_INSTALL_PREFIX=/opt/mybotshop/install/dynamixel_hardware
[3.784s] -- The C compiler identification is GNU 9.4.0
[3.784s] -- The CXX compiler identification is GNU 9.4.0
[3.784s] -- Check for working C compiler: /usr/bin/cc
[3.784s] -- Check for working C compiler: /usr/bin/cc -- works
[3.785s] -- Detecting C compiler ABI info
[3.785s] -- Detecting C compiler ABI info - done
[3.785s] -- Detecting C compile features
[3.785s] -- Detecting C compile features - done
[3.785s] -- Check for working CXX compiler: /usr/bin/c++
[3.785s] -- Check for working CXX compiler: /usr/bin/c++ -- works
[3.785s] -- Detecting CXX compiler ABI info
[3.785s] -- Detecting CXX compiler ABI info - done
[3.785s] -- Detecting CXX compile features
[3.786s] -- Detecting CXX compile features - done
[3.786s] -- Found ament_cmake: 0.9.12 (/opt/ros/foxy/share/ament_cmake/cmake)
[3.786s] -- Found PythonInterp: /usr/bin/python3 (found suitable version "3.8.10", minimum required is "3") 
[3.786s] -- Using PYTHON_EXECUTABLE: /usr/bin/python3
[3.786s] -- Override CMake install command with custom implementation using symlinks instead of copying resources
[3.786s] -- Found rclcpp: 2.4.3 (/opt/ros/foxy/share/rclcpp/cmake)
[3.786s] -- Using all available rosidl_typesupport_c: rosidl_typesupport_fastrtps_c;rosidl_typesupport_introspection_c
[3.786s] -- Found rosidl_adapter: 1.3.1 (/opt/ros/foxy/share/rosidl_adapter/cmake)
[4.152s] -- Found OpenSSL: /usr/lib/aarch64-linux-gnu/libcrypto.so (found version "1.1.1f")  
[4.292s] -- Found FastRTPS: /opt/ros/foxy/include  
[4.530s] -- Using all available rosidl_typesupport_cpp: rosidl_typesupport_fastrtps_cpp;rosidl_typesupport_introspection_cpp
[4.673s] -- Found rmw_implementation_cmake: 1.0.4 (/opt/ros/foxy/share/rmw_implementation_cmake/cmake)
[4.677s] -- Using RMW implementation 'rmw_cyclonedds_cpp' as default
[4.681s] -- Looking for pthread.h
[5.066s] -- Looking for pthread.h - found
[5.072s] -- Performing Test CMAKE_HAVE_LIBC_PTHREAD
[5.434s] -- Performing Test CMAKE_HAVE_LIBC_PTHREAD - Failed
[5.434s] -- Looking for pthread_create in pthreads
[5.752s] -- Looking for pthread_create in pthreads - not found
[5.752s] -- Looking for pthread_create in pthread
[6.123s] -- Looking for pthread_create in pthread - found
[6.125s] -- Found Threads: TRUE  
[6.686s] -- Found hardware_interface: 0.11.0 (/opt/ros/foxy/share/hardware_interface/cmake)
[8.273s] -- Found dynamixel_workbench_toolbox: 2.2.3 (/opt/ros/foxy/share/dynamixel_workbench_toolbox/cmake)
[8.387s] -- Found ament_lint_auto: 0.9.8 (/opt/ros/foxy/share/ament_lint_auto/cmake)
[8.762s] -- Added test 'copyright' to check source files copyright and LICENSE
[8.770s] -- Added test 'cppcheck' to perform static code analysis on C / C++ code
[8.772s] -- Configured cppcheck include dirs: /opt/mybotshop/src/third_party/robotic_arms/05Jun2025_moveit/dynamixel_hardware-foxy/dynamixel_hardware/include
[8.772s] -- Configured cppcheck exclude dirs and/or files: 
[8.776s] -- Added test 'cpplint' to check C / C++ code against the Google style
[8.777s] -- Configured cpplint exclude dirs and/or files: 
[8.778s] -- Added test 'lint_cmake' to check CMake code style
[8.781s] -- Added test 'uncrustify' to check C / C++ code style
[8.781s] -- Configured uncrustify additional arguments: 
[8.784s] -- Added test 'xmllint' to check XML markup files
[8.823s] -- Configuring done
[8.986s] -- Generating done
[9.015s] -- Build files have been written to: /opt/mybotshop/build/dynamixel_hardware
[9.449s] Invoked command in '/opt/mybotshop/build/dynamixel_hardware' returned '0': CMAKE_PREFIX_PATH=${CMAKE_PREFIX_PATH}:/opt/ros/foxy /usr/bin/cmake /opt/mybotshop/src/third_party/robotic_arms/05Jun2025_moveit/dynamixel_hardware-foxy/dynamixel_hardware -DAMENT_CMAKE_SYMLINK_INSTALL=1 -DCMAKE_INSTALL_PREFIX=/opt/mybotshop/install/dynamixel_hardware
[9.453s] Invoking command in '/opt/mybotshop/build/dynamixel_hardware': CMAKE_PREFIX_PATH=${CMAKE_PREFIX_PATH}:/opt/ros/foxy /usr/bin/cmake --build /opt/mybotshop/build/dynamixel_hardware -- -j6 -l6
[9.945s] [35m[1mScanning dependencies of target dynamixel_hardware[0m
[10.352s] [ 50%] [32mBuilding CXX object CMakeFiles/dynamixel_hardware.dir/src/dynamixel_hardware.cpp.o[0m
[27.394s] [100%] [32m[1mLinking CXX shared library libdynamixel_hardware.so[0m
[28.169s] [100%] Built target dynamixel_hardware
[28.279s] Invoked command in '/opt/mybotshop/build/dynamixel_hardware' returned '0': CMAKE_PREFIX_PATH=${CMAKE_PREFIX_PATH}:/opt/ros/foxy /usr/bin/cmake --build /opt/mybotshop/build/dynamixel_hardware -- -j6 -l6
[28.512s] Invoking command in '/opt/mybotshop/build/dynamixel_hardware': CMAKE_PREFIX_PATH=${CMAKE_PREFIX_PATH}:/opt/ros/foxy /usr/bin/cmake --install /opt/mybotshop/build/dynamixel_hardware
[49.158s] -- Install configuration: ""
[49.158s] -- Execute custom install script
[49.158s] -- Symlinking: /opt/mybotshop/install/dynamixel_hardware/share/dynamixel_hardware//dynamixel_hardware.xml
[49.159s] -- Up-to-date symlink: /opt/mybotshop/install/dynamixel_hardware/lib/libdynamixel_hardware.so
[49.159s] -- Symlinking: /opt/mybotshop/install/dynamixel_hardware/include/dynamixel_hardware/dynamixel_hardware.hpp
[49.159s] -- Symlinking: /opt/mybotshop/install/dynamixel_hardware/include/dynamixel_hardware/visiblity_control.h
[49.169s] -- Up-to-date symlink: /opt/mybotshop/install/dynamixel_hardware/share/dynamixel_hardware/environment/library_path.sh
[49.170s] -- Up-to-date symlink: /opt/mybotshop/install/dynamixel_hardware/share/dynamixel_hardware/environment/library_path.dsv
[49.170s] -- Up-to-date symlink: /opt/mybotshop/install/dynamixel_hardware/share/ament_index/resource_index/package_run_dependencies/dynamixel_hardware
[49.170s] -- Up-to-date symlink: /opt/mybotshop/install/dynamixel_hardware/share/ament_index/resource_index/parent_prefix_path/dynamixel_hardware
[49.170s] -- Up-to-date symlink: /opt/mybotshop/install/dynamixel_hardware/share/dynamixel_hardware/environment/ament_prefix_path.sh
[49.171s] -- Up-to-date symlink: /opt/mybotshop/install/dynamixel_hardware/share/dynamixel_hardware/environment/ament_prefix_path.dsv
[49.171s] -- Up-to-date symlink: /opt/mybotshop/install/dynamixel_hardware/share/dynamixel_hardware/environment/path.sh
[49.171s] -- Up-to-date symlink: /opt/mybotshop/install/dynamixel_hardware/share/dynamixel_hardware/environment/path.dsv
[49.171s] -- Up-to-date symlink: /opt/mybotshop/install/dynamixel_hardware/share/dynamixel_hardware/local_setup.bash
[49.171s] -- Up-to-date symlink: /opt/mybotshop/install/dynamixel_hardware/share/dynamixel_hardware/local_setup.sh
[49.171s] -- Up-to-date symlink: /opt/mybotshop/install/dynamixel_hardware/share/dynamixel_hardware/local_setup.zsh
[49.171s] -- Up-to-date symlink: /opt/mybotshop/install/dynamixel_hardware/share/dynamixel_hardware/local_setup.dsv
[49.172s] -- Symlinking: /opt/mybotshop/install/dynamixel_hardware/share/dynamixel_hardware/package.dsv
[49.172s] -- Up-to-date symlink: /opt/mybotshop/install/dynamixel_hardware/share/ament_index/resource_index/packages/dynamixel_hardware
[49.174s] -- Up-to-date symlink: /opt/mybotshop/install/dynamixel_hardware/share/ament_index/resource_index/hardware_interface__pluginlib__plugin/dynamixel_hardware
[49.176s] -- Up-to-date symlink: /opt/mybotshop/install/dynamixel_hardware/share/dynamixel_hardware/cmake/ament_cmake_export_include_directories-extras.cmake
[49.176s] -- Up-to-date symlink: /opt/mybotshop/install/dynamixel_hardware/share/dynamixel_hardware/cmake/ament_cmake_export_libraries-extras.cmake
[49.176s] -- Up-to-date symlink: /opt/mybotshop/install/dynamixel_hardware/share/dynamixel_hardware/cmake/ament_cmake_export_dependencies-extras.cmake
[49.176s] -- Up-to-date symlink: /opt/mybotshop/install/dynamixel_hardware/share/dynamixel_hardware/cmake/dynamixel_hardwareConfig.cmake
[49.176s] -- Up-to-date symlink: /opt/mybotshop/install/dynamixel_hardware/share/dynamixel_hardware/cmake/dynamixel_hardwareConfig-version.cmake
[49.176s] -- Symlinking: /opt/mybotshop/install/dynamixel_hardware/share/dynamixel_hardware/package.xml
[49.192s] Invoked command in '/opt/mybotshop/build/dynamixel_hardware' returned '0': CMAKE_PREFIX_PATH=${CMAKE_PREFIX_PATH}:/opt/ros/foxy /usr/bin/cmake --install /opt/mybotshop/build/dynamixel_hardware
