-- The C compiler identification is GNU 9.4.0
-- The CXX compiler identification is GNU 9.4.0
-- Check for working C compiler: /usr/bin/cc
-- Check for working C compiler: /usr/bin/cc -- works
-- Detecting C compiler ABI info
-- Detecting C compiler ABI info - done
-- Detecting C compile features
-- Detecting C compile features - done
-- Check for working CXX compiler: /usr/bin/c++
-- Check for working CXX compiler: /usr/bin/c++ -- works
-- Detecting CXX compiler ABI info
-- Detecting CXX compiler ABI info - done
-- Detecting CXX compile features
-- Detecting CXX compile features - done
-- Found ament_cmake: 0.9.12 (/opt/ros/foxy/share/ament_cmake/cmake)
-- Found PythonInterp: /usr/bin/python3 (found suitable version "3.8.10", minimum required is "3") 
-- Using PYTHON_EXECUTABLE: /usr/bin/python3
-- Override CMake install command with custom implementation using symlinks instead of copying resources
-- Found urdf: 2.4.0 (/opt/ros/foxy/share/urdf/cmake)
-- Found xacro: 2.0.7 (/opt/ros/foxy/share/xacro/cmake)
-- Configuring done
-- Generating done
-- Build files have been written to: /opt/mybotshop/build/go2_description
-- Install configuration: ""
-- Execute custom install script
-- Symlinking: /opt/mybotshop/install/go2_description/share/go2_description/launch/go2_description.launch.py
-- Symlinking: /opt/mybotshop/install/go2_description/share/go2_description/launch/view_robot.launch.py
-- Symlinking: /opt/mybotshop/install/go2_description/share/go2_description/meshes/3d_brackets/GO2_Openmanipulator_Base.stl
-- Symlinking: /opt/mybotshop/install/go2_description/share/go2_description/meshes/3d_brackets/Go2_Openmanipulator_Halterung.stl
-- Symlinking: /opt/mybotshop/install/go2_description/share/go2_description/meshes/3d_brackets/d405_bracket.dae
-- Symlinking: /opt/mybotshop/install/go2_description/share/go2_description/meshes/3d_brackets/d405_bracket.stl
-- Symlinking: /opt/mybotshop/install/go2_description/share/go2_description/meshes/3d_brackets/livox_base.dae
-- Symlinking: /opt/mybotshop/install/go2_description/share/go2_description/meshes/3d_brackets/livox_base.stl
-- Symlinking: /opt/mybotshop/install/go2_description/share/go2_description/meshes/3d_brackets/open_manipulator_casing.stl
-- Symlinking: /opt/mybotshop/install/go2_description/share/go2_description/meshes/3d_brackets/open_manipulator_combined_fixture.stl
-- Symlinking: /opt/mybotshop/install/go2_description/share/go2_description/meshes/3d_brackets/open_manipulator_fixture.stl
-- Symlinking: /opt/mybotshop/install/go2_description/share/go2_description/meshes/3d_brackets/realsense_d435i_bracket.dae
-- Symlinking: /opt/mybotshop/install/go2_description/share/go2_description/meshes/3d_brackets/realsense_d435i_bracket.stl
-- Symlinking: /opt/mybotshop/install/go2_description/share/go2_description/meshes/3d_brackets/rig_ouster.dae
-- Symlinking: /opt/mybotshop/install/go2_description/share/go2_description/meshes/3d_brackets/rig_steamdeck.dae
-- Symlinking: /opt/mybotshop/install/go2_description/share/go2_description/meshes/3d_brackets/rig_z.dae
-- Symlinking: /opt/mybotshop/install/go2_description/share/go2_description/meshes/3d_brackets/robosense_fixture.stl
-- Symlinking: /opt/mybotshop/install/go2_description/share/go2_description/meshes/d1/d1_base.dae
-- Symlinking: /opt/mybotshop/install/go2_description/share/go2_description/meshes/d1/d1_gripper_left.dae
-- Symlinking: /opt/mybotshop/install/go2_description/share/go2_description/meshes/d1/d1_gripper_right.dae
-- Symlinking: /opt/mybotshop/install/go2_description/share/go2_description/meshes/d1/d1_link1.dae
-- Symlinking: /opt/mybotshop/install/go2_description/share/go2_description/meshes/d1/d1_link2.dae
-- Symlinking: /opt/mybotshop/install/go2_description/share/go2_description/meshes/d1/d1_link3.dae
-- Symlinking: /opt/mybotshop/install/go2_description/share/go2_description/meshes/d1/d1_link4.dae
-- Symlinking: /opt/mybotshop/install/go2_description/share/go2_description/meshes/d1/d1_link5.dae
-- Symlinking: /opt/mybotshop/install/go2_description/share/go2_description/meshes/d1/d1_link6.dae
-- Symlinking: /opt/mybotshop/install/go2_description/share/go2_description/meshes/d1/unitree/d1_base_link.stl
-- Symlinking: /opt/mybotshop/install/go2_description/share/go2_description/meshes/d1/unitree/d1_link1.stl
-- Symlinking: /opt/mybotshop/install/go2_description/share/go2_description/meshes/d1/unitree/d1_link2.stl
-- Symlinking: /opt/mybotshop/install/go2_description/share/go2_description/meshes/d1/unitree/d1_link3.stl
-- Symlinking: /opt/mybotshop/install/go2_description/share/go2_description/meshes/d1/unitree/d1_link4.stl
-- Symlinking: /opt/mybotshop/install/go2_description/share/go2_description/meshes/d1/unitree/d1_link5.stl
-- Symlinking: /opt/mybotshop/install/go2_description/share/go2_description/meshes/d1/unitree/d1_link6.stl
-- Symlinking: /opt/mybotshop/install/go2_description/share/go2_description/meshes/d1/unitree/d1_link_l.stl
-- Symlinking: /opt/mybotshop/install/go2_description/share/go2_description/meshes/d1/unitree/d1_link_r.stl
-- Symlinking: /opt/mybotshop/install/go2_description/share/go2_description/meshes/go2/calf.dae
-- Symlinking: /opt/mybotshop/install/go2_description/share/go2_description/meshes/go2/calf_mirror.dae
-- Symlinking: /opt/mybotshop/install/go2_description/share/go2_description/meshes/go2/computer_dock.dae
-- Symlinking: /opt/mybotshop/install/go2_description/share/go2_description/meshes/go2/foot.dae
-- Symlinking: /opt/mybotshop/install/go2_description/share/go2_description/meshes/go2/hip.dae
-- Symlinking: /opt/mybotshop/install/go2_description/share/go2_description/meshes/go2/thigh.dae
-- Symlinking: /opt/mybotshop/install/go2_description/share/go2_description/meshes/go2/thigh_mirror.dae
-- Symlinking: /opt/mybotshop/install/go2_description/share/go2_description/meshes/go2/trunk.dae
-- Symlinking: /opt/mybotshop/install/go2_description/share/go2_description/meshes/go2/wheel.dae
-- Symlinking: /opt/mybotshop/install/go2_description/share/go2_description/meshes/gps/gps.dae
-- Symlinking: /opt/mybotshop/install/go2_description/share/go2_description/meshes/gps/gps.glb
-- Symlinking: /opt/mybotshop/install/go2_description/share/go2_description/meshes/open_manipulator/OpenManipulator Chain.stl
-- Symlinking: /opt/mybotshop/install/go2_description/share/go2_description/meshes/open_manipulator/chain_link1.stl
-- Symlinking: /opt/mybotshop/install/go2_description/share/go2_description/meshes/open_manipulator/chain_link2.stl
-- Symlinking: /opt/mybotshop/install/go2_description/share/go2_description/meshes/open_manipulator/chain_link3_mod.stl
-- Symlinking: /opt/mybotshop/install/go2_description/share/go2_description/meshes/open_manipulator/chain_link4_mod.stl
-- Symlinking: /opt/mybotshop/install/go2_description/share/go2_description/meshes/open_manipulator/chain_link5.stl
-- Symlinking: /opt/mybotshop/install/go2_description/share/go2_description/meshes/open_manipulator/chain_link_grip_l.stl
-- Symlinking: /opt/mybotshop/install/go2_description/share/go2_description/meshes/open_manipulator/chain_link_grip_r.stl
-- Symlinking: /opt/mybotshop/install/go2_description/share/go2_description/meshes/open_manipulator/connection_road.stl
-- Symlinking: /opt/mybotshop/install/go2_description/share/go2_description/meshes/ouster/os1_64.dae
-- Symlinking: /opt/mybotshop/install/go2_description/share/go2_description/meshes/realsense/d405.dae
-- Symlinking: /opt/mybotshop/install/go2_description/share/go2_description/meshes/realsense/d405.stl
-- Symlinking: /opt/mybotshop/install/go2_description/share/go2_description/meshes/sensors/hesai_jt16.dae
-- Symlinking: /opt/mybotshop/install/go2_description/share/go2_description/meshes/sensors/pandar_xt16.dae
-- Symlinking: /opt/mybotshop/install/go2_description/share/go2_description/meshes/zt30/zt30_base.dae
-- Symlinking: /opt/mybotshop/install/go2_description/share/go2_description/meshes/zt30/zt30_camera.dae
-- Symlinking: /opt/mybotshop/install/go2_description/share/go2_description/meshes/zt30/zt30_stand.dae
-- Symlinking: /opt/mybotshop/install/go2_description/share/go2_description/urdf/go2_description.urdf
-- Symlinking: /opt/mybotshop/install/go2_description/share/go2_description/urdf/go2_om.urdf
-- Symlinking: /opt/mybotshop/install/go2_description/share/go2_description/xacro/3d_rigs/rig_ouster.xacro
-- Symlinking: /opt/mybotshop/install/go2_description/share/go2_description/xacro/3d_rigs/rig_steamdeck.xacro
-- Symlinking: /opt/mybotshop/install/go2_description/share/go2_description/xacro/3d_rigs/rig_z.xacro
-- Symlinking: /opt/mybotshop/install/go2_description/share/go2_description/xacro/accessories.xacro
-- Symlinking: /opt/mybotshop/install/go2_description/share/go2_description/xacro/d1/d1_qre.xacro
-- Symlinking: /opt/mybotshop/install/go2_description/share/go2_description/xacro/d1/d1_unitree.xacro
-- Symlinking: /opt/mybotshop/install/go2_description/share/go2_description/xacro/go2/computer_dock.urdf.xacro
-- Symlinking: /opt/mybotshop/install/go2_description/share/go2_description/xacro/go2/const.xacro
-- Symlinking: /opt/mybotshop/install/go2_description/share/go2_description/xacro/go2/foot_fix.xacro
-- Symlinking: /opt/mybotshop/install/go2_description/share/go2_description/xacro/go2/foot_wheeled.xacro
-- Symlinking: /opt/mybotshop/install/go2_description/share/go2_description/xacro/go2/gazebo_fortress.xacro
-- Symlinking: /opt/mybotshop/install/go2_description/share/go2_description/xacro/go2/leg.xacro
-- Symlinking: /opt/mybotshop/install/go2_description/share/go2_description/xacro/go2/materials.xacro
-- Symlinking: /opt/mybotshop/install/go2_description/share/go2_description/xacro/go2/transmission.xacro
-- Symlinking: /opt/mybotshop/install/go2_description/share/go2_description/xacro/hesai/pandar_xt16.xacro
-- Symlinking: /opt/mybotshop/install/go2_description/share/go2_description/xacro/livox/mid360.urdf.xacro
-- Symlinking: /opt/mybotshop/install/go2_description/share/go2_description/xacro/open_manipulator/om_complete.urdf.xacro
-- Symlinking: /opt/mybotshop/install/go2_description/share/go2_description/xacro/open_manipulator/open_manipulator.gazebo.xacro
-- Symlinking: /opt/mybotshop/install/go2_description/share/go2_description/xacro/open_manipulator/open_manipulator.transmission.xacro
-- Symlinking: /opt/mybotshop/install/go2_description/share/go2_description/xacro/open_manipulator/open_manipulator.urdf.xacro
-- Symlinking: /opt/mybotshop/install/go2_description/share/go2_description/xacro/open_manipulator/open_manipulator_robot.urdf.xacro
-- Symlinking: /opt/mybotshop/install/go2_description/share/go2_description/xacro/open_manipulator/open_manipulator_ros2_control.xacro
-- Symlinking: /opt/mybotshop/install/go2_description/share/go2_description/xacro/ouster/ouster.xacro
-- Symlinking: /opt/mybotshop/install/go2_description/share/go2_description/xacro/realsense/d405.urdf.xacro
-- Symlinking: /opt/mybotshop/install/go2_description/share/go2_description/xacro/realsense/d435i.urdf.xacro
-- Symlinking: /opt/mybotshop/install/go2_description/share/go2_description/xacro/robot.xacro
-- Symlinking: /opt/mybotshop/install/go2_description/share/go2_description/xacro/zt30/zt30.xacro
-- Symlinking: /opt/mybotshop/install/go2_description/share/go2_description/config/go2_ros2_controller_gazebo.yaml
-- Up-to-date symlink: /opt/mybotshop/install/go2_description/share/ament_index/resource_index/package_run_dependencies/go2_description
-- Up-to-date symlink: /opt/mybotshop/install/go2_description/share/ament_index/resource_index/parent_prefix_path/go2_description
-- Up-to-date symlink: /opt/mybotshop/install/go2_description/share/go2_description/environment/ament_prefix_path.sh
-- Up-to-date symlink: /opt/mybotshop/install/go2_description/share/go2_description/environment/ament_prefix_path.dsv
-- Up-to-date symlink: /opt/mybotshop/install/go2_description/share/go2_description/environment/path.sh
-- Up-to-date symlink: /opt/mybotshop/install/go2_description/share/go2_description/environment/path.dsv
-- Up-to-date symlink: /opt/mybotshop/install/go2_description/share/go2_description/local_setup.bash
-- Up-to-date symlink: /opt/mybotshop/install/go2_description/share/go2_description/local_setup.sh
-- Up-to-date symlink: /opt/mybotshop/install/go2_description/share/go2_description/local_setup.zsh
-- Up-to-date symlink: /opt/mybotshop/install/go2_description/share/go2_description/local_setup.dsv
-- Symlinking: /opt/mybotshop/install/go2_description/share/go2_description/package.dsv
-- Up-to-date symlink: /opt/mybotshop/install/go2_description/share/ament_index/resource_index/packages/go2_description
-- Up-to-date symlink: /opt/mybotshop/install/go2_description/share/go2_description/cmake/ament_cmake_export_dependencies-extras.cmake
-- Up-to-date symlink: /opt/mybotshop/install/go2_description/share/go2_description/cmake/go2_descriptionConfig.cmake
-- Up-to-date symlink: /opt/mybotshop/install/go2_description/share/go2_description/cmake/go2_descriptionConfig-version.cmake
-- Symlinking: /opt/mybotshop/install/go2_description/share/go2_description/package.xml
