-- The C compiler identification is GNU 9.4.0
-- The CXX compiler identification is GNU 9.4.0
-- Check for working C compiler: /usr/bin/cc
-- Check for working C compiler: /usr/bin/cc -- works
-- Detecting C compiler ABI info
-- Detecting C compiler ABI info - done
-- Detecting C compile features
-- Detecting C compile features - done
-- Check for working CXX compiler: /usr/bin/c++
-- Check for working CXX compiler: /usr/bin/c++ -- works
-- Detecting CXX compiler ABI info
-- Detecting CXX compiler ABI info - done
-- Detecting CXX compile features
-- Detecting CXX compile features - done
-- Found ament_cmake: 0.9.12 (/opt/ros/foxy/share/ament_cmake/cmake)
-- Found PythonInterp: /usr/bin/python3 (found suitable version "3.8.10", minimum required is "3") 
-- Using PYTHON_EXECUTABLE: /usr/bin/python3
-- Override CMake install command with custom implementation using symlinks instead of copying resources
-- Found geometry_msgs: 2.0.5 (/opt/ros/foxy/share/geometry_msgs/cmake)
-- Using all available rosidl_typesupport_c: rosidl_typesupport_fastrtps_c;rosidl_typesupport_introspection_c
-- Found rosidl_adapter: 1.3.1 (/opt/ros/foxy/share/rosidl_adapter/cmake)
-- Found OpenSSL: /usr/lib/aarch64-linux-gnu/libcrypto.so (found version "1.1.1f")  
-- Found FastRTPS: /opt/ros/foxy/include  
-- Using all available rosidl_typesupport_cpp: rosidl_typesupport_fastrtps_cpp;rosidl_typesupport_introspection_cpp
-- Found rosidl_default_generators: 1.0.1 (/opt/ros/foxy/share/rosidl_default_generators/cmake)
-- Found rosidl_generator_dds_idl: 0.7.1 (/opt/ros/foxy/share/rosidl_generator_dds_idl/cmake)
-- Found PythonInterp: /usr/bin/python3 (found version "3.8.10") 
-- Found ament_cmake_ros: 0.9.2 (/opt/ros/foxy/share/ament_cmake_ros/cmake)
-- Using all available rosidl_typesupport_c: rosidl_typesupport_fastrtps_c;rosidl_typesupport_introspection_c
-- Using all available rosidl_typesupport_cpp: rosidl_typesupport_fastrtps_cpp;rosidl_typesupport_introspection_cpp
-- Found PythonInterp: /usr/bin/python3 (found suitable version "3.8.10", minimum required is "3.5") 
-- Found python_cmake_module: 0.8.1 (/opt/ros/foxy/share/python_cmake_module/cmake)
-- Found PythonLibs: /usr/lib/aarch64-linux-gnu/libpython3.8.so (found suitable version "3.8.10", minimum required is "3.5") 
-- Using PYTHON_EXECUTABLE: /usr/bin/python3
-- Using PYTHON_INCLUDE_DIRS: /usr/include/python3.8
-- Using PYTHON_LIBRARIES: /usr/lib/aarch64-linux-gnu/libpython3.8.so
-- Found PythonExtra: .so  
-- Found ament_lint_auto: 0.9.8 (/opt/ros/foxy/share/ament_lint_auto/cmake)
-- Added test 'copyright' to check source files copyright and LICENSE
-- Added test 'lint_cmake' to check CMake code style
-- Added test 'xmllint' to check XML markup files
-- Configuring done
-- Generating done
-- Build files have been written to: /opt/mybotshop/build/unitree_api
[35m[1mScanning dependencies of target unitree_api__cpp[0m
[  1%] [34m[1mGenerating C code for ROS interfaces[0m
[35m[1mScanning dependencies of target unitree_api__dds_connext_idl[0m
[  2%] [34m[1mGenerating C++ code for ROS interfaces[0m
[  3%] [34m[1mGenerating DDS interfaces[0m
[  3%] Built target unitree_api__dds_connext_idl
[  3%] Built target unitree_api__cpp
[35m[1mScanning dependencies of target unitree_api__rosidl_generator_c[0m
[  4%] [32mBuilding C object CMakeFiles/unitree_api__rosidl_generator_c.dir/rosidl_generator_c/unitree_api/msg/detail/request__functions.c.o[0m
[  5%] [32mBuilding C object CMakeFiles/unitree_api__rosidl_generator_c.dir/rosidl_generator_c/unitree_api/msg/detail/request_identity__functions.c.o[0m
[  6%] [32mBuilding C object CMakeFiles/unitree_api__rosidl_generator_c.dir/rosidl_generator_c/unitree_api/msg/detail/request_lease__functions.c.o[0m
[  7%] [32mBuilding C object CMakeFiles/unitree_api__rosidl_generator_c.dir/rosidl_generator_c/unitree_api/msg/detail/request_policy__functions.c.o[0m
[  9%] [32mBuilding C object CMakeFiles/unitree_api__rosidl_generator_c.dir/rosidl_generator_c/unitree_api/msg/detail/response__functions.c.o[0m
[ 10%] [32mBuilding C object CMakeFiles/unitree_api__rosidl_generator_c.dir/rosidl_generator_c/unitree_api/msg/detail/response_header__functions.c.o[0m
[ 11%] [32mBuilding C object CMakeFiles/unitree_api__rosidl_generator_c.dir/rosidl_generator_c/unitree_api/msg/detail/response_status__functions.c.o[0m
[ 12%] [32mBuilding C object CMakeFiles/unitree_api__rosidl_generator_c.dir/rosidl_generator_c/unitree_api/msg/detail/request_header__functions.c.o[0m
[ 13%] [32m[1mLinking C shared library libunitree_api__rosidl_generator_c.so[0m
[ 13%] Built target unitree_api__rosidl_generator_c
[ 14%] [34m[1mGenerating C++ type support for eProsima Fast-RTPS[0m
[35m[1mScanning dependencies of target unitree_api__rosidl_typesupport_fastrtps_cpp[0m
[ 15%] [32mBuilding CXX object CMakeFiles/unitree_api__rosidl_typesupport_fastrtps_cpp.dir/rosidl_typesupport_fastrtps_cpp/unitree_api/msg/detail/dds_fastrtps/request__type_support.cpp.o[0m
[ 17%] [32mBuilding CXX object CMakeFiles/unitree_api__rosidl_typesupport_fastrtps_cpp.dir/rosidl_typesupport_fastrtps_cpp/unitree_api/msg/detail/dds_fastrtps/request_header__type_support.cpp.o[0m
[ 18%] [32mBuilding CXX object CMakeFiles/unitree_api__rosidl_typesupport_fastrtps_cpp.dir/rosidl_typesupport_fastrtps_cpp/unitree_api/msg/detail/dds_fastrtps/request_identity__type_support.cpp.o[0m
[ 19%] [32mBuilding CXX object CMakeFiles/unitree_api__rosidl_typesupport_fastrtps_cpp.dir/rosidl_typesupport_fastrtps_cpp/unitree_api/msg/detail/dds_fastrtps/request_lease__type_support.cpp.o[0m
[ 20%] [32mBuilding CXX object CMakeFiles/unitree_api__rosidl_typesupport_fastrtps_cpp.dir/rosidl_typesupport_fastrtps_cpp/unitree_api/msg/detail/dds_fastrtps/request_policy__type_support.cpp.o[0m
[ 21%] [32mBuilding CXX object CMakeFiles/unitree_api__rosidl_typesupport_fastrtps_cpp.dir/rosidl_typesupport_fastrtps_cpp/unitree_api/msg/detail/dds_fastrtps/response__type_support.cpp.o[0m
[ 22%] [32mBuilding CXX object CMakeFiles/unitree_api__rosidl_typesupport_fastrtps_cpp.dir/rosidl_typesupport_fastrtps_cpp/unitree_api/msg/detail/dds_fastrtps/response_header__type_support.cpp.o[0m
[ 23%] [32mBuilding CXX object CMakeFiles/unitree_api__rosidl_typesupport_fastrtps_cpp.dir/rosidl_typesupport_fastrtps_cpp/unitree_api/msg/detail/dds_fastrtps/response_status__type_support.cpp.o[0m
[ 25%] [32m[1mLinking CXX shared library libunitree_api__rosidl_typesupport_fastrtps_cpp.so[0m
[ 25%] Built target unitree_api__rosidl_typesupport_fastrtps_cpp
[ 26%] [34m[1mGenerating C introspection for ROS interfaces[0m
[35m[1mScanning dependencies of target unitree_api__rosidl_typesupport_introspection_c[0m
[ 27%] [32mBuilding C object CMakeFiles/unitree_api__rosidl_typesupport_introspection_c.dir/rosidl_typesupport_introspection_c/unitree_api/msg/detail/request__type_support.c.o[0m
[ 28%] [32mBuilding C object CMakeFiles/unitree_api__rosidl_typesupport_introspection_c.dir/rosidl_typesupport_introspection_c/unitree_api/msg/detail/request_header__type_support.c.o[0m
[ 29%] [32mBuilding C object CMakeFiles/unitree_api__rosidl_typesupport_introspection_c.dir/rosidl_typesupport_introspection_c/unitree_api/msg/detail/request_identity__type_support.c.o[0m
[ 30%] [32mBuilding C object CMakeFiles/unitree_api__rosidl_typesupport_introspection_c.dir/rosidl_typesupport_introspection_c/unitree_api/msg/detail/request_lease__type_support.c.o[0m
[ 31%] [32mBuilding C object CMakeFiles/unitree_api__rosidl_typesupport_introspection_c.dir/rosidl_typesupport_introspection_c/unitree_api/msg/detail/request_policy__type_support.c.o[0m
[ 32%] [32mBuilding C object CMakeFiles/unitree_api__rosidl_typesupport_introspection_c.dir/rosidl_typesupport_introspection_c/unitree_api/msg/detail/response__type_support.c.o[0m
[ 34%] [32mBuilding C object CMakeFiles/unitree_api__rosidl_typesupport_introspection_c.dir/rosidl_typesupport_introspection_c/unitree_api/msg/detail/response_header__type_support.c.o[0m
[ 35%] [32mBuilding C object CMakeFiles/unitree_api__rosidl_typesupport_introspection_c.dir/rosidl_typesupport_introspection_c/unitree_api/msg/detail/response_status__type_support.c.o[0m
[ 36%] [32m[1mLinking C shared library libunitree_api__rosidl_typesupport_introspection_c.so[0m
[ 36%] Built target unitree_api__rosidl_typesupport_introspection_c
[ 37%] [34m[1mGenerating C type support for eProsima Fast-RTPS[0m
[35m[1mScanning dependencies of target unitree_api__rosidl_typesupport_fastrtps_c[0m
[ 38%] [32mBuilding CXX object CMakeFiles/unitree_api__rosidl_typesupport_fastrtps_c.dir/rosidl_typesupport_fastrtps_c/unitree_api/msg/detail/request__type_support_c.cpp.o[0m
[ 39%] [32mBuilding CXX object CMakeFiles/unitree_api__rosidl_typesupport_fastrtps_c.dir/rosidl_typesupport_fastrtps_c/unitree_api/msg/detail/request_identity__type_support_c.cpp.o[0m
[ 40%] [32mBuilding CXX object CMakeFiles/unitree_api__rosidl_typesupport_fastrtps_c.dir/rosidl_typesupport_fastrtps_c/unitree_api/msg/detail/request_lease__type_support_c.cpp.o[0m
[ 42%] [32mBuilding CXX object CMakeFiles/unitree_api__rosidl_typesupport_fastrtps_c.dir/rosidl_typesupport_fastrtps_c/unitree_api/msg/detail/request_policy__type_support_c.cpp.o[0m
[ 43%] [32mBuilding CXX object CMakeFiles/unitree_api__rosidl_typesupport_fastrtps_c.dir/rosidl_typesupport_fastrtps_c/unitree_api/msg/detail/response__type_support_c.cpp.o[0m
[ 44%] [32mBuilding CXX object CMakeFiles/unitree_api__rosidl_typesupport_fastrtps_c.dir/rosidl_typesupport_fastrtps_c/unitree_api/msg/detail/response_header__type_support_c.cpp.o[0m
[ 45%] [32mBuilding CXX object CMakeFiles/unitree_api__rosidl_typesupport_fastrtps_c.dir/rosidl_typesupport_fastrtps_c/unitree_api/msg/detail/response_status__type_support_c.cpp.o[0m
[ 46%] [32mBuilding CXX object CMakeFiles/unitree_api__rosidl_typesupport_fastrtps_c.dir/rosidl_typesupport_fastrtps_c/unitree_api/msg/detail/request_header__type_support_c.cpp.o[0m
[ 47%] [32m[1mLinking CXX shared library libunitree_api__rosidl_typesupport_fastrtps_c.so[0m
[ 47%] Built target unitree_api__rosidl_typesupport_fastrtps_c
[ 48%] [34m[1mGenerating C type support dispatch for ROS interfaces[0m
[35m[1mScanning dependencies of target unitree_api__rosidl_typesupport_c[0m
[ 50%] [32mBuilding CXX object CMakeFiles/unitree_api__rosidl_typesupport_c.dir/rosidl_typesupport_c/unitree_api/msg/request__type_support.cpp.o[0m
[ 51%] [32mBuilding CXX object CMakeFiles/unitree_api__rosidl_typesupport_c.dir/rosidl_typesupport_c/unitree_api/msg/request_lease__type_support.cpp.o[0m
[ 52%] [32mBuilding CXX object CMakeFiles/unitree_api__rosidl_typesupport_c.dir/rosidl_typesupport_c/unitree_api/msg/request_policy__type_support.cpp.o[0m
[ 53%] [32mBuilding CXX object CMakeFiles/unitree_api__rosidl_typesupport_c.dir/rosidl_typesupport_c/unitree_api/msg/response__type_support.cpp.o[0m
[ 54%] [32mBuilding CXX object CMakeFiles/unitree_api__rosidl_typesupport_c.dir/rosidl_typesupport_c/unitree_api/msg/response_header__type_support.cpp.o[0m
[ 55%] [32mBuilding CXX object CMakeFiles/unitree_api__rosidl_typesupport_c.dir/rosidl_typesupport_c/unitree_api/msg/response_status__type_support.cpp.o[0m
[ 56%] [32mBuilding CXX object CMakeFiles/unitree_api__rosidl_typesupport_c.dir/rosidl_typesupport_c/unitree_api/msg/request_identity__type_support.cpp.o[0m
[ 57%] [32mBuilding CXX object CMakeFiles/unitree_api__rosidl_typesupport_c.dir/rosidl_typesupport_c/unitree_api/msg/request_header__type_support.cpp.o[0m
[ 59%] [32m[1mLinking CXX shared library libunitree_api__rosidl_typesupport_c.so[0m
[ 59%] Built target unitree_api__rosidl_typesupport_c
[ 60%] [34m[1mGenerating C++ type support dispatch for ROS interfaces[0m
[35m[1mScanning dependencies of target unitree_api__rosidl_typesupport_cpp[0m
[ 61%] [32mBuilding CXX object CMakeFiles/unitree_api__rosidl_typesupport_cpp.dir/rosidl_typesupport_cpp/unitree_api/msg/request__type_support.cpp.o[0m
[ 62%] [32mBuilding CXX object CMakeFiles/unitree_api__rosidl_typesupport_cpp.dir/rosidl_typesupport_cpp/unitree_api/msg/request_policy__type_support.cpp.o[0m
[ 63%] [32mBuilding CXX object CMakeFiles/unitree_api__rosidl_typesupport_cpp.dir/rosidl_typesupport_cpp/unitree_api/msg/response__type_support.cpp.o[0m
[ 64%] [32mBuilding CXX object CMakeFiles/unitree_api__rosidl_typesupport_cpp.dir/rosidl_typesupport_cpp/unitree_api/msg/response_header__type_support.cpp.o[0m
[ 65%] [32mBuilding CXX object CMakeFiles/unitree_api__rosidl_typesupport_cpp.dir/rosidl_typesupport_cpp/unitree_api/msg/response_status__type_support.cpp.o[0m
[ 67%] [32mBuilding CXX object CMakeFiles/unitree_api__rosidl_typesupport_cpp.dir/rosidl_typesupport_cpp/unitree_api/msg/request_lease__type_support.cpp.o[0m
[ 68%] [32mBuilding CXX object CMakeFiles/unitree_api__rosidl_typesupport_cpp.dir/rosidl_typesupport_cpp/unitree_api/msg/request_identity__type_support.cpp.o[0m
[ 69%] [32mBuilding CXX object CMakeFiles/unitree_api__rosidl_typesupport_cpp.dir/rosidl_typesupport_cpp/unitree_api/msg/request_header__type_support.cpp.o[0m
[ 70%] [32m[1mLinking CXX shared library libunitree_api__rosidl_typesupport_cpp.so[0m
[ 70%] Built target unitree_api__rosidl_typesupport_cpp
[ 71%] [34m[1mGenerating C++ introspection for ROS interfaces[0m
[35m[1mScanning dependencies of target unitree_api__rosidl_typesupport_introspection_cpp[0m
[ 72%] [32mBuilding CXX object CMakeFiles/unitree_api__rosidl_typesupport_introspection_cpp.dir/rosidl_typesupport_introspection_cpp/unitree_api/msg/detail/request__type_support.cpp.o[0m
[ 73%] [32mBuilding CXX object CMakeFiles/unitree_api__rosidl_typesupport_introspection_cpp.dir/rosidl_typesupport_introspection_cpp/unitree_api/msg/detail/response__type_support.cpp.o[0m
[ 75%] [32mBuilding CXX object CMakeFiles/unitree_api__rosidl_typesupport_introspection_cpp.dir/rosidl_typesupport_introspection_cpp/unitree_api/msg/detail/response_header__type_support.cpp.o[0m
[ 76%] [32mBuilding CXX object CMakeFiles/unitree_api__rosidl_typesupport_introspection_cpp.dir/rosidl_typesupport_introspection_cpp/unitree_api/msg/detail/response_status__type_support.cpp.o[0m
[ 77%] [32mBuilding CXX object CMakeFiles/unitree_api__rosidl_typesupport_introspection_cpp.dir/rosidl_typesupport_introspection_cpp/unitree_api/msg/detail/request_policy__type_support.cpp.o[0m
[ 78%] [32mBuilding CXX object CMakeFiles/unitree_api__rosidl_typesupport_introspection_cpp.dir/rosidl_typesupport_introspection_cpp/unitree_api/msg/detail/request_lease__type_support.cpp.o[0m
[ 79%] [32mBuilding CXX object CMakeFiles/unitree_api__rosidl_typesupport_introspection_cpp.dir/rosidl_typesupport_introspection_cpp/unitree_api/msg/detail/request_identity__type_support.cpp.o[0m
[ 80%] [32mBuilding CXX object CMakeFiles/unitree_api__rosidl_typesupport_introspection_cpp.dir/rosidl_typesupport_introspection_cpp/unitree_api/msg/detail/request_header__type_support.cpp.o[0m
[ 81%] [32m[1mLinking CXX shared library libunitree_api__rosidl_typesupport_introspection_cpp.so[0m
[ 81%] Built target unitree_api__rosidl_typesupport_introspection_cpp
[35m[1mScanning dependencies of target unitree_api[0m
[ 81%] Built target unitree_api
[35m[1mScanning dependencies of target unitree_api__py[0m
[ 82%] [34m[1mGenerating Python code for ROS interfaces[0m
[ 82%] Built target unitree_api__py
[35m[1mScanning dependencies of target unitree_api__python[0m
[ 84%] [32mBuilding C object CMakeFiles/unitree_api__python.dir/rosidl_generator_py/unitree_api/msg/_request_s.c.o[0m
[ 85%] [32mBuilding C object CMakeFiles/unitree_api__python.dir/rosidl_generator_py/unitree_api/msg/_response_s.c.o[0m
[ 86%] [32mBuilding C object CMakeFiles/unitree_api__python.dir/rosidl_generator_py/unitree_api/msg/_response_header_s.c.o[0m
[ 87%] [32mBuilding C object CMakeFiles/unitree_api__python.dir/rosidl_generator_py/unitree_api/msg/_response_status_s.c.o[0m
[ 88%] [32mBuilding C object CMakeFiles/unitree_api__python.dir/rosidl_generator_py/unitree_api/msg/_request_policy_s.c.o[0m
[ 89%] [32mBuilding C object CMakeFiles/unitree_api__python.dir/rosidl_generator_py/unitree_api/msg/_request_lease_s.c.o[0m
[ 90%] [32mBuilding C object CMakeFiles/unitree_api__python.dir/rosidl_generator_py/unitree_api/msg/_request_identity_s.c.o[0m
[ 92%] [32mBuilding C object CMakeFiles/unitree_api__python.dir/rosidl_generator_py/unitree_api/msg/_request_header_s.c.o[0m
[ 93%] [32m[1mLinking C shared library rosidl_generator_py/unitree_api/libunitree_api__python.so[0m
[ 93%] Built target unitree_api__python
[35m[1mScanning dependencies of target unitree_api__rosidl_typesupport_introspection_c__pyext[0m
[ 94%] [32mBuilding C object CMakeFiles/unitree_api__rosidl_typesupport_introspection_c__pyext.dir/rosidl_generator_py/unitree_api/_unitree_api_s.ep.rosidl_typesupport_introspection_c.c.o[0m
[ 95%] [32m[1mLinking C shared library rosidl_generator_py/unitree_api/unitree_api_s__rosidl_typesupport_introspection_c.cpython-38-aarch64-linux-gnu.so[0m
[ 95%] Built target unitree_api__rosidl_typesupport_introspection_c__pyext
[35m[1mScanning dependencies of target unitree_api__rosidl_typesupport_fastrtps_c__pyext[0m
[ 96%] [32mBuilding C object CMakeFiles/unitree_api__rosidl_typesupport_fastrtps_c__pyext.dir/rosidl_generator_py/unitree_api/_unitree_api_s.ep.rosidl_typesupport_fastrtps_c.c.o[0m
[ 97%] [32m[1mLinking CXX shared library rosidl_generator_py/unitree_api/unitree_api_s__rosidl_typesupport_fastrtps_c.cpython-38-aarch64-linux-gnu.so[0m
[ 97%] Built target unitree_api__rosidl_typesupport_fastrtps_c__pyext
[35m[1mScanning dependencies of target unitree_api__rosidl_typesupport_c__pyext[0m
[ 98%] [32mBuilding C object CMakeFiles/unitree_api__rosidl_typesupport_c__pyext.dir/rosidl_generator_py/unitree_api/_unitree_api_s.ep.rosidl_typesupport_c.c.o[0m
[100%] [32m[1mLinking C shared library rosidl_generator_py/unitree_api/unitree_api_s__rosidl_typesupport_c.cpython-38-aarch64-linux-gnu.so[0m
[100%] Built target unitree_api__rosidl_typesupport_c__pyext
-- Install configuration: ""
-- Execute custom install script
-- Up-to-date symlink: /opt/mybotshop/install/unitree_api/share/ament_index/resource_index/rosidl_interfaces/unitree_api
-- Up-to-date symlink: /opt/mybotshop/install/unitree_api/include/unitree_api/msg/detail/request__functions.h
-- Up-to-date symlink: /opt/mybotshop/install/unitree_api/include/unitree_api/msg/detail/request__struct.h
-- Up-to-date symlink: /opt/mybotshop/install/unitree_api/include/unitree_api/msg/detail/request__type_support.h
-- Up-to-date symlink: /opt/mybotshop/install/unitree_api/include/unitree_api/msg/detail/request_header__functions.h
-- Up-to-date symlink: /opt/mybotshop/install/unitree_api/include/unitree_api/msg/detail/request_header__struct.h
-- Up-to-date symlink: /opt/mybotshop/install/unitree_api/include/unitree_api/msg/detail/request_header__type_support.h
-- Up-to-date symlink: /opt/mybotshop/install/unitree_api/include/unitree_api/msg/detail/request_identity__functions.h
-- Up-to-date symlink: /opt/mybotshop/install/unitree_api/include/unitree_api/msg/detail/request_identity__struct.h
-- Up-to-date symlink: /opt/mybotshop/install/unitree_api/include/unitree_api/msg/detail/request_identity__type_support.h
-- Up-to-date symlink: /opt/mybotshop/install/unitree_api/include/unitree_api/msg/detail/request_lease__functions.h
-- Up-to-date symlink: /opt/mybotshop/install/unitree_api/include/unitree_api/msg/detail/request_lease__struct.h
-- Up-to-date symlink: /opt/mybotshop/install/unitree_api/include/unitree_api/msg/detail/request_lease__type_support.h
-- Up-to-date symlink: /opt/mybotshop/install/unitree_api/include/unitree_api/msg/detail/request_policy__functions.h
-- Up-to-date symlink: /opt/mybotshop/install/unitree_api/include/unitree_api/msg/detail/request_policy__struct.h
-- Up-to-date symlink: /opt/mybotshop/install/unitree_api/include/unitree_api/msg/detail/request_policy__type_support.h
-- Up-to-date symlink: /opt/mybotshop/install/unitree_api/include/unitree_api/msg/detail/response__functions.h
-- Up-to-date symlink: /opt/mybotshop/install/unitree_api/include/unitree_api/msg/detail/response__struct.h
-- Up-to-date symlink: /opt/mybotshop/install/unitree_api/include/unitree_api/msg/detail/response__type_support.h
-- Up-to-date symlink: /opt/mybotshop/install/unitree_api/include/unitree_api/msg/detail/response_header__functions.h
-- Up-to-date symlink: /opt/mybotshop/install/unitree_api/include/unitree_api/msg/detail/response_header__struct.h
-- Up-to-date symlink: /opt/mybotshop/install/unitree_api/include/unitree_api/msg/detail/response_header__type_support.h
-- Up-to-date symlink: /opt/mybotshop/install/unitree_api/include/unitree_api/msg/detail/response_status__functions.h
-- Up-to-date symlink: /opt/mybotshop/install/unitree_api/include/unitree_api/msg/detail/response_status__struct.h
-- Up-to-date symlink: /opt/mybotshop/install/unitree_api/include/unitree_api/msg/detail/response_status__type_support.h
-- Up-to-date symlink: /opt/mybotshop/install/unitree_api/include/unitree_api/msg/request.h
-- Up-to-date symlink: /opt/mybotshop/install/unitree_api/include/unitree_api/msg/request_header.h
-- Up-to-date symlink: /opt/mybotshop/install/unitree_api/include/unitree_api/msg/request_identity.h
-- Up-to-date symlink: /opt/mybotshop/install/unitree_api/include/unitree_api/msg/request_lease.h
-- Up-to-date symlink: /opt/mybotshop/install/unitree_api/include/unitree_api/msg/request_policy.h
-- Up-to-date symlink: /opt/mybotshop/install/unitree_api/include/unitree_api/msg/response.h
-- Up-to-date symlink: /opt/mybotshop/install/unitree_api/include/unitree_api/msg/response_header.h
-- Up-to-date symlink: /opt/mybotshop/install/unitree_api/include/unitree_api/msg/response_status.h
-- Up-to-date symlink: /opt/mybotshop/install/unitree_api/include/unitree_api/msg/rosidl_generator_c__visibility_control.h
-- Up-to-date symlink: /opt/mybotshop/install/unitree_api/share/unitree_api/environment/library_path.sh
-- Up-to-date symlink: /opt/mybotshop/install/unitree_api/share/unitree_api/environment/library_path.dsv
-- Up-to-date symlink: /opt/mybotshop/install/unitree_api/include/unitree_api/msg/detail/request__rosidl_typesupport_fastrtps_c.h
-- Up-to-date symlink: /opt/mybotshop/install/unitree_api/include/unitree_api/msg/detail/request_header__rosidl_typesupport_fastrtps_c.h
-- Up-to-date symlink: /opt/mybotshop/install/unitree_api/include/unitree_api/msg/detail/request_identity__rosidl_typesupport_fastrtps_c.h
-- Up-to-date symlink: /opt/mybotshop/install/unitree_api/include/unitree_api/msg/detail/request_lease__rosidl_typesupport_fastrtps_c.h
-- Up-to-date symlink: /opt/mybotshop/install/unitree_api/include/unitree_api/msg/detail/request_policy__rosidl_typesupport_fastrtps_c.h
-- Up-to-date symlink: /opt/mybotshop/install/unitree_api/include/unitree_api/msg/detail/response__rosidl_typesupport_fastrtps_c.h
-- Up-to-date symlink: /opt/mybotshop/install/unitree_api/include/unitree_api/msg/detail/response_header__rosidl_typesupport_fastrtps_c.h
-- Up-to-date symlink: /opt/mybotshop/install/unitree_api/include/unitree_api/msg/detail/response_status__rosidl_typesupport_fastrtps_c.h
-- Up-to-date symlink: /opt/mybotshop/install/unitree_api/include/unitree_api/msg/rosidl_typesupport_fastrtps_c__visibility_control.h
-- Up-to-date symlink: /opt/mybotshop/install/unitree_api/lib/libunitree_api__rosidl_typesupport_fastrtps_c.so
-- Up-to-date symlink: /opt/mybotshop/install/unitree_api/include/unitree_api/msg/detail/request__rosidl_typesupport_fastrtps_cpp.hpp
-- Up-to-date symlink: /opt/mybotshop/install/unitree_api/include/unitree_api/msg/detail/request_header__rosidl_typesupport_fastrtps_cpp.hpp
-- Up-to-date symlink: /opt/mybotshop/install/unitree_api/include/unitree_api/msg/detail/request_identity__rosidl_typesupport_fastrtps_cpp.hpp
-- Up-to-date symlink: /opt/mybotshop/install/unitree_api/include/unitree_api/msg/detail/request_lease__rosidl_typesupport_fastrtps_cpp.hpp
-- Up-to-date symlink: /opt/mybotshop/install/unitree_api/include/unitree_api/msg/detail/request_policy__rosidl_typesupport_fastrtps_cpp.hpp
-- Up-to-date symlink: /opt/mybotshop/install/unitree_api/include/unitree_api/msg/detail/response__rosidl_typesupport_fastrtps_cpp.hpp
-- Up-to-date symlink: /opt/mybotshop/install/unitree_api/include/unitree_api/msg/detail/response_header__rosidl_typesupport_fastrtps_cpp.hpp
-- Up-to-date symlink: /opt/mybotshop/install/unitree_api/include/unitree_api/msg/detail/response_status__rosidl_typesupport_fastrtps_cpp.hpp
-- Up-to-date symlink: /opt/mybotshop/install/unitree_api/include/unitree_api/msg/rosidl_typesupport_fastrtps_cpp__visibility_control.h
-- Up-to-date symlink: /opt/mybotshop/install/unitree_api/lib/libunitree_api__rosidl_typesupport_fastrtps_cpp.so
-- Up-to-date symlink: /opt/mybotshop/install/unitree_api/include/unitree_api/msg/detail/request__rosidl_typesupport_introspection_c.h
-- Up-to-date symlink: /opt/mybotshop/install/unitree_api/include/unitree_api/msg/detail/request_header__rosidl_typesupport_introspection_c.h
-- Up-to-date symlink: /opt/mybotshop/install/unitree_api/include/unitree_api/msg/detail/request_identity__rosidl_typesupport_introspection_c.h
-- Up-to-date symlink: /opt/mybotshop/install/unitree_api/include/unitree_api/msg/detail/request_lease__rosidl_typesupport_introspection_c.h
-- Up-to-date symlink: /opt/mybotshop/install/unitree_api/include/unitree_api/msg/detail/request_policy__rosidl_typesupport_introspection_c.h
-- Up-to-date symlink: /opt/mybotshop/install/unitree_api/include/unitree_api/msg/detail/response__rosidl_typesupport_introspection_c.h
-- Up-to-date symlink: /opt/mybotshop/install/unitree_api/include/unitree_api/msg/detail/response_header__rosidl_typesupport_introspection_c.h
-- Up-to-date symlink: /opt/mybotshop/install/unitree_api/include/unitree_api/msg/detail/response_status__rosidl_typesupport_introspection_c.h
-- Up-to-date symlink: /opt/mybotshop/install/unitree_api/include/unitree_api/msg/rosidl_typesupport_introspection_c__visibility_control.h
-- Up-to-date symlink: /opt/mybotshop/install/unitree_api/include/unitree_api/msg/detail/request__builder.hpp
-- Up-to-date symlink: /opt/mybotshop/install/unitree_api/include/unitree_api/msg/detail/request__struct.hpp
-- Up-to-date symlink: /opt/mybotshop/install/unitree_api/include/unitree_api/msg/detail/request__traits.hpp
-- Up-to-date symlink: /opt/mybotshop/install/unitree_api/include/unitree_api/msg/detail/request__type_support.hpp
-- Up-to-date symlink: /opt/mybotshop/install/unitree_api/include/unitree_api/msg/detail/request_header__builder.hpp
-- Up-to-date symlink: /opt/mybotshop/install/unitree_api/include/unitree_api/msg/detail/request_header__struct.hpp
-- Up-to-date symlink: /opt/mybotshop/install/unitree_api/include/unitree_api/msg/detail/request_header__traits.hpp
-- Up-to-date symlink: /opt/mybotshop/install/unitree_api/include/unitree_api/msg/detail/request_header__type_support.hpp
-- Up-to-date symlink: /opt/mybotshop/install/unitree_api/include/unitree_api/msg/detail/request_identity__builder.hpp
-- Up-to-date symlink: /opt/mybotshop/install/unitree_api/include/unitree_api/msg/detail/request_identity__struct.hpp
-- Up-to-date symlink: /opt/mybotshop/install/unitree_api/include/unitree_api/msg/detail/request_identity__traits.hpp
-- Up-to-date symlink: /opt/mybotshop/install/unitree_api/include/unitree_api/msg/detail/request_identity__type_support.hpp
-- Up-to-date symlink: /opt/mybotshop/install/unitree_api/include/unitree_api/msg/detail/request_lease__builder.hpp
-- Up-to-date symlink: /opt/mybotshop/install/unitree_api/include/unitree_api/msg/detail/request_lease__struct.hpp
-- Up-to-date symlink: /opt/mybotshop/install/unitree_api/include/unitree_api/msg/detail/request_lease__traits.hpp
-- Up-to-date symlink: /opt/mybotshop/install/unitree_api/include/unitree_api/msg/detail/request_lease__type_support.hpp
-- Up-to-date symlink: /opt/mybotshop/install/unitree_api/include/unitree_api/msg/detail/request_policy__builder.hpp
-- Up-to-date symlink: /opt/mybotshop/install/unitree_api/include/unitree_api/msg/detail/request_policy__struct.hpp
-- Up-to-date symlink: /opt/mybotshop/install/unitree_api/include/unitree_api/msg/detail/request_policy__traits.hpp
-- Up-to-date symlink: /opt/mybotshop/install/unitree_api/include/unitree_api/msg/detail/request_policy__type_support.hpp
-- Up-to-date symlink: /opt/mybotshop/install/unitree_api/include/unitree_api/msg/detail/response__builder.hpp
-- Up-to-date symlink: /opt/mybotshop/install/unitree_api/include/unitree_api/msg/detail/response__struct.hpp
-- Up-to-date symlink: /opt/mybotshop/install/unitree_api/include/unitree_api/msg/detail/response__traits.hpp
-- Up-to-date symlink: /opt/mybotshop/install/unitree_api/include/unitree_api/msg/detail/response__type_support.hpp
-- Up-to-date symlink: /opt/mybotshop/install/unitree_api/include/unitree_api/msg/detail/response_header__builder.hpp
-- Up-to-date symlink: /opt/mybotshop/install/unitree_api/include/unitree_api/msg/detail/response_header__struct.hpp
-- Up-to-date symlink: /opt/mybotshop/install/unitree_api/include/unitree_api/msg/detail/response_header__traits.hpp
-- Up-to-date symlink: /opt/mybotshop/install/unitree_api/include/unitree_api/msg/detail/response_header__type_support.hpp
-- Up-to-date symlink: /opt/mybotshop/install/unitree_api/include/unitree_api/msg/detail/response_status__builder.hpp
-- Up-to-date symlink: /opt/mybotshop/install/unitree_api/include/unitree_api/msg/detail/response_status__struct.hpp
-- Up-to-date symlink: /opt/mybotshop/install/unitree_api/include/unitree_api/msg/detail/response_status__traits.hpp
-- Up-to-date symlink: /opt/mybotshop/install/unitree_api/include/unitree_api/msg/detail/response_status__type_support.hpp
-- Up-to-date symlink: /opt/mybotshop/install/unitree_api/include/unitree_api/msg/request.hpp
-- Up-to-date symlink: /opt/mybotshop/install/unitree_api/include/unitree_api/msg/request_header.hpp
-- Up-to-date symlink: /opt/mybotshop/install/unitree_api/include/unitree_api/msg/request_identity.hpp
-- Up-to-date symlink: /opt/mybotshop/install/unitree_api/include/unitree_api/msg/request_lease.hpp
-- Up-to-date symlink: /opt/mybotshop/install/unitree_api/include/unitree_api/msg/request_policy.hpp
-- Up-to-date symlink: /opt/mybotshop/install/unitree_api/include/unitree_api/msg/response.hpp
-- Up-to-date symlink: /opt/mybotshop/install/unitree_api/include/unitree_api/msg/response_header.hpp
-- Up-to-date symlink: /opt/mybotshop/install/unitree_api/include/unitree_api/msg/response_status.hpp
-- Up-to-date symlink: /opt/mybotshop/install/unitree_api/include/unitree_api/msg/rosidl_generator_cpp__visibility_control.hpp
-- Up-to-date symlink: /opt/mybotshop/install/unitree_api/include/unitree_api/msg/detail/request__rosidl_typesupport_introspection_cpp.hpp
-- Up-to-date symlink: /opt/mybotshop/install/unitree_api/include/unitree_api/msg/detail/request_header__rosidl_typesupport_introspection_cpp.hpp
-- Up-to-date symlink: /opt/mybotshop/install/unitree_api/include/unitree_api/msg/detail/request_identity__rosidl_typesupport_introspection_cpp.hpp
-- Up-to-date symlink: /opt/mybotshop/install/unitree_api/include/unitree_api/msg/detail/request_lease__rosidl_typesupport_introspection_cpp.hpp
-- Up-to-date symlink: /opt/mybotshop/install/unitree_api/include/unitree_api/msg/detail/request_policy__rosidl_typesupport_introspection_cpp.hpp
-- Up-to-date symlink: /opt/mybotshop/install/unitree_api/include/unitree_api/msg/detail/response__rosidl_typesupport_introspection_cpp.hpp
-- Up-to-date symlink: /opt/mybotshop/install/unitree_api/include/unitree_api/msg/detail/response_header__rosidl_typesupport_introspection_cpp.hpp
-- Up-to-date symlink: /opt/mybotshop/install/unitree_api/include/unitree_api/msg/detail/response_status__rosidl_typesupport_introspection_cpp.hpp
-- Up-to-date symlink: /opt/mybotshop/install/unitree_api/share/unitree_api/environment/pythonpath.sh
-- Up-to-date symlink: /opt/mybotshop/install/unitree_api/share/unitree_api/environment/pythonpath.dsv
-- Up-to-date symlink: /opt/mybotshop/install/unitree_api/lib/python3.8/site-packages/unitree_api/__init__.py
-- Up-to-date symlink: /opt/mybotshop/install/unitree_api/lib/python3.8/site-packages/unitree_api/msg/__init__.py
-- Up-to-date symlink: /opt/mybotshop/install/unitree_api/lib/python3.8/site-packages/unitree_api/msg/_request.py
-- Up-to-date symlink: /opt/mybotshop/install/unitree_api/lib/python3.8/site-packages/unitree_api/msg/_request_header.py
-- Up-to-date symlink: /opt/mybotshop/install/unitree_api/lib/python3.8/site-packages/unitree_api/msg/_request_identity.py
-- Up-to-date symlink: /opt/mybotshop/install/unitree_api/lib/python3.8/site-packages/unitree_api/msg/_request_lease.py
-- Up-to-date symlink: /opt/mybotshop/install/unitree_api/lib/python3.8/site-packages/unitree_api/msg/_request_policy.py
-- Up-to-date symlink: /opt/mybotshop/install/unitree_api/lib/python3.8/site-packages/unitree_api/msg/_response.py
-- Up-to-date symlink: /opt/mybotshop/install/unitree_api/lib/python3.8/site-packages/unitree_api/msg/_response_header.py
-- Up-to-date symlink: /opt/mybotshop/install/unitree_api/lib/python3.8/site-packages/unitree_api/msg/_response_status.py
-- Up-to-date symlink: /opt/mybotshop/install/unitree_api/lib/python3.8/site-packages/unitree_api/unitree_api_s__rosidl_typesupport_fastrtps_c.cpython-38-aarch64-linux-gnu.so
-- Up-to-date symlink: /opt/mybotshop/install/unitree_api/lib/python3.8/site-packages/unitree_api/unitree_api_s__rosidl_typesupport_introspection_c.cpython-38-aarch64-linux-gnu.so
-- Up-to-date symlink: /opt/mybotshop/install/unitree_api/lib/python3.8/site-packages/unitree_api/unitree_api_s__rosidl_typesupport_c.cpython-38-aarch64-linux-gnu.so
-- Up-to-date symlink: /opt/mybotshop/install/unitree_api/lib/libunitree_api__python.so
-- Up-to-date symlink: /opt/mybotshop/install/unitree_api/share/unitree_api/msg/Request.idl
-- Up-to-date symlink: /opt/mybotshop/install/unitree_api/share/unitree_api/msg/RequestHeader.idl
-- Up-to-date symlink: /opt/mybotshop/install/unitree_api/share/unitree_api/msg/RequestIdentity.idl
-- Up-to-date symlink: /opt/mybotshop/install/unitree_api/share/unitree_api/msg/RequestLease.idl
-- Up-to-date symlink: /opt/mybotshop/install/unitree_api/share/unitree_api/msg/RequestPolicy.idl
-- Up-to-date symlink: /opt/mybotshop/install/unitree_api/share/unitree_api/msg/Response.idl
-- Up-to-date symlink: /opt/mybotshop/install/unitree_api/share/unitree_api/msg/ResponseHeader.idl
-- Up-to-date symlink: /opt/mybotshop/install/unitree_api/share/unitree_api/msg/ResponseStatus.idl
-- Symlinking: /opt/mybotshop/install/unitree_api/share/unitree_api/msg/Request.msg
-- Symlinking: /opt/mybotshop/install/unitree_api/share/unitree_api/msg/RequestHeader.msg
-- Symlinking: /opt/mybotshop/install/unitree_api/share/unitree_api/msg/RequestIdentity.msg
-- Symlinking: /opt/mybotshop/install/unitree_api/share/unitree_api/msg/RequestLease.msg
-- Symlinking: /opt/mybotshop/install/unitree_api/share/unitree_api/msg/RequestPolicy.msg
-- Symlinking: /opt/mybotshop/install/unitree_api/share/unitree_api/msg/Response.msg
-- Symlinking: /opt/mybotshop/install/unitree_api/share/unitree_api/msg/ResponseHeader.msg
-- Symlinking: /opt/mybotshop/install/unitree_api/share/unitree_api/msg/ResponseStatus.msg
-- Up-to-date symlink: /opt/mybotshop/install/unitree_api/share/unitree_api/msg/dds_connext/RequestHeader_.idl
-- Up-to-date symlink: /opt/mybotshop/install/unitree_api/share/unitree_api/msg/dds_connext/RequestIdentity_.idl
-- Up-to-date symlink: /opt/mybotshop/install/unitree_api/share/unitree_api/msg/dds_connext/RequestLease_.idl
-- Up-to-date symlink: /opt/mybotshop/install/unitree_api/share/unitree_api/msg/dds_connext/RequestPolicy_.idl
-- Up-to-date symlink: /opt/mybotshop/install/unitree_api/share/unitree_api/msg/dds_connext/Request_.idl
-- Up-to-date symlink: /opt/mybotshop/install/unitree_api/share/unitree_api/msg/dds_connext/ResponseHeader_.idl
-- Up-to-date symlink: /opt/mybotshop/install/unitree_api/share/unitree_api/msg/dds_connext/ResponseStatus_.idl
-- Up-to-date symlink: /opt/mybotshop/install/unitree_api/share/unitree_api/msg/dds_connext/Response_.idl
-- Up-to-date symlink: /opt/mybotshop/install/unitree_api/share/ament_index/resource_index/package_run_dependencies/unitree_api
-- Up-to-date symlink: /opt/mybotshop/install/unitree_api/share/ament_index/resource_index/parent_prefix_path/unitree_api
-- Up-to-date symlink: /opt/mybotshop/install/unitree_api/share/unitree_api/environment/ament_prefix_path.sh
-- Up-to-date symlink: /opt/mybotshop/install/unitree_api/share/unitree_api/environment/ament_prefix_path.dsv
-- Up-to-date symlink: /opt/mybotshop/install/unitree_api/share/unitree_api/environment/path.sh
-- Up-to-date symlink: /opt/mybotshop/install/unitree_api/share/unitree_api/environment/path.dsv
-- Up-to-date symlink: /opt/mybotshop/install/unitree_api/share/unitree_api/local_setup.bash
-- Up-to-date symlink: /opt/mybotshop/install/unitree_api/share/unitree_api/local_setup.sh
-- Up-to-date symlink: /opt/mybotshop/install/unitree_api/share/unitree_api/local_setup.zsh
-- Up-to-date symlink: /opt/mybotshop/install/unitree_api/share/unitree_api/local_setup.dsv
-- Symlinking: /opt/mybotshop/install/unitree_api/share/unitree_api/package.dsv
-- Up-to-date symlink: /opt/mybotshop/install/unitree_api/share/ament_index/resource_index/packages/unitree_api
-- Up-to-date symlink: /opt/mybotshop/install/unitree_api/share/unitree_api/cmake/rosidl_cmake-extras.cmake
-- Up-to-date symlink: /opt/mybotshop/install/unitree_api/share/unitree_api/cmake/ament_cmake_export_dependencies-extras.cmake
-- Up-to-date symlink: /opt/mybotshop/install/unitree_api/share/unitree_api/cmake/ament_cmake_export_libraries-extras.cmake
-- Up-to-date symlink: /opt/mybotshop/install/unitree_api/share/unitree_api/cmake/ament_cmake_export_targets-extras.cmake
-- Up-to-date symlink: /opt/mybotshop/install/unitree_api/share/unitree_api/cmake/ament_cmake_export_include_directories-extras.cmake
-- Up-to-date symlink: /opt/mybotshop/install/unitree_api/share/unitree_api/cmake/rosidl_cmake_export_typesupport_libraries-extras.cmake
-- Up-to-date symlink: /opt/mybotshop/install/unitree_api/share/unitree_api/cmake/rosidl_cmake_export_typesupport_targets-extras.cmake
-- Up-to-date symlink: /opt/mybotshop/install/unitree_api/share/unitree_api/cmake/unitree_apiConfig.cmake
-- Up-to-date symlink: /opt/mybotshop/install/unitree_api/share/unitree_api/cmake/unitree_apiConfig-version.cmake
-- Symlinking: /opt/mybotshop/install/unitree_api/share/unitree_api/package.xml
-- Installing: /opt/mybotshop/install/unitree_api/lib/libunitree_api__rosidl_generator_c.so
-- Set runtime path of "/opt/mybotshop/install/unitree_api/lib/libunitree_api__rosidl_generator_c.so" to ""
-- Installing: /opt/mybotshop/install/unitree_api/lib/libunitree_api__rosidl_typesupport_introspection_c.so
-- Set runtime path of "/opt/mybotshop/install/unitree_api/lib/libunitree_api__rosidl_typesupport_introspection_c.so" to ""
-- Installing: /opt/mybotshop/install/unitree_api/lib/libunitree_api__rosidl_typesupport_c.so
-- Set runtime path of "/opt/mybotshop/install/unitree_api/lib/libunitree_api__rosidl_typesupport_c.so" to ""
-- Installing: /opt/mybotshop/install/unitree_api/lib/libunitree_api__rosidl_typesupport_introspection_cpp.so
-- Set runtime path of "/opt/mybotshop/install/unitree_api/lib/libunitree_api__rosidl_typesupport_introspection_cpp.so" to ""
-- Installing: /opt/mybotshop/install/unitree_api/lib/libunitree_api__rosidl_typesupport_cpp.so
-- Set runtime path of "/opt/mybotshop/install/unitree_api/lib/libunitree_api__rosidl_typesupport_cpp.so" to ""
Compiling '/opt/mybotshop/install/unitree_api/lib/python3.8/site-packages/unitree_api/__init__.py'...
-- Installing: /opt/mybotshop/install/unitree_api/share/unitree_api/cmake/unitree_api__rosidl_generator_cExport.cmake
-- Installing: /opt/mybotshop/install/unitree_api/share/unitree_api/cmake/unitree_api__rosidl_generator_cExport-noconfig.cmake
-- Installing: /opt/mybotshop/install/unitree_api/share/unitree_api/cmake/unitree_api__rosidl_typesupport_introspection_cExport.cmake
-- Installing: /opt/mybotshop/install/unitree_api/share/unitree_api/cmake/unitree_api__rosidl_typesupport_introspection_cExport-noconfig.cmake
-- Installing: /opt/mybotshop/install/unitree_api/share/unitree_api/cmake/unitree_api__rosidl_typesupport_cExport.cmake
-- Installing: /opt/mybotshop/install/unitree_api/share/unitree_api/cmake/unitree_api__rosidl_typesupport_cExport-noconfig.cmake
-- Installing: /opt/mybotshop/install/unitree_api/share/unitree_api/cmake/unitree_api__rosidl_generator_cppExport.cmake
-- Installing: /opt/mybotshop/install/unitree_api/share/unitree_api/cmake/unitree_api__rosidl_typesupport_introspection_cppExport.cmake
-- Installing: /opt/mybotshop/install/unitree_api/share/unitree_api/cmake/unitree_api__rosidl_typesupport_introspection_cppExport-noconfig.cmake
-- Installing: /opt/mybotshop/install/unitree_api/share/unitree_api/cmake/unitree_api__rosidl_typesupport_cppExport.cmake
-- Installing: /opt/mybotshop/install/unitree_api/share/unitree_api/cmake/unitree_api__rosidl_typesupport_cppExport-noconfig.cmake
