[1.244s] Invoking command in '/opt/mybotshop/build/unitree_api': CMAKE_PREFIX_PATH=${CMAKE_PREFIX_PATH}:/opt/ros/foxy /usr/bin/cmake /opt/mybotshop/src/third_party/unitree/18Mar2025_unitree_ros2/cyclonedds_ws/src/unitree/unitree_api -DAMENT_CMAKE_SYMLINK_INSTALL=1 -DCMAKE_INSTALL_PREFIX=/opt/mybotshop/install/unitree_api
[1.632s] -- The C compiler identification is GNU 9.4.0
[1.868s] -- The CXX compiler identification is GNU 9.4.0
[1.885s] -- Check for working C compiler: /usr/bin/cc
[2.235s] -- Check for working C compiler: /usr/bin/cc -- works
[2.238s] -- Detecting C compiler ABI info
[2.579s] -- Detecting C compiler ABI info - done
[2.634s] -- Detecting C compile features
[2.634s] -- Detecting C compile features - done
[2.639s] -- Check for working CXX compiler: /usr/bin/c++
[3.027s] -- Check for working CXX compiler: /usr/bin/c++ -- works
[3.029s] -- Detecting CXX compiler ABI info
[3.358s] -- Detecting CXX compiler ABI info - done
[3.400s] -- Detecting CXX compile features
[3.428s] -- Detecting CXX compile features - done
[3.448s] -- Found ament_cmake: 0.9.12 (/opt/ros/foxy/share/ament_cmake/cmake)
[3.567s] -- Found PythonInterp: /usr/bin/python3 (found suitable version "3.8.10", minimum required is "3") 
[3.567s] -- Using PYTHON_EXECUTABLE: /usr/bin/python3
[4.195s] -- Override CMake install command with custom implementation using symlinks instead of copying resources
[4.279s] -- Found geometry_msgs: 2.0.5 (/opt/ros/foxy/share/geometry_msgs/cmake)
[4.376s] -- Using all available rosidl_typesupport_c: rosidl_typesupport_fastrtps_c;rosidl_typesupport_introspection_c
[4.395s] -- Found rosidl_adapter: 1.3.1 (/opt/ros/foxy/share/rosidl_adapter/cmake)
[4.831s] -- Found OpenSSL: /usr/lib/aarch64-linux-gnu/libcrypto.so (found version "1.1.1f")  
[4.946s] -- Found FastRTPS: /opt/ros/foxy/include  
[5.175s] -- Using all available rosidl_typesupport_cpp: rosidl_typesupport_fastrtps_cpp;rosidl_typesupport_introspection_cpp
[5.463s] -- Found rosidl_default_generators: 1.0.1 (/opt/ros/foxy/share/rosidl_default_generators/cmake)
[5.527s] -- Found rosidl_generator_dds_idl: 0.7.1 (/opt/ros/foxy/share/rosidl_generator_dds_idl/cmake)
[5.613s] -- Found PythonInterp: /usr/bin/python3 (found version "3.8.10") 
[6.320s] -- Found ament_cmake_ros: 0.9.2 (/opt/ros/foxy/share/ament_cmake_ros/cmake)
[7.217s] -- Using all available rosidl_typesupport_c: rosidl_typesupport_fastrtps_c;rosidl_typesupport_introspection_c
[7.760s] -- Using all available rosidl_typesupport_cpp: rosidl_typesupport_fastrtps_cpp;rosidl_typesupport_introspection_cpp
[7.902s] -- Found PythonInterp: /usr/bin/python3 (found suitable version "3.8.10", minimum required is "3.5") 
[7.906s] -- Found python_cmake_module: 0.8.1 (/opt/ros/foxy/share/python_cmake_module/cmake)
[8.056s] -- Found PythonLibs: /usr/lib/aarch64-linux-gnu/libpython3.8.so (found suitable version "3.8.10", minimum required is "3.5") 
[8.057s] -- Using PYTHON_EXECUTABLE: /usr/bin/python3
[8.058s] -- Using PYTHON_INCLUDE_DIRS: /usr/include/python3.8
[8.058s] -- Using PYTHON_LIBRARIES: /usr/lib/aarch64-linux-gnu/libpython3.8.so
[8.204s] -- Found PythonExtra: .so  
[8.690s] -- Found ament_lint_auto: 0.9.8 (/opt/ros/foxy/share/ament_lint_auto/cmake)
[8.797s] -- Added test 'copyright' to check source files copyright and LICENSE
[8.802s] -- Added test 'lint_cmake' to check CMake code style
[8.805s] -- Added test 'xmllint' to check XML markup files
[8.828s] -- Configuring done
[9.089s] -- Generating done
[9.105s] -- Build files have been written to: /opt/mybotshop/build/unitree_api
[9.205s] Invoked command in '/opt/mybotshop/build/unitree_api' returned '0': CMAKE_PREFIX_PATH=${CMAKE_PREFIX_PATH}:/opt/ros/foxy /usr/bin/cmake /opt/mybotshop/src/third_party/unitree/18Mar2025_unitree_ros2/cyclonedds_ws/src/unitree/unitree_api -DAMENT_CMAKE_SYMLINK_INSTALL=1 -DCMAKE_INSTALL_PREFIX=/opt/mybotshop/install/unitree_api
[9.206s] Invoking command in '/opt/mybotshop/build/unitree_api': CMAKE_PREFIX_PATH=${CMAKE_PREFIX_PATH}:/opt/ros/foxy /usr/bin/cmake --build /opt/mybotshop/build/unitree_api -- -j6 -l6
[9.555s] [35m[1mScanning dependencies of target unitree_api__cpp[0m
[9.642s] [  1%] [34m[1mGenerating C code for ROS interfaces[0m
[9.650s] [35m[1mScanning dependencies of target unitree_api__dds_connext_idl[0m
[9.676s] [  2%] [34m[1mGenerating C++ code for ROS interfaces[0m
[9.841s] [  3%] [34m[1mGenerating DDS interfaces[0m
[11.913s] [  3%] Built target unitree_api__dds_connext_idl
[15.297s] [  3%] Built target unitree_api__cpp
[17.451s] [35m[1mScanning dependencies of target unitree_api__rosidl_generator_c[0m
[17.549s] [  4%] [32mBuilding C object CMakeFiles/unitree_api__rosidl_generator_c.dir/rosidl_generator_c/unitree_api/msg/detail/request__functions.c.o[0m
[17.914s] [  5%] [32mBuilding C object CMakeFiles/unitree_api__rosidl_generator_c.dir/rosidl_generator_c/unitree_api/msg/detail/request_identity__functions.c.o[0m
[18.285s] [  6%] [32mBuilding C object CMakeFiles/unitree_api__rosidl_generator_c.dir/rosidl_generator_c/unitree_api/msg/detail/request_lease__functions.c.o[0m
[18.537s] [  7%] [32mBuilding C object CMakeFiles/unitree_api__rosidl_generator_c.dir/rosidl_generator_c/unitree_api/msg/detail/request_policy__functions.c.o[0m
[18.909s] [  9%] [32mBuilding C object CMakeFiles/unitree_api__rosidl_generator_c.dir/rosidl_generator_c/unitree_api/msg/detail/response__functions.c.o[0m
[19.315s] [ 10%] [32mBuilding C object CMakeFiles/unitree_api__rosidl_generator_c.dir/rosidl_generator_c/unitree_api/msg/detail/response_header__functions.c.o[0m
[19.682s] [ 11%] [32mBuilding C object CMakeFiles/unitree_api__rosidl_generator_c.dir/rosidl_generator_c/unitree_api/msg/detail/response_status__functions.c.o[0m
[20.017s] [ 12%] [32mBuilding C object CMakeFiles/unitree_api__rosidl_generator_c.dir/rosidl_generator_c/unitree_api/msg/detail/request_header__functions.c.o[0m
[20.355s] [ 13%] [32m[1mLinking C shared library libunitree_api__rosidl_generator_c.so[0m
[20.677s] [ 13%] Built target unitree_api__rosidl_generator_c
[20.768s] [ 14%] [34m[1mGenerating C++ type support for eProsima Fast-RTPS[0m
[23.215s] [35m[1mScanning dependencies of target unitree_api__rosidl_typesupport_fastrtps_cpp[0m
[23.392s] [ 15%] [32mBuilding CXX object CMakeFiles/unitree_api__rosidl_typesupport_fastrtps_cpp.dir/rosidl_typesupport_fastrtps_cpp/unitree_api/msg/detail/dds_fastrtps/request__type_support.cpp.o[0m
[25.241s] [ 17%] [32mBuilding CXX object CMakeFiles/unitree_api__rosidl_typesupport_fastrtps_cpp.dir/rosidl_typesupport_fastrtps_cpp/unitree_api/msg/detail/dds_fastrtps/request_header__type_support.cpp.o[0m
[26.793s] [ 18%] [32mBuilding CXX object CMakeFiles/unitree_api__rosidl_typesupport_fastrtps_cpp.dir/rosidl_typesupport_fastrtps_cpp/unitree_api/msg/detail/dds_fastrtps/request_identity__type_support.cpp.o[0m
[28.216s] [ 19%] [32mBuilding CXX object CMakeFiles/unitree_api__rosidl_typesupport_fastrtps_cpp.dir/rosidl_typesupport_fastrtps_cpp/unitree_api/msg/detail/dds_fastrtps/request_lease__type_support.cpp.o[0m
[30.037s] [ 20%] [32mBuilding CXX object CMakeFiles/unitree_api__rosidl_typesupport_fastrtps_cpp.dir/rosidl_typesupport_fastrtps_cpp/unitree_api/msg/detail/dds_fastrtps/request_policy__type_support.cpp.o[0m
[31.412s] [ 21%] [32mBuilding CXX object CMakeFiles/unitree_api__rosidl_typesupport_fastrtps_cpp.dir/rosidl_typesupport_fastrtps_cpp/unitree_api/msg/detail/dds_fastrtps/response__type_support.cpp.o[0m
[32.959s] [ 22%] [32mBuilding CXX object CMakeFiles/unitree_api__rosidl_typesupport_fastrtps_cpp.dir/rosidl_typesupport_fastrtps_cpp/unitree_api/msg/detail/dds_fastrtps/response_header__type_support.cpp.o[0m
[34.247s] [ 23%] [32mBuilding CXX object CMakeFiles/unitree_api__rosidl_typesupport_fastrtps_cpp.dir/rosidl_typesupport_fastrtps_cpp/unitree_api/msg/detail/dds_fastrtps/response_status__type_support.cpp.o[0m
[35.497s] [ 25%] [32m[1mLinking CXX shared library libunitree_api__rosidl_typesupport_fastrtps_cpp.so[0m
[35.876s] [ 25%] Built target unitree_api__rosidl_typesupport_fastrtps_cpp
[35.923s] [ 26%] [34m[1mGenerating C introspection for ROS interfaces[0m
[38.256s] [35m[1mScanning dependencies of target unitree_api__rosidl_typesupport_introspection_c[0m
[38.420s] [ 27%] [32mBuilding C object CMakeFiles/unitree_api__rosidl_typesupport_introspection_c.dir/rosidl_typesupport_introspection_c/unitree_api/msg/detail/request__type_support.c.o[0m
[38.660s] [ 28%] [32mBuilding C object CMakeFiles/unitree_api__rosidl_typesupport_introspection_c.dir/rosidl_typesupport_introspection_c/unitree_api/msg/detail/request_header__type_support.c.o[0m
[38.936s] [ 29%] [32mBuilding C object CMakeFiles/unitree_api__rosidl_typesupport_introspection_c.dir/rosidl_typesupport_introspection_c/unitree_api/msg/detail/request_identity__type_support.c.o[0m
[39.183s] [ 30%] [32mBuilding C object CMakeFiles/unitree_api__rosidl_typesupport_introspection_c.dir/rosidl_typesupport_introspection_c/unitree_api/msg/detail/request_lease__type_support.c.o[0m
[39.452s] [ 31%] [32mBuilding C object CMakeFiles/unitree_api__rosidl_typesupport_introspection_c.dir/rosidl_typesupport_introspection_c/unitree_api/msg/detail/request_policy__type_support.c.o[0m
[39.762s] [ 32%] [32mBuilding C object CMakeFiles/unitree_api__rosidl_typesupport_introspection_c.dir/rosidl_typesupport_introspection_c/unitree_api/msg/detail/response__type_support.c.o[0m
[40.192s] [ 34%] [32mBuilding C object CMakeFiles/unitree_api__rosidl_typesupport_introspection_c.dir/rosidl_typesupport_introspection_c/unitree_api/msg/detail/response_header__type_support.c.o[0m
[40.541s] [ 35%] [32mBuilding C object CMakeFiles/unitree_api__rosidl_typesupport_introspection_c.dir/rosidl_typesupport_introspection_c/unitree_api/msg/detail/response_status__type_support.c.o[0m
[40.994s] [ 36%] [32m[1mLinking C shared library libunitree_api__rosidl_typesupport_introspection_c.so[0m
[41.209s] [ 36%] Built target unitree_api__rosidl_typesupport_introspection_c
[41.355s] [ 37%] [34m[1mGenerating C type support for eProsima Fast-RTPS[0m
[45.200s] [35m[1mScanning dependencies of target unitree_api__rosidl_typesupport_fastrtps_c[0m
[45.299s] [ 38%] [32mBuilding CXX object CMakeFiles/unitree_api__rosidl_typesupport_fastrtps_c.dir/rosidl_typesupport_fastrtps_c/unitree_api/msg/detail/request__type_support_c.cpp.o[0m
[46.517s] [ 39%] [32mBuilding CXX object CMakeFiles/unitree_api__rosidl_typesupport_fastrtps_c.dir/rosidl_typesupport_fastrtps_c/unitree_api/msg/detail/request_identity__type_support_c.cpp.o[0m
[47.845s] [ 40%] [32mBuilding CXX object CMakeFiles/unitree_api__rosidl_typesupport_fastrtps_c.dir/rosidl_typesupport_fastrtps_c/unitree_api/msg/detail/request_lease__type_support_c.cpp.o[0m
[49.159s] [ 42%] [32mBuilding CXX object CMakeFiles/unitree_api__rosidl_typesupport_fastrtps_c.dir/rosidl_typesupport_fastrtps_c/unitree_api/msg/detail/request_policy__type_support_c.cpp.o[0m
[50.240s] [ 43%] [32mBuilding CXX object CMakeFiles/unitree_api__rosidl_typesupport_fastrtps_c.dir/rosidl_typesupport_fastrtps_c/unitree_api/msg/detail/response__type_support_c.cpp.o[0m
[51.610s] [ 44%] [32mBuilding CXX object CMakeFiles/unitree_api__rosidl_typesupport_fastrtps_c.dir/rosidl_typesupport_fastrtps_c/unitree_api/msg/detail/response_header__type_support_c.cpp.o[0m
[52.929s] [ 45%] [32mBuilding CXX object CMakeFiles/unitree_api__rosidl_typesupport_fastrtps_c.dir/rosidl_typesupport_fastrtps_c/unitree_api/msg/detail/response_status__type_support_c.cpp.o[0m
[54.211s] [ 46%] [32mBuilding CXX object CMakeFiles/unitree_api__rosidl_typesupport_fastrtps_c.dir/rosidl_typesupport_fastrtps_c/unitree_api/msg/detail/request_header__type_support_c.cpp.o[0m
[55.566s] [ 47%] [32m[1mLinking CXX shared library libunitree_api__rosidl_typesupport_fastrtps_c.so[0m
[55.980s] [ 47%] Built target unitree_api__rosidl_typesupport_fastrtps_c
[56.064s] [ 48%] [34m[1mGenerating C type support dispatch for ROS interfaces[0m
[57.028s] [35m[1mScanning dependencies of target unitree_api__rosidl_typesupport_c[0m
[57.122s] [ 50%] [32mBuilding CXX object CMakeFiles/unitree_api__rosidl_typesupport_c.dir/rosidl_typesupport_c/unitree_api/msg/request__type_support.cpp.o[0m
[57.257s] [ 51%] [32mBuilding CXX object CMakeFiles/unitree_api__rosidl_typesupport_c.dir/rosidl_typesupport_c/unitree_api/msg/request_lease__type_support.cpp.o[0m
[57.383s] [ 52%] [32mBuilding CXX object CMakeFiles/unitree_api__rosidl_typesupport_c.dir/rosidl_typesupport_c/unitree_api/msg/request_policy__type_support.cpp.o[0m
[57.541s] [ 53%] [32mBuilding CXX object CMakeFiles/unitree_api__rosidl_typesupport_c.dir/rosidl_typesupport_c/unitree_api/msg/response__type_support.cpp.o[0m
[57.750s] [ 54%] [32mBuilding CXX object CMakeFiles/unitree_api__rosidl_typesupport_c.dir/rosidl_typesupport_c/unitree_api/msg/response_header__type_support.cpp.o[0m
[57.917s] [ 55%] [32mBuilding CXX object CMakeFiles/unitree_api__rosidl_typesupport_c.dir/rosidl_typesupport_c/unitree_api/msg/response_status__type_support.cpp.o[0m
[58.116s] [ 56%] [32mBuilding CXX object CMakeFiles/unitree_api__rosidl_typesupport_c.dir/rosidl_typesupport_c/unitree_api/msg/request_identity__type_support.cpp.o[0m
[58.284s] [ 57%] [32mBuilding CXX object CMakeFiles/unitree_api__rosidl_typesupport_c.dir/rosidl_typesupport_c/unitree_api/msg/request_header__type_support.cpp.o[0m
[58.447s] [ 59%] [32m[1mLinking CXX shared library libunitree_api__rosidl_typesupport_c.so[0m
[58.641s] [ 59%] Built target unitree_api__rosidl_typesupport_c
[58.722s] [ 60%] [34m[1mGenerating C++ type support dispatch for ROS interfaces[0m
[60.281s] [35m[1mScanning dependencies of target unitree_api__rosidl_typesupport_cpp[0m
[60.411s] [ 61%] [32mBuilding CXX object CMakeFiles/unitree_api__rosidl_typesupport_cpp.dir/rosidl_typesupport_cpp/unitree_api/msg/request__type_support.cpp.o[0m
[61.643s] [ 62%] [32mBuilding CXX object CMakeFiles/unitree_api__rosidl_typesupport_cpp.dir/rosidl_typesupport_cpp/unitree_api/msg/request_policy__type_support.cpp.o[0m
[62.872s] [ 63%] [32mBuilding CXX object CMakeFiles/unitree_api__rosidl_typesupport_cpp.dir/rosidl_typesupport_cpp/unitree_api/msg/response__type_support.cpp.o[0m
[64.018s] [ 64%] [32mBuilding CXX object CMakeFiles/unitree_api__rosidl_typesupport_cpp.dir/rosidl_typesupport_cpp/unitree_api/msg/response_header__type_support.cpp.o[0m
[65.036s] [ 65%] [32mBuilding CXX object CMakeFiles/unitree_api__rosidl_typesupport_cpp.dir/rosidl_typesupport_cpp/unitree_api/msg/response_status__type_support.cpp.o[0m
[66.081s] [ 67%] [32mBuilding CXX object CMakeFiles/unitree_api__rosidl_typesupport_cpp.dir/rosidl_typesupport_cpp/unitree_api/msg/request_lease__type_support.cpp.o[0m
[67.352s] [ 68%] [32mBuilding CXX object CMakeFiles/unitree_api__rosidl_typesupport_cpp.dir/rosidl_typesupport_cpp/unitree_api/msg/request_identity__type_support.cpp.o[0m
[68.688s] [ 69%] [32mBuilding CXX object CMakeFiles/unitree_api__rosidl_typesupport_cpp.dir/rosidl_typesupport_cpp/unitree_api/msg/request_header__type_support.cpp.o[0m
[69.919s] [ 70%] [32m[1mLinking CXX shared library libunitree_api__rosidl_typesupport_cpp.so[0m
[70.152s] [ 70%] Built target unitree_api__rosidl_typesupport_cpp
[70.253s] [ 71%] [34m[1mGenerating C++ introspection for ROS interfaces[0m
[72.348s] [35m[1mScanning dependencies of target unitree_api__rosidl_typesupport_introspection_cpp[0m
[72.473s] [ 72%] [32mBuilding CXX object CMakeFiles/unitree_api__rosidl_typesupport_introspection_cpp.dir/rosidl_typesupport_introspection_cpp/unitree_api/msg/detail/request__type_support.cpp.o[0m
[73.921s] [ 73%] [32mBuilding CXX object CMakeFiles/unitree_api__rosidl_typesupport_introspection_cpp.dir/rosidl_typesupport_introspection_cpp/unitree_api/msg/detail/response__type_support.cpp.o[0m
[75.437s] [ 75%] [32mBuilding CXX object CMakeFiles/unitree_api__rosidl_typesupport_introspection_cpp.dir/rosidl_typesupport_introspection_cpp/unitree_api/msg/detail/response_header__type_support.cpp.o[0m
[76.615s] [ 76%] [32mBuilding CXX object CMakeFiles/unitree_api__rosidl_typesupport_introspection_cpp.dir/rosidl_typesupport_introspection_cpp/unitree_api/msg/detail/response_status__type_support.cpp.o[0m
[77.794s] [ 77%] [32mBuilding CXX object CMakeFiles/unitree_api__rosidl_typesupport_introspection_cpp.dir/rosidl_typesupport_introspection_cpp/unitree_api/msg/detail/request_policy__type_support.cpp.o[0m
[78.903s] [ 78%] [32mBuilding CXX object CMakeFiles/unitree_api__rosidl_typesupport_introspection_cpp.dir/rosidl_typesupport_introspection_cpp/unitree_api/msg/detail/request_lease__type_support.cpp.o[0m
[80.344s] [ 79%] [32mBuilding CXX object CMakeFiles/unitree_api__rosidl_typesupport_introspection_cpp.dir/rosidl_typesupport_introspection_cpp/unitree_api/msg/detail/request_identity__type_support.cpp.o[0m
[81.556s] [ 80%] [32mBuilding CXX object CMakeFiles/unitree_api__rosidl_typesupport_introspection_cpp.dir/rosidl_typesupport_introspection_cpp/unitree_api/msg/detail/request_header__type_support.cpp.o[0m
[82.959s] [ 81%] [32m[1mLinking CXX shared library libunitree_api__rosidl_typesupport_introspection_cpp.so[0m
[83.300s] [ 81%] Built target unitree_api__rosidl_typesupport_introspection_cpp
[83.348s] [35m[1mScanning dependencies of target unitree_api[0m
[83.401s] [ 81%] Built target unitree_api
[83.459s] [35m[1mScanning dependencies of target unitree_api__py[0m
[83.550s] [ 82%] [34m[1mGenerating Python code for ROS interfaces[0m
[90.547s] [ 82%] Built target unitree_api__py
[90.600s] [35m[1mScanning dependencies of target unitree_api__python[0m
[90.764s] [ 84%] [32mBuilding C object CMakeFiles/unitree_api__python.dir/rosidl_generator_py/unitree_api/msg/_request_s.c.o[0m
[91.066s] [ 85%] [32mBuilding C object CMakeFiles/unitree_api__python.dir/rosidl_generator_py/unitree_api/msg/_response_s.c.o[0m
[91.409s] [ 86%] [32mBuilding C object CMakeFiles/unitree_api__python.dir/rosidl_generator_py/unitree_api/msg/_response_header_s.c.o[0m
[91.794s] [ 87%] [32mBuilding C object CMakeFiles/unitree_api__python.dir/rosidl_generator_py/unitree_api/msg/_response_status_s.c.o[0m
[92.157s] [ 88%] [32mBuilding C object CMakeFiles/unitree_api__python.dir/rosidl_generator_py/unitree_api/msg/_request_policy_s.c.o[0m
[92.489s] [ 89%] [32mBuilding C object CMakeFiles/unitree_api__python.dir/rosidl_generator_py/unitree_api/msg/_request_lease_s.c.o[0m
[92.824s] [ 90%] [32mBuilding C object CMakeFiles/unitree_api__python.dir/rosidl_generator_py/unitree_api/msg/_request_identity_s.c.o[0m
[93.066s] [ 92%] [32mBuilding C object CMakeFiles/unitree_api__python.dir/rosidl_generator_py/unitree_api/msg/_request_header_s.c.o[0m
[93.399s] [ 93%] [32m[1mLinking C shared library rosidl_generator_py/unitree_api/libunitree_api__python.so[0m
[93.610s] [ 93%] Built target unitree_api__python
[93.656s] [35m[1mScanning dependencies of target unitree_api__rosidl_typesupport_introspection_c__pyext[0m
[93.776s] [ 94%] [32mBuilding C object CMakeFiles/unitree_api__rosidl_typesupport_introspection_c__pyext.dir/rosidl_generator_py/unitree_api/_unitree_api_s.ep.rosidl_typesupport_introspection_c.c.o[0m
[94.078s] [ 95%] [32m[1mLinking C shared library rosidl_generator_py/unitree_api/unitree_api_s__rosidl_typesupport_introspection_c.cpython-38-aarch64-linux-gnu.so[0m
[94.268s] [ 95%] Built target unitree_api__rosidl_typesupport_introspection_c__pyext
[94.336s] [35m[1mScanning dependencies of target unitree_api__rosidl_typesupport_fastrtps_c__pyext[0m
[94.463s] [ 96%] [32mBuilding C object CMakeFiles/unitree_api__rosidl_typesupport_fastrtps_c__pyext.dir/rosidl_generator_py/unitree_api/_unitree_api_s.ep.rosidl_typesupport_fastrtps_c.c.o[0m
[94.862s] [ 97%] [32m[1mLinking CXX shared library rosidl_generator_py/unitree_api/unitree_api_s__rosidl_typesupport_fastrtps_c.cpython-38-aarch64-linux-gnu.so[0m
[95.216s] [ 97%] Built target unitree_api__rosidl_typesupport_fastrtps_c__pyext
[95.279s] [35m[1mScanning dependencies of target unitree_api__rosidl_typesupport_c__pyext[0m
[95.387s] [ 98%] [32mBuilding C object CMakeFiles/unitree_api__rosidl_typesupport_c__pyext.dir/rosidl_generator_py/unitree_api/_unitree_api_s.ep.rosidl_typesupport_c.c.o[0m
[95.712s] [100%] [32m[1mLinking C shared library rosidl_generator_py/unitree_api/unitree_api_s__rosidl_typesupport_c.cpython-38-aarch64-linux-gnu.so[0m
[95.911s] [100%] Built target unitree_api__rosidl_typesupport_c__pyext
[96.023s] Invoked command in '/opt/mybotshop/build/unitree_api' returned '0': CMAKE_PREFIX_PATH=${CMAKE_PREFIX_PATH}:/opt/ros/foxy /usr/bin/cmake --build /opt/mybotshop/build/unitree_api -- -j6 -l6
[98.196s] Invoking command in '/opt/mybotshop/build/unitree_api': CMAKE_PREFIX_PATH=${CMAKE_PREFIX_PATH}:/opt/ros/foxy /usr/bin/cmake --install /opt/mybotshop/build/unitree_api
[98.245s] -- Install configuration: ""
[98.249s] -- Execute custom install script
[98.250s] -- Up-to-date symlink: /opt/mybotshop/install/unitree_api/share/ament_index/resource_index/rosidl_interfaces/unitree_api
[98.254s] -- Up-to-date symlink: /opt/mybotshop/install/unitree_api/include/unitree_api/msg/detail/request__functions.h
[98.254s] -- Up-to-date symlink: /opt/mybotshop/install/unitree_api/include/unitree_api/msg/detail/request__struct.h
[98.255s] -- Up-to-date symlink: /opt/mybotshop/install/unitree_api/include/unitree_api/msg/detail/request__type_support.h
[98.255s] -- Up-to-date symlink: /opt/mybotshop/install/unitree_api/include/unitree_api/msg/detail/request_header__functions.h
[98.255s] -- Up-to-date symlink: /opt/mybotshop/install/unitree_api/include/unitree_api/msg/detail/request_header__struct.h
[98.255s] -- Up-to-date symlink: /opt/mybotshop/install/unitree_api/include/unitree_api/msg/detail/request_header__type_support.h
[98.256s] -- Up-to-date symlink: /opt/mybotshop/install/unitree_api/include/unitree_api/msg/detail/request_identity__functions.h
[98.256s] -- Up-to-date symlink: /opt/mybotshop/install/unitree_api/include/unitree_api/msg/detail/request_identity__struct.h
[98.257s] -- Up-to-date symlink: /opt/mybotshop/install/unitree_api/include/unitree_api/msg/detail/request_identity__type_support.h
[98.259s] -- Up-to-date symlink: /opt/mybotshop/install/unitree_api/include/unitree_api/msg/detail/request_lease__functions.h
[98.261s] -- Up-to-date symlink: /opt/mybotshop/install/unitree_api/include/unitree_api/msg/detail/request_lease__struct.h
[98.262s] -- Up-to-date symlink: /opt/mybotshop/install/unitree_api/include/unitree_api/msg/detail/request_lease__type_support.h
[98.264s] -- Up-to-date symlink: /opt/mybotshop/install/unitree_api/include/unitree_api/msg/detail/request_policy__functions.h
[98.265s] -- Up-to-date symlink: /opt/mybotshop/install/unitree_api/include/unitree_api/msg/detail/request_policy__struct.h
[98.266s] -- Up-to-date symlink: /opt/mybotshop/install/unitree_api/include/unitree_api/msg/detail/request_policy__type_support.h
[98.267s] -- Up-to-date symlink: /opt/mybotshop/install/unitree_api/include/unitree_api/msg/detail/response__functions.h
[98.268s] -- Up-to-date symlink: /opt/mybotshop/install/unitree_api/include/unitree_api/msg/detail/response__struct.h
[98.269s] -- Up-to-date symlink: /opt/mybotshop/install/unitree_api/include/unitree_api/msg/detail/response__type_support.h
[98.276s] -- Up-to-date symlink: /opt/mybotshop/install/unitree_api/include/unitree_api/msg/detail/response_header__functions.h
[98.278s] -- Up-to-date symlink: /opt/mybotshop/install/unitree_api/include/unitree_api/msg/detail/response_header__struct.h
[98.284s] -- Up-to-date symlink: /opt/mybotshop/install/unitree_api/include/unitree_api/msg/detail/response_header__type_support.h
[98.286s] -- Up-to-date symlink: /opt/mybotshop/install/unitree_api/include/unitree_api/msg/detail/response_status__functions.h
[98.287s] -- Up-to-date symlink: /opt/mybotshop/install/unitree_api/include/unitree_api/msg/detail/response_status__struct.h
[98.288s] -- Up-to-date symlink: /opt/mybotshop/install/unitree_api/include/unitree_api/msg/detail/response_status__type_support.h
[98.296s] -- Up-to-date symlink: /opt/mybotshop/install/unitree_api/include/unitree_api/msg/request.h
[98.298s] -- Up-to-date symlink: /opt/mybotshop/install/unitree_api/include/unitree_api/msg/request_header.h
[98.299s] -- Up-to-date symlink: /opt/mybotshop/install/unitree_api/include/unitree_api/msg/request_identity.h
[98.300s] -- Up-to-date symlink: /opt/mybotshop/install/unitree_api/include/unitree_api/msg/request_lease.h
[98.301s] -- Up-to-date symlink: /opt/mybotshop/install/unitree_api/include/unitree_api/msg/request_policy.h
[98.308s] -- Up-to-date symlink: /opt/mybotshop/install/unitree_api/include/unitree_api/msg/response.h
[98.310s] -- Up-to-date symlink: /opt/mybotshop/install/unitree_api/include/unitree_api/msg/response_header.h
[98.311s] -- Up-to-date symlink: /opt/mybotshop/install/unitree_api/include/unitree_api/msg/response_status.h
[98.313s] -- Up-to-date symlink: /opt/mybotshop/install/unitree_api/include/unitree_api/msg/rosidl_generator_c__visibility_control.h
[98.316s] -- Up-to-date symlink: /opt/mybotshop/install/unitree_api/share/unitree_api/environment/library_path.sh
[98.321s] -- Up-to-date symlink: /opt/mybotshop/install/unitree_api/share/unitree_api/environment/library_path.dsv
[98.333s] -- Up-to-date symlink: /opt/mybotshop/install/unitree_api/include/unitree_api/msg/detail/request__rosidl_typesupport_fastrtps_c.h
[98.333s] -- Up-to-date symlink: /opt/mybotshop/install/unitree_api/include/unitree_api/msg/detail/request_header__rosidl_typesupport_fastrtps_c.h
[98.333s] -- Up-to-date symlink: /opt/mybotshop/install/unitree_api/include/unitree_api/msg/detail/request_identity__rosidl_typesupport_fastrtps_c.h
[98.334s] -- Up-to-date symlink: /opt/mybotshop/install/unitree_api/include/unitree_api/msg/detail/request_lease__rosidl_typesupport_fastrtps_c.h
[98.334s] -- Up-to-date symlink: /opt/mybotshop/install/unitree_api/include/unitree_api/msg/detail/request_policy__rosidl_typesupport_fastrtps_c.h
[98.334s] -- Up-to-date symlink: /opt/mybotshop/install/unitree_api/include/unitree_api/msg/detail/response__rosidl_typesupport_fastrtps_c.h
[98.340s] -- Up-to-date symlink: /opt/mybotshop/install/unitree_api/include/unitree_api/msg/detail/response_header__rosidl_typesupport_fastrtps_c.h
[98.341s] -- Up-to-date symlink: /opt/mybotshop/install/unitree_api/include/unitree_api/msg/detail/response_status__rosidl_typesupport_fastrtps_c.h
[98.341s] -- Up-to-date symlink: /opt/mybotshop/install/unitree_api/include/unitree_api/msg/rosidl_typesupport_fastrtps_c__visibility_control.h
[98.346s] -- Up-to-date symlink: /opt/mybotshop/install/unitree_api/lib/libunitree_api__rosidl_typesupport_fastrtps_c.so
[98.350s] -- Up-to-date symlink: /opt/mybotshop/install/unitree_api/include/unitree_api/msg/detail/request__rosidl_typesupport_fastrtps_cpp.hpp
[98.350s] -- Up-to-date symlink: /opt/mybotshop/install/unitree_api/include/unitree_api/msg/detail/request_header__rosidl_typesupport_fastrtps_cpp.hpp
[98.351s] -- Up-to-date symlink: /opt/mybotshop/install/unitree_api/include/unitree_api/msg/detail/request_identity__rosidl_typesupport_fastrtps_cpp.hpp
[98.351s] -- Up-to-date symlink: /opt/mybotshop/install/unitree_api/include/unitree_api/msg/detail/request_lease__rosidl_typesupport_fastrtps_cpp.hpp
[98.351s] -- Up-to-date symlink: /opt/mybotshop/install/unitree_api/include/unitree_api/msg/detail/request_policy__rosidl_typesupport_fastrtps_cpp.hpp
[98.351s] -- Up-to-date symlink: /opt/mybotshop/install/unitree_api/include/unitree_api/msg/detail/response__rosidl_typesupport_fastrtps_cpp.hpp
[98.352s] -- Up-to-date symlink: /opt/mybotshop/install/unitree_api/include/unitree_api/msg/detail/response_header__rosidl_typesupport_fastrtps_cpp.hpp
[98.352s] -- Up-to-date symlink: /opt/mybotshop/install/unitree_api/include/unitree_api/msg/detail/response_status__rosidl_typesupport_fastrtps_cpp.hpp
[98.352s] -- Up-to-date symlink: /opt/mybotshop/install/unitree_api/include/unitree_api/msg/rosidl_typesupport_fastrtps_cpp__visibility_control.h
[98.353s] -- Up-to-date symlink: /opt/mybotshop/install/unitree_api/lib/libunitree_api__rosidl_typesupport_fastrtps_cpp.so
[98.353s] -- Up-to-date symlink: /opt/mybotshop/install/unitree_api/include/unitree_api/msg/detail/request__rosidl_typesupport_introspection_c.h
[98.353s] -- Up-to-date symlink: /opt/mybotshop/install/unitree_api/include/unitree_api/msg/detail/request_header__rosidl_typesupport_introspection_c.h
[98.353s] -- Up-to-date symlink: /opt/mybotshop/install/unitree_api/include/unitree_api/msg/detail/request_identity__rosidl_typesupport_introspection_c.h
[98.353s] -- Up-to-date symlink: /opt/mybotshop/install/unitree_api/include/unitree_api/msg/detail/request_lease__rosidl_typesupport_introspection_c.h
[98.353s] -- Up-to-date symlink: /opt/mybotshop/install/unitree_api/include/unitree_api/msg/detail/request_policy__rosidl_typesupport_introspection_c.h
[98.353s] -- Up-to-date symlink: /opt/mybotshop/install/unitree_api/include/unitree_api/msg/detail/response__rosidl_typesupport_introspection_c.h
[98.353s] -- Up-to-date symlink: /opt/mybotshop/install/unitree_api/include/unitree_api/msg/detail/response_header__rosidl_typesupport_introspection_c.h
[98.354s] -- Up-to-date symlink: /opt/mybotshop/install/unitree_api/include/unitree_api/msg/detail/response_status__rosidl_typesupport_introspection_c.h
[98.354s] -- Up-to-date symlink: /opt/mybotshop/install/unitree_api/include/unitree_api/msg/rosidl_typesupport_introspection_c__visibility_control.h
[98.367s] -- Up-to-date symlink: /opt/mybotshop/install/unitree_api/include/unitree_api/msg/detail/request__builder.hpp
[98.367s] -- Up-to-date symlink: /opt/mybotshop/install/unitree_api/include/unitree_api/msg/detail/request__struct.hpp
[98.367s] -- Up-to-date symlink: /opt/mybotshop/install/unitree_api/include/unitree_api/msg/detail/request__traits.hpp
[98.368s] -- Up-to-date symlink: /opt/mybotshop/install/unitree_api/include/unitree_api/msg/detail/request__type_support.hpp
[98.368s] -- Up-to-date symlink: /opt/mybotshop/install/unitree_api/include/unitree_api/msg/detail/request_header__builder.hpp
[98.368s] -- Up-to-date symlink: /opt/mybotshop/install/unitree_api/include/unitree_api/msg/detail/request_header__struct.hpp
[98.368s] -- Up-to-date symlink: /opt/mybotshop/install/unitree_api/include/unitree_api/msg/detail/request_header__traits.hpp
[98.368s] -- Up-to-date symlink: /opt/mybotshop/install/unitree_api/include/unitree_api/msg/detail/request_header__type_support.hpp
[98.369s] -- Up-to-date symlink: /opt/mybotshop/install/unitree_api/include/unitree_api/msg/detail/request_identity__builder.hpp
[98.369s] -- Up-to-date symlink: /opt/mybotshop/install/unitree_api/include/unitree_api/msg/detail/request_identity__struct.hpp
[98.370s] -- Up-to-date symlink: /opt/mybotshop/install/unitree_api/include/unitree_api/msg/detail/request_identity__traits.hpp
[98.370s] -- Up-to-date symlink: /opt/mybotshop/install/unitree_api/include/unitree_api/msg/detail/request_identity__type_support.hpp
[98.370s] -- Up-to-date symlink: /opt/mybotshop/install/unitree_api/include/unitree_api/msg/detail/request_lease__builder.hpp
[98.370s] -- Up-to-date symlink: /opt/mybotshop/install/unitree_api/include/unitree_api/msg/detail/request_lease__struct.hpp
[98.371s] -- Up-to-date symlink: /opt/mybotshop/install/unitree_api/include/unitree_api/msg/detail/request_lease__traits.hpp
[98.372s] -- Up-to-date symlink: /opt/mybotshop/install/unitree_api/include/unitree_api/msg/detail/request_lease__type_support.hpp
[98.372s] -- Up-to-date symlink: /opt/mybotshop/install/unitree_api/include/unitree_api/msg/detail/request_policy__builder.hpp
[98.381s] -- Up-to-date symlink: /opt/mybotshop/install/unitree_api/include/unitree_api/msg/detail/request_policy__struct.hpp
[98.381s] -- Up-to-date symlink: /opt/mybotshop/install/unitree_api/include/unitree_api/msg/detail/request_policy__traits.hpp
[98.382s] -- Up-to-date symlink: /opt/mybotshop/install/unitree_api/include/unitree_api/msg/detail/request_policy__type_support.hpp
[98.382s] -- Up-to-date symlink: /opt/mybotshop/install/unitree_api/include/unitree_api/msg/detail/response__builder.hpp
[98.382s] -- Up-to-date symlink: /opt/mybotshop/install/unitree_api/include/unitree_api/msg/detail/response__struct.hpp
[98.382s] -- Up-to-date symlink: /opt/mybotshop/install/unitree_api/include/unitree_api/msg/detail/response__traits.hpp
[98.383s] -- Up-to-date symlink: /opt/mybotshop/install/unitree_api/include/unitree_api/msg/detail/response__type_support.hpp
[98.384s] -- Up-to-date symlink: /opt/mybotshop/install/unitree_api/include/unitree_api/msg/detail/response_header__builder.hpp
[98.384s] -- Up-to-date symlink: /opt/mybotshop/install/unitree_api/include/unitree_api/msg/detail/response_header__struct.hpp
[98.384s] -- Up-to-date symlink: /opt/mybotshop/install/unitree_api/include/unitree_api/msg/detail/response_header__traits.hpp
[98.384s] -- Up-to-date symlink: /opt/mybotshop/install/unitree_api/include/unitree_api/msg/detail/response_header__type_support.hpp
[98.394s] -- Up-to-date symlink: /opt/mybotshop/install/unitree_api/include/unitree_api/msg/detail/response_status__builder.hpp
[98.394s] -- Up-to-date symlink: /opt/mybotshop/install/unitree_api/include/unitree_api/msg/detail/response_status__struct.hpp
[98.394s] -- Up-to-date symlink: /opt/mybotshop/install/unitree_api/include/unitree_api/msg/detail/response_status__traits.hpp
[98.394s] -- Up-to-date symlink: /opt/mybotshop/install/unitree_api/include/unitree_api/msg/detail/response_status__type_support.hpp
[98.395s] -- Up-to-date symlink: /opt/mybotshop/install/unitree_api/include/unitree_api/msg/request.hpp
[98.395s] -- Up-to-date symlink: /opt/mybotshop/install/unitree_api/include/unitree_api/msg/request_header.hpp
[98.395s] -- Up-to-date symlink: /opt/mybotshop/install/unitree_api/include/unitree_api/msg/request_identity.hpp
[98.395s] -- Up-to-date symlink: /opt/mybotshop/install/unitree_api/include/unitree_api/msg/request_lease.hpp
[98.395s] -- Up-to-date symlink: /opt/mybotshop/install/unitree_api/include/unitree_api/msg/request_policy.hpp
[98.395s] -- Up-to-date symlink: /opt/mybotshop/install/unitree_api/include/unitree_api/msg/response.hpp
[98.396s] -- Up-to-date symlink: /opt/mybotshop/install/unitree_api/include/unitree_api/msg/response_header.hpp
[98.396s] -- Up-to-date symlink: /opt/mybotshop/install/unitree_api/include/unitree_api/msg/response_status.hpp
[98.396s] -- Up-to-date symlink: /opt/mybotshop/install/unitree_api/include/unitree_api/msg/rosidl_generator_cpp__visibility_control.hpp
[98.399s] -- Up-to-date symlink: /opt/mybotshop/install/unitree_api/include/unitree_api/msg/detail/request__rosidl_typesupport_introspection_cpp.hpp
[98.400s] -- Up-to-date symlink: /opt/mybotshop/install/unitree_api/include/unitree_api/msg/detail/request_header__rosidl_typesupport_introspection_cpp.hpp
[98.400s] -- Up-to-date symlink: /opt/mybotshop/install/unitree_api/include/unitree_api/msg/detail/request_identity__rosidl_typesupport_introspection_cpp.hpp
[98.400s] -- Up-to-date symlink: /opt/mybotshop/install/unitree_api/include/unitree_api/msg/detail/request_lease__rosidl_typesupport_introspection_cpp.hpp
[98.400s] -- Up-to-date symlink: /opt/mybotshop/install/unitree_api/include/unitree_api/msg/detail/request_policy__rosidl_typesupport_introspection_cpp.hpp
[98.401s] -- Up-to-date symlink: /opt/mybotshop/install/unitree_api/include/unitree_api/msg/detail/response__rosidl_typesupport_introspection_cpp.hpp
[98.401s] -- Up-to-date symlink: /opt/mybotshop/install/unitree_api/include/unitree_api/msg/detail/response_header__rosidl_typesupport_introspection_cpp.hpp
[98.401s] -- Up-to-date symlink: /opt/mybotshop/install/unitree_api/include/unitree_api/msg/detail/response_status__rosidl_typesupport_introspection_cpp.hpp
[98.402s] -- Up-to-date symlink: /opt/mybotshop/install/unitree_api/share/unitree_api/environment/pythonpath.sh
[98.402s] -- Up-to-date symlink: /opt/mybotshop/install/unitree_api/share/unitree_api/environment/pythonpath.dsv
[98.403s] -- Up-to-date symlink: /opt/mybotshop/install/unitree_api/lib/python3.8/site-packages/unitree_api/__init__.py
[98.404s] -- Up-to-date symlink: /opt/mybotshop/install/unitree_api/lib/python3.8/site-packages/unitree_api/msg/__init__.py
[98.408s] -- Up-to-date symlink: /opt/mybotshop/install/unitree_api/lib/python3.8/site-packages/unitree_api/msg/_request.py
[98.409s] -- Up-to-date symlink: /opt/mybotshop/install/unitree_api/lib/python3.8/site-packages/unitree_api/msg/_request_header.py
[98.409s] -- Up-to-date symlink: /opt/mybotshop/install/unitree_api/lib/python3.8/site-packages/unitree_api/msg/_request_identity.py
[98.409s] -- Up-to-date symlink: /opt/mybotshop/install/unitree_api/lib/python3.8/site-packages/unitree_api/msg/_request_lease.py
[98.409s] -- Up-to-date symlink: /opt/mybotshop/install/unitree_api/lib/python3.8/site-packages/unitree_api/msg/_request_policy.py
[98.410s] -- Up-to-date symlink: /opt/mybotshop/install/unitree_api/lib/python3.8/site-packages/unitree_api/msg/_response.py
[98.410s] -- Up-to-date symlink: /opt/mybotshop/install/unitree_api/lib/python3.8/site-packages/unitree_api/msg/_response_header.py
[98.411s] -- Up-to-date symlink: /opt/mybotshop/install/unitree_api/lib/python3.8/site-packages/unitree_api/msg/_response_status.py
[98.411s] -- Up-to-date symlink: /opt/mybotshop/install/unitree_api/lib/python3.8/site-packages/unitree_api/unitree_api_s__rosidl_typesupport_fastrtps_c.cpython-38-aarch64-linux-gnu.so
[98.413s] -- Up-to-date symlink: /opt/mybotshop/install/unitree_api/lib/python3.8/site-packages/unitree_api/unitree_api_s__rosidl_typesupport_introspection_c.cpython-38-aarch64-linux-gnu.so
[98.414s] -- Up-to-date symlink: /opt/mybotshop/install/unitree_api/lib/python3.8/site-packages/unitree_api/unitree_api_s__rosidl_typesupport_c.cpython-38-aarch64-linux-gnu.so
[98.414s] -- Up-to-date symlink: /opt/mybotshop/install/unitree_api/lib/libunitree_api__python.so
[98.414s] -- Up-to-date symlink: /opt/mybotshop/install/unitree_api/share/unitree_api/msg/Request.idl
[98.415s] -- Up-to-date symlink: /opt/mybotshop/install/unitree_api/share/unitree_api/msg/RequestHeader.idl
[98.415s] -- Up-to-date symlink: /opt/mybotshop/install/unitree_api/share/unitree_api/msg/RequestIdentity.idl
[98.415s] -- Up-to-date symlink: /opt/mybotshop/install/unitree_api/share/unitree_api/msg/RequestLease.idl
[98.416s] -- Up-to-date symlink: /opt/mybotshop/install/unitree_api/share/unitree_api/msg/RequestPolicy.idl
[98.416s] -- Up-to-date symlink: /opt/mybotshop/install/unitree_api/share/unitree_api/msg/Response.idl
[98.417s] -- Up-to-date symlink: /opt/mybotshop/install/unitree_api/share/unitree_api/msg/ResponseHeader.idl
[98.417s] -- Up-to-date symlink: /opt/mybotshop/install/unitree_api/share/unitree_api/msg/ResponseStatus.idl
[98.418s] -- Symlinking: /opt/mybotshop/install/unitree_api/share/unitree_api/msg/Request.msg
[98.464s] -- Symlinking: /opt/mybotshop/install/unitree_api/share/unitree_api/msg/RequestHeader.msg
[98.526s] -- Symlinking: /opt/mybotshop/install/unitree_api/share/unitree_api/msg/RequestIdentity.msg
[98.590s] -- Symlinking: /opt/mybotshop/install/unitree_api/share/unitree_api/msg/RequestLease.msg
[98.644s] -- Symlinking: /opt/mybotshop/install/unitree_api/share/unitree_api/msg/RequestPolicy.msg
[98.685s] -- Symlinking: /opt/mybotshop/install/unitree_api/share/unitree_api/msg/Response.msg
[98.712s] -- Symlinking: /opt/mybotshop/install/unitree_api/share/unitree_api/msg/ResponseHeader.msg
[98.738s] -- Symlinking: /opt/mybotshop/install/unitree_api/share/unitree_api/msg/ResponseStatus.msg
[98.764s] -- Up-to-date symlink: /opt/mybotshop/install/unitree_api/share/unitree_api/msg/dds_connext/RequestHeader_.idl
[98.765s] -- Up-to-date symlink: /opt/mybotshop/install/unitree_api/share/unitree_api/msg/dds_connext/RequestIdentity_.idl
[98.765s] -- Up-to-date symlink: /opt/mybotshop/install/unitree_api/share/unitree_api/msg/dds_connext/RequestLease_.idl
[98.765s] -- Up-to-date symlink: /opt/mybotshop/install/unitree_api/share/unitree_api/msg/dds_connext/RequestPolicy_.idl
[98.766s] -- Up-to-date symlink: /opt/mybotshop/install/unitree_api/share/unitree_api/msg/dds_connext/Request_.idl
[98.766s] -- Up-to-date symlink: /opt/mybotshop/install/unitree_api/share/unitree_api/msg/dds_connext/ResponseHeader_.idl
[98.766s] -- Up-to-date symlink: /opt/mybotshop/install/unitree_api/share/unitree_api/msg/dds_connext/ResponseStatus_.idl
[98.767s] -- Up-to-date symlink: /opt/mybotshop/install/unitree_api/share/unitree_api/msg/dds_connext/Response_.idl
[98.767s] -- Up-to-date symlink: /opt/mybotshop/install/unitree_api/share/ament_index/resource_index/package_run_dependencies/unitree_api
[98.768s] -- Up-to-date symlink: /opt/mybotshop/install/unitree_api/share/ament_index/resource_index/parent_prefix_path/unitree_api
[98.770s] -- Up-to-date symlink: /opt/mybotshop/install/unitree_api/share/unitree_api/environment/ament_prefix_path.sh
[98.770s] -- Up-to-date symlink: /opt/mybotshop/install/unitree_api/share/unitree_api/environment/ament_prefix_path.dsv
[98.770s] -- Up-to-date symlink: /opt/mybotshop/install/unitree_api/share/unitree_api/environment/path.sh
[98.770s] -- Up-to-date symlink: /opt/mybotshop/install/unitree_api/share/unitree_api/environment/path.dsv
[98.770s] -- Up-to-date symlink: /opt/mybotshop/install/unitree_api/share/unitree_api/local_setup.bash
[98.771s] -- Up-to-date symlink: /opt/mybotshop/install/unitree_api/share/unitree_api/local_setup.sh
[98.771s] -- Up-to-date symlink: /opt/mybotshop/install/unitree_api/share/unitree_api/local_setup.zsh
[98.777s] -- Up-to-date symlink: /opt/mybotshop/install/unitree_api/share/unitree_api/local_setup.dsv
[98.777s] -- Symlinking: /opt/mybotshop/install/unitree_api/share/unitree_api/package.dsv
[98.800s] -- Up-to-date symlink: /opt/mybotshop/install/unitree_api/share/ament_index/resource_index/packages/unitree_api
[98.801s] -- Up-to-date symlink: /opt/mybotshop/install/unitree_api/share/unitree_api/cmake/rosidl_cmake-extras.cmake
[98.801s] -- Up-to-date symlink: /opt/mybotshop/install/unitree_api/share/unitree_api/cmake/ament_cmake_export_dependencies-extras.cmake
[98.801s] -- Up-to-date symlink: /opt/mybotshop/install/unitree_api/share/unitree_api/cmake/ament_cmake_export_libraries-extras.cmake
[98.801s] -- Up-to-date symlink: /opt/mybotshop/install/unitree_api/share/unitree_api/cmake/ament_cmake_export_targets-extras.cmake
[98.802s] -- Up-to-date symlink: /opt/mybotshop/install/unitree_api/share/unitree_api/cmake/ament_cmake_export_include_directories-extras.cmake
[98.802s] -- Up-to-date symlink: /opt/mybotshop/install/unitree_api/share/unitree_api/cmake/rosidl_cmake_export_typesupport_libraries-extras.cmake
[98.803s] -- Up-to-date symlink: /opt/mybotshop/install/unitree_api/share/unitree_api/cmake/rosidl_cmake_export_typesupport_targets-extras.cmake
[98.803s] -- Up-to-date symlink: /opt/mybotshop/install/unitree_api/share/unitree_api/cmake/unitree_apiConfig.cmake
[98.808s] -- Up-to-date symlink: /opt/mybotshop/install/unitree_api/share/unitree_api/cmake/unitree_apiConfig-version.cmake
[98.808s] -- Symlinking: /opt/mybotshop/install/unitree_api/share/unitree_api/package.xml
[98.862s] -- Installing: /opt/mybotshop/install/unitree_api/lib/libunitree_api__rosidl_generator_c.so
[98.862s] -- Set runtime path of "/opt/mybotshop/install/unitree_api/lib/libunitree_api__rosidl_generator_c.so" to ""
[98.862s] -- Installing: /opt/mybotshop/install/unitree_api/lib/libunitree_api__rosidl_typesupport_introspection_c.so
[98.862s] -- Set runtime path of "/opt/mybotshop/install/unitree_api/lib/libunitree_api__rosidl_typesupport_introspection_c.so" to ""
[98.863s] -- Installing: /opt/mybotshop/install/unitree_api/lib/libunitree_api__rosidl_typesupport_c.so
[98.863s] -- Set runtime path of "/opt/mybotshop/install/unitree_api/lib/libunitree_api__rosidl_typesupport_c.so" to ""
[98.863s] -- Installing: /opt/mybotshop/install/unitree_api/lib/libunitree_api__rosidl_typesupport_introspection_cpp.so
[98.863s] -- Set runtime path of "/opt/mybotshop/install/unitree_api/lib/libunitree_api__rosidl_typesupport_introspection_cpp.so" to ""
[98.863s] -- Installing: /opt/mybotshop/install/unitree_api/lib/libunitree_api__rosidl_typesupport_cpp.so
[98.863s] -- Set runtime path of "/opt/mybotshop/install/unitree_api/lib/libunitree_api__rosidl_typesupport_cpp.so" to ""
[98.959s] Compiling '/opt/mybotshop/install/unitree_api/lib/python3.8/site-packages/unitree_api/__init__.py'...
[98.965s] -- Installing: /opt/mybotshop/install/unitree_api/share/unitree_api/cmake/unitree_api__rosidl_generator_cExport.cmake
[98.965s] -- Installing: /opt/mybotshop/install/unitree_api/share/unitree_api/cmake/unitree_api__rosidl_generator_cExport-noconfig.cmake
[98.966s] -- Installing: /opt/mybotshop/install/unitree_api/share/unitree_api/cmake/unitree_api__rosidl_typesupport_introspection_cExport.cmake
[98.966s] -- Installing: /opt/mybotshop/install/unitree_api/share/unitree_api/cmake/unitree_api__rosidl_typesupport_introspection_cExport-noconfig.cmake
[98.966s] -- Installing: /opt/mybotshop/install/unitree_api/share/unitree_api/cmake/unitree_api__rosidl_typesupport_cExport.cmake
[98.967s] -- Installing: /opt/mybotshop/install/unitree_api/share/unitree_api/cmake/unitree_api__rosidl_typesupport_cExport-noconfig.cmake
[98.967s] -- Installing: /opt/mybotshop/install/unitree_api/share/unitree_api/cmake/unitree_api__rosidl_generator_cppExport.cmake
[98.968s] -- Installing: /opt/mybotshop/install/unitree_api/share/unitree_api/cmake/unitree_api__rosidl_typesupport_introspection_cppExport.cmake
[98.968s] -- Installing: /opt/mybotshop/install/unitree_api/share/unitree_api/cmake/unitree_api__rosidl_typesupport_introspection_cppExport-noconfig.cmake
[98.969s] -- Installing: /opt/mybotshop/install/unitree_api/share/unitree_api/cmake/unitree_api__rosidl_typesupport_cppExport.cmake
[98.969s] -- Installing: /opt/mybotshop/install/unitree_api/share/unitree_api/cmake/unitree_api__rosidl_typesupport_cppExport-noconfig.cmake
[99.795s] Invoked command in '/opt/mybotshop/build/unitree_api' returned '0': CMAKE_PREFIX_PATH=${CMAKE_PREFIX_PATH}:/opt/ros/foxy /usr/bin/cmake --install /opt/mybotshop/build/unitree_api
