-- The C compiler identification is GNU 9.4.0
-- The CXX compiler identification is GNU 9.4.0
-- Check for working C compiler: /usr/bin/cc
-- Check for working C compiler: /usr/bin/cc -- works
-- Detecting C compiler ABI info
-- Detecting C compiler ABI info - done
-- Detecting C compile features
-- Detecting C compile features - done
-- Check for working CXX compiler: /usr/bin/c++
-- Check for working CXX compiler: /usr/bin/c++ -- works
-- Detecting CXX compiler ABI info
-- Detecting CXX compiler ABI info - done
-- Detecting CXX compile features
-- Detecting CXX compile features - done
-- Found ament_cmake: 0.9.12 (/opt/ros/foxy/share/ament_cmake/cmake)
-- Found PythonInterp: /usr/bin/python3 (found suitable version "3.8.10", minimum required is "3") 
-- Using PYTHON_EXECUTABLE: /usr/bin/python3
-- Override CMake install command with custom implementation using symlinks instead of copying resources
-- Found rclcpp: 2.4.3 (/opt/ros/foxy/share/rclcpp/cmake)
-- Using all available rosidl_typesupport_c: rosidl_typesupport_fastrtps_c;rosidl_typesupport_introspection_c
-- Found rosidl_adapter: 1.3.1 (/opt/ros/foxy/share/rosidl_adapter/cmake)
-- Found OpenSSL: /usr/lib/aarch64-linux-gnu/libcrypto.so (found version "1.1.1f")  
-- Found FastRTPS: /opt/ros/foxy/include  
-- Using all available rosidl_typesupport_cpp: rosidl_typesupport_fastrtps_cpp;rosidl_typesupport_introspection_cpp
-- Found rmw_implementation_cmake: 1.0.4 (/opt/ros/foxy/share/rmw_implementation_cmake/cmake)
-- Using RMW implementation 'rmw_cyclonedds_cpp' as default
-- Looking for pthread.h
-- Looking for pthread.h - found
-- Performing Test CMAKE_HAVE_LIBC_PTHREAD
-- Performing Test CMAKE_HAVE_LIBC_PTHREAD - Failed
-- Looking for pthread_create in pthreads
-- Looking for pthread_create in pthreads - not found
-- Looking for pthread_create in pthread
-- Looking for pthread_create in pthread - found
-- Found Threads: TRUE  
-- Found rclpy: 1.0.13 (/opt/ros/foxy/share/rclpy/cmake)
-- Configuring done
-- Generating done
-- Build files have been written to: /opt/mybotshop/build/go2_host
-- Install configuration: ""
-- Execute custom install script
-- Up-to-date symlink: /opt/mybotshop/install/go2_host/share/go2_host/environment/pythonpath.sh
-- Up-to-date symlink: /opt/mybotshop/install/go2_host/share/go2_host/environment/pythonpath.dsv
-- Symlinking: /opt/mybotshop/install/go2_host/lib/python3.8/site-packages/go2_host/__init__.py
-- Symlinking: /opt/mybotshop/install/go2_host/lib/python3.8/site-packages/go2_host/libjoypy.py
-- Symlinking: /opt/mybotshop/install/go2_host/lib/go2_host/logitech_f710
-- Symlinking: /opt/mybotshop/install/go2_host/share/go2_host/config/host_control.yaml
-- Symlinking: /opt/mybotshop/install/go2_host/share/go2_host/config/teleop_control.yaml
-- Symlinking: /opt/mybotshop/install/go2_host/share/go2_host/launch/joy_teleop.launch.py
-- Up-to-date symlink: /opt/mybotshop/install/go2_host/share/ament_index/resource_index/package_run_dependencies/go2_host
-- Up-to-date symlink: /opt/mybotshop/install/go2_host/share/ament_index/resource_index/parent_prefix_path/go2_host
-- Up-to-date symlink: /opt/mybotshop/install/go2_host/share/go2_host/environment/ament_prefix_path.sh
-- Up-to-date symlink: /opt/mybotshop/install/go2_host/share/go2_host/environment/ament_prefix_path.dsv
-- Up-to-date symlink: /opt/mybotshop/install/go2_host/share/go2_host/environment/path.sh
-- Up-to-date symlink: /opt/mybotshop/install/go2_host/share/go2_host/environment/path.dsv
-- Up-to-date symlink: /opt/mybotshop/install/go2_host/share/go2_host/local_setup.bash
-- Up-to-date symlink: /opt/mybotshop/install/go2_host/share/go2_host/local_setup.sh
-- Up-to-date symlink: /opt/mybotshop/install/go2_host/share/go2_host/local_setup.zsh
-- Up-to-date symlink: /opt/mybotshop/install/go2_host/share/go2_host/local_setup.dsv
-- Symlinking: /opt/mybotshop/install/go2_host/share/go2_host/package.dsv
-- Up-to-date symlink: /opt/mybotshop/install/go2_host/share/ament_index/resource_index/packages/go2_host
-- Up-to-date symlink: /opt/mybotshop/install/go2_host/share/go2_host/cmake/go2_hostConfig.cmake
-- Up-to-date symlink: /opt/mybotshop/install/go2_host/share/go2_host/cmake/go2_hostConfig-version.cmake
-- Symlinking: /opt/mybotshop/install/go2_host/share/go2_host/package.xml
Listing '/opt/mybotshop/install/go2_host/lib/python3.8/site-packages/go2_host'...
