[0.670s] Invoking command in '/opt/mybotshop/build/go2_host': CMAKE_PREFIX_PATH=${CMAKE_PREFIX_PATH}:/opt/ros/foxy /usr/bin/cmake /opt/mybotshop/src/mybotshop/go2_host -DAMENT_CMAKE_SYMLINK_INSTALL=1 -DCMAKE_INSTALL_PREFIX=/opt/mybotshop/install/go2_host
[1.047s] -- The C compiler identification is GNU 9.4.0
[1.247s] -- The CXX compiler identification is GNU 9.4.0
[1.263s] -- Check for working C compiler: /usr/bin/cc
[1.657s] -- Check for working C compiler: /usr/bin/cc -- works
[1.661s] -- Detecting C compiler ABI info
[1.973s] -- Detecting C compiler ABI info - done
[2.015s] -- Detecting C compile features
[2.017s] -- Detecting C compile features - done
[2.025s] -- Check for working CXX compiler: /usr/bin/c++
[2.387s] -- Check for working CXX compiler: /usr/bin/c++ -- works
[2.389s] -- Detecting CXX compiler ABI info
[2.732s] -- Detecting CXX compiler ABI info - done
[2.781s] -- Detecting CXX compile features
[2.782s] -- Detecting CXX compile features - done
[2.790s] -- Found ament_cmake: 0.9.12 (/opt/ros/foxy/share/ament_cmake/cmake)
[2.925s] -- Found PythonInterp: /usr/bin/python3 (found suitable version "3.8.10", minimum required is "3") 
[2.925s] -- Using PYTHON_EXECUTABLE: /usr/bin/python3
[3.586s] -- Override CMake install command with custom implementation using symlinks instead of copying resources
[3.701s] -- Found rclcpp: 2.4.3 (/opt/ros/foxy/share/rclcpp/cmake)
[3.894s] -- Using all available rosidl_typesupport_c: rosidl_typesupport_fastrtps_c;rosidl_typesupport_introspection_c
[3.918s] -- Found rosidl_adapter: 1.3.1 (/opt/ros/foxy/share/rosidl_adapter/cmake)
[4.366s] -- Found OpenSSL: /usr/lib/aarch64-linux-gnu/libcrypto.so (found version "1.1.1f")  
[4.556s] -- Found FastRTPS: /opt/ros/foxy/include  
[4.846s] -- Using all available rosidl_typesupport_cpp: rosidl_typesupport_fastrtps_cpp;rosidl_typesupport_introspection_cpp
[5.045s] -- Found rmw_implementation_cmake: 1.0.4 (/opt/ros/foxy/share/rmw_implementation_cmake/cmake)
[5.048s] -- Using RMW implementation 'rmw_cyclonedds_cpp' as default
[5.052s] -- Looking for pthread.h
[5.443s] -- Looking for pthread.h - found
[5.444s] -- Performing Test CMAKE_HAVE_LIBC_PTHREAD
[5.855s] -- Performing Test CMAKE_HAVE_LIBC_PTHREAD - Failed
[5.855s] -- Looking for pthread_create in pthreads
[6.190s] -- Looking for pthread_create in pthreads - not found
[6.190s] -- Looking for pthread_create in pthread
[6.539s] -- Looking for pthread_create in pthread - found
[6.542s] -- Found Threads: TRUE  
[7.107s] -- Found rclpy: 1.0.13 (/opt/ros/foxy/share/rclpy/cmake)
[7.518s] -- Configuring done
[7.540s] -- Generating done
[7.551s] -- Build files have been written to: /opt/mybotshop/build/go2_host
[8.019s] Invoked command in '/opt/mybotshop/build/go2_host' returned '0': CMAKE_PREFIX_PATH=${CMAKE_PREFIX_PATH}:/opt/ros/foxy /usr/bin/cmake /opt/mybotshop/src/mybotshop/go2_host -DAMENT_CMAKE_SYMLINK_INSTALL=1 -DCMAKE_INSTALL_PREFIX=/opt/mybotshop/install/go2_host
[8.022s] Invoking command in '/opt/mybotshop/build/go2_host': CMAKE_PREFIX_PATH=${CMAKE_PREFIX_PATH}:/opt/ros/foxy /usr/bin/cmake --build /opt/mybotshop/build/go2_host -- -j6 -l6
[9.543s] Invoked command in '/opt/mybotshop/build/go2_host' returned '0': CMAKE_PREFIX_PATH=${CMAKE_PREFIX_PATH}:/opt/ros/foxy /usr/bin/cmake --build /opt/mybotshop/build/go2_host -- -j6 -l6
[9.776s] Invoking command in '/opt/mybotshop/build/go2_host': CMAKE_PREFIX_PATH=${CMAKE_PREFIX_PATH}:/opt/ros/foxy /usr/bin/cmake --install /opt/mybotshop/build/go2_host
[15.705s] -- Install configuration: ""
[15.706s] -- Execute custom install script
[15.712s] -- Up-to-date symlink: /opt/mybotshop/install/go2_host/share/go2_host/environment/pythonpath.sh
[15.713s] -- Up-to-date symlink: /opt/mybotshop/install/go2_host/share/go2_host/environment/pythonpath.dsv
[15.713s] -- Symlinking: /opt/mybotshop/install/go2_host/lib/python3.8/site-packages/go2_host/__init__.py
[15.713s] -- Symlinking: /opt/mybotshop/install/go2_host/lib/python3.8/site-packages/go2_host/libjoypy.py
[15.713s] -- Symlinking: /opt/mybotshop/install/go2_host/lib/go2_host/logitech_f710
[15.714s] -- Symlinking: /opt/mybotshop/install/go2_host/share/go2_host/config/host_control.yaml
[15.714s] -- Symlinking: /opt/mybotshop/install/go2_host/share/go2_host/config/teleop_control.yaml
[15.714s] -- Symlinking: /opt/mybotshop/install/go2_host/share/go2_host/launch/joy_teleop.launch.py
[15.714s] -- Up-to-date symlink: /opt/mybotshop/install/go2_host/share/ament_index/resource_index/package_run_dependencies/go2_host
[15.714s] -- Up-to-date symlink: /opt/mybotshop/install/go2_host/share/ament_index/resource_index/parent_prefix_path/go2_host
[15.714s] -- Up-to-date symlink: /opt/mybotshop/install/go2_host/share/go2_host/environment/ament_prefix_path.sh
[15.714s] -- Up-to-date symlink: /opt/mybotshop/install/go2_host/share/go2_host/environment/ament_prefix_path.dsv
[15.715s] -- Up-to-date symlink: /opt/mybotshop/install/go2_host/share/go2_host/environment/path.sh
[15.715s] -- Up-to-date symlink: /opt/mybotshop/install/go2_host/share/go2_host/environment/path.dsv
[15.715s] -- Up-to-date symlink: /opt/mybotshop/install/go2_host/share/go2_host/local_setup.bash
[15.715s] -- Up-to-date symlink: /opt/mybotshop/install/go2_host/share/go2_host/local_setup.sh
[15.715s] -- Up-to-date symlink: /opt/mybotshop/install/go2_host/share/go2_host/local_setup.zsh
[15.715s] -- Up-to-date symlink: /opt/mybotshop/install/go2_host/share/go2_host/local_setup.dsv
[15.715s] -- Symlinking: /opt/mybotshop/install/go2_host/share/go2_host/package.dsv
[15.715s] -- Up-to-date symlink: /opt/mybotshop/install/go2_host/share/ament_index/resource_index/packages/go2_host
[15.716s] -- Up-to-date symlink: /opt/mybotshop/install/go2_host/share/go2_host/cmake/go2_hostConfig.cmake
[15.716s] -- Up-to-date symlink: /opt/mybotshop/install/go2_host/share/go2_host/cmake/go2_hostConfig-version.cmake
[15.716s] -- Symlinking: /opt/mybotshop/install/go2_host/share/go2_host/package.xml
[15.716s] Listing '/opt/mybotshop/install/go2_host/lib/python3.8/site-packages/go2_host'...
[15.749s] Invoked command in '/opt/mybotshop/build/go2_host' returned '0': CMAKE_PREFIX_PATH=${CMAKE_PREFIX_PATH}:/opt/ros/foxy /usr/bin/cmake --install /opt/mybotshop/build/go2_host
