[0.716s] Invoking command in '/opt/mybotshop/build/go2_depth_camera': CMAKE_PREFIX_PATH=${CMAKE_PREFIX_PATH}:/opt/ros/foxy /usr/bin/cmake /opt/mybotshop/src/mybotshop/go2_depth_camera -DAMENT_CMAKE_SYMLINK_INSTALL=1 -DCMAKE_INSTALL_PREFIX=/opt/mybotshop/install/go2_depth_camera
[1.028s] -- The C compiler identification is GNU 9.4.0
[1.246s] -- The CXX compiler identification is GNU 9.4.0
[1.274s] -- Check for working C compiler: /usr/bin/cc
[1.714s] -- Check for working C compiler: /usr/bin/cc -- works
[1.727s] -- Detecting C compiler ABI info
[2.112s] -- Detecting C compiler ABI info - done
[2.157s] -- Detecting C compile features
[2.163s] -- Detecting C compile features - done
[2.172s] -- Check for working CXX compiler: /usr/bin/c++
[2.529s] -- Check for working CXX compiler: /usr/bin/c++ -- works
[2.532s] -- Detecting CXX compiler ABI info
[2.965s] -- Detecting CXX compiler ABI info - done
[3.035s] -- Detecting CXX compile features
[3.043s] -- Detecting CXX compile features - done
[3.064s] -- Found ament_cmake: 0.9.12 (/opt/ros/foxy/share/ament_cmake/cmake)
[3.215s] -- Found PythonInterp: /usr/bin/python3 (found suitable version "3.8.10", minimum required is "3") 
[3.215s] -- Using PYTHON_EXECUTABLE: /usr/bin/python3
[3.898s] -- Override CMake install command with custom implementation using symlinks instead of copying resources
[4.020s] -- Found ament_lint_auto: 0.9.8 (/opt/ros/foxy/share/ament_lint_auto/cmake)
[4.204s] -- Added test 'copyright' to check source files copyright and LICENSE
[4.208s] -- Added test 'flake8' to check Python code syntax and style conventions
[4.210s] -- Added test 'lint_cmake' to check CMake code style
[4.212s] -- Added test 'pep257' to check Python code against some of the style conventions in PEP 257
[4.215s] -- Added test 'xmllint' to check XML markup files
[4.227s] -- Configuring done
[4.246s] -- Generating done
[4.254s] -- Build files have been written to: /opt/mybotshop/build/go2_depth_camera
[4.312s] Invoked command in '/opt/mybotshop/build/go2_depth_camera' returned '0': CMAKE_PREFIX_PATH=${CMAKE_PREFIX_PATH}:/opt/ros/foxy /usr/bin/cmake /opt/mybotshop/src/mybotshop/go2_depth_camera -DAMENT_CMAKE_SYMLINK_INSTALL=1 -DCMAKE_INSTALL_PREFIX=/opt/mybotshop/install/go2_depth_camera
[4.314s] Invoking command in '/opt/mybotshop/build/go2_depth_camera': CMAKE_PREFIX_PATH=${CMAKE_PREFIX_PATH}:/opt/ros/foxy /usr/bin/cmake --build /opt/mybotshop/build/go2_depth_camera -- -j6 -l6
[5.769s] Invoked command in '/opt/mybotshop/build/go2_depth_camera' returned '0': CMAKE_PREFIX_PATH=${CMAKE_PREFIX_PATH}:/opt/ros/foxy /usr/bin/cmake --build /opt/mybotshop/build/go2_depth_camera -- -j6 -l6
[5.941s] Invoking command in '/opt/mybotshop/build/go2_depth_camera': CMAKE_PREFIX_PATH=${CMAKE_PREFIX_PATH}:/opt/ros/foxy /usr/bin/cmake --install /opt/mybotshop/build/go2_depth_camera
[6.011s] -- Install configuration: ""
[6.012s] -- Execute custom install script
[6.013s] -- Up-to-date symlink: /opt/mybotshop/install/go2_depth_camera/share/ament_index/resource_index/package_run_dependencies/go2_depth_camera
[6.013s] -- Up-to-date symlink: /opt/mybotshop/install/go2_depth_camera/share/ament_index/resource_index/parent_prefix_path/go2_depth_camera
[6.014s] -- Up-to-date symlink: /opt/mybotshop/install/go2_depth_camera/share/go2_depth_camera/environment/ament_prefix_path.sh
[6.023s] -- Up-to-date symlink: /opt/mybotshop/install/go2_depth_camera/share/go2_depth_camera/environment/ament_prefix_path.dsv
[6.024s] -- Up-to-date symlink: /opt/mybotshop/install/go2_depth_camera/share/go2_depth_camera/environment/path.sh
[6.024s] -- Up-to-date symlink: /opt/mybotshop/install/go2_depth_camera/share/go2_depth_camera/environment/path.dsv
[6.024s] -- Up-to-date symlink: /opt/mybotshop/install/go2_depth_camera/share/go2_depth_camera/local_setup.bash
[6.025s] -- Up-to-date symlink: /opt/mybotshop/install/go2_depth_camera/share/go2_depth_camera/local_setup.sh
[6.026s] -- Up-to-date symlink: /opt/mybotshop/install/go2_depth_camera/share/go2_depth_camera/local_setup.zsh
[6.026s] -- Up-to-date symlink: /opt/mybotshop/install/go2_depth_camera/share/go2_depth_camera/local_setup.dsv
[6.026s] -- Symlinking: /opt/mybotshop/install/go2_depth_camera/share/go2_depth_camera/package.dsv
[6.076s] -- Up-to-date symlink: /opt/mybotshop/install/go2_depth_camera/share/ament_index/resource_index/packages/go2_depth_camera
[6.076s] -- Up-to-date symlink: /opt/mybotshop/install/go2_depth_camera/share/go2_depth_camera/cmake/go2_depth_cameraConfig.cmake
[6.076s] -- Up-to-date symlink: /opt/mybotshop/install/go2_depth_camera/share/go2_depth_camera/cmake/go2_depth_cameraConfig-version.cmake
[6.077s] -- Symlinking: /opt/mybotshop/install/go2_depth_camera/share/go2_depth_camera/package.xml
[6.104s] -- Symlinking: /opt/mybotshop/install/go2_depth_camera/share/go2_depth_camera/config/realsense_d435i.yaml
[6.145s] -- Symlinking: /opt/mybotshop/install/go2_depth_camera/share/go2_depth_camera/launch/realsense_d405.launch.py
[6.187s] -- Symlinking: /opt/mybotshop/install/go2_depth_camera/share/go2_depth_camera/launch/realsense_d435i.launch.py
[6.248s] Invoked command in '/opt/mybotshop/build/go2_depth_camera' returned '0': CMAKE_PREFIX_PATH=${CMAKE_PREFIX_PATH}:/opt/ros/foxy /usr/bin/cmake --install /opt/mybotshop/build/go2_depth_camera
