[0.891s] Invoking command in '/opt/mybotshop/build/unitree_go': CMAKE_PREFIX_PATH=${CMAKE_PREFIX_PATH}:/opt/ros/foxy /usr/bin/cmake /opt/mybotshop/src/third_party/unitree/18Mar2025_unitree_ros2/cyclonedds_ws/src/unitree/unitree_go -DAMENT_CMAKE_SYMLINK_INSTALL=1 -DCMAKE_INSTALL_PREFIX=/opt/mybotshop/install/unitree_go
[1.199s] -- The C compiler identification is GNU 9.4.0
[1.396s] -- The CXX compiler identification is GNU 9.4.0
[1.415s] -- Check for working C compiler: /usr/bin/cc
[1.844s] -- Check for working C compiler: /usr/bin/cc -- works
[1.845s] -- Detecting C compiler ABI info
[2.142s] -- Detecting C compiler ABI info - done
[2.206s] -- Detecting C compile features
[2.206s] -- Detecting C compile features - done
[2.217s] -- Check for working CXX compiler: /usr/bin/c++
[2.657s] -- Check for working CXX compiler: /usr/bin/c++ -- works
[2.666s] -- Detecting CXX compiler ABI info
[3.048s] -- Detecting CXX compiler ABI info - done
[3.084s] -- Detecting CXX compile features
[3.086s] -- Detecting CXX compile features - done
[3.095s] -- Found ament_cmake: 0.9.12 (/opt/ros/foxy/share/ament_cmake/cmake)
[3.215s] -- Found PythonInterp: /usr/bin/python3 (found suitable version "3.8.10", minimum required is "3") 
[3.215s] -- Using PYTHON_EXECUTABLE: /usr/bin/python3
[4.034s] -- Override CMake install command with custom implementation using symlinks instead of copying resources
[4.161s] -- Found geometry_msgs: 2.0.5 (/opt/ros/foxy/share/geometry_msgs/cmake)
[4.329s] -- Using all available rosidl_typesupport_c: rosidl_typesupport_fastrtps_c;rosidl_typesupport_introspection_c
[4.357s] -- Found rosidl_adapter: 1.3.1 (/opt/ros/foxy/share/rosidl_adapter/cmake)
[4.715s] -- Found OpenSSL: /usr/lib/aarch64-linux-gnu/libcrypto.so (found version "1.1.1f")  
[4.845s] -- Found FastRTPS: /opt/ros/foxy/include  
[5.134s] -- Using all available rosidl_typesupport_cpp: rosidl_typesupport_fastrtps_cpp;rosidl_typesupport_introspection_cpp
[5.338s] -- Found rosidl_default_generators: 1.0.1 (/opt/ros/foxy/share/rosidl_default_generators/cmake)
[5.370s] -- Found rosidl_generator_dds_idl: 0.7.1 (/opt/ros/foxy/share/rosidl_generator_dds_idl/cmake)
[5.481s] -- Found PythonInterp: /usr/bin/python3 (found version "3.8.10") 
[6.474s] -- Found ament_cmake_ros: 0.9.2 (/opt/ros/foxy/share/ament_cmake_ros/cmake)
[7.560s] -- Using all available rosidl_typesupport_c: rosidl_typesupport_fastrtps_c;rosidl_typesupport_introspection_c
[7.908s] -- Using all available rosidl_typesupport_cpp: rosidl_typesupport_fastrtps_cpp;rosidl_typesupport_introspection_cpp
[8.061s] -- Found PythonInterp: /usr/bin/python3 (found suitable version "3.8.10", minimum required is "3.5") 
[8.074s] -- Found python_cmake_module: 0.8.1 (/opt/ros/foxy/share/python_cmake_module/cmake)
[8.169s] -- Found PythonLibs: /usr/lib/aarch64-linux-gnu/libpython3.8.so (found suitable version "3.8.10", minimum required is "3.5") 
[8.169s] -- Using PYTHON_EXECUTABLE: /usr/bin/python3
[8.169s] -- Using PYTHON_INCLUDE_DIRS: /usr/include/python3.8
[8.169s] -- Using PYTHON_LIBRARIES: /usr/lib/aarch64-linux-gnu/libpython3.8.so
[8.244s] -- Found PythonExtra: .so  
[8.816s] -- Found ament_lint_auto: 0.9.8 (/opt/ros/foxy/share/ament_lint_auto/cmake)
[9.030s] -- Added test 'copyright' to check source files copyright and LICENSE
[9.045s] -- Added test 'lint_cmake' to check CMake code style
[9.052s] -- Added test 'xmllint' to check XML markup files
[9.164s] -- Configuring done
[10.330s] -- Generating done
[10.362s] -- Build files have been written to: /opt/mybotshop/build/unitree_go
[13.448s] Invoked command in '/opt/mybotshop/build/unitree_go' returned '0': CMAKE_PREFIX_PATH=${CMAKE_PREFIX_PATH}:/opt/ros/foxy /usr/bin/cmake /opt/mybotshop/src/third_party/unitree/18Mar2025_unitree_ros2/cyclonedds_ws/src/unitree/unitree_go -DAMENT_CMAKE_SYMLINK_INSTALL=1 -DCMAKE_INSTALL_PREFIX=/opt/mybotshop/install/unitree_go
[13.449s] Invoking command in '/opt/mybotshop/build/unitree_go': CMAKE_PREFIX_PATH=${CMAKE_PREFIX_PATH}:/opt/ros/foxy /usr/bin/cmake --build /opt/mybotshop/build/unitree_go -- -j6 -l6
[14.050s] [35m[1mScanning dependencies of target unitree_go__cpp[0m
[14.194s] [  0%] [34m[1mGenerating C++ code for ROS interfaces[0m
[28.100s] [  0%] Built target unitree_go__cpp
[28.160s] [35m[1mScanning dependencies of target unitree_go__dds_connext_idl[0m
[28.218s] [  0%] [34m[1mGenerating DDS interfaces[0m
[32.256s] [  0%] Built target unitree_go__dds_connext_idl
[32.323s] [  1%] [34m[1mGenerating C++ introspection for ROS interfaces[0m
[38.578s] [35m[1mScanning dependencies of target unitree_go__rosidl_typesupport_introspection_cpp[0m
[38.919s] [  1%] [32mBuilding CXX object CMakeFiles/unitree_go__rosidl_typesupport_introspection_cpp.dir/rosidl_typesupport_introspection_cpp/unitree_go/msg/detail/audio_data__type_support.cpp.o[0m
[42.568s] [  1%] [32mBuilding CXX object CMakeFiles/unitree_go__rosidl_typesupport_introspection_cpp.dir/rosidl_typesupport_introspection_cpp/unitree_go/msg/detail/bms_state__type_support.cpp.o[0m
[44.944s] [  2%] [32mBuilding CXX object CMakeFiles/unitree_go__rosidl_typesupport_introspection_cpp.dir/rosidl_typesupport_introspection_cpp/unitree_go/msg/detail/error__type_support.cpp.o[0m
[46.040s] [  2%] [32mBuilding CXX object CMakeFiles/unitree_go__rosidl_typesupport_introspection_cpp.dir/rosidl_typesupport_introspection_cpp/unitree_go/msg/detail/go2_front_video_data__type_support.cpp.o[0m
[46.988s] [  3%] [32mBuilding CXX object CMakeFiles/unitree_go__rosidl_typesupport_introspection_cpp.dir/rosidl_typesupport_introspection_cpp/unitree_go/msg/detail/height_map__type_support.cpp.o[0m
[48.121s] [  3%] [32mBuilding CXX object CMakeFiles/unitree_go__rosidl_typesupport_introspection_cpp.dir/rosidl_typesupport_introspection_cpp/unitree_go/msg/detail/imu_state__type_support.cpp.o[0m
[49.230s] [  4%] [32mBuilding CXX object CMakeFiles/unitree_go__rosidl_typesupport_introspection_cpp.dir/rosidl_typesupport_introspection_cpp/unitree_go/msg/detail/interface_config__type_support.cpp.o[0m
[50.428s] [  4%] [32mBuilding CXX object CMakeFiles/unitree_go__rosidl_typesupport_introspection_cpp.dir/rosidl_typesupport_introspection_cpp/unitree_go/msg/detail/lidar_state__type_support.cpp.o[0m
[51.267s] [  5%] [32mBuilding CXX object CMakeFiles/unitree_go__rosidl_typesupport_introspection_cpp.dir/rosidl_typesupport_introspection_cpp/unitree_go/msg/detail/low_cmd__type_support.cpp.o[0m
[52.571s] [  5%] [32mBuilding CXX object CMakeFiles/unitree_go__rosidl_typesupport_introspection_cpp.dir/rosidl_typesupport_introspection_cpp/unitree_go/msg/detail/low_state__type_support.cpp.o[0m
[53.824s] [  5%] [32mBuilding CXX object CMakeFiles/unitree_go__rosidl_typesupport_introspection_cpp.dir/rosidl_typesupport_introspection_cpp/unitree_go/msg/detail/motor_cmd__type_support.cpp.o[0m
[54.902s] [  6%] [32mBuilding CXX object CMakeFiles/unitree_go__rosidl_typesupport_introspection_cpp.dir/rosidl_typesupport_introspection_cpp/unitree_go/msg/detail/motor_cmds__type_support.cpp.o[0m
[56.330s] [  6%] [32mBuilding CXX object CMakeFiles/unitree_go__rosidl_typesupport_introspection_cpp.dir/rosidl_typesupport_introspection_cpp/unitree_go/msg/detail/motor_state__type_support.cpp.o[0m
[57.393s] [  7%] [32mBuilding CXX object CMakeFiles/unitree_go__rosidl_typesupport_introspection_cpp.dir/rosidl_typesupport_introspection_cpp/unitree_go/msg/detail/motor_states__type_support.cpp.o[0m
[58.443s] [  7%] [32mBuilding CXX object CMakeFiles/unitree_go__rosidl_typesupport_introspection_cpp.dir/rosidl_typesupport_introspection_cpp/unitree_go/msg/detail/path_point__type_support.cpp.o[0m
[59.652s] [  8%] [32mBuilding CXX object CMakeFiles/unitree_go__rosidl_typesupport_introspection_cpp.dir/rosidl_typesupport_introspection_cpp/unitree_go/msg/detail/req__type_support.cpp.o[0m
[60.922s] [  8%] [32mBuilding CXX object CMakeFiles/unitree_go__rosidl_typesupport_introspection_cpp.dir/rosidl_typesupport_introspection_cpp/unitree_go/msg/detail/res__type_support.cpp.o[0m
[62.338s] [  9%] [32mBuilding CXX object CMakeFiles/unitree_go__rosidl_typesupport_introspection_cpp.dir/rosidl_typesupport_introspection_cpp/unitree_go/msg/detail/sport_mode_cmd__type_support.cpp.o[0m
[63.521s] [  9%] [32mBuilding CXX object CMakeFiles/unitree_go__rosidl_typesupport_introspection_cpp.dir/rosidl_typesupport_introspection_cpp/unitree_go/msg/detail/sport_mode_state__type_support.cpp.o[0m
[64.612s] [ 10%] [32mBuilding CXX object CMakeFiles/unitree_go__rosidl_typesupport_introspection_cpp.dir/rosidl_typesupport_introspection_cpp/unitree_go/msg/detail/time_spec__type_support.cpp.o[0m
[65.549s] [ 10%] [32mBuilding CXX object CMakeFiles/unitree_go__rosidl_typesupport_introspection_cpp.dir/rosidl_typesupport_introspection_cpp/unitree_go/msg/detail/uwb_state__type_support.cpp.o[0m
[66.524s] [ 11%] [32mBuilding CXX object CMakeFiles/unitree_go__rosidl_typesupport_introspection_cpp.dir/rosidl_typesupport_introspection_cpp/unitree_go/msg/detail/uwb_switch__type_support.cpp.o[0m
[67.634s] [ 11%] [32mBuilding CXX object CMakeFiles/unitree_go__rosidl_typesupport_introspection_cpp.dir/rosidl_typesupport_introspection_cpp/unitree_go/msg/detail/wireless_controller__type_support.cpp.o[0m
[68.649s] [ 12%] [32mBuilding CXX object CMakeFiles/unitree_go__rosidl_typesupport_introspection_cpp.dir/rosidl_typesupport_introspection_cpp/unitree_go/msg/detail/bms_cmd__type_support.cpp.o[0m
[70.145s] [ 13%] [32m[1mLinking CXX shared library libunitree_go__rosidl_typesupport_introspection_cpp.so[0m
[70.577s] [ 13%] Built target unitree_go__rosidl_typesupport_introspection_cpp
[70.655s] [ 14%] [34m[1mGenerating C++ type support dispatch for ROS interfaces[0m
[75.431s] [35m[1mScanning dependencies of target unitree_go__rosidl_typesupport_cpp[0m
[75.549s] [ 14%] [32mBuilding CXX object CMakeFiles/unitree_go__rosidl_typesupport_cpp.dir/rosidl_typesupport_cpp/unitree_go/msg/audio_data__type_support.cpp.o[0m
[76.776s] [ 15%] [32mBuilding CXX object CMakeFiles/unitree_go__rosidl_typesupport_cpp.dir/rosidl_typesupport_cpp/unitree_go/msg/error__type_support.cpp.o[0m
[77.923s] [ 15%] [32mBuilding CXX object CMakeFiles/unitree_go__rosidl_typesupport_cpp.dir/rosidl_typesupport_cpp/unitree_go/msg/go2_front_video_data__type_support.cpp.o[0m
[79.075s] [ 16%] [32mBuilding CXX object CMakeFiles/unitree_go__rosidl_typesupport_cpp.dir/rosidl_typesupport_cpp/unitree_go/msg/height_map__type_support.cpp.o[0m
[80.133s] [ 16%] [32mBuilding CXX object CMakeFiles/unitree_go__rosidl_typesupport_cpp.dir/rosidl_typesupport_cpp/unitree_go/msg/imu_state__type_support.cpp.o[0m
[81.251s] [ 17%] [32mBuilding CXX object CMakeFiles/unitree_go__rosidl_typesupport_cpp.dir/rosidl_typesupport_cpp/unitree_go/msg/interface_config__type_support.cpp.o[0m
[82.587s] [ 17%] [32mBuilding CXX object CMakeFiles/unitree_go__rosidl_typesupport_cpp.dir/rosidl_typesupport_cpp/unitree_go/msg/lidar_state__type_support.cpp.o[0m
[83.887s] [ 18%] [32mBuilding CXX object CMakeFiles/unitree_go__rosidl_typesupport_cpp.dir/rosidl_typesupport_cpp/unitree_go/msg/low_cmd__type_support.cpp.o[0m
[87.458s] [ 18%] [32mBuilding CXX object CMakeFiles/unitree_go__rosidl_typesupport_cpp.dir/rosidl_typesupport_cpp/unitree_go/msg/low_state__type_support.cpp.o[0m
[89.970s] [ 18%] [32mBuilding CXX object CMakeFiles/unitree_go__rosidl_typesupport_cpp.dir/rosidl_typesupport_cpp/unitree_go/msg/motor_cmd__type_support.cpp.o[0m
[90.997s] [ 19%] [32mBuilding CXX object CMakeFiles/unitree_go__rosidl_typesupport_cpp.dir/rosidl_typesupport_cpp/unitree_go/msg/motor_cmds__type_support.cpp.o[0m
[92.050s] [ 19%] [32mBuilding CXX object CMakeFiles/unitree_go__rosidl_typesupport_cpp.dir/rosidl_typesupport_cpp/unitree_go/msg/motor_state__type_support.cpp.o[0m
[93.178s] [ 20%] [32mBuilding CXX object CMakeFiles/unitree_go__rosidl_typesupport_cpp.dir/rosidl_typesupport_cpp/unitree_go/msg/motor_states__type_support.cpp.o[0m
[94.136s] [ 20%] [32mBuilding CXX object CMakeFiles/unitree_go__rosidl_typesupport_cpp.dir/rosidl_typesupport_cpp/unitree_go/msg/path_point__type_support.cpp.o[0m
[94.988s] [ 21%] [32mBuilding CXX object CMakeFiles/unitree_go__rosidl_typesupport_cpp.dir/rosidl_typesupport_cpp/unitree_go/msg/req__type_support.cpp.o[0m
[96.134s] [ 21%] [32mBuilding CXX object CMakeFiles/unitree_go__rosidl_typesupport_cpp.dir/rosidl_typesupport_cpp/unitree_go/msg/res__type_support.cpp.o[0m
[97.287s] [ 22%] [32mBuilding CXX object CMakeFiles/unitree_go__rosidl_typesupport_cpp.dir/rosidl_typesupport_cpp/unitree_go/msg/sport_mode_cmd__type_support.cpp.o[0m
[98.258s] [ 22%] [32mBuilding CXX object CMakeFiles/unitree_go__rosidl_typesupport_cpp.dir/rosidl_typesupport_cpp/unitree_go/msg/sport_mode_state__type_support.cpp.o[0m
[99.408s] [ 23%] [32mBuilding CXX object CMakeFiles/unitree_go__rosidl_typesupport_cpp.dir/rosidl_typesupport_cpp/unitree_go/msg/time_spec__type_support.cpp.o[0m
[100.534s] [ 23%] [32mBuilding CXX object CMakeFiles/unitree_go__rosidl_typesupport_cpp.dir/rosidl_typesupport_cpp/unitree_go/msg/uwb_state__type_support.cpp.o[0m
[101.897s] [ 24%] [32mBuilding CXX object CMakeFiles/unitree_go__rosidl_typesupport_cpp.dir/rosidl_typesupport_cpp/unitree_go/msg/uwb_switch__type_support.cpp.o[0m
[103.214s] [ 24%] [32mBuilding CXX object CMakeFiles/unitree_go__rosidl_typesupport_cpp.dir/rosidl_typesupport_cpp/unitree_go/msg/wireless_controller__type_support.cpp.o[0m
[105.817s] [ 24%] [32mBuilding CXX object CMakeFiles/unitree_go__rosidl_typesupport_cpp.dir/rosidl_typesupport_cpp/unitree_go/msg/bms_state__type_support.cpp.o[0m
[109.239s] [ 25%] [32mBuilding CXX object CMakeFiles/unitree_go__rosidl_typesupport_cpp.dir/rosidl_typesupport_cpp/unitree_go/msg/bms_cmd__type_support.cpp.o[0m
[112.025s] [ 26%] [32m[1mLinking CXX shared library libunitree_go__rosidl_typesupport_cpp.so[0m
[112.247s] [ 26%] Built target unitree_go__rosidl_typesupport_cpp
[112.294s] [ 27%] [34m[1mGenerating C++ type support for eProsima Fast-RTPS[0m
[119.205s] [35m[1mScanning dependencies of target unitree_go__rosidl_typesupport_fastrtps_cpp[0m
[119.366s] [ 27%] [32mBuilding CXX object CMakeFiles/unitree_go__rosidl_typesupport_fastrtps_cpp.dir/rosidl_typesupport_fastrtps_cpp/unitree_go/msg/detail/dds_fastrtps/audio_data__type_support.cpp.o[0m
[121.235s] [ 27%] [32mBuilding CXX object CMakeFiles/unitree_go__rosidl_typesupport_fastrtps_cpp.dir/rosidl_typesupport_fastrtps_cpp/unitree_go/msg/detail/dds_fastrtps/go2_front_video_data__type_support.cpp.o[0m
[122.967s] [ 28%] [32mBuilding CXX object CMakeFiles/unitree_go__rosidl_typesupport_fastrtps_cpp.dir/rosidl_typesupport_fastrtps_cpp/unitree_go/msg/detail/dds_fastrtps/height_map__type_support.cpp.o[0m
[124.733s] [ 28%] [32mBuilding CXX object CMakeFiles/unitree_go__rosidl_typesupport_fastrtps_cpp.dir/rosidl_typesupport_fastrtps_cpp/unitree_go/msg/detail/dds_fastrtps/imu_state__type_support.cpp.o[0m
[126.488s] [ 29%] [32mBuilding CXX object CMakeFiles/unitree_go__rosidl_typesupport_fastrtps_cpp.dir/rosidl_typesupport_fastrtps_cpp/unitree_go/msg/detail/dds_fastrtps/interface_config__type_support.cpp.o[0m
[128.133s] [ 29%] [32mBuilding CXX object CMakeFiles/unitree_go__rosidl_typesupport_fastrtps_cpp.dir/rosidl_typesupport_fastrtps_cpp/unitree_go/msg/detail/dds_fastrtps/lidar_state__type_support.cpp.o[0m
[129.571s] [ 30%] [32mBuilding CXX object CMakeFiles/unitree_go__rosidl_typesupport_fastrtps_cpp.dir/rosidl_typesupport_fastrtps_cpp/unitree_go/msg/detail/dds_fastrtps/low_cmd__type_support.cpp.o[0m
[131.262s] [ 30%] [32mBuilding CXX object CMakeFiles/unitree_go__rosidl_typesupport_fastrtps_cpp.dir/rosidl_typesupport_fastrtps_cpp/unitree_go/msg/detail/dds_fastrtps/low_state__type_support.cpp.o[0m
[133.327s] [ 30%] [32mBuilding CXX object CMakeFiles/unitree_go__rosidl_typesupport_fastrtps_cpp.dir/rosidl_typesupport_fastrtps_cpp/unitree_go/msg/detail/dds_fastrtps/motor_cmd__type_support.cpp.o[0m
[135.234s] [ 31%] [32mBuilding CXX object CMakeFiles/unitree_go__rosidl_typesupport_fastrtps_cpp.dir/rosidl_typesupport_fastrtps_cpp/unitree_go/msg/detail/dds_fastrtps/motor_cmds__type_support.cpp.o[0m
[137.042s] [ 31%] [32mBuilding CXX object CMakeFiles/unitree_go__rosidl_typesupport_fastrtps_cpp.dir/rosidl_typesupport_fastrtps_cpp/unitree_go/msg/detail/dds_fastrtps/motor_state__type_support.cpp.o[0m
[138.936s] [ 32%] [32mBuilding CXX object CMakeFiles/unitree_go__rosidl_typesupport_fastrtps_cpp.dir/rosidl_typesupport_fastrtps_cpp/unitree_go/msg/detail/dds_fastrtps/motor_states__type_support.cpp.o[0m
[140.534s] [ 32%] [32mBuilding CXX object CMakeFiles/unitree_go__rosidl_typesupport_fastrtps_cpp.dir/rosidl_typesupport_fastrtps_cpp/unitree_go/msg/detail/dds_fastrtps/path_point__type_support.cpp.o[0m
[141.946s] [ 33%] [32mBuilding CXX object CMakeFiles/unitree_go__rosidl_typesupport_fastrtps_cpp.dir/rosidl_typesupport_fastrtps_cpp/unitree_go/msg/detail/dds_fastrtps/req__type_support.cpp.o[0m
[143.466s] [ 33%] [32mBuilding CXX object CMakeFiles/unitree_go__rosidl_typesupport_fastrtps_cpp.dir/rosidl_typesupport_fastrtps_cpp/unitree_go/msg/detail/dds_fastrtps/res__type_support.cpp.o[0m
[144.987s] [ 34%] [32mBuilding CXX object CMakeFiles/unitree_go__rosidl_typesupport_fastrtps_cpp.dir/rosidl_typesupport_fastrtps_cpp/unitree_go/msg/detail/dds_fastrtps/sport_mode_cmd__type_support.cpp.o[0m
[146.690s] [ 34%] [32mBuilding CXX object CMakeFiles/unitree_go__rosidl_typesupport_fastrtps_cpp.dir/rosidl_typesupport_fastrtps_cpp/unitree_go/msg/detail/dds_fastrtps/sport_mode_state__type_support.cpp.o[0m
[148.435s] [ 35%] [32mBuilding CXX object CMakeFiles/unitree_go__rosidl_typesupport_fastrtps_cpp.dir/rosidl_typesupport_fastrtps_cpp/unitree_go/msg/detail/dds_fastrtps/time_spec__type_support.cpp.o[0m
[150.005s] [ 35%] [32mBuilding CXX object CMakeFiles/unitree_go__rosidl_typesupport_fastrtps_cpp.dir/rosidl_typesupport_fastrtps_cpp/unitree_go/msg/detail/dds_fastrtps/uwb_state__type_support.cpp.o[0m
[151.508s] [ 36%] [32mBuilding CXX object CMakeFiles/unitree_go__rosidl_typesupport_fastrtps_cpp.dir/rosidl_typesupport_fastrtps_cpp/unitree_go/msg/detail/dds_fastrtps/uwb_switch__type_support.cpp.o[0m
[152.976s] [ 36%] [32mBuilding CXX object CMakeFiles/unitree_go__rosidl_typesupport_fastrtps_cpp.dir/rosidl_typesupport_fastrtps_cpp/unitree_go/msg/detail/dds_fastrtps/wireless_controller__type_support.cpp.o[0m
[154.346s] [ 37%] [32mBuilding CXX object CMakeFiles/unitree_go__rosidl_typesupport_fastrtps_cpp.dir/rosidl_typesupport_fastrtps_cpp/unitree_go/msg/detail/dds_fastrtps/error__type_support.cpp.o[0m
[156.192s] [ 37%] [32mBuilding CXX object CMakeFiles/unitree_go__rosidl_typesupport_fastrtps_cpp.dir/rosidl_typesupport_fastrtps_cpp/unitree_go/msg/detail/dds_fastrtps/bms_state__type_support.cpp.o[0m
[158.236s] [ 38%] [32mBuilding CXX object CMakeFiles/unitree_go__rosidl_typesupport_fastrtps_cpp.dir/rosidl_typesupport_fastrtps_cpp/unitree_go/msg/detail/dds_fastrtps/bms_cmd__type_support.cpp.o[0m
[160.275s] [ 39%] [32m[1mLinking CXX shared library libunitree_go__rosidl_typesupport_fastrtps_cpp.so[0m
[160.621s] [ 39%] Built target unitree_go__rosidl_typesupport_fastrtps_cpp
[160.725s] [ 40%] [34m[1mGenerating C code for ROS interfaces[0m
[171.892s] [35m[1mScanning dependencies of target unitree_go__rosidl_generator_c[0m
[172.092s] [ 40%] [32mBuilding C object CMakeFiles/unitree_go__rosidl_generator_c.dir/rosidl_generator_c/unitree_go/msg/detail/audio_data__functions.c.o[0m
[172.389s] [ 41%] [32mBuilding C object CMakeFiles/unitree_go__rosidl_generator_c.dir/rosidl_generator_c/unitree_go/msg/detail/height_map__functions.c.o[0m
[172.658s] [ 41%] [32mBuilding C object CMakeFiles/unitree_go__rosidl_generator_c.dir/rosidl_generator_c/unitree_go/msg/detail/imu_state__functions.c.o[0m
[172.869s] [ 42%] [32mBuilding C object CMakeFiles/unitree_go__rosidl_generator_c.dir/rosidl_generator_c/unitree_go/msg/detail/interface_config__functions.c.o[0m
[173.054s] [ 42%] [32mBuilding C object CMakeFiles/unitree_go__rosidl_generator_c.dir/rosidl_generator_c/unitree_go/msg/detail/lidar_state__functions.c.o[0m
[173.246s] [ 43%] [32mBuilding C object CMakeFiles/unitree_go__rosidl_generator_c.dir/rosidl_generator_c/unitree_go/msg/detail/low_cmd__functions.c.o[0m
[173.492s] [ 43%] [32mBuilding C object CMakeFiles/unitree_go__rosidl_generator_c.dir/rosidl_generator_c/unitree_go/msg/detail/low_state__functions.c.o[0m
[173.774s] [ 43%] [32mBuilding C object CMakeFiles/unitree_go__rosidl_generator_c.dir/rosidl_generator_c/unitree_go/msg/detail/motor_cmd__functions.c.o[0m
[174.045s] [ 44%] [32mBuilding C object CMakeFiles/unitree_go__rosidl_generator_c.dir/rosidl_generator_c/unitree_go/msg/detail/motor_cmds__functions.c.o[0m
[174.690s] [ 44%] [32mBuilding C object CMakeFiles/unitree_go__rosidl_generator_c.dir/rosidl_generator_c/unitree_go/msg/detail/motor_state__functions.c.o[0m
[175.193s] [ 45%] [32mBuilding C object CMakeFiles/unitree_go__rosidl_generator_c.dir/rosidl_generator_c/unitree_go/msg/detail/motor_states__functions.c.o[0m
[175.739s] [ 45%] [32mBuilding C object CMakeFiles/unitree_go__rosidl_generator_c.dir/rosidl_generator_c/unitree_go/msg/detail/path_point__functions.c.o[0m
[176.239s] [ 46%] [32mBuilding C object CMakeFiles/unitree_go__rosidl_generator_c.dir/rosidl_generator_c/unitree_go/msg/detail/req__functions.c.o[0m
[176.679s] [ 46%] [32mBuilding C object CMakeFiles/unitree_go__rosidl_generator_c.dir/rosidl_generator_c/unitree_go/msg/detail/res__functions.c.o[0m
[177.340s] [ 47%] [32mBuilding C object CMakeFiles/unitree_go__rosidl_generator_c.dir/rosidl_generator_c/unitree_go/msg/detail/sport_mode_cmd__functions.c.o[0m
[177.849s] [ 47%] [32mBuilding C object CMakeFiles/unitree_go__rosidl_generator_c.dir/rosidl_generator_c/unitree_go/msg/detail/sport_mode_state__functions.c.o[0m
[178.457s] [ 48%] [32mBuilding C object CMakeFiles/unitree_go__rosidl_generator_c.dir/rosidl_generator_c/unitree_go/msg/detail/time_spec__functions.c.o[0m
[179.039s] [ 48%] [32mBuilding C object CMakeFiles/unitree_go__rosidl_generator_c.dir/rosidl_generator_c/unitree_go/msg/detail/uwb_state__functions.c.o[0m
[179.684s] [ 49%] [32mBuilding C object CMakeFiles/unitree_go__rosidl_generator_c.dir/rosidl_generator_c/unitree_go/msg/detail/uwb_switch__functions.c.o[0m
[179.973s] [ 49%] [32mBuilding C object CMakeFiles/unitree_go__rosidl_generator_c.dir/rosidl_generator_c/unitree_go/msg/detail/wireless_controller__functions.c.o[0m
[180.682s] [ 49%] [32mBuilding C object CMakeFiles/unitree_go__rosidl_generator_c.dir/rosidl_generator_c/unitree_go/msg/detail/go2_front_video_data__functions.c.o[0m
[181.388s] [ 50%] [32mBuilding C object CMakeFiles/unitree_go__rosidl_generator_c.dir/rosidl_generator_c/unitree_go/msg/detail/error__functions.c.o[0m
[181.790s] [ 50%] [32mBuilding C object CMakeFiles/unitree_go__rosidl_generator_c.dir/rosidl_generator_c/unitree_go/msg/detail/bms_state__functions.c.o[0m
[182.318s] [ 51%] [32mBuilding C object CMakeFiles/unitree_go__rosidl_generator_c.dir/rosidl_generator_c/unitree_go/msg/detail/bms_cmd__functions.c.o[0m
[182.547s] [ 52%] [32m[1mLinking C shared library libunitree_go__rosidl_generator_c.so[0m
[182.779s] [ 52%] Built target unitree_go__rosidl_generator_c
[182.866s] [ 52%] [34m[1mGenerating C type support for eProsima Fast-RTPS[0m
[189.098s] [35m[1mScanning dependencies of target unitree_go__rosidl_typesupport_fastrtps_c[0m
[189.320s] [ 52%] [32mBuilding CXX object CMakeFiles/unitree_go__rosidl_typesupport_fastrtps_c.dir/rosidl_typesupport_fastrtps_c/unitree_go/msg/detail/audio_data__type_support_c.cpp.o[0m
[190.762s] [ 53%] [32mBuilding CXX object CMakeFiles/unitree_go__rosidl_typesupport_fastrtps_c.dir/rosidl_typesupport_fastrtps_c/unitree_go/msg/detail/error__type_support_c.cpp.o[0m
[192.074s] [ 53%] [32mBuilding CXX object CMakeFiles/unitree_go__rosidl_typesupport_fastrtps_c.dir/rosidl_typesupport_fastrtps_c/unitree_go/msg/detail/go2_front_video_data__type_support_c.cpp.o[0m
[193.394s] [ 54%] [32mBuilding CXX object CMakeFiles/unitree_go__rosidl_typesupport_fastrtps_c.dir/rosidl_typesupport_fastrtps_c/unitree_go/msg/detail/height_map__type_support_c.cpp.o[0m
[194.632s] [ 54%] [32mBuilding CXX object CMakeFiles/unitree_go__rosidl_typesupport_fastrtps_c.dir/rosidl_typesupport_fastrtps_c/unitree_go/msg/detail/imu_state__type_support_c.cpp.o[0m
[195.746s] [ 55%] [32mBuilding CXX object CMakeFiles/unitree_go__rosidl_typesupport_fastrtps_c.dir/rosidl_typesupport_fastrtps_c/unitree_go/msg/detail/interface_config__type_support_c.cpp.o[0m
[197.091s] [ 55%] [32mBuilding CXX object CMakeFiles/unitree_go__rosidl_typesupport_fastrtps_c.dir/rosidl_typesupport_fastrtps_c/unitree_go/msg/detail/lidar_state__type_support_c.cpp.o[0m
[198.486s] [ 56%] [32mBuilding CXX object CMakeFiles/unitree_go__rosidl_typesupport_fastrtps_c.dir/rosidl_typesupport_fastrtps_c/unitree_go/msg/detail/low_cmd__type_support_c.cpp.o[0m
[200.098s] [ 56%] [32mBuilding CXX object CMakeFiles/unitree_go__rosidl_typesupport_fastrtps_c.dir/rosidl_typesupport_fastrtps_c/unitree_go/msg/detail/low_state__type_support_c.cpp.o[0m
[201.586s] [ 57%] [32mBuilding CXX object CMakeFiles/unitree_go__rosidl_typesupport_fastrtps_c.dir/rosidl_typesupport_fastrtps_c/unitree_go/msg/detail/motor_cmd__type_support_c.cpp.o[0m
[203.322s] [ 57%] [32mBuilding CXX object CMakeFiles/unitree_go__rosidl_typesupport_fastrtps_c.dir/rosidl_typesupport_fastrtps_c/unitree_go/msg/detail/motor_cmds__type_support_c.cpp.o[0m
[204.600s] [ 57%] [32mBuilding CXX object CMakeFiles/unitree_go__rosidl_typesupport_fastrtps_c.dir/rosidl_typesupport_fastrtps_c/unitree_go/msg/detail/motor_state__type_support_c.cpp.o[0m
[206.026s] [ 58%] [32mBuilding CXX object CMakeFiles/unitree_go__rosidl_typesupport_fastrtps_c.dir/rosidl_typesupport_fastrtps_c/unitree_go/msg/detail/motor_states__type_support_c.cpp.o[0m
[207.438s] [ 58%] [32mBuilding CXX object CMakeFiles/unitree_go__rosidl_typesupport_fastrtps_c.dir/rosidl_typesupport_fastrtps_c/unitree_go/msg/detail/path_point__type_support_c.cpp.o[0m
[208.841s] [ 59%] [32mBuilding CXX object CMakeFiles/unitree_go__rosidl_typesupport_fastrtps_c.dir/rosidl_typesupport_fastrtps_c/unitree_go/msg/detail/req__type_support_c.cpp.o[0m
[210.245s] [ 59%] [32mBuilding CXX object CMakeFiles/unitree_go__rosidl_typesupport_fastrtps_c.dir/rosidl_typesupport_fastrtps_c/unitree_go/msg/detail/res__type_support_c.cpp.o[0m
[211.536s] [ 60%] [32mBuilding CXX object CMakeFiles/unitree_go__rosidl_typesupport_fastrtps_c.dir/rosidl_typesupport_fastrtps_c/unitree_go/msg/detail/sport_mode_cmd__type_support_c.cpp.o[0m
[212.794s] [ 60%] [32mBuilding CXX object CMakeFiles/unitree_go__rosidl_typesupport_fastrtps_c.dir/rosidl_typesupport_fastrtps_c/unitree_go/msg/detail/sport_mode_state__type_support_c.cpp.o[0m
[214.450s] [ 61%] [32mBuilding CXX object CMakeFiles/unitree_go__rosidl_typesupport_fastrtps_c.dir/rosidl_typesupport_fastrtps_c/unitree_go/msg/detail/time_spec__type_support_c.cpp.o[0m
[216.196s] [ 61%] [32mBuilding CXX object CMakeFiles/unitree_go__rosidl_typesupport_fastrtps_c.dir/rosidl_typesupport_fastrtps_c/unitree_go/msg/detail/uwb_state__type_support_c.cpp.o[0m
[217.842s] [ 62%] [32mBuilding CXX object CMakeFiles/unitree_go__rosidl_typesupport_fastrtps_c.dir/rosidl_typesupport_fastrtps_c/unitree_go/msg/detail/uwb_switch__type_support_c.cpp.o[0m
[219.659s] [ 62%] [32mBuilding CXX object CMakeFiles/unitree_go__rosidl_typesupport_fastrtps_c.dir/rosidl_typesupport_fastrtps_c/unitree_go/msg/detail/wireless_controller__type_support_c.cpp.o[0m
[221.079s] [ 62%] [32mBuilding CXX object CMakeFiles/unitree_go__rosidl_typesupport_fastrtps_c.dir/rosidl_typesupport_fastrtps_c/unitree_go/msg/detail/bms_state__type_support_c.cpp.o[0m
[222.536s] [ 63%] [32mBuilding CXX object CMakeFiles/unitree_go__rosidl_typesupport_fastrtps_c.dir/rosidl_typesupport_fastrtps_c/unitree_go/msg/detail/bms_cmd__type_support_c.cpp.o[0m
[223.919s] [ 64%] [32m[1mLinking CXX shared library libunitree_go__rosidl_typesupport_fastrtps_c.so[0m
[224.461s] [ 64%] Built target unitree_go__rosidl_typesupport_fastrtps_c
[224.541s] [ 64%] [34m[1mGenerating C type support dispatch for ROS interfaces[0m
[228.658s] [35m[1mScanning dependencies of target unitree_go__rosidl_typesupport_c[0m
[228.799s] [ 64%] [32mBuilding CXX object CMakeFiles/unitree_go__rosidl_typesupport_c.dir/rosidl_typesupport_c/unitree_go/msg/audio_data__type_support.cpp.o[0m
[228.968s] [ 64%] [32mBuilding CXX object CMakeFiles/unitree_go__rosidl_typesupport_c.dir/rosidl_typesupport_c/unitree_go/msg/go2_front_video_data__type_support.cpp.o[0m
[229.146s] [ 65%] [32mBuilding CXX object CMakeFiles/unitree_go__rosidl_typesupport_c.dir/rosidl_typesupport_c/unitree_go/msg/height_map__type_support.cpp.o[0m
[229.315s] [ 65%] [32mBuilding CXX object CMakeFiles/unitree_go__rosidl_typesupport_c.dir/rosidl_typesupport_c/unitree_go/msg/imu_state__type_support.cpp.o[0m
[229.514s] [ 66%] [32mBuilding CXX object CMakeFiles/unitree_go__rosidl_typesupport_c.dir/rosidl_typesupport_c/unitree_go/msg/interface_config__type_support.cpp.o[0m
[229.664s] [ 66%] [32mBuilding CXX object CMakeFiles/unitree_go__rosidl_typesupport_c.dir/rosidl_typesupport_c/unitree_go/msg/lidar_state__type_support.cpp.o[0m
[229.782s] [ 67%] [32mBuilding CXX object CMakeFiles/unitree_go__rosidl_typesupport_c.dir/rosidl_typesupport_c/unitree_go/msg/low_cmd__type_support.cpp.o[0m
[229.911s] [ 67%] [32mBuilding CXX object CMakeFiles/unitree_go__rosidl_typesupport_c.dir/rosidl_typesupport_c/unitree_go/msg/low_state__type_support.cpp.o[0m
[229.985s] [ 68%] [32mBuilding CXX object CMakeFiles/unitree_go__rosidl_typesupport_c.dir/rosidl_typesupport_c/unitree_go/msg/motor_cmd__type_support.cpp.o[0m
[230.110s] [ 68%] [32mBuilding CXX object CMakeFiles/unitree_go__rosidl_typesupport_c.dir/rosidl_typesupport_c/unitree_go/msg/motor_cmds__type_support.cpp.o[0m
[230.234s] [ 68%] [32mBuilding CXX object CMakeFiles/unitree_go__rosidl_typesupport_c.dir/rosidl_typesupport_c/unitree_go/msg/motor_state__type_support.cpp.o[0m
[230.356s] [ 69%] [32mBuilding CXX object CMakeFiles/unitree_go__rosidl_typesupport_c.dir/rosidl_typesupport_c/unitree_go/msg/motor_states__type_support.cpp.o[0m
[230.551s] [ 69%] [32mBuilding CXX object CMakeFiles/unitree_go__rosidl_typesupport_c.dir/rosidl_typesupport_c/unitree_go/msg/path_point__type_support.cpp.o[0m
[230.715s] [ 70%] [32mBuilding CXX object CMakeFiles/unitree_go__rosidl_typesupport_c.dir/rosidl_typesupport_c/unitree_go/msg/req__type_support.cpp.o[0m
[230.861s] [ 70%] [32mBuilding CXX object CMakeFiles/unitree_go__rosidl_typesupport_c.dir/rosidl_typesupport_c/unitree_go/msg/res__type_support.cpp.o[0m
[231.002s] [ 71%] [32mBuilding CXX object CMakeFiles/unitree_go__rosidl_typesupport_c.dir/rosidl_typesupport_c/unitree_go/msg/sport_mode_cmd__type_support.cpp.o[0m
[231.169s] [ 71%] [32mBuilding CXX object CMakeFiles/unitree_go__rosidl_typesupport_c.dir/rosidl_typesupport_c/unitree_go/msg/sport_mode_state__type_support.cpp.o[0m
[231.338s] [ 72%] [32mBuilding CXX object CMakeFiles/unitree_go__rosidl_typesupport_c.dir/rosidl_typesupport_c/unitree_go/msg/time_spec__type_support.cpp.o[0m
[231.506s] [ 72%] [32mBuilding CXX object CMakeFiles/unitree_go__rosidl_typesupport_c.dir/rosidl_typesupport_c/unitree_go/msg/uwb_state__type_support.cpp.o[0m
[231.646s] [ 73%] [32mBuilding CXX object CMakeFiles/unitree_go__rosidl_typesupport_c.dir/rosidl_typesupport_c/unitree_go/msg/uwb_switch__type_support.cpp.o[0m
[231.834s] [ 73%] [32mBuilding CXX object CMakeFiles/unitree_go__rosidl_typesupport_c.dir/rosidl_typesupport_c/unitree_go/msg/wireless_controller__type_support.cpp.o[0m
[232.034s] [ 74%] [32mBuilding CXX object CMakeFiles/unitree_go__rosidl_typesupport_c.dir/rosidl_typesupport_c/unitree_go/msg/error__type_support.cpp.o[0m
[232.233s] [ 74%] [32mBuilding CXX object CMakeFiles/unitree_go__rosidl_typesupport_c.dir/rosidl_typesupport_c/unitree_go/msg/bms_state__type_support.cpp.o[0m
[232.443s] [ 75%] [32mBuilding CXX object CMakeFiles/unitree_go__rosidl_typesupport_c.dir/rosidl_typesupport_c/unitree_go/msg/bms_cmd__type_support.cpp.o[0m
[232.588s] [ 76%] [32m[1mLinking CXX shared library libunitree_go__rosidl_typesupport_c.so[0m
[232.762s] [ 76%] Built target unitree_go__rosidl_typesupport_c
[232.836s] [ 76%] [34m[1mGenerating C introspection for ROS interfaces[0m
[238.346s] [35m[1mScanning dependencies of target unitree_go__rosidl_typesupport_introspection_c[0m
[238.476s] [ 76%] [32mBuilding C object CMakeFiles/unitree_go__rosidl_typesupport_introspection_c.dir/rosidl_typesupport_introspection_c/unitree_go/msg/detail/audio_data__type_support.c.o[0m
[238.602s] [ 77%] [32mBuilding C object CMakeFiles/unitree_go__rosidl_typesupport_introspection_c.dir/rosidl_typesupport_introspection_c/unitree_go/msg/detail/height_map__type_support.c.o[0m
[238.729s] [ 77%] [32mBuilding C object CMakeFiles/unitree_go__rosidl_typesupport_introspection_c.dir/rosidl_typesupport_introspection_c/unitree_go/msg/detail/imu_state__type_support.c.o[0m
[238.850s] [ 78%] [32mBuilding C object CMakeFiles/unitree_go__rosidl_typesupport_introspection_c.dir/rosidl_typesupport_introspection_c/unitree_go/msg/detail/interface_config__type_support.c.o[0m
[239.011s] [ 78%] [32mBuilding C object CMakeFiles/unitree_go__rosidl_typesupport_introspection_c.dir/rosidl_typesupport_introspection_c/unitree_go/msg/detail/lidar_state__type_support.c.o[0m
[239.149s] [ 79%] [32mBuilding C object CMakeFiles/unitree_go__rosidl_typesupport_introspection_c.dir/rosidl_typesupport_introspection_c/unitree_go/msg/detail/low_cmd__type_support.c.o[0m
[239.267s] [ 79%] [32mBuilding C object CMakeFiles/unitree_go__rosidl_typesupport_introspection_c.dir/rosidl_typesupport_introspection_c/unitree_go/msg/detail/low_state__type_support.c.o[0m
[239.418s] [ 80%] [32mBuilding C object CMakeFiles/unitree_go__rosidl_typesupport_introspection_c.dir/rosidl_typesupport_introspection_c/unitree_go/msg/detail/motor_cmd__type_support.c.o[0m
[239.562s] [ 80%] [32mBuilding C object CMakeFiles/unitree_go__rosidl_typesupport_introspection_c.dir/rosidl_typesupport_introspection_c/unitree_go/msg/detail/motor_cmds__type_support.c.o[0m
[239.708s] [ 80%] [32mBuilding C object CMakeFiles/unitree_go__rosidl_typesupport_introspection_c.dir/rosidl_typesupport_introspection_c/unitree_go/msg/detail/motor_state__type_support.c.o[0m
[239.886s] [ 81%] [32mBuilding C object CMakeFiles/unitree_go__rosidl_typesupport_introspection_c.dir/rosidl_typesupport_introspection_c/unitree_go/msg/detail/motor_states__type_support.c.o[0m
[240.012s] [ 81%] [32mBuilding C object CMakeFiles/unitree_go__rosidl_typesupport_introspection_c.dir/rosidl_typesupport_introspection_c/unitree_go/msg/detail/path_point__type_support.c.o[0m
[240.160s] [ 82%] [32mBuilding C object CMakeFiles/unitree_go__rosidl_typesupport_introspection_c.dir/rosidl_typesupport_introspection_c/unitree_go/msg/detail/req__type_support.c.o[0m
[240.346s] [ 82%] [32mBuilding C object CMakeFiles/unitree_go__rosidl_typesupport_introspection_c.dir/rosidl_typesupport_introspection_c/unitree_go/msg/detail/res__type_support.c.o[0m
[240.539s] [ 83%] [32mBuilding C object CMakeFiles/unitree_go__rosidl_typesupport_introspection_c.dir/rosidl_typesupport_introspection_c/unitree_go/msg/detail/sport_mode_cmd__type_support.c.o[0m
[240.679s] [ 83%] [32mBuilding C object CMakeFiles/unitree_go__rosidl_typesupport_introspection_c.dir/rosidl_typesupport_introspection_c/unitree_go/msg/detail/sport_mode_state__type_support.c.o[0m
[240.820s] [ 84%] [32mBuilding C object CMakeFiles/unitree_go__rosidl_typesupport_introspection_c.dir/rosidl_typesupport_introspection_c/unitree_go/msg/detail/time_spec__type_support.c.o[0m
[240.970s] [ 84%] [32mBuilding C object CMakeFiles/unitree_go__rosidl_typesupport_introspection_c.dir/rosidl_typesupport_introspection_c/unitree_go/msg/detail/uwb_state__type_support.c.o[0m
[241.127s] [ 85%] [32mBuilding C object CMakeFiles/unitree_go__rosidl_typesupport_introspection_c.dir/rosidl_typesupport_introspection_c/unitree_go/msg/detail/uwb_switch__type_support.c.o[0m
[241.257s] [ 85%] [32mBuilding C object CMakeFiles/unitree_go__rosidl_typesupport_introspection_c.dir/rosidl_typesupport_introspection_c/unitree_go/msg/detail/wireless_controller__type_support.c.o[0m
[241.416s] [ 85%] [32mBuilding C object CMakeFiles/unitree_go__rosidl_typesupport_introspection_c.dir/rosidl_typesupport_introspection_c/unitree_go/msg/detail/go2_front_video_data__type_support.c.o[0m
[241.604s] [ 86%] [32mBuilding C object CMakeFiles/unitree_go__rosidl_typesupport_introspection_c.dir/rosidl_typesupport_introspection_c/unitree_go/msg/detail/error__type_support.c.o[0m
[241.721s] [ 86%] [32mBuilding C object CMakeFiles/unitree_go__rosidl_typesupport_introspection_c.dir/rosidl_typesupport_introspection_c/unitree_go/msg/detail/bms_state__type_support.c.o[0m
[241.854s] [ 87%] [32mBuilding C object CMakeFiles/unitree_go__rosidl_typesupport_introspection_c.dir/rosidl_typesupport_introspection_c/unitree_go/msg/detail/bms_cmd__type_support.c.o[0m
[241.991s] [ 88%] [32m[1mLinking C shared library libunitree_go__rosidl_typesupport_introspection_c.so[0m
[242.180s] [ 88%] Built target unitree_go__rosidl_typesupport_introspection_c
[242.247s] [35m[1mScanning dependencies of target unitree_go[0m
[242.332s] [ 88%] Built target unitree_go
[242.381s] [35m[1mScanning dependencies of target unitree_go__py[0m
[242.458s] [ 89%] [34m[1mGenerating Python code for ROS interfaces[0m
[258.707s] [ 89%] Built target unitree_go__py
[258.743s] [35m[1mScanning dependencies of target unitree_go__python[0m
[258.989s] [ 89%] [32mBuilding C object CMakeFiles/unitree_go__python.dir/rosidl_generator_py/unitree_go/msg/_audio_data_s.c.o[0m
[259.341s] [ 90%] [32mBuilding C object CMakeFiles/unitree_go__python.dir/rosidl_generator_py/unitree_go/msg/_height_map_s.c.o[0m
[259.652s] [ 90%] [32mBuilding C object CMakeFiles/unitree_go__python.dir/rosidl_generator_py/unitree_go/msg/_imu_state_s.c.o[0m
[259.907s] [ 91%] [32mBuilding C object CMakeFiles/unitree_go__python.dir/rosidl_generator_py/unitree_go/msg/_interface_config_s.c.o[0m
[260.140s] [ 91%] [32mBuilding C object CMakeFiles/unitree_go__python.dir/rosidl_generator_py/unitree_go/msg/_lidar_state_s.c.o[0m
[260.376s] [ 92%] [32mBuilding C object CMakeFiles/unitree_go__python.dir/rosidl_generator_py/unitree_go/msg/_low_cmd_s.c.o[0m
[260.633s] [ 92%] [32mBuilding C object CMakeFiles/unitree_go__python.dir/rosidl_generator_py/unitree_go/msg/_low_state_s.c.o[0m
[260.920s] [ 92%] [32mBuilding C object CMakeFiles/unitree_go__python.dir/rosidl_generator_py/unitree_go/msg/_motor_cmd_s.c.o[0m
[261.148s] [ 93%] [32mBuilding C object CMakeFiles/unitree_go__python.dir/rosidl_generator_py/unitree_go/msg/_motor_cmds_s.c.o[0m
[261.357s] [ 93%] [32mBuilding C object CMakeFiles/unitree_go__python.dir/rosidl_generator_py/unitree_go/msg/_motor_state_s.c.o[0m
[261.586s] [ 94%] [32mBuilding C object CMakeFiles/unitree_go__python.dir/rosidl_generator_py/unitree_go/msg/_motor_states_s.c.o[0m
[261.819s] [ 94%] [32mBuilding C object CMakeFiles/unitree_go__python.dir/rosidl_generator_py/unitree_go/msg/_path_point_s.c.o[0m
[262.023s] [ 95%] [32mBuilding C object CMakeFiles/unitree_go__python.dir/rosidl_generator_py/unitree_go/msg/_req_s.c.o[0m
[262.222s] [ 95%] [32mBuilding C object CMakeFiles/unitree_go__python.dir/rosidl_generator_py/unitree_go/msg/_res_s.c.o[0m
[262.458s] [ 96%] [32mBuilding C object CMakeFiles/unitree_go__python.dir/rosidl_generator_py/unitree_go/msg/_sport_mode_cmd_s.c.o[0m
[262.716s] [ 96%] [32mBuilding C object CMakeFiles/unitree_go__python.dir/rosidl_generator_py/unitree_go/msg/_sport_mode_state_s.c.o[0m
[262.989s] [ 97%] [32mBuilding C object CMakeFiles/unitree_go__python.dir/rosidl_generator_py/unitree_go/msg/_time_spec_s.c.o[0m
[263.237s] [ 97%] [32mBuilding C object CMakeFiles/unitree_go__python.dir/rosidl_generator_py/unitree_go/msg/_uwb_state_s.c.o[0m
[263.490s] [ 98%] [32mBuilding C object CMakeFiles/unitree_go__python.dir/rosidl_generator_py/unitree_go/msg/_uwb_switch_s.c.o[0m
[263.701s] [ 98%] [32mBuilding C object CMakeFiles/unitree_go__python.dir/rosidl_generator_py/unitree_go/msg/_wireless_controller_s.c.o[0m
[263.906s] [ 98%] [32mBuilding C object CMakeFiles/unitree_go__python.dir/rosidl_generator_py/unitree_go/msg/_go2_front_video_data_s.c.o[0m
[264.156s] [ 99%] [32mBuilding C object CMakeFiles/unitree_go__python.dir/rosidl_generator_py/unitree_go/msg/_error_s.c.o[0m
[264.358s] [ 99%] [32mBuilding C object CMakeFiles/unitree_go__python.dir/rosidl_generator_py/unitree_go/msg/_bms_state_s.c.o[0m
[264.597s] [100%] [32mBuilding C object CMakeFiles/unitree_go__python.dir/rosidl_generator_py/unitree_go/msg/_bms_cmd_s.c.o[0m
[264.816s] [100%] [32m[1mLinking C shared library rosidl_generator_py/unitree_go/libunitree_go__python.so[0m
[264.945s] [100%] Built target unitree_go__python
[264.972s] [35m[1mScanning dependencies of target unitree_go__rosidl_typesupport_c__pyext[0m
[265.058s] [100%] [32mBuilding C object CMakeFiles/unitree_go__rosidl_typesupport_c__pyext.dir/rosidl_generator_py/unitree_go/_unitree_go_s.ep.rosidl_typesupport_c.c.o[0m
[265.414s] [100%] [32m[1mLinking C shared library rosidl_generator_py/unitree_go/unitree_go_s__rosidl_typesupport_c.cpython-38-aarch64-linux-gnu.so[0m
[265.520s] [100%] Built target unitree_go__rosidl_typesupport_c__pyext
[265.550s] [35m[1mScanning dependencies of target unitree_go__rosidl_typesupport_fastrtps_c__pyext[0m
[265.627s] [100%] [32mBuilding C object CMakeFiles/unitree_go__rosidl_typesupport_fastrtps_c__pyext.dir/rosidl_generator_py/unitree_go/_unitree_go_s.ep.rosidl_typesupport_fastrtps_c.c.o[0m
[265.975s] [100%] [32m[1mLinking CXX shared library rosidl_generator_py/unitree_go/unitree_go_s__rosidl_typesupport_fastrtps_c.cpython-38-aarch64-linux-gnu.so[0m
[266.136s] [100%] Built target unitree_go__rosidl_typesupport_fastrtps_c__pyext
[266.164s] [35m[1mScanning dependencies of target unitree_go__rosidl_typesupport_introspection_c__pyext[0m
[266.246s] [100%] [32mBuilding C object CMakeFiles/unitree_go__rosidl_typesupport_introspection_c__pyext.dir/rosidl_generator_py/unitree_go/_unitree_go_s.ep.rosidl_typesupport_introspection_c.c.o[0m
[266.610s] [100%] [32m[1mLinking C shared library rosidl_generator_py/unitree_go/unitree_go_s__rosidl_typesupport_introspection_c.cpython-38-aarch64-linux-gnu.so[0m
[266.717s] [100%] Built target unitree_go__rosidl_typesupport_introspection_c__pyext
[266.766s] Invoked command in '/opt/mybotshop/build/unitree_go' returned '0': CMAKE_PREFIX_PATH=${CMAKE_PREFIX_PATH}:/opt/ros/foxy /usr/bin/cmake --build /opt/mybotshop/build/unitree_go -- -j6 -l6
[268.523s] Invoking command in '/opt/mybotshop/build/unitree_go': CMAKE_PREFIX_PATH=${CMAKE_PREFIX_PATH}:/opt/ros/foxy /usr/bin/cmake --install /opt/mybotshop/build/unitree_go
[268.555s] -- Install configuration: ""
[268.557s] -- Execute custom install script
[268.559s] -- Symlinking: /opt/mybotshop/install/unitree_go/share/ament_index/resource_index/rosidl_interfaces/unitree_go
[268.585s] -- Symlinking: /opt/mybotshop/install/unitree_go/include/unitree_go/msg/audio_data.h
[268.614s] -- Symlinking: /opt/mybotshop/install/unitree_go/include/unitree_go/msg/bms_cmd.h
[268.639s] -- Symlinking: /opt/mybotshop/install/unitree_go/include/unitree_go/msg/bms_state.h
[268.663s] -- Symlinking: /opt/mybotshop/install/unitree_go/include/unitree_go/msg/detail/audio_data__functions.h
[268.692s] -- Symlinking: /opt/mybotshop/install/unitree_go/include/unitree_go/msg/detail/audio_data__struct.h
[268.715s] -- Symlinking: /opt/mybotshop/install/unitree_go/include/unitree_go/msg/detail/audio_data__type_support.h
[268.737s] -- Symlinking: /opt/mybotshop/install/unitree_go/include/unitree_go/msg/detail/bms_cmd__functions.h
[268.773s] -- Symlinking: /opt/mybotshop/install/unitree_go/include/unitree_go/msg/detail/bms_cmd__struct.h
[268.797s] -- Symlinking: /opt/mybotshop/install/unitree_go/include/unitree_go/msg/detail/bms_cmd__type_support.h
[268.824s] -- Symlinking: /opt/mybotshop/install/unitree_go/include/unitree_go/msg/detail/bms_state__functions.h
[268.852s] -- Symlinking: /opt/mybotshop/install/unitree_go/include/unitree_go/msg/detail/bms_state__struct.h
[268.881s] -- Symlinking: /opt/mybotshop/install/unitree_go/include/unitree_go/msg/detail/bms_state__type_support.h
[268.908s] -- Symlinking: /opt/mybotshop/install/unitree_go/include/unitree_go/msg/detail/error__functions.h
[268.937s] -- Symlinking: /opt/mybotshop/install/unitree_go/include/unitree_go/msg/detail/error__struct.h
[268.963s] -- Symlinking: /opt/mybotshop/install/unitree_go/include/unitree_go/msg/detail/error__type_support.h
[268.991s] -- Symlinking: /opt/mybotshop/install/unitree_go/include/unitree_go/msg/detail/go2_front_video_data__functions.h
[269.015s] -- Symlinking: /opt/mybotshop/install/unitree_go/include/unitree_go/msg/detail/go2_front_video_data__struct.h
[269.049s] -- Symlinking: /opt/mybotshop/install/unitree_go/include/unitree_go/msg/detail/go2_front_video_data__type_support.h
[269.078s] -- Symlinking: /opt/mybotshop/install/unitree_go/include/unitree_go/msg/detail/height_map__functions.h
[269.099s] -- Symlinking: /opt/mybotshop/install/unitree_go/include/unitree_go/msg/detail/height_map__struct.h
[269.124s] -- Symlinking: /opt/mybotshop/install/unitree_go/include/unitree_go/msg/detail/height_map__type_support.h
[269.156s] -- Symlinking: /opt/mybotshop/install/unitree_go/include/unitree_go/msg/detail/imu_state__functions.h
[269.189s] -- Symlinking: /opt/mybotshop/install/unitree_go/include/unitree_go/msg/detail/imu_state__struct.h
[269.222s] -- Symlinking: /opt/mybotshop/install/unitree_go/include/unitree_go/msg/detail/imu_state__type_support.h
[269.253s] -- Symlinking: /opt/mybotshop/install/unitree_go/include/unitree_go/msg/detail/interface_config__functions.h
[269.279s] -- Symlinking: /opt/mybotshop/install/unitree_go/include/unitree_go/msg/detail/interface_config__struct.h
[269.307s] -- Symlinking: /opt/mybotshop/install/unitree_go/include/unitree_go/msg/detail/interface_config__type_support.h
[269.336s] -- Symlinking: /opt/mybotshop/install/unitree_go/include/unitree_go/msg/detail/lidar_state__functions.h
[269.362s] -- Symlinking: /opt/mybotshop/install/unitree_go/include/unitree_go/msg/detail/lidar_state__struct.h
[269.390s] -- Symlinking: /opt/mybotshop/install/unitree_go/include/unitree_go/msg/detail/lidar_state__type_support.h
[269.424s] -- Symlinking: /opt/mybotshop/install/unitree_go/include/unitree_go/msg/detail/low_cmd__functions.h
[269.455s] -- Symlinking: /opt/mybotshop/install/unitree_go/include/unitree_go/msg/detail/low_cmd__struct.h
[269.480s] -- Symlinking: /opt/mybotshop/install/unitree_go/include/unitree_go/msg/detail/low_cmd__type_support.h
[269.509s] -- Symlinking: /opt/mybotshop/install/unitree_go/include/unitree_go/msg/detail/low_state__functions.h
[269.552s] -- Symlinking: /opt/mybotshop/install/unitree_go/include/unitree_go/msg/detail/low_state__struct.h
[269.585s] -- Symlinking: /opt/mybotshop/install/unitree_go/include/unitree_go/msg/detail/low_state__type_support.h
[269.608s] -- Symlinking: /opt/mybotshop/install/unitree_go/include/unitree_go/msg/detail/motor_cmd__functions.h
[269.634s] -- Symlinking: /opt/mybotshop/install/unitree_go/include/unitree_go/msg/detail/motor_cmd__struct.h
[269.661s] -- Symlinking: /opt/mybotshop/install/unitree_go/include/unitree_go/msg/detail/motor_cmd__type_support.h
[269.687s] -- Symlinking: /opt/mybotshop/install/unitree_go/include/unitree_go/msg/detail/motor_cmds__functions.h
[269.721s] -- Symlinking: /opt/mybotshop/install/unitree_go/include/unitree_go/msg/detail/motor_cmds__struct.h
[269.747s] -- Symlinking: /opt/mybotshop/install/unitree_go/include/unitree_go/msg/detail/motor_cmds__type_support.h
[269.771s] -- Symlinking: /opt/mybotshop/install/unitree_go/include/unitree_go/msg/detail/motor_state__functions.h
[269.801s] -- Symlinking: /opt/mybotshop/install/unitree_go/include/unitree_go/msg/detail/motor_state__struct.h
[269.827s] -- Symlinking: /opt/mybotshop/install/unitree_go/include/unitree_go/msg/detail/motor_state__type_support.h
[269.851s] -- Symlinking: /opt/mybotshop/install/unitree_go/include/unitree_go/msg/detail/motor_states__functions.h
[269.892s] -- Symlinking: /opt/mybotshop/install/unitree_go/include/unitree_go/msg/detail/motor_states__struct.h
[269.934s] -- Symlinking: /opt/mybotshop/install/unitree_go/include/unitree_go/msg/detail/motor_states__type_support.h
[269.941s] -- Symlinking: /opt/mybotshop/install/unitree_go/include/unitree_go/msg/detail/path_point__functions.h
[269.971s] -- Symlinking: /opt/mybotshop/install/unitree_go/include/unitree_go/msg/detail/path_point__struct.h
[269.990s] -- Symlinking: /opt/mybotshop/install/unitree_go/include/unitree_go/msg/detail/path_point__type_support.h
[270.016s] -- Symlinking: /opt/mybotshop/install/unitree_go/include/unitree_go/msg/detail/req__functions.h
[270.037s] -- Symlinking: /opt/mybotshop/install/unitree_go/include/unitree_go/msg/detail/req__struct.h
[270.087s] -- Symlinking: /opt/mybotshop/install/unitree_go/include/unitree_go/msg/detail/req__type_support.h
[270.087s] -- Symlinking: /opt/mybotshop/install/unitree_go/include/unitree_go/msg/detail/res__functions.h
[270.112s] -- Symlinking: /opt/mybotshop/install/unitree_go/include/unitree_go/msg/detail/res__struct.h
[270.137s] -- Symlinking: /opt/mybotshop/install/unitree_go/include/unitree_go/msg/detail/res__type_support.h
[270.176s] -- Symlinking: /opt/mybotshop/install/unitree_go/include/unitree_go/msg/detail/sport_mode_cmd__functions.h
[270.191s] -- Symlinking: /opt/mybotshop/install/unitree_go/include/unitree_go/msg/detail/sport_mode_cmd__struct.h
[270.214s] -- Symlinking: /opt/mybotshop/install/unitree_go/include/unitree_go/msg/detail/sport_mode_cmd__type_support.h
[270.237s] -- Symlinking: /opt/mybotshop/install/unitree_go/include/unitree_go/msg/detail/sport_mode_state__functions.h
[270.261s] -- Symlinking: /opt/mybotshop/install/unitree_go/include/unitree_go/msg/detail/sport_mode_state__struct.h
[270.286s] -- Symlinking: /opt/mybotshop/install/unitree_go/include/unitree_go/msg/detail/sport_mode_state__type_support.h
[270.311s] -- Symlinking: /opt/mybotshop/install/unitree_go/include/unitree_go/msg/detail/time_spec__functions.h
[270.349s] -- Symlinking: /opt/mybotshop/install/unitree_go/include/unitree_go/msg/detail/time_spec__struct.h
[270.372s] -- Symlinking: /opt/mybotshop/install/unitree_go/include/unitree_go/msg/detail/time_spec__type_support.h
[270.418s] -- Symlinking: /opt/mybotshop/install/unitree_go/include/unitree_go/msg/detail/uwb_state__functions.h
[270.448s] -- Symlinking: /opt/mybotshop/install/unitree_go/include/unitree_go/msg/detail/uwb_state__struct.h
[270.473s] -- Symlinking: /opt/mybotshop/install/unitree_go/include/unitree_go/msg/detail/uwb_state__type_support.h
[270.498s] -- Symlinking: /opt/mybotshop/install/unitree_go/include/unitree_go/msg/detail/uwb_switch__functions.h
[270.528s] -- Symlinking: /opt/mybotshop/install/unitree_go/include/unitree_go/msg/detail/uwb_switch__struct.h
[270.552s] -- Symlinking: /opt/mybotshop/install/unitree_go/include/unitree_go/msg/detail/uwb_switch__type_support.h
[270.578s] -- Symlinking: /opt/mybotshop/install/unitree_go/include/unitree_go/msg/detail/wireless_controller__functions.h
[270.626s] -- Symlinking: /opt/mybotshop/install/unitree_go/include/unitree_go/msg/detail/wireless_controller__struct.h
[270.636s] -- Symlinking: /opt/mybotshop/install/unitree_go/include/unitree_go/msg/detail/wireless_controller__type_support.h
[270.655s] -- Symlinking: /opt/mybotshop/install/unitree_go/include/unitree_go/msg/error.h
[270.700s] -- Symlinking: /opt/mybotshop/install/unitree_go/include/unitree_go/msg/go2_front_video_data.h
[270.735s] -- Symlinking: /opt/mybotshop/install/unitree_go/include/unitree_go/msg/height_map.h
[270.748s] -- Symlinking: /opt/mybotshop/install/unitree_go/include/unitree_go/msg/imu_state.h
[270.777s] -- Symlinking: /opt/mybotshop/install/unitree_go/include/unitree_go/msg/interface_config.h
[270.807s] -- Symlinking: /opt/mybotshop/install/unitree_go/include/unitree_go/msg/lidar_state.h
[270.830s] -- Symlinking: /opt/mybotshop/install/unitree_go/include/unitree_go/msg/low_cmd.h
[270.881s] -- Symlinking: /opt/mybotshop/install/unitree_go/include/unitree_go/msg/low_state.h
[270.882s] -- Symlinking: /opt/mybotshop/install/unitree_go/include/unitree_go/msg/motor_cmd.h
[270.906s] -- Symlinking: /opt/mybotshop/install/unitree_go/include/unitree_go/msg/motor_cmds.h
[270.933s] -- Symlinking: /opt/mybotshop/install/unitree_go/include/unitree_go/msg/motor_state.h
[270.958s] -- Symlinking: /opt/mybotshop/install/unitree_go/include/unitree_go/msg/motor_states.h
[270.985s] -- Symlinking: /opt/mybotshop/install/unitree_go/include/unitree_go/msg/path_point.h
[271.012s] -- Symlinking: /opt/mybotshop/install/unitree_go/include/unitree_go/msg/req.h
[271.038s] -- Symlinking: /opt/mybotshop/install/unitree_go/include/unitree_go/msg/res.h
[271.061s] -- Symlinking: /opt/mybotshop/install/unitree_go/include/unitree_go/msg/rosidl_generator_c__visibility_control.h
[271.087s] -- Symlinking: /opt/mybotshop/install/unitree_go/include/unitree_go/msg/sport_mode_cmd.h
[271.110s] -- Symlinking: /opt/mybotshop/install/unitree_go/include/unitree_go/msg/sport_mode_state.h
[271.134s] -- Symlinking: /opt/mybotshop/install/unitree_go/include/unitree_go/msg/time_spec.h
[271.157s] -- Symlinking: /opt/mybotshop/install/unitree_go/include/unitree_go/msg/uwb_state.h
[271.182s] -- Symlinking: /opt/mybotshop/install/unitree_go/include/unitree_go/msg/uwb_switch.h
[271.206s] -- Symlinking: /opt/mybotshop/install/unitree_go/include/unitree_go/msg/wireless_controller.h
[271.227s] -- Symlinking: /opt/mybotshop/install/unitree_go/share/unitree_go/environment/library_path.sh
[271.251s] -- Symlinking: /opt/mybotshop/install/unitree_go/share/unitree_go/environment/library_path.dsv
[271.275s] -- Symlinking: /opt/mybotshop/install/unitree_go/include/unitree_go/msg/detail/audio_data__rosidl_typesupport_fastrtps_c.h
[271.298s] -- Symlinking: /opt/mybotshop/install/unitree_go/include/unitree_go/msg/detail/bms_cmd__rosidl_typesupport_fastrtps_c.h
[271.321s] -- Symlinking: /opt/mybotshop/install/unitree_go/include/unitree_go/msg/detail/bms_state__rosidl_typesupport_fastrtps_c.h
[271.346s] -- Symlinking: /opt/mybotshop/install/unitree_go/include/unitree_go/msg/detail/error__rosidl_typesupport_fastrtps_c.h
[271.368s] -- Symlinking: /opt/mybotshop/install/unitree_go/include/unitree_go/msg/detail/go2_front_video_data__rosidl_typesupport_fastrtps_c.h
[271.395s] -- Symlinking: /opt/mybotshop/install/unitree_go/include/unitree_go/msg/detail/height_map__rosidl_typesupport_fastrtps_c.h
[271.417s] -- Symlinking: /opt/mybotshop/install/unitree_go/include/unitree_go/msg/detail/imu_state__rosidl_typesupport_fastrtps_c.h
[271.441s] -- Symlinking: /opt/mybotshop/install/unitree_go/include/unitree_go/msg/detail/interface_config__rosidl_typesupport_fastrtps_c.h
[271.465s] -- Symlinking: /opt/mybotshop/install/unitree_go/include/unitree_go/msg/detail/lidar_state__rosidl_typesupport_fastrtps_c.h
[271.494s] -- Symlinking: /opt/mybotshop/install/unitree_go/include/unitree_go/msg/detail/low_cmd__rosidl_typesupport_fastrtps_c.h
[271.521s] -- Symlinking: /opt/mybotshop/install/unitree_go/include/unitree_go/msg/detail/low_state__rosidl_typesupport_fastrtps_c.h
[271.544s] -- Symlinking: /opt/mybotshop/install/unitree_go/include/unitree_go/msg/detail/motor_cmd__rosidl_typesupport_fastrtps_c.h
[271.568s] -- Symlinking: /opt/mybotshop/install/unitree_go/include/unitree_go/msg/detail/motor_cmds__rosidl_typesupport_fastrtps_c.h
[271.593s] -- Symlinking: /opt/mybotshop/install/unitree_go/include/unitree_go/msg/detail/motor_state__rosidl_typesupport_fastrtps_c.h
[271.617s] -- Symlinking: /opt/mybotshop/install/unitree_go/include/unitree_go/msg/detail/motor_states__rosidl_typesupport_fastrtps_c.h
[271.639s] -- Symlinking: /opt/mybotshop/install/unitree_go/include/unitree_go/msg/detail/path_point__rosidl_typesupport_fastrtps_c.h
[271.667s] -- Symlinking: /opt/mybotshop/install/unitree_go/include/unitree_go/msg/detail/req__rosidl_typesupport_fastrtps_c.h
[271.695s] -- Symlinking: /opt/mybotshop/install/unitree_go/include/unitree_go/msg/detail/res__rosidl_typesupport_fastrtps_c.h
[271.719s] -- Symlinking: /opt/mybotshop/install/unitree_go/include/unitree_go/msg/detail/sport_mode_cmd__rosidl_typesupport_fastrtps_c.h
[271.743s] -- Symlinking: /opt/mybotshop/install/unitree_go/include/unitree_go/msg/detail/sport_mode_state__rosidl_typesupport_fastrtps_c.h
[271.771s] -- Symlinking: /opt/mybotshop/install/unitree_go/include/unitree_go/msg/detail/time_spec__rosidl_typesupport_fastrtps_c.h
[271.794s] -- Symlinking: /opt/mybotshop/install/unitree_go/include/unitree_go/msg/detail/uwb_state__rosidl_typesupport_fastrtps_c.h
[271.819s] -- Symlinking: /opt/mybotshop/install/unitree_go/include/unitree_go/msg/detail/uwb_switch__rosidl_typesupport_fastrtps_c.h
[271.843s] -- Symlinking: /opt/mybotshop/install/unitree_go/include/unitree_go/msg/detail/wireless_controller__rosidl_typesupport_fastrtps_c.h
[271.868s] -- Symlinking: /opt/mybotshop/install/unitree_go/include/unitree_go/msg/rosidl_typesupport_fastrtps_c__visibility_control.h
[271.893s] -- Symlinking: /opt/mybotshop/install/unitree_go/lib/libunitree_go__rosidl_typesupport_fastrtps_c.so
[271.919s] -- Symlinking: /opt/mybotshop/install/unitree_go/include/unitree_go/msg/detail/audio_data__rosidl_typesupport_fastrtps_cpp.hpp
[271.941s] -- Symlinking: /opt/mybotshop/install/unitree_go/include/unitree_go/msg/detail/bms_cmd__rosidl_typesupport_fastrtps_cpp.hpp
[271.967s] -- Symlinking: /opt/mybotshop/install/unitree_go/include/unitree_go/msg/detail/bms_state__rosidl_typesupport_fastrtps_cpp.hpp
[271.990s] -- Symlinking: /opt/mybotshop/install/unitree_go/include/unitree_go/msg/detail/error__rosidl_typesupport_fastrtps_cpp.hpp
[272.013s] -- Symlinking: /opt/mybotshop/install/unitree_go/include/unitree_go/msg/detail/go2_front_video_data__rosidl_typesupport_fastrtps_cpp.hpp
[272.038s] -- Symlinking: /opt/mybotshop/install/unitree_go/include/unitree_go/msg/detail/height_map__rosidl_typesupport_fastrtps_cpp.hpp
[272.066s] -- Symlinking: /opt/mybotshop/install/unitree_go/include/unitree_go/msg/detail/imu_state__rosidl_typesupport_fastrtps_cpp.hpp
[272.088s] -- Symlinking: /opt/mybotshop/install/unitree_go/include/unitree_go/msg/detail/interface_config__rosidl_typesupport_fastrtps_cpp.hpp
[272.112s] -- Symlinking: /opt/mybotshop/install/unitree_go/include/unitree_go/msg/detail/lidar_state__rosidl_typesupport_fastrtps_cpp.hpp
[272.136s] -- Symlinking: /opt/mybotshop/install/unitree_go/include/unitree_go/msg/detail/low_cmd__rosidl_typesupport_fastrtps_cpp.hpp
[272.160s] -- Symlinking: /opt/mybotshop/install/unitree_go/include/unitree_go/msg/detail/low_state__rosidl_typesupport_fastrtps_cpp.hpp
[272.185s] -- Symlinking: /opt/mybotshop/install/unitree_go/include/unitree_go/msg/detail/motor_cmd__rosidl_typesupport_fastrtps_cpp.hpp
[272.210s] -- Symlinking: /opt/mybotshop/install/unitree_go/include/unitree_go/msg/detail/motor_cmds__rosidl_typesupport_fastrtps_cpp.hpp
[272.232s] -- Symlinking: /opt/mybotshop/install/unitree_go/include/unitree_go/msg/detail/motor_state__rosidl_typesupport_fastrtps_cpp.hpp
[272.256s] -- Symlinking: /opt/mybotshop/install/unitree_go/include/unitree_go/msg/detail/motor_states__rosidl_typesupport_fastrtps_cpp.hpp
[272.281s] -- Symlinking: /opt/mybotshop/install/unitree_go/include/unitree_go/msg/detail/path_point__rosidl_typesupport_fastrtps_cpp.hpp
[272.306s] -- Symlinking: /opt/mybotshop/install/unitree_go/include/unitree_go/msg/detail/req__rosidl_typesupport_fastrtps_cpp.hpp
[272.330s] -- Symlinking: /opt/mybotshop/install/unitree_go/include/unitree_go/msg/detail/res__rosidl_typesupport_fastrtps_cpp.hpp
[272.353s] -- Symlinking: /opt/mybotshop/install/unitree_go/include/unitree_go/msg/detail/sport_mode_cmd__rosidl_typesupport_fastrtps_cpp.hpp
[272.378s] -- Symlinking: /opt/mybotshop/install/unitree_go/include/unitree_go/msg/detail/sport_mode_state__rosidl_typesupport_fastrtps_cpp.hpp
[272.401s] -- Symlinking: /opt/mybotshop/install/unitree_go/include/unitree_go/msg/detail/time_spec__rosidl_typesupport_fastrtps_cpp.hpp
[272.424s] -- Symlinking: /opt/mybotshop/install/unitree_go/include/unitree_go/msg/detail/uwb_state__rosidl_typesupport_fastrtps_cpp.hpp
[272.449s] -- Symlinking: /opt/mybotshop/install/unitree_go/include/unitree_go/msg/detail/uwb_switch__rosidl_typesupport_fastrtps_cpp.hpp
[272.475s] -- Symlinking: /opt/mybotshop/install/unitree_go/include/unitree_go/msg/detail/wireless_controller__rosidl_typesupport_fastrtps_cpp.hpp
[272.498s] -- Symlinking: /opt/mybotshop/install/unitree_go/include/unitree_go/msg/rosidl_typesupport_fastrtps_cpp__visibility_control.h
[272.522s] -- Symlinking: /opt/mybotshop/install/unitree_go/lib/libunitree_go__rosidl_typesupport_fastrtps_cpp.so
[272.548s] -- Symlinking: /opt/mybotshop/install/unitree_go/include/unitree_go/msg/detail/audio_data__rosidl_typesupport_introspection_c.h
[272.569s] -- Symlinking: /opt/mybotshop/install/unitree_go/include/unitree_go/msg/detail/bms_cmd__rosidl_typesupport_introspection_c.h
[272.593s] -- Symlinking: /opt/mybotshop/install/unitree_go/include/unitree_go/msg/detail/bms_state__rosidl_typesupport_introspection_c.h
[272.617s] -- Symlinking: /opt/mybotshop/install/unitree_go/include/unitree_go/msg/detail/error__rosidl_typesupport_introspection_c.h
[272.639s] -- Symlinking: /opt/mybotshop/install/unitree_go/include/unitree_go/msg/detail/go2_front_video_data__rosidl_typesupport_introspection_c.h
[272.665s] -- Symlinking: /opt/mybotshop/install/unitree_go/include/unitree_go/msg/detail/height_map__rosidl_typesupport_introspection_c.h
[272.690s] -- Symlinking: /opt/mybotshop/install/unitree_go/include/unitree_go/msg/detail/imu_state__rosidl_typesupport_introspection_c.h
[272.714s] -- Symlinking: /opt/mybotshop/install/unitree_go/include/unitree_go/msg/detail/interface_config__rosidl_typesupport_introspection_c.h
[272.738s] -- Symlinking: /opt/mybotshop/install/unitree_go/include/unitree_go/msg/detail/lidar_state__rosidl_typesupport_introspection_c.h
[272.760s] -- Symlinking: /opt/mybotshop/install/unitree_go/include/unitree_go/msg/detail/low_cmd__rosidl_typesupport_introspection_c.h
[272.785s] -- Symlinking: /opt/mybotshop/install/unitree_go/include/unitree_go/msg/detail/low_state__rosidl_typesupport_introspection_c.h
[272.809s] -- Symlinking: /opt/mybotshop/install/unitree_go/include/unitree_go/msg/detail/motor_cmd__rosidl_typesupport_introspection_c.h
[272.831s] -- Symlinking: /opt/mybotshop/install/unitree_go/include/unitree_go/msg/detail/motor_cmds__rosidl_typesupport_introspection_c.h
[272.857s] -- Symlinking: /opt/mybotshop/install/unitree_go/include/unitree_go/msg/detail/motor_state__rosidl_typesupport_introspection_c.h
[272.881s] -- Symlinking: /opt/mybotshop/install/unitree_go/include/unitree_go/msg/detail/motor_states__rosidl_typesupport_introspection_c.h
[272.906s] -- Symlinking: /opt/mybotshop/install/unitree_go/include/unitree_go/msg/detail/path_point__rosidl_typesupport_introspection_c.h
[272.930s] -- Symlinking: /opt/mybotshop/install/unitree_go/include/unitree_go/msg/detail/req__rosidl_typesupport_introspection_c.h
[272.955s] -- Symlinking: /opt/mybotshop/install/unitree_go/include/unitree_go/msg/detail/res__rosidl_typesupport_introspection_c.h
[272.982s] -- Symlinking: /opt/mybotshop/install/unitree_go/include/unitree_go/msg/detail/sport_mode_cmd__rosidl_typesupport_introspection_c.h
[273.002s] -- Symlinking: /opt/mybotshop/install/unitree_go/include/unitree_go/msg/detail/sport_mode_state__rosidl_typesupport_introspection_c.h
[273.029s] -- Symlinking: /opt/mybotshop/install/unitree_go/include/unitree_go/msg/detail/time_spec__rosidl_typesupport_introspection_c.h
[273.053s] -- Symlinking: /opt/mybotshop/install/unitree_go/include/unitree_go/msg/detail/uwb_state__rosidl_typesupport_introspection_c.h
[273.080s] -- Symlinking: /opt/mybotshop/install/unitree_go/include/unitree_go/msg/detail/uwb_switch__rosidl_typesupport_introspection_c.h
[273.104s] -- Symlinking: /opt/mybotshop/install/unitree_go/include/unitree_go/msg/detail/wireless_controller__rosidl_typesupport_introspection_c.h
[273.127s] -- Symlinking: /opt/mybotshop/install/unitree_go/include/unitree_go/msg/rosidl_typesupport_introspection_c__visibility_control.h
[273.153s] -- Symlinking: /opt/mybotshop/install/unitree_go/include/unitree_go/msg/audio_data.hpp
[273.179s] -- Symlinking: /opt/mybotshop/install/unitree_go/include/unitree_go/msg/bms_cmd.hpp
[273.203s] -- Symlinking: /opt/mybotshop/install/unitree_go/include/unitree_go/msg/bms_state.hpp
[273.227s] -- Symlinking: /opt/mybotshop/install/unitree_go/include/unitree_go/msg/detail/audio_data__builder.hpp
[273.251s] -- Symlinking: /opt/mybotshop/install/unitree_go/include/unitree_go/msg/detail/audio_data__struct.hpp
[273.275s] -- Symlinking: /opt/mybotshop/install/unitree_go/include/unitree_go/msg/detail/audio_data__traits.hpp
[273.299s] -- Symlinking: /opt/mybotshop/install/unitree_go/include/unitree_go/msg/detail/audio_data__type_support.hpp
[273.325s] -- Symlinking: /opt/mybotshop/install/unitree_go/include/unitree_go/msg/detail/bms_cmd__builder.hpp
[273.345s] -- Symlinking: /opt/mybotshop/install/unitree_go/include/unitree_go/msg/detail/bms_cmd__struct.hpp
[273.369s] -- Symlinking: /opt/mybotshop/install/unitree_go/include/unitree_go/msg/detail/bms_cmd__traits.hpp
[273.395s] -- Symlinking: /opt/mybotshop/install/unitree_go/include/unitree_go/msg/detail/bms_cmd__type_support.hpp
[273.418s] -- Symlinking: /opt/mybotshop/install/unitree_go/include/unitree_go/msg/detail/bms_state__builder.hpp
[273.443s] -- Symlinking: /opt/mybotshop/install/unitree_go/include/unitree_go/msg/detail/bms_state__struct.hpp
[273.467s] -- Symlinking: /opt/mybotshop/install/unitree_go/include/unitree_go/msg/detail/bms_state__traits.hpp
[273.491s] -- Symlinking: /opt/mybotshop/install/unitree_go/include/unitree_go/msg/detail/bms_state__type_support.hpp
[273.522s] -- Symlinking: /opt/mybotshop/install/unitree_go/include/unitree_go/msg/detail/error__builder.hpp
[273.548s] -- Symlinking: /opt/mybotshop/install/unitree_go/include/unitree_go/msg/detail/error__struct.hpp
[273.572s] -- Symlinking: /opt/mybotshop/install/unitree_go/include/unitree_go/msg/detail/error__traits.hpp
[273.597s] -- Symlinking: /opt/mybotshop/install/unitree_go/include/unitree_go/msg/detail/error__type_support.hpp
[273.627s] -- Symlinking: /opt/mybotshop/install/unitree_go/include/unitree_go/msg/detail/go2_front_video_data__builder.hpp
[273.653s] -- Symlinking: /opt/mybotshop/install/unitree_go/include/unitree_go/msg/detail/go2_front_video_data__struct.hpp
[273.680s] -- Symlinking: /opt/mybotshop/install/unitree_go/include/unitree_go/msg/detail/go2_front_video_data__traits.hpp
[273.705s] -- Symlinking: /opt/mybotshop/install/unitree_go/include/unitree_go/msg/detail/go2_front_video_data__type_support.hpp
[273.730s] -- Symlinking: /opt/mybotshop/install/unitree_go/include/unitree_go/msg/detail/height_map__builder.hpp
[273.755s] -- Symlinking: /opt/mybotshop/install/unitree_go/include/unitree_go/msg/detail/height_map__struct.hpp
[273.782s] -- Symlinking: /opt/mybotshop/install/unitree_go/include/unitree_go/msg/detail/height_map__traits.hpp
[273.807s] -- Symlinking: /opt/mybotshop/install/unitree_go/include/unitree_go/msg/detail/height_map__type_support.hpp
[273.832s] -- Symlinking: /opt/mybotshop/install/unitree_go/include/unitree_go/msg/detail/imu_state__builder.hpp
[273.857s] -- Symlinking: /opt/mybotshop/install/unitree_go/include/unitree_go/msg/detail/imu_state__struct.hpp
[273.880s] -- Symlinking: /opt/mybotshop/install/unitree_go/include/unitree_go/msg/detail/imu_state__traits.hpp
[273.909s] -- Symlinking: /opt/mybotshop/install/unitree_go/include/unitree_go/msg/detail/imu_state__type_support.hpp
[273.936s] -- Symlinking: /opt/mybotshop/install/unitree_go/include/unitree_go/msg/detail/interface_config__builder.hpp
[273.960s] -- Symlinking: /opt/mybotshop/install/unitree_go/include/unitree_go/msg/detail/interface_config__struct.hpp
[273.986s] -- Symlinking: /opt/mybotshop/install/unitree_go/include/unitree_go/msg/detail/interface_config__traits.hpp
[274.011s] -- Symlinking: /opt/mybotshop/install/unitree_go/include/unitree_go/msg/detail/interface_config__type_support.hpp
[274.036s] -- Symlinking: /opt/mybotshop/install/unitree_go/include/unitree_go/msg/detail/lidar_state__builder.hpp
[274.059s] -- Symlinking: /opt/mybotshop/install/unitree_go/include/unitree_go/msg/detail/lidar_state__struct.hpp
[274.084s] -- Symlinking: /opt/mybotshop/install/unitree_go/include/unitree_go/msg/detail/lidar_state__traits.hpp
[274.108s] -- Symlinking: /opt/mybotshop/install/unitree_go/include/unitree_go/msg/detail/lidar_state__type_support.hpp
[274.133s] -- Symlinking: /opt/mybotshop/install/unitree_go/include/unitree_go/msg/detail/low_cmd__builder.hpp
[274.156s] -- Symlinking: /opt/mybotshop/install/unitree_go/include/unitree_go/msg/detail/low_cmd__struct.hpp
[274.179s] -- Symlinking: /opt/mybotshop/install/unitree_go/include/unitree_go/msg/detail/low_cmd__traits.hpp
[274.201s] -- Symlinking: /opt/mybotshop/install/unitree_go/include/unitree_go/msg/detail/low_cmd__type_support.hpp
[274.226s] -- Symlinking: /opt/mybotshop/install/unitree_go/include/unitree_go/msg/detail/low_state__builder.hpp
[274.250s] -- Symlinking: /opt/mybotshop/install/unitree_go/include/unitree_go/msg/detail/low_state__struct.hpp
[274.278s] -- Symlinking: /opt/mybotshop/install/unitree_go/include/unitree_go/msg/detail/low_state__traits.hpp
[274.302s] -- Symlinking: /opt/mybotshop/install/unitree_go/include/unitree_go/msg/detail/low_state__type_support.hpp
[274.327s] -- Symlinking: /opt/mybotshop/install/unitree_go/include/unitree_go/msg/detail/motor_cmd__builder.hpp
[274.352s] -- Symlinking: /opt/mybotshop/install/unitree_go/include/unitree_go/msg/detail/motor_cmd__struct.hpp
[274.376s] -- Symlinking: /opt/mybotshop/install/unitree_go/include/unitree_go/msg/detail/motor_cmd__traits.hpp
[274.401s] -- Symlinking: /opt/mybotshop/install/unitree_go/include/unitree_go/msg/detail/motor_cmd__type_support.hpp
[274.427s] -- Symlinking: /opt/mybotshop/install/unitree_go/include/unitree_go/msg/detail/motor_cmds__builder.hpp
[274.449s] -- Symlinking: /opt/mybotshop/install/unitree_go/include/unitree_go/msg/detail/motor_cmds__struct.hpp
[274.472s] -- Symlinking: /opt/mybotshop/install/unitree_go/include/unitree_go/msg/detail/motor_cmds__traits.hpp
[274.496s] -- Symlinking: /opt/mybotshop/install/unitree_go/include/unitree_go/msg/detail/motor_cmds__type_support.hpp
[274.517s] -- Symlinking: /opt/mybotshop/install/unitree_go/include/unitree_go/msg/detail/motor_state__builder.hpp
[274.542s] -- Symlinking: /opt/mybotshop/install/unitree_go/include/unitree_go/msg/detail/motor_state__struct.hpp
[274.563s] -- Symlinking: /opt/mybotshop/install/unitree_go/include/unitree_go/msg/detail/motor_state__traits.hpp
[274.586s] -- Symlinking: /opt/mybotshop/install/unitree_go/include/unitree_go/msg/detail/motor_state__type_support.hpp
[274.609s] -- Symlinking: /opt/mybotshop/install/unitree_go/include/unitree_go/msg/detail/motor_states__builder.hpp
[274.632s] -- Symlinking: /opt/mybotshop/install/unitree_go/include/unitree_go/msg/detail/motor_states__struct.hpp
[274.655s] -- Symlinking: /opt/mybotshop/install/unitree_go/include/unitree_go/msg/detail/motor_states__traits.hpp
[274.682s] -- Symlinking: /opt/mybotshop/install/unitree_go/include/unitree_go/msg/detail/motor_states__type_support.hpp
[274.702s] -- Symlinking: /opt/mybotshop/install/unitree_go/include/unitree_go/msg/detail/path_point__builder.hpp
[274.726s] -- Symlinking: /opt/mybotshop/install/unitree_go/include/unitree_go/msg/detail/path_point__struct.hpp
[274.749s] -- Symlinking: /opt/mybotshop/install/unitree_go/include/unitree_go/msg/detail/path_point__traits.hpp
[274.771s] -- Symlinking: /opt/mybotshop/install/unitree_go/include/unitree_go/msg/detail/path_point__type_support.hpp
[274.795s] -- Symlinking: /opt/mybotshop/install/unitree_go/include/unitree_go/msg/detail/req__builder.hpp
[274.819s] -- Symlinking: /opt/mybotshop/install/unitree_go/include/unitree_go/msg/detail/req__struct.hpp
[274.845s] -- Symlinking: /opt/mybotshop/install/unitree_go/include/unitree_go/msg/detail/req__traits.hpp
[274.868s] -- Symlinking: /opt/mybotshop/install/unitree_go/include/unitree_go/msg/detail/req__type_support.hpp
[274.895s] -- Symlinking: /opt/mybotshop/install/unitree_go/include/unitree_go/msg/detail/res__builder.hpp
[274.919s] -- Symlinking: /opt/mybotshop/install/unitree_go/include/unitree_go/msg/detail/res__struct.hpp
[274.942s] -- Symlinking: /opt/mybotshop/install/unitree_go/include/unitree_go/msg/detail/res__traits.hpp
[274.964s] -- Symlinking: /opt/mybotshop/install/unitree_go/include/unitree_go/msg/detail/res__type_support.hpp
[274.987s] -- Symlinking: /opt/mybotshop/install/unitree_go/include/unitree_go/msg/detail/sport_mode_cmd__builder.hpp
[275.012s] -- Symlinking: /opt/mybotshop/install/unitree_go/include/unitree_go/msg/detail/sport_mode_cmd__struct.hpp
[275.039s] -- Symlinking: /opt/mybotshop/install/unitree_go/include/unitree_go/msg/detail/sport_mode_cmd__traits.hpp
[275.064s] -- Symlinking: /opt/mybotshop/install/unitree_go/include/unitree_go/msg/detail/sport_mode_cmd__type_support.hpp
[275.091s] -- Symlinking: /opt/mybotshop/install/unitree_go/include/unitree_go/msg/detail/sport_mode_state__builder.hpp
[275.119s] -- Symlinking: /opt/mybotshop/install/unitree_go/include/unitree_go/msg/detail/sport_mode_state__struct.hpp
[275.142s] -- Symlinking: /opt/mybotshop/install/unitree_go/include/unitree_go/msg/detail/sport_mode_state__traits.hpp
[275.165s] -- Symlinking: /opt/mybotshop/install/unitree_go/include/unitree_go/msg/detail/sport_mode_state__type_support.hpp
[275.190s] -- Symlinking: /opt/mybotshop/install/unitree_go/include/unitree_go/msg/detail/time_spec__builder.hpp
[275.213s] -- Symlinking: /opt/mybotshop/install/unitree_go/include/unitree_go/msg/detail/time_spec__struct.hpp
[275.238s] -- Symlinking: /opt/mybotshop/install/unitree_go/include/unitree_go/msg/detail/time_spec__traits.hpp
[275.266s] -- Symlinking: /opt/mybotshop/install/unitree_go/include/unitree_go/msg/detail/time_spec__type_support.hpp
[275.293s] -- Symlinking: /opt/mybotshop/install/unitree_go/include/unitree_go/msg/detail/uwb_state__builder.hpp
[275.322s] -- Symlinking: /opt/mybotshop/install/unitree_go/include/unitree_go/msg/detail/uwb_state__struct.hpp
[275.343s] -- Symlinking: /opt/mybotshop/install/unitree_go/include/unitree_go/msg/detail/uwb_state__traits.hpp
[275.367s] -- Symlinking: /opt/mybotshop/install/unitree_go/include/unitree_go/msg/detail/uwb_state__type_support.hpp
[275.391s] -- Symlinking: /opt/mybotshop/install/unitree_go/include/unitree_go/msg/detail/uwb_switch__builder.hpp
[275.416s] -- Symlinking: /opt/mybotshop/install/unitree_go/include/unitree_go/msg/detail/uwb_switch__struct.hpp
[275.439s] -- Symlinking: /opt/mybotshop/install/unitree_go/include/unitree_go/msg/detail/uwb_switch__traits.hpp
[275.462s] -- Symlinking: /opt/mybotshop/install/unitree_go/include/unitree_go/msg/detail/uwb_switch__type_support.hpp
[275.487s] -- Symlinking: /opt/mybotshop/install/unitree_go/include/unitree_go/msg/detail/wireless_controller__builder.hpp
[275.508s] -- Symlinking: /opt/mybotshop/install/unitree_go/include/unitree_go/msg/detail/wireless_controller__struct.hpp
[275.531s] -- Symlinking: /opt/mybotshop/install/unitree_go/include/unitree_go/msg/detail/wireless_controller__traits.hpp
[275.553s] -- Symlinking: /opt/mybotshop/install/unitree_go/include/unitree_go/msg/detail/wireless_controller__type_support.hpp
[275.575s] -- Symlinking: /opt/mybotshop/install/unitree_go/include/unitree_go/msg/error.hpp
[275.598s] -- Symlinking: /opt/mybotshop/install/unitree_go/include/unitree_go/msg/go2_front_video_data.hpp
[275.619s] -- Symlinking: /opt/mybotshop/install/unitree_go/include/unitree_go/msg/height_map.hpp
[275.642s] -- Symlinking: /opt/mybotshop/install/unitree_go/include/unitree_go/msg/imu_state.hpp
[275.667s] -- Symlinking: /opt/mybotshop/install/unitree_go/include/unitree_go/msg/interface_config.hpp
[275.691s] -- Symlinking: /opt/mybotshop/install/unitree_go/include/unitree_go/msg/lidar_state.hpp
[275.716s] -- Symlinking: /opt/mybotshop/install/unitree_go/include/unitree_go/msg/low_cmd.hpp
[275.739s] -- Symlinking: /opt/mybotshop/install/unitree_go/include/unitree_go/msg/low_state.hpp
[275.764s] -- Symlinking: /opt/mybotshop/install/unitree_go/include/unitree_go/msg/motor_cmd.hpp
[275.786s] -- Symlinking: /opt/mybotshop/install/unitree_go/include/unitree_go/msg/motor_cmds.hpp
[275.817s] -- Symlinking: /opt/mybotshop/install/unitree_go/include/unitree_go/msg/motor_state.hpp
[275.839s] -- Symlinking: /opt/mybotshop/install/unitree_go/include/unitree_go/msg/motor_states.hpp
[275.861s] -- Symlinking: /opt/mybotshop/install/unitree_go/include/unitree_go/msg/path_point.hpp
[275.886s] -- Symlinking: /opt/mybotshop/install/unitree_go/include/unitree_go/msg/req.hpp
[275.910s] -- Symlinking: /opt/mybotshop/install/unitree_go/include/unitree_go/msg/res.hpp
[275.934s] -- Symlinking: /opt/mybotshop/install/unitree_go/include/unitree_go/msg/rosidl_generator_cpp__visibility_control.hpp
[275.960s] -- Symlinking: /opt/mybotshop/install/unitree_go/include/unitree_go/msg/sport_mode_cmd.hpp
[275.983s] -- Symlinking: /opt/mybotshop/install/unitree_go/include/unitree_go/msg/sport_mode_state.hpp
[276.014s] -- Symlinking: /opt/mybotshop/install/unitree_go/include/unitree_go/msg/time_spec.hpp
[276.030s] -- Symlinking: /opt/mybotshop/install/unitree_go/include/unitree_go/msg/uwb_state.hpp
[276.055s] -- Symlinking: /opt/mybotshop/install/unitree_go/include/unitree_go/msg/uwb_switch.hpp
[276.082s] -- Symlinking: /opt/mybotshop/install/unitree_go/include/unitree_go/msg/wireless_controller.hpp
[276.106s] -- Symlinking: /opt/mybotshop/install/unitree_go/include/unitree_go/msg/detail/audio_data__rosidl_typesupport_introspection_cpp.hpp
[276.130s] -- Symlinking: /opt/mybotshop/install/unitree_go/include/unitree_go/msg/detail/bms_cmd__rosidl_typesupport_introspection_cpp.hpp
[276.155s] -- Symlinking: /opt/mybotshop/install/unitree_go/include/unitree_go/msg/detail/bms_state__rosidl_typesupport_introspection_cpp.hpp
[276.182s] -- Symlinking: /opt/mybotshop/install/unitree_go/include/unitree_go/msg/detail/error__rosidl_typesupport_introspection_cpp.hpp
[276.209s] -- Symlinking: /opt/mybotshop/install/unitree_go/include/unitree_go/msg/detail/go2_front_video_data__rosidl_typesupport_introspection_cpp.hpp
[276.235s] -- Symlinking: /opt/mybotshop/install/unitree_go/include/unitree_go/msg/detail/height_map__rosidl_typesupport_introspection_cpp.hpp
[276.258s] -- Symlinking: /opt/mybotshop/install/unitree_go/include/unitree_go/msg/detail/imu_state__rosidl_typesupport_introspection_cpp.hpp
[276.283s] -- Symlinking: /opt/mybotshop/install/unitree_go/include/unitree_go/msg/detail/interface_config__rosidl_typesupport_introspection_cpp.hpp
[276.311s] -- Symlinking: /opt/mybotshop/install/unitree_go/include/unitree_go/msg/detail/lidar_state__rosidl_typesupport_introspection_cpp.hpp
[276.337s] -- Symlinking: /opt/mybotshop/install/unitree_go/include/unitree_go/msg/detail/low_cmd__rosidl_typesupport_introspection_cpp.hpp
[276.363s] -- Symlinking: /opt/mybotshop/install/unitree_go/include/unitree_go/msg/detail/low_state__rosidl_typesupport_introspection_cpp.hpp
[276.389s] -- Symlinking: /opt/mybotshop/install/unitree_go/include/unitree_go/msg/detail/motor_cmd__rosidl_typesupport_introspection_cpp.hpp
[276.414s] -- Symlinking: /opt/mybotshop/install/unitree_go/include/unitree_go/msg/detail/motor_cmds__rosidl_typesupport_introspection_cpp.hpp
[276.445s] -- Symlinking: /opt/mybotshop/install/unitree_go/include/unitree_go/msg/detail/motor_state__rosidl_typesupport_introspection_cpp.hpp
[276.468s] -- Symlinking: /opt/mybotshop/install/unitree_go/include/unitree_go/msg/detail/motor_states__rosidl_typesupport_introspection_cpp.hpp
[276.490s] -- Symlinking: /opt/mybotshop/install/unitree_go/include/unitree_go/msg/detail/path_point__rosidl_typesupport_introspection_cpp.hpp
[276.516s] -- Symlinking: /opt/mybotshop/install/unitree_go/include/unitree_go/msg/detail/req__rosidl_typesupport_introspection_cpp.hpp
[276.543s] -- Symlinking: /opt/mybotshop/install/unitree_go/include/unitree_go/msg/detail/res__rosidl_typesupport_introspection_cpp.hpp
[276.567s] -- Symlinking: /opt/mybotshop/install/unitree_go/include/unitree_go/msg/detail/sport_mode_cmd__rosidl_typesupport_introspection_cpp.hpp
[276.594s] -- Symlinking: /opt/mybotshop/install/unitree_go/include/unitree_go/msg/detail/sport_mode_state__rosidl_typesupport_introspection_cpp.hpp
[276.619s] -- Symlinking: /opt/mybotshop/install/unitree_go/include/unitree_go/msg/detail/time_spec__rosidl_typesupport_introspection_cpp.hpp
[276.645s] -- Symlinking: /opt/mybotshop/install/unitree_go/include/unitree_go/msg/detail/uwb_state__rosidl_typesupport_introspection_cpp.hpp
[276.669s] -- Symlinking: /opt/mybotshop/install/unitree_go/include/unitree_go/msg/detail/uwb_switch__rosidl_typesupport_introspection_cpp.hpp
[276.694s] -- Symlinking: /opt/mybotshop/install/unitree_go/include/unitree_go/msg/detail/wireless_controller__rosidl_typesupport_introspection_cpp.hpp
[276.722s] -- Symlinking: /opt/mybotshop/install/unitree_go/share/unitree_go/environment/pythonpath.sh
[276.745s] -- Symlinking: /opt/mybotshop/install/unitree_go/share/unitree_go/environment/pythonpath.dsv
[276.770s] -- Symlinking: /opt/mybotshop/install/unitree_go/lib/python3.8/site-packages/unitree_go/__init__.py
[276.795s] -- Symlinking: /opt/mybotshop/install/unitree_go/lib/python3.8/site-packages/unitree_go/msg/__init__.py
[276.818s] -- Symlinking: /opt/mybotshop/install/unitree_go/lib/python3.8/site-packages/unitree_go/msg/_audio_data.py
[276.841s] -- Symlinking: /opt/mybotshop/install/unitree_go/lib/python3.8/site-packages/unitree_go/msg/_bms_cmd.py
[276.866s] -- Symlinking: /opt/mybotshop/install/unitree_go/lib/python3.8/site-packages/unitree_go/msg/_bms_state.py
[276.889s] -- Symlinking: /opt/mybotshop/install/unitree_go/lib/python3.8/site-packages/unitree_go/msg/_error.py
[276.915s] -- Symlinking: /opt/mybotshop/install/unitree_go/lib/python3.8/site-packages/unitree_go/msg/_go2_front_video_data.py
[276.942s] -- Symlinking: /opt/mybotshop/install/unitree_go/lib/python3.8/site-packages/unitree_go/msg/_height_map.py
[276.965s] -- Symlinking: /opt/mybotshop/install/unitree_go/lib/python3.8/site-packages/unitree_go/msg/_imu_state.py
[276.987s] -- Symlinking: /opt/mybotshop/install/unitree_go/lib/python3.8/site-packages/unitree_go/msg/_interface_config.py
[277.011s] -- Symlinking: /opt/mybotshop/install/unitree_go/lib/python3.8/site-packages/unitree_go/msg/_lidar_state.py
[277.038s] -- Symlinking: /opt/mybotshop/install/unitree_go/lib/python3.8/site-packages/unitree_go/msg/_low_cmd.py
[277.061s] -- Symlinking: /opt/mybotshop/install/unitree_go/lib/python3.8/site-packages/unitree_go/msg/_low_state.py
[277.084s] -- Symlinking: /opt/mybotshop/install/unitree_go/lib/python3.8/site-packages/unitree_go/msg/_motor_cmd.py
[277.108s] -- Symlinking: /opt/mybotshop/install/unitree_go/lib/python3.8/site-packages/unitree_go/msg/_motor_cmds.py
[277.133s] -- Symlinking: /opt/mybotshop/install/unitree_go/lib/python3.8/site-packages/unitree_go/msg/_motor_state.py
[277.158s] -- Symlinking: /opt/mybotshop/install/unitree_go/lib/python3.8/site-packages/unitree_go/msg/_motor_states.py
[277.185s] -- Symlinking: /opt/mybotshop/install/unitree_go/lib/python3.8/site-packages/unitree_go/msg/_path_point.py
[277.204s] -- Symlinking: /opt/mybotshop/install/unitree_go/lib/python3.8/site-packages/unitree_go/msg/_req.py
[277.229s] -- Symlinking: /opt/mybotshop/install/unitree_go/lib/python3.8/site-packages/unitree_go/msg/_res.py
[277.254s] -- Symlinking: /opt/mybotshop/install/unitree_go/lib/python3.8/site-packages/unitree_go/msg/_sport_mode_cmd.py
[277.279s] -- Symlinking: /opt/mybotshop/install/unitree_go/lib/python3.8/site-packages/unitree_go/msg/_sport_mode_state.py
[277.307s] -- Symlinking: /opt/mybotshop/install/unitree_go/lib/python3.8/site-packages/unitree_go/msg/_time_spec.py
[277.332s] -- Symlinking: /opt/mybotshop/install/unitree_go/lib/python3.8/site-packages/unitree_go/msg/_uwb_state.py
[277.356s] -- Symlinking: /opt/mybotshop/install/unitree_go/lib/python3.8/site-packages/unitree_go/msg/_uwb_switch.py
[277.380s] -- Symlinking: /opt/mybotshop/install/unitree_go/lib/python3.8/site-packages/unitree_go/msg/_wireless_controller.py
[277.407s] -- Symlinking: /opt/mybotshop/install/unitree_go/lib/python3.8/site-packages/unitree_go/unitree_go_s__rosidl_typesupport_fastrtps_c.cpython-38-aarch64-linux-gnu.so
[277.434s] -- Symlinking: /opt/mybotshop/install/unitree_go/lib/python3.8/site-packages/unitree_go/unitree_go_s__rosidl_typesupport_introspection_c.cpython-38-aarch64-linux-gnu.so
[277.460s] -- Symlinking: /opt/mybotshop/install/unitree_go/lib/python3.8/site-packages/unitree_go/unitree_go_s__rosidl_typesupport_c.cpython-38-aarch64-linux-gnu.so
[277.488s] -- Symlinking: /opt/mybotshop/install/unitree_go/lib/libunitree_go__python.so
[277.513s] -- Symlinking: /opt/mybotshop/install/unitree_go/share/unitree_go/msg/AudioData.idl
[277.540s] -- Symlinking: /opt/mybotshop/install/unitree_go/share/unitree_go/msg/BmsCmd.idl
[277.566s] -- Symlinking: /opt/mybotshop/install/unitree_go/share/unitree_go/msg/BmsState.idl
[277.590s] -- Symlinking: /opt/mybotshop/install/unitree_go/share/unitree_go/msg/Error.idl
[277.614s] -- Symlinking: /opt/mybotshop/install/unitree_go/share/unitree_go/msg/Go2FrontVideoData.idl
[277.642s] -- Symlinking: /opt/mybotshop/install/unitree_go/share/unitree_go/msg/HeightMap.idl
[277.665s] -- Symlinking: /opt/mybotshop/install/unitree_go/share/unitree_go/msg/IMUState.idl
[277.689s] -- Symlinking: /opt/mybotshop/install/unitree_go/share/unitree_go/msg/InterfaceConfig.idl
[277.715s] -- Symlinking: /opt/mybotshop/install/unitree_go/share/unitree_go/msg/LidarState.idl
[277.741s] -- Symlinking: /opt/mybotshop/install/unitree_go/share/unitree_go/msg/LowCmd.idl
[277.766s] -- Symlinking: /opt/mybotshop/install/unitree_go/share/unitree_go/msg/LowState.idl
[277.789s] -- Symlinking: /opt/mybotshop/install/unitree_go/share/unitree_go/msg/MotorCmd.idl
[277.812s] -- Symlinking: /opt/mybotshop/install/unitree_go/share/unitree_go/msg/MotorCmds.idl
[277.837s] -- Symlinking: /opt/mybotshop/install/unitree_go/share/unitree_go/msg/MotorState.idl
[277.861s] -- Symlinking: /opt/mybotshop/install/unitree_go/share/unitree_go/msg/MotorStates.idl
[277.884s] -- Symlinking: /opt/mybotshop/install/unitree_go/share/unitree_go/msg/PathPoint.idl
[277.909s] -- Symlinking: /opt/mybotshop/install/unitree_go/share/unitree_go/msg/Req.idl
[277.932s] -- Symlinking: /opt/mybotshop/install/unitree_go/share/unitree_go/msg/Res.idl
[277.955s] -- Symlinking: /opt/mybotshop/install/unitree_go/share/unitree_go/msg/SportModeCmd.idl
[277.977s] -- Symlinking: /opt/mybotshop/install/unitree_go/share/unitree_go/msg/SportModeState.idl
[277.999s] -- Symlinking: /opt/mybotshop/install/unitree_go/share/unitree_go/msg/TimeSpec.idl
[278.022s] -- Symlinking: /opt/mybotshop/install/unitree_go/share/unitree_go/msg/UwbState.idl
[278.047s] -- Symlinking: /opt/mybotshop/install/unitree_go/share/unitree_go/msg/UwbSwitch.idl
[278.069s] -- Symlinking: /opt/mybotshop/install/unitree_go/share/unitree_go/msg/WirelessController.idl
[278.092s] -- Symlinking: /opt/mybotshop/install/unitree_go/share/unitree_go/msg/AudioData.msg
[278.115s] -- Symlinking: /opt/mybotshop/install/unitree_go/share/unitree_go/msg/BmsCmd.msg
[278.140s] -- Symlinking: /opt/mybotshop/install/unitree_go/share/unitree_go/msg/BmsState.msg
[278.163s] -- Symlinking: /opt/mybotshop/install/unitree_go/share/unitree_go/msg/Error.msg
[278.188s] -- Symlinking: /opt/mybotshop/install/unitree_go/share/unitree_go/msg/Go2FrontVideoData.msg
[278.213s] -- Symlinking: /opt/mybotshop/install/unitree_go/share/unitree_go/msg/HeightMap.msg
[278.236s] -- Symlinking: /opt/mybotshop/install/unitree_go/share/unitree_go/msg/IMUState.msg
[278.262s] -- Symlinking: /opt/mybotshop/install/unitree_go/share/unitree_go/msg/InterfaceConfig.msg
[278.282s] -- Symlinking: /opt/mybotshop/install/unitree_go/share/unitree_go/msg/LidarState.msg
[278.307s] -- Symlinking: /opt/mybotshop/install/unitree_go/share/unitree_go/msg/LowCmd.msg
[278.331s] -- Symlinking: /opt/mybotshop/install/unitree_go/share/unitree_go/msg/LowState.msg
[278.354s] -- Symlinking: /opt/mybotshop/install/unitree_go/share/unitree_go/msg/MotorCmd.msg
[278.376s] -- Symlinking: /opt/mybotshop/install/unitree_go/share/unitree_go/msg/MotorCmds.msg
[278.400s] -- Symlinking: /opt/mybotshop/install/unitree_go/share/unitree_go/msg/MotorState.msg
[278.424s] -- Symlinking: /opt/mybotshop/install/unitree_go/share/unitree_go/msg/MotorStates.msg
[278.447s] -- Symlinking: /opt/mybotshop/install/unitree_go/share/unitree_go/msg/PathPoint.msg
[278.471s] -- Symlinking: /opt/mybotshop/install/unitree_go/share/unitree_go/msg/Req.msg
[278.496s] -- Symlinking: /opt/mybotshop/install/unitree_go/share/unitree_go/msg/Res.msg
[278.518s] -- Symlinking: /opt/mybotshop/install/unitree_go/share/unitree_go/msg/SportModeCmd.msg
[278.543s] -- Symlinking: /opt/mybotshop/install/unitree_go/share/unitree_go/msg/SportModeState.msg
[278.567s] -- Symlinking: /opt/mybotshop/install/unitree_go/share/unitree_go/msg/TimeSpec.msg
[278.589s] -- Symlinking: /opt/mybotshop/install/unitree_go/share/unitree_go/msg/UwbState.msg
[278.614s] -- Symlinking: /opt/mybotshop/install/unitree_go/share/unitree_go/msg/UwbSwitch.msg
[278.637s] -- Symlinking: /opt/mybotshop/install/unitree_go/share/unitree_go/msg/WirelessController.msg
[278.663s] -- Symlinking: /opt/mybotshop/install/unitree_go/share/unitree_go/msg/dds_connext/AudioData_.idl
[278.691s] -- Symlinking: /opt/mybotshop/install/unitree_go/share/unitree_go/msg/dds_connext/BmsCmd_.idl
[278.715s] -- Symlinking: /opt/mybotshop/install/unitree_go/share/unitree_go/msg/dds_connext/BmsState_.idl
[278.738s] -- Symlinking: /opt/mybotshop/install/unitree_go/share/unitree_go/msg/dds_connext/Error_.idl
[278.762s] -- Symlinking: /opt/mybotshop/install/unitree_go/share/unitree_go/msg/dds_connext/Go2FrontVideoData_.idl
[278.788s] -- Symlinking: /opt/mybotshop/install/unitree_go/share/unitree_go/msg/dds_connext/HeightMap_.idl
[278.811s] -- Symlinking: /opt/mybotshop/install/unitree_go/share/unitree_go/msg/dds_connext/IMUState_.idl
[278.835s] -- Symlinking: /opt/mybotshop/install/unitree_go/share/unitree_go/msg/dds_connext/InterfaceConfig_.idl
[278.860s] -- Symlinking: /opt/mybotshop/install/unitree_go/share/unitree_go/msg/dds_connext/LidarState_.idl
[278.886s] -- Symlinking: /opt/mybotshop/install/unitree_go/share/unitree_go/msg/dds_connext/LowCmd_.idl
[278.910s] -- Symlinking: /opt/mybotshop/install/unitree_go/share/unitree_go/msg/dds_connext/LowState_.idl
[278.934s] -- Symlinking: /opt/mybotshop/install/unitree_go/share/unitree_go/msg/dds_connext/MotorCmd_.idl
[278.958s] -- Symlinking: /opt/mybotshop/install/unitree_go/share/unitree_go/msg/dds_connext/MotorCmds_.idl
[278.983s] -- Symlinking: /opt/mybotshop/install/unitree_go/share/unitree_go/msg/dds_connext/MotorState_.idl
[279.007s] -- Symlinking: /opt/mybotshop/install/unitree_go/share/unitree_go/msg/dds_connext/MotorStates_.idl
[279.031s] -- Symlinking: /opt/mybotshop/install/unitree_go/share/unitree_go/msg/dds_connext/PathPoint_.idl
[279.055s] -- Symlinking: /opt/mybotshop/install/unitree_go/share/unitree_go/msg/dds_connext/Req_.idl
[279.079s] -- Symlinking: /opt/mybotshop/install/unitree_go/share/unitree_go/msg/dds_connext/Res_.idl
[279.106s] -- Symlinking: /opt/mybotshop/install/unitree_go/share/unitree_go/msg/dds_connext/SportModeCmd_.idl
[279.128s] -- Symlinking: /opt/mybotshop/install/unitree_go/share/unitree_go/msg/dds_connext/SportModeState_.idl
[279.152s] -- Symlinking: /opt/mybotshop/install/unitree_go/share/unitree_go/msg/dds_connext/TimeSpec_.idl
[279.185s] -- Symlinking: /opt/mybotshop/install/unitree_go/share/unitree_go/msg/dds_connext/UwbState_.idl
[279.209s] -- Symlinking: /opt/mybotshop/install/unitree_go/share/unitree_go/msg/dds_connext/UwbSwitch_.idl
[279.236s] -- Symlinking: /opt/mybotshop/install/unitree_go/share/unitree_go/msg/dds_connext/WirelessController_.idl
[279.262s] -- Symlinking: /opt/mybotshop/install/unitree_go/share/ament_index/resource_index/package_run_dependencies/unitree_go
[279.284s] -- Symlinking: /opt/mybotshop/install/unitree_go/share/ament_index/resource_index/parent_prefix_path/unitree_go
[279.307s] -- Symlinking: /opt/mybotshop/install/unitree_go/share/unitree_go/environment/ament_prefix_path.sh
[279.329s] -- Symlinking: /opt/mybotshop/install/unitree_go/share/unitree_go/environment/ament_prefix_path.dsv
[279.353s] -- Symlinking: /opt/mybotshop/install/unitree_go/share/unitree_go/environment/path.sh
[279.379s] -- Symlinking: /opt/mybotshop/install/unitree_go/share/unitree_go/environment/path.dsv
[279.402s] -- Symlinking: /opt/mybotshop/install/unitree_go/share/unitree_go/local_setup.bash
[279.427s] -- Symlinking: /opt/mybotshop/install/unitree_go/share/unitree_go/local_setup.sh
[279.450s] -- Symlinking: /opt/mybotshop/install/unitree_go/share/unitree_go/local_setup.zsh
[279.474s] -- Symlinking: /opt/mybotshop/install/unitree_go/share/unitree_go/local_setup.dsv
[279.497s] -- Symlinking: /opt/mybotshop/install/unitree_go/share/unitree_go/package.dsv
[279.520s] -- Symlinking: /opt/mybotshop/install/unitree_go/share/ament_index/resource_index/packages/unitree_go
[279.543s] -- Symlinking: /opt/mybotshop/install/unitree_go/share/unitree_go/cmake/rosidl_cmake-extras.cmake
[279.568s] -- Symlinking: /opt/mybotshop/install/unitree_go/share/unitree_go/cmake/ament_cmake_export_dependencies-extras.cmake
[279.591s] -- Symlinking: /opt/mybotshop/install/unitree_go/share/unitree_go/cmake/ament_cmake_export_libraries-extras.cmake
[279.617s] -- Symlinking: /opt/mybotshop/install/unitree_go/share/unitree_go/cmake/ament_cmake_export_targets-extras.cmake
[279.641s] -- Symlinking: /opt/mybotshop/install/unitree_go/share/unitree_go/cmake/ament_cmake_export_include_directories-extras.cmake
[279.666s] -- Symlinking: /opt/mybotshop/install/unitree_go/share/unitree_go/cmake/rosidl_cmake_export_typesupport_libraries-extras.cmake
[279.691s] -- Symlinking: /opt/mybotshop/install/unitree_go/share/unitree_go/cmake/rosidl_cmake_export_typesupport_targets-extras.cmake
[279.713s] -- Symlinking: /opt/mybotshop/install/unitree_go/share/unitree_go/cmake/unitree_goConfig.cmake
[279.737s] -- Symlinking: /opt/mybotshop/install/unitree_go/share/unitree_go/cmake/unitree_goConfig-version.cmake
[279.761s] -- Symlinking: /opt/mybotshop/install/unitree_go/share/unitree_go/package.xml
[279.786s] -- Installing: /opt/mybotshop/install/unitree_go/lib/libunitree_go__rosidl_generator_c.so
[279.788s] -- Set runtime path of "/opt/mybotshop/install/unitree_go/lib/libunitree_go__rosidl_generator_c.so" to ""
[279.788s] -- Installing: /opt/mybotshop/install/unitree_go/lib/libunitree_go__rosidl_typesupport_introspection_c.so
[279.789s] -- Set runtime path of "/opt/mybotshop/install/unitree_go/lib/libunitree_go__rosidl_typesupport_introspection_c.so" to ""
[279.789s] -- Installing: /opt/mybotshop/install/unitree_go/lib/libunitree_go__rosidl_typesupport_c.so
[279.790s] -- Set runtime path of "/opt/mybotshop/install/unitree_go/lib/libunitree_go__rosidl_typesupport_c.so" to ""
[279.790s] -- Installing: /opt/mybotshop/install/unitree_go/lib/libunitree_go__rosidl_typesupport_introspection_cpp.so
[279.792s] -- Set runtime path of "/opt/mybotshop/install/unitree_go/lib/libunitree_go__rosidl_typesupport_introspection_cpp.so" to ""
[279.792s] -- Installing: /opt/mybotshop/install/unitree_go/lib/libunitree_go__rosidl_typesupport_cpp.so
[279.793s] -- Set runtime path of "/opt/mybotshop/install/unitree_go/lib/libunitree_go__rosidl_typesupport_cpp.so" to ""
[279.862s] Compiling '/opt/mybotshop/install/unitree_go/lib/python3.8/site-packages/unitree_go/__init__.py'...
[279.874s] -- Installing: /opt/mybotshop/install/unitree_go/share/unitree_go/cmake/unitree_go__rosidl_generator_cExport.cmake
[279.875s] -- Installing: /opt/mybotshop/install/unitree_go/share/unitree_go/cmake/unitree_go__rosidl_generator_cExport-noconfig.cmake
[279.876s] -- Installing: /opt/mybotshop/install/unitree_go/share/unitree_go/cmake/unitree_go__rosidl_typesupport_introspection_cExport.cmake
[279.876s] -- Installing: /opt/mybotshop/install/unitree_go/share/unitree_go/cmake/unitree_go__rosidl_typesupport_introspection_cExport-noconfig.cmake
[279.877s] -- Installing: /opt/mybotshop/install/unitree_go/share/unitree_go/cmake/unitree_go__rosidl_typesupport_cExport.cmake
[279.877s] -- Installing: /opt/mybotshop/install/unitree_go/share/unitree_go/cmake/unitree_go__rosidl_typesupport_cExport-noconfig.cmake
[279.877s] -- Installing: /opt/mybotshop/install/unitree_go/share/unitree_go/cmake/unitree_go__rosidl_generator_cppExport.cmake
[279.877s] -- Installing: /opt/mybotshop/install/unitree_go/share/unitree_go/cmake/unitree_go__rosidl_typesupport_introspection_cppExport.cmake
[279.877s] -- Installing: /opt/mybotshop/install/unitree_go/share/unitree_go/cmake/unitree_go__rosidl_typesupport_introspection_cppExport-noconfig.cmake
[279.878s] -- Installing: /opt/mybotshop/install/unitree_go/share/unitree_go/cmake/unitree_go__rosidl_typesupport_cppExport.cmake
[279.878s] -- Installing: /opt/mybotshop/install/unitree_go/share/unitree_go/cmake/unitree_go__rosidl_typesupport_cppExport-noconfig.cmake
[279.899s] Invoked command in '/opt/mybotshop/build/unitree_go' returned '0': CMAKE_PREFIX_PATH=${CMAKE_PREFIX_PATH}:/opt/ros/foxy /usr/bin/cmake --install /opt/mybotshop/build/unitree_go
